running develop
Removing /home/muhie/Desktop/Coursework/EMS628-COURSEWORK/ros2_ws/src/install/ar_interface/lib/python3.10/site-packages/ar-interface.egg-link (link to .)
running egg_info
writing ../build/ar_interface/ar_interface.egg-info/PKG-INFO
writing dependency_links to ../build/ar_interface/ar_interface.egg-info/dependency_links.txt
writing entry points to ../build/ar_interface/ar_interface.egg-info/entry_points.txt
writing requirements to ../build/ar_interface/ar_interface.egg-info/requires.txt
writing top-level names to ../build/ar_interface/ar_interface.egg-info/top_level.txt
reading manifest file '../build/ar_interface/ar_interface.egg-info/SOURCES.txt'
writing manifest file '../build/ar_interface/ar_interface.egg-info/SOURCES.txt'
running build
running build_py
running install
running install_lib
creating /home/muhie/Desktop/Coursework/EMS628-COURSEWORK/ros2_ws/src/install/ar_interface/lib/python3.10/site-packages/ar_interface
copying /home/muhie/Desktop/Coursework/EMS628-COURSEWORK/ros2_ws/src/build/ar_interface/build/lib/ar_interface/__init__.py -> /home/muhie/Desktop/Coursework/EMS628-COURSEWORK/ros2_ws/src/install/ar_interface/lib/python3.10/site-packages/ar_interface
byte-compiling /home/muhie/Desktop/Coursework/EMS628-COURSEWORK/ros2_ws/src/install/ar_interface/lib/python3.10/site-packages/ar_interface/__init__.py to __init__.cpython-310.pyc
running install_data
copying resource/ar_interface -> /home/muhie/Desktop/Coursework/EMS628-COURSEWORK/ros2_ws/src/install/ar_interface/share/ament_index/resource_index/packages
copying package.xml -> /home/muhie/Desktop/Coursework/EMS628-COURSEWORK/ros2_ws/src/install/ar_interface/share/ar_interface
running install_egg_info
Copying ../build/ar_interface/ar_interface.egg-info to /home/muhie/Desktop/Coursework/EMS628-COURSEWORK/ros2_ws/src/install/ar_interface/lib/python3.10/site-packages/ar_interface-0.0.0-py3.10.egg-info
running install_scripts
writing list of installed files to '/home/muhie/Desktop/Coursework/EMS628-COURSEWORK/ros2_ws/src/build/ar_interface/install.log'
