[1.329s] Invoking command in '/home/muhie/Desktop/coursework/ros2_ws/src/build/examples_rclcpp_minimal_timer': CMAKE_PREFIX_PATH=/opt/ros/humble /usr/bin/cmake --build /home/muhie/Desktop/coursework/ros2_ws/src/build/examples_rclcpp_minimal_timer -- -j12 -l12
[12.103s] [ 25%] [32mBuilding CXX object CMakeFiles/timer_lambda.dir/lambda.cpp.o[0m
[12.104s] [ 50%] [32m[1mLinking CXX executable timer_lambda[0m
[12.104s] [ 50%] Built target timer_lambda
[12.105s] [ 75%] [32mBuilding CXX object CMakeFiles/timer_member_function.dir/member_function.cpp.o[0m
[17.409s] [100%] [32m[1mLinking CXX executable timer_member_function[0m
[17.772s] [100%] Built target timer_member_function
[18.504s] Invoked command in '/home/muhie/Desktop/coursework/ros2_ws/src/build/examples_rclcpp_minimal_timer' returned '0': CMAKE_PREFIX_PATH=/opt/ros/humble /usr/bin/cmake --build /home/muhie/Desktop/coursework/ros2_ws/src/build/examples_rclcpp_minimal_timer -- -j12 -l12
[18.509s] Invoking command in '/home/muhie/Desktop/coursework/ros2_ws/src/build/examples_rclcpp_minimal_timer': CMAKE_PREFIX_PATH=/opt/ros/humble /usr/bin/cmake --install /home/muhie/Desktop/coursework/ros2_ws/src/build/examples_rclcpp_minimal_timer
[21.925s] -- Install configuration: ""
[21.928s] -- Installing: /home/muhie/Desktop/coursework/ros2_ws/src/install/examples_rclcpp_minimal_timer/lib/examples_rclcpp_minimal_timer/timer_lambda
[21.930s] -- Set runtime path of "/home/muhie/Desktop/coursework/ros2_ws/src/install/examples_rclcpp_minimal_timer/lib/examples_rclcpp_minimal_timer/timer_lambda" to ""
[21.931s] -- Installing: /home/muhie/Desktop/coursework/ros2_ws/src/install/examples_rclcpp_minimal_timer/lib/examples_rclcpp_minimal_timer/timer_member_function
[21.931s] -- Set runtime path of "/home/muhie/Desktop/coursework/ros2_ws/src/install/examples_rclcpp_minimal_timer/lib/examples_rclcpp_minimal_timer/timer_member_function" to ""
[21.931s] -- Installing: /home/muhie/Desktop/coursework/ros2_ws/src/install/examples_rclcpp_minimal_timer/share/ament_index/resource_index/package_run_dependencies/examples_rclcpp_minimal_timer
[21.931s] -- Installing: /home/muhie/Desktop/coursework/ros2_ws/src/install/examples_rclcpp_minimal_timer/share/ament_index/resource_index/parent_prefix_path/examples_rclcpp_minimal_timer
[21.932s] -- Installing: /home/muhie/Desktop/coursework/ros2_ws/src/install/examples_rclcpp_minimal_timer/share/examples_rclcpp_minimal_timer/environment/ament_prefix_path.sh
[21.932s] -- Installing: /home/muhie/Desktop/coursework/ros2_ws/src/install/examples_rclcpp_minimal_timer/share/examples_rclcpp_minimal_timer/environment/ament_prefix_path.dsv
[21.935s] -- Installing: /home/muhie/Desktop/coursework/ros2_ws/src/install/examples_rclcpp_minimal_timer/share/examples_rclcpp_minimal_timer/environment/path.sh
[21.935s] -- Installing: /home/muhie/Desktop/coursework/ros2_ws/src/install/examples_rclcpp_minimal_timer/share/examples_rclcpp_minimal_timer/environment/path.dsv
[21.935s] -- Installing: /home/muhie/Desktop/coursework/ros2_ws/src/install/examples_rclcpp_minimal_timer/share/examples_rclcpp_minimal_timer/local_setup.bash
[21.935s] -- Installing: /home/muhie/Desktop/coursework/ros2_ws/src/install/examples_rclcpp_minimal_timer/share/examples_rclcpp_minimal_timer/local_setup.sh
[21.936s] -- Installing: /home/muhie/Desktop/coursework/ros2_ws/src/install/examples_rclcpp_minimal_timer/share/examples_rclcpp_minimal_timer/local_setup.zsh
[21.936s] -- Installing: /home/muhie/Desktop/coursework/ros2_ws/src/install/examples_rclcpp_minimal_timer/share/examples_rclcpp_minimal_timer/local_setup.dsv
[21.936s] -- Installing: /home/muhie/Desktop/coursework/ros2_ws/src/install/examples_rclcpp_minimal_timer/share/examples_rclcpp_minimal_timer/package.dsv
[21.937s] -- Installing: /home/muhie/Desktop/coursework/ros2_ws/src/install/examples_rclcpp_minimal_timer/share/ament_index/resource_index/packages/examples_rclcpp_minimal_timer
[21.937s] -- Installing: /home/muhie/Desktop/coursework/ros2_ws/src/install/examples_rclcpp_minimal_timer/share/examples_rclcpp_minimal_timer/cmake/examples_rclcpp_minimal_timerConfig.cmake
[21.937s] -- Installing: /home/muhie/Desktop/coursework/ros2_ws/src/install/examples_rclcpp_minimal_timer/share/examples_rclcpp_minimal_timer/cmake/examples_rclcpp_minimal_timerConfig-version.cmake
[21.937s] -- Installing: /home/muhie/Desktop/coursework/ros2_ws/src/install/examples_rclcpp_minimal_timer/share/examples_rclcpp_minimal_timer/package.xml
[21.994s] Invoked command in '/home/muhie/Desktop/coursework/ros2_ws/src/build/examples_rclcpp_minimal_timer' returned '0': CMAKE_PREFIX_PATH=/opt/ros/humble /usr/bin/cmake --install /home/muhie/Desktop/coursework/ros2_ws/src/build/examples_rclcpp_minimal_timer
