[0.140s] DEBUG:colcon:Command line arguments: ['/usr/bin/colcon', 'build']
[0.140s] DEBUG:colcon:Parsed command line arguments: Namespace(log_base=None, log_level=None, verb_name='build', build_base='build', install_base='install', merge_install=False, symlink_install=False, test_result_base=None, continue_on_error=False, executor='parallel', parallel_workers=12, event_handlers=None, ignore_user_meta=False, metas=['./colcon.meta'], base_paths=['.'], packages_ignore=None, packages_ignore_regex=None, paths=None, packages_up_to=None, packages_up_to_regex=None, packages_above=None, packages_above_and_dependencies=None, packages_above_depth=None, packages_select_by_dep=None, packages_skip_by_dep=None, packages_skip_up_to=None, packages_select_build_failed=False, packages_skip_build_finished=False, packages_select_test_failures=False, packages_skip_test_passed=False, packages_select=None, packages_skip=None, packages_select_regex=None, packages_skip_regex=None, packages_start=None, packages_end=None, allow_overriding=[], cmake_args=None, cmake_target=None, cmake_target_skip_unavailable=False, cmake_clean_cache=False, cmake_clean_first=False, cmake_force_configure=False, ament_cmake_args=None, catkin_cmake_args=None, catkin_skip_building_tests=False, mixin_files=None, mixin=None, verb_parser=<colcon_mixin.mixin.mixin_argument.MixinArgumentDecorator object at 0x790ec4f69f00>, verb_extension=<colcon_core.verb.build.BuildVerb object at 0x790ec506eef0>, main=<bound method BuildVerb.main of <colcon_core.verb.build.BuildVerb object at 0x790ec506eef0>>, mixin_verb=('build',))
[0.328s] Level 1:colcon.colcon_core.package_discovery:discover_packages(colcon_meta) check parameters
[0.328s] Level 1:colcon.colcon_core.package_discovery:discover_packages(recursive) check parameters
[0.328s] Level 1:colcon.colcon_core.package_discovery:discover_packages(ignore) check parameters
[0.328s] Level 1:colcon.colcon_core.package_discovery:discover_packages(path) check parameters
[0.328s] Level 1:colcon.colcon_core.package_discovery:discover_packages(colcon_meta) discover
[0.328s] Level 1:colcon.colcon_core.package_discovery:discover_packages(recursive) discover
[0.328s] INFO:colcon.colcon_core.package_discovery:Crawling recursively for packages in '/home/muhie/Desktop/coursework/ros2_ws/src'
[0.328s] Level 1:colcon.colcon_core.package_identification:_identify(.) by extensions ['ignore', 'ignore_ament_install']
[0.328s] Level 1:colcon.colcon_core.package_identification:_identify(.) by extension 'ignore'
[0.328s] Level 1:colcon.colcon_core.package_identification:_identify(.) by extension 'ignore_ament_install'
[0.328s] Level 1:colcon.colcon_core.package_identification:_identify(.) by extensions ['colcon_pkg']
[0.328s] Level 1:colcon.colcon_core.package_identification:_identify(.) by extension 'colcon_pkg'
[0.328s] Level 1:colcon.colcon_core.package_identification:_identify(.) by extensions ['colcon_meta']
[0.328s] Level 1:colcon.colcon_core.package_identification:_identify(.) by extension 'colcon_meta'
[0.328s] Level 1:colcon.colcon_core.package_identification:_identify(.) by extensions ['ros']
[0.328s] Level 1:colcon.colcon_core.package_identification:_identify(.) by extension 'ros'
[0.339s] Level 1:colcon.colcon_core.package_identification:_identify(.) by extensions ['cmake', 'python']
[0.340s] Level 1:colcon.colcon_core.package_identification:_identify(.) by extension 'cmake'
[0.340s] Level 1:colcon.colcon_core.package_identification:_identify(.) by extension 'python'
[0.340s] Level 1:colcon.colcon_core.package_identification:_identify(.) by extensions ['python_setup_py']
[0.340s] Level 1:colcon.colcon_core.package_identification:_identify(.) by extension 'python_setup_py'
[0.340s] Level 1:colcon.colcon_core.package_identification:_identify(ar_interface) by extensions ['ignore', 'ignore_ament_install']
[0.340s] Level 1:colcon.colcon_core.package_identification:_identify(ar_interface) by extension 'ignore'
[0.340s] Level 1:colcon.colcon_core.package_identification:_identify(ar_interface) by extension 'ignore_ament_install'
[0.340s] Level 1:colcon.colcon_core.package_identification:_identify(ar_interface) by extensions ['colcon_pkg']
[0.340s] Level 1:colcon.colcon_core.package_identification:_identify(ar_interface) by extension 'colcon_pkg'
[0.340s] Level 1:colcon.colcon_core.package_identification:_identify(ar_interface) by extensions ['colcon_meta']
[0.340s] Level 1:colcon.colcon_core.package_identification:_identify(ar_interface) by extension 'colcon_meta'
[0.340s] Level 1:colcon.colcon_core.package_identification:_identify(ar_interface) by extensions ['ros']
[0.340s] Level 1:colcon.colcon_core.package_identification:_identify(ar_interface) by extension 'ros'
[0.344s] DEBUG:colcon.colcon_core.package_identification:Package 'ar_interface' with type 'ros.ament_cmake' and name 'ar_interface'
[0.344s] Level 1:colcon.colcon_core.package_identification:_identify(ar_test) by extensions ['ignore', 'ignore_ament_install']
[0.344s] Level 1:colcon.colcon_core.package_identification:_identify(ar_test) by extension 'ignore'
[0.344s] Level 1:colcon.colcon_core.package_identification:_identify(ar_test) by extension 'ignore_ament_install'
[0.344s] Level 1:colcon.colcon_core.package_identification:_identify(ar_test) by extensions ['colcon_pkg']
[0.344s] Level 1:colcon.colcon_core.package_identification:_identify(ar_test) by extension 'colcon_pkg'
[0.344s] Level 1:colcon.colcon_core.package_identification:_identify(ar_test) by extensions ['colcon_meta']
[0.344s] Level 1:colcon.colcon_core.package_identification:_identify(ar_test) by extension 'colcon_meta'
[0.344s] Level 1:colcon.colcon_core.package_identification:_identify(ar_test) by extensions ['ros']
[0.344s] Level 1:colcon.colcon_core.package_identification:_identify(ar_test) by extension 'ros'
[0.345s] DEBUG:colcon.colcon_core.package_identification:Package 'ar_test' with type 'ros.ament_python' and name 'ar_test'
[0.345s] Level 1:colcon.colcon_core.package_identification:_identify(build) by extensions ['ignore', 'ignore_ament_install']
[0.345s] Level 1:colcon.colcon_core.package_identification:_identify(build) by extension 'ignore'
[0.345s] Level 1:colcon.colcon_core.package_identification:_identify(build) ignored
[0.346s] Level 1:colcon.colcon_core.package_identification:_identify(install) by extensions ['ignore', 'ignore_ament_install']
[0.346s] Level 1:colcon.colcon_core.package_identification:_identify(install) by extension 'ignore'
[0.346s] Level 1:colcon.colcon_core.package_identification:_identify(install) ignored
[0.346s] Level 1:colcon.colcon_core.package_identification:_identify(launch) by extensions ['ignore', 'ignore_ament_install']
[0.346s] Level 1:colcon.colcon_core.package_identification:_identify(launch) by extension 'ignore'
[0.346s] Level 1:colcon.colcon_core.package_identification:_identify(launch) by extension 'ignore_ament_install'
[0.346s] Level 1:colcon.colcon_core.package_identification:_identify(launch) by extensions ['colcon_pkg']
[0.346s] Level 1:colcon.colcon_core.package_identification:_identify(launch) by extension 'colcon_pkg'
[0.346s] Level 1:colcon.colcon_core.package_identification:_identify(launch) by extensions ['colcon_meta']
[0.346s] Level 1:colcon.colcon_core.package_identification:_identify(launch) by extension 'colcon_meta'
[0.346s] Level 1:colcon.colcon_core.package_identification:_identify(launch) by extensions ['ros']
[0.346s] Level 1:colcon.colcon_core.package_identification:_identify(launch) by extension 'ros'
[0.346s] Level 1:colcon.colcon_core.package_identification:_identify(launch) by extensions ['cmake', 'python']
[0.347s] Level 1:colcon.colcon_core.package_identification:_identify(launch) by extension 'cmake'
[0.347s] Level 1:colcon.colcon_core.package_identification:_identify(launch) by extension 'python'
[0.347s] Level 1:colcon.colcon_core.package_identification:_identify(launch) by extensions ['python_setup_py']
[0.347s] Level 1:colcon.colcon_core.package_identification:_identify(launch) by extension 'python_setup_py'
[0.347s] Level 1:colcon.colcon_core.package_identification:_identify(log) by extensions ['ignore', 'ignore_ament_install']
[0.347s] Level 1:colcon.colcon_core.package_identification:_identify(log) by extension 'ignore'
[0.347s] Level 1:colcon.colcon_core.package_identification:_identify(log) ignored
[0.347s] Level 1:colcon.colcon_core.package_discovery:discover_packages(recursive) using defaults
[0.347s] Level 1:colcon.colcon_core.package_discovery:discover_packages(ignore) discover
[0.347s] Level 1:colcon.colcon_core.package_discovery:discover_packages(ignore) using defaults
[0.347s] Level 1:colcon.colcon_core.package_discovery:discover_packages(path) discover
[0.347s] Level 1:colcon.colcon_core.package_discovery:discover_packages(path) using defaults
[0.386s] Level 1:colcon.colcon_core.package_discovery:discover_packages(prefix_path) check parameters
[0.386s] Level 1:colcon.colcon_core.package_discovery:discover_packages(prefix_path) discover
[0.390s] DEBUG:colcon.colcon_installed_package_information.package_discovery:Found 272 installed packages in /opt/ros/humble
[0.391s] Level 1:colcon.colcon_core.package_discovery:discover_packages(prefix_path) using defaults
[0.444s] Level 5:colcon.colcon_core.verb:set package 'ar_interface' build argument 'cmake_args' from command line to 'None'
[0.444s] Level 5:colcon.colcon_core.verb:set package 'ar_interface' build argument 'cmake_target' from command line to 'None'
[0.444s] Level 5:colcon.colcon_core.verb:set package 'ar_interface' build argument 'cmake_target_skip_unavailable' from command line to 'False'
[0.444s] Level 5:colcon.colcon_core.verb:set package 'ar_interface' build argument 'cmake_clean_cache' from command line to 'False'
[0.444s] Level 5:colcon.colcon_core.verb:set package 'ar_interface' build argument 'cmake_clean_first' from command line to 'False'
[0.444s] Level 5:colcon.colcon_core.verb:set package 'ar_interface' build argument 'cmake_force_configure' from command line to 'False'
[0.444s] Level 5:colcon.colcon_core.verb:set package 'ar_interface' build argument 'ament_cmake_args' from command line to 'None'
[0.444s] Level 5:colcon.colcon_core.verb:set package 'ar_interface' build argument 'catkin_cmake_args' from command line to 'None'
[0.444s] Level 5:colcon.colcon_core.verb:set package 'ar_interface' build argument 'catkin_skip_building_tests' from command line to 'False'
[0.444s] DEBUG:colcon.colcon_core.verb:Building package 'ar_interface' with the following arguments: {'ament_cmake_args': None, 'build_base': '/home/muhie/Desktop/coursework/ros2_ws/src/build/ar_interface', 'catkin_cmake_args': None, 'catkin_skip_building_tests': False, 'cmake_args': None, 'cmake_clean_cache': False, 'cmake_clean_first': False, 'cmake_force_configure': False, 'cmake_target': None, 'cmake_target_skip_unavailable': False, 'install_base': '/home/muhie/Desktop/coursework/ros2_ws/src/install/ar_interface', 'merge_install': False, 'path': '/home/muhie/Desktop/coursework/ros2_ws/src/ar_interface', 'symlink_install': False, 'test_result_base': None}
[0.445s] Level 5:colcon.colcon_core.verb:set package 'ar_test' build argument 'cmake_args' from command line to 'None'
[0.445s] Level 5:colcon.colcon_core.verb:set package 'ar_test' build argument 'cmake_target' from command line to 'None'
[0.445s] Level 5:colcon.colcon_core.verb:set package 'ar_test' build argument 'cmake_target_skip_unavailable' from command line to 'False'
[0.445s] Level 5:colcon.colcon_core.verb:set package 'ar_test' build argument 'cmake_clean_cache' from command line to 'False'
[0.445s] Level 5:colcon.colcon_core.verb:set package 'ar_test' build argument 'cmake_clean_first' from command line to 'False'
[0.445s] Level 5:colcon.colcon_core.verb:set package 'ar_test' build argument 'cmake_force_configure' from command line to 'False'
[0.445s] Level 5:colcon.colcon_core.verb:set package 'ar_test' build argument 'ament_cmake_args' from command line to 'None'
[0.445s] Level 5:colcon.colcon_core.verb:set package 'ar_test' build argument 'catkin_cmake_args' from command line to 'None'
[0.445s] Level 5:colcon.colcon_core.verb:set package 'ar_test' build argument 'catkin_skip_building_tests' from command line to 'False'
[0.445s] DEBUG:colcon.colcon_core.verb:Building package 'ar_test' with the following arguments: {'ament_cmake_args': None, 'build_base': '/home/muhie/Desktop/coursework/ros2_ws/src/build/ar_test', 'catkin_cmake_args': None, 'catkin_skip_building_tests': False, 'cmake_args': None, 'cmake_clean_cache': False, 'cmake_clean_first': False, 'cmake_force_configure': False, 'cmake_target': None, 'cmake_target_skip_unavailable': False, 'install_base': '/home/muhie/Desktop/coursework/ros2_ws/src/install/ar_test', 'merge_install': False, 'path': '/home/muhie/Desktop/coursework/ros2_ws/src/ar_test', 'symlink_install': False, 'test_result_base': None}
[0.445s] INFO:colcon.colcon_core.executor:Executing jobs using 'parallel' executor
[0.446s] DEBUG:colcon.colcon_parallel_executor.executor.parallel:run_until_complete
[0.446s] INFO:colcon.colcon_ros.task.ament_cmake.build:Building ROS package in '/home/muhie/Desktop/coursework/ros2_ws/src/ar_interface' with build type 'ament_cmake'
[0.446s] INFO:colcon.colcon_cmake.task.cmake.build:Building CMake package in '/home/muhie/Desktop/coursework/ros2_ws/src/ar_interface'
[0.449s] INFO:colcon.colcon_core.plugin_system:Skipping extension 'colcon_core.shell.bat': Not used on non-Windows systems
[0.449s] INFO:colcon.colcon_core.shell:Skip shell extension 'powershell' for command environment: Not usable outside of PowerShell
[0.449s] DEBUG:colcon.colcon_core.shell:Skip shell extension 'dsv' for command environment
[0.457s] DEBUG:colcon.colcon_core.event_handler.log_command:Invoking command in '/home/muhie/Desktop/coursework/ros2_ws/src/build/ar_interface': CMAKE_PREFIX_PATH=/opt/ros/humble /usr/bin/cmake --build /home/muhie/Desktop/coursework/ros2_ws/src/build/ar_interface -- -j12 -l12
[0.934s] DEBUG:colcon.colcon_core.event_handler.log_command:Invoked command in '/home/muhie/Desktop/coursework/ros2_ws/src/build/ar_interface' returned '0': CMAKE_PREFIX_PATH=/opt/ros/humble /usr/bin/cmake --build /home/muhie/Desktop/coursework/ros2_ws/src/build/ar_interface -- -j12 -l12
[0.950s] DEBUG:colcon.colcon_core.event_handler.log_command:Invoking command in '/home/muhie/Desktop/coursework/ros2_ws/src/build/ar_interface': CMAKE_PREFIX_PATH=/opt/ros/humble /usr/bin/cmake --install /home/muhie/Desktop/coursework/ros2_ws/src/build/ar_interface
[1.035s] Level 1:colcon.colcon_core.environment:create_environment_scripts_only(ar_interface)
[1.035s] DEBUG:colcon.colcon_core.event_handler.log_command:Invoked command in '/home/muhie/Desktop/coursework/ros2_ws/src/build/ar_interface' returned '0': CMAKE_PREFIX_PATH=/opt/ros/humble /usr/bin/cmake --install /home/muhie/Desktop/coursework/ros2_ws/src/build/ar_interface
[1.039s] Level 1:colcon.colcon_core.environment:checking '/home/muhie/Desktop/coursework/ros2_ws/src/install/ar_interface' for CMake module files
[1.040s] Level 1:colcon.colcon_core.environment:checking '/home/muhie/Desktop/coursework/ros2_ws/src/install/ar_interface' for CMake config files
[1.041s] Level 1:colcon.colcon_core.shell:create_environment_hook('ar_interface', 'cmake_prefix_path')
[1.042s] INFO:colcon.colcon_core.shell:Creating environment hook '/home/muhie/Desktop/coursework/ros2_ws/src/install/ar_interface/share/ar_interface/hook/cmake_prefix_path.ps1'
[1.043s] INFO:colcon.colcon_core.shell:Creating environment descriptor '/home/muhie/Desktop/coursework/ros2_ws/src/install/ar_interface/share/ar_interface/hook/cmake_prefix_path.dsv'
[1.043s] INFO:colcon.colcon_core.shell:Creating environment hook '/home/muhie/Desktop/coursework/ros2_ws/src/install/ar_interface/share/ar_interface/hook/cmake_prefix_path.sh'
[1.044s] Level 1:colcon.colcon_core.environment:checking '/home/muhie/Desktop/coursework/ros2_ws/src/install/ar_interface/lib'
[1.044s] Level 1:colcon.colcon_core.shell:create_environment_hook('ar_interface', 'ld_library_path_lib')
[1.045s] INFO:colcon.colcon_core.shell:Creating environment hook '/home/muhie/Desktop/coursework/ros2_ws/src/install/ar_interface/share/ar_interface/hook/ld_library_path_lib.ps1'
[1.045s] INFO:colcon.colcon_core.shell:Creating environment descriptor '/home/muhie/Desktop/coursework/ros2_ws/src/install/ar_interface/share/ar_interface/hook/ld_library_path_lib.dsv'
[1.045s] INFO:colcon.colcon_core.shell:Creating environment hook '/home/muhie/Desktop/coursework/ros2_ws/src/install/ar_interface/share/ar_interface/hook/ld_library_path_lib.sh'
[1.046s] Level 1:colcon.colcon_core.environment:checking '/home/muhie/Desktop/coursework/ros2_ws/src/install/ar_interface/bin'
[1.046s] Level 1:colcon.colcon_core.environment:checking '/home/muhie/Desktop/coursework/ros2_ws/src/install/ar_interface/lib/pkgconfig/ar_interface.pc'
[1.046s] Level 1:colcon.colcon_core.environment:checking '/home/muhie/Desktop/coursework/ros2_ws/src/install/ar_interface/lib/python3.10/site-packages'
[1.046s] Level 1:colcon.colcon_core.shell:create_environment_hook('ar_interface', 'pythonpath')
[1.046s] INFO:colcon.colcon_core.shell:Creating environment hook '/home/muhie/Desktop/coursework/ros2_ws/src/install/ar_interface/share/ar_interface/hook/pythonpath.ps1'
[1.047s] INFO:colcon.colcon_core.shell:Creating environment descriptor '/home/muhie/Desktop/coursework/ros2_ws/src/install/ar_interface/share/ar_interface/hook/pythonpath.dsv'
[1.047s] INFO:colcon.colcon_core.shell:Creating environment hook '/home/muhie/Desktop/coursework/ros2_ws/src/install/ar_interface/share/ar_interface/hook/pythonpath.sh'
[1.048s] Level 1:colcon.colcon_core.environment:checking '/home/muhie/Desktop/coursework/ros2_ws/src/install/ar_interface/bin'
[1.048s] INFO:colcon.colcon_core.shell:Creating package script '/home/muhie/Desktop/coursework/ros2_ws/src/install/ar_interface/share/ar_interface/package.ps1'
[1.049s] INFO:colcon.colcon_core.shell:Creating package descriptor '/home/muhie/Desktop/coursework/ros2_ws/src/install/ar_interface/share/ar_interface/package.dsv'
[1.050s] INFO:colcon.colcon_core.shell:Creating package script '/home/muhie/Desktop/coursework/ros2_ws/src/install/ar_interface/share/ar_interface/package.sh'
[1.051s] INFO:colcon.colcon_core.shell:Creating package script '/home/muhie/Desktop/coursework/ros2_ws/src/install/ar_interface/share/ar_interface/package.bash'
[1.052s] INFO:colcon.colcon_core.shell:Creating package script '/home/muhie/Desktop/coursework/ros2_ws/src/install/ar_interface/share/ar_interface/package.zsh'
[1.053s] Level 1:colcon.colcon_core.environment:create_file_with_runtime_dependencies(/home/muhie/Desktop/coursework/ros2_ws/src/install/ar_interface/share/colcon-core/packages/ar_interface)
[1.054s] Level 1:colcon.colcon_core.environment:create_environment_scripts_only(ar_interface)
[1.054s] Level 1:colcon.colcon_core.environment:checking '/home/muhie/Desktop/coursework/ros2_ws/src/install/ar_interface' for CMake module files
[1.055s] Level 1:colcon.colcon_core.environment:checking '/home/muhie/Desktop/coursework/ros2_ws/src/install/ar_interface' for CMake config files
[1.056s] Level 1:colcon.colcon_core.shell:create_environment_hook('ar_interface', 'cmake_prefix_path')
[1.056s] INFO:colcon.colcon_core.shell:Creating environment hook '/home/muhie/Desktop/coursework/ros2_ws/src/install/ar_interface/share/ar_interface/hook/cmake_prefix_path.ps1'
[1.056s] INFO:colcon.colcon_core.shell:Creating environment descriptor '/home/muhie/Desktop/coursework/ros2_ws/src/install/ar_interface/share/ar_interface/hook/cmake_prefix_path.dsv'
[1.057s] INFO:colcon.colcon_core.shell:Creating environment hook '/home/muhie/Desktop/coursework/ros2_ws/src/install/ar_interface/share/ar_interface/hook/cmake_prefix_path.sh'
[1.058s] Level 1:colcon.colcon_core.environment:checking '/home/muhie/Desktop/coursework/ros2_ws/src/install/ar_interface/lib'
[1.058s] Level 1:colcon.colcon_core.shell:create_environment_hook('ar_interface', 'ld_library_path_lib')
[1.058s] INFO:colcon.colcon_core.shell:Creating environment hook '/home/muhie/Desktop/coursework/ros2_ws/src/install/ar_interface/share/ar_interface/hook/ld_library_path_lib.ps1'
[1.058s] INFO:colcon.colcon_core.shell:Creating environment descriptor '/home/muhie/Desktop/coursework/ros2_ws/src/install/ar_interface/share/ar_interface/hook/ld_library_path_lib.dsv'
[1.059s] INFO:colcon.colcon_core.shell:Creating environment hook '/home/muhie/Desktop/coursework/ros2_ws/src/install/ar_interface/share/ar_interface/hook/ld_library_path_lib.sh'
[1.059s] Level 1:colcon.colcon_core.environment:checking '/home/muhie/Desktop/coursework/ros2_ws/src/install/ar_interface/bin'
[1.059s] Level 1:colcon.colcon_core.environment:checking '/home/muhie/Desktop/coursework/ros2_ws/src/install/ar_interface/lib/pkgconfig/ar_interface.pc'
[1.060s] Level 1:colcon.colcon_core.environment:checking '/home/muhie/Desktop/coursework/ros2_ws/src/install/ar_interface/lib/python3.10/site-packages'
[1.060s] Level 1:colcon.colcon_core.shell:create_environment_hook('ar_interface', 'pythonpath')
[1.060s] INFO:colcon.colcon_core.shell:Creating environment hook '/home/muhie/Desktop/coursework/ros2_ws/src/install/ar_interface/share/ar_interface/hook/pythonpath.ps1'
[1.060s] INFO:colcon.colcon_core.shell:Creating environment descriptor '/home/muhie/Desktop/coursework/ros2_ws/src/install/ar_interface/share/ar_interface/hook/pythonpath.dsv'
[1.061s] INFO:colcon.colcon_core.shell:Creating environment hook '/home/muhie/Desktop/coursework/ros2_ws/src/install/ar_interface/share/ar_interface/hook/pythonpath.sh'
[1.061s] Level 1:colcon.colcon_core.environment:checking '/home/muhie/Desktop/coursework/ros2_ws/src/install/ar_interface/bin'
[1.062s] INFO:colcon.colcon_core.shell:Creating package script '/home/muhie/Desktop/coursework/ros2_ws/src/install/ar_interface/share/ar_interface/package.ps1'
[1.062s] INFO:colcon.colcon_core.shell:Creating package descriptor '/home/muhie/Desktop/coursework/ros2_ws/src/install/ar_interface/share/ar_interface/package.dsv'
[1.063s] INFO:colcon.colcon_core.shell:Creating package script '/home/muhie/Desktop/coursework/ros2_ws/src/install/ar_interface/share/ar_interface/package.sh'
[1.063s] INFO:colcon.colcon_core.shell:Creating package script '/home/muhie/Desktop/coursework/ros2_ws/src/install/ar_interface/share/ar_interface/package.bash'
[1.064s] INFO:colcon.colcon_core.shell:Creating package script '/home/muhie/Desktop/coursework/ros2_ws/src/install/ar_interface/share/ar_interface/package.zsh'
[1.064s] Level 1:colcon.colcon_core.environment:create_file_with_runtime_dependencies(/home/muhie/Desktop/coursework/ros2_ws/src/install/ar_interface/share/colcon-core/packages/ar_interface)
[1.065s] INFO:colcon.colcon_ros.task.ament_python.build:Building ROS package in '/home/muhie/Desktop/coursework/ros2_ws/src/ar_test' with build type 'ament_python'
[1.065s] Level 1:colcon.colcon_core.shell:create_environment_hook('ar_test', 'ament_prefix_path')
[1.065s] INFO:colcon.colcon_core.shell:Creating environment hook '/home/muhie/Desktop/coursework/ros2_ws/src/install/ar_test/share/ar_test/hook/ament_prefix_path.ps1'
[1.066s] INFO:colcon.colcon_core.shell:Creating environment descriptor '/home/muhie/Desktop/coursework/ros2_ws/src/install/ar_test/share/ar_test/hook/ament_prefix_path.dsv'
[1.066s] INFO:colcon.colcon_core.shell:Creating environment hook '/home/muhie/Desktop/coursework/ros2_ws/src/install/ar_test/share/ar_test/hook/ament_prefix_path.sh'
[1.067s] INFO:colcon.colcon_core.shell:Skip shell extension 'powershell' for command environment: Not usable outside of PowerShell
[1.067s] DEBUG:colcon.colcon_core.shell:Skip shell extension 'dsv' for command environment
[1.329s] INFO:colcon.colcon_core.task.python.build:Building Python package in '/home/muhie/Desktop/coursework/ros2_ws/src/ar_test'
[1.329s] INFO:colcon.colcon_core.shell:Skip shell extension 'powershell' for command environment: Not usable outside of PowerShell
[1.329s] DEBUG:colcon.colcon_core.shell:Skip shell extension 'dsv' for command environment
[1.658s] DEBUG:colcon.colcon_core.event_handler.log_command:Invoking command in '/home/muhie/Desktop/coursework/ros2_ws/src/ar_test': AMENT_PREFIX_PATH=/home/muhie/Desktop/coursework/ros2_ws/src/install/ar_interface:${AMENT_PREFIX_PATH} CMAKE_PREFIX_PATH=/home/muhie/Desktop/coursework/ros2_ws/src/install/ar_interface LD_LIBRARY_PATH=/home/muhie/Desktop/coursework/ros2_ws/src/install/ar_interface/lib:${LD_LIBRARY_PATH} PYTHONPATH=/home/muhie/Desktop/coursework/ros2_ws/src/build/ar_test/prefix_override:/usr/lib/python3/dist-packages/colcon_core/task/python/colcon_distutils_commands:/home/muhie/Desktop/coursework/ros2_ws/src/install/ar_test/lib/python3.10/site-packages:/home/muhie/Desktop/coursework/ros2_ws/src/install/ar_interface/local/lib/python3.10/dist-packages:/home/muhie/Desktop/coursework/ros2_ws/src/install/ar_interface/lib/python3.10/site-packages:${PYTHONPATH} /usr/bin/python3 -W ignore:setup.py install is deprecated -W ignore:easy_install command is deprecated setup.py egg_info --egg-base ../build/ar_test build --build-base /home/muhie/Desktop/coursework/ros2_ws/src/build/ar_test/build install --record /home/muhie/Desktop/coursework/ros2_ws/src/build/ar_test/install.log --single-version-externally-managed install_data
[1.903s] Level 1:colcon.colcon_core.environment:checking '/home/muhie/Desktop/coursework/ros2_ws/src/install/ar_test' for CMake module files
[1.904s] DEBUG:colcon.colcon_core.event_handler.log_command:Invoked command in '/home/muhie/Desktop/coursework/ros2_ws/src/ar_test' returned '0': AMENT_PREFIX_PATH=/home/muhie/Desktop/coursework/ros2_ws/src/install/ar_interface:${AMENT_PREFIX_PATH} CMAKE_PREFIX_PATH=/home/muhie/Desktop/coursework/ros2_ws/src/install/ar_interface LD_LIBRARY_PATH=/home/muhie/Desktop/coursework/ros2_ws/src/install/ar_interface/lib:${LD_LIBRARY_PATH} PYTHONPATH=/home/muhie/Desktop/coursework/ros2_ws/src/build/ar_test/prefix_override:/usr/lib/python3/dist-packages/colcon_core/task/python/colcon_distutils_commands:/home/muhie/Desktop/coursework/ros2_ws/src/install/ar_test/lib/python3.10/site-packages:/home/muhie/Desktop/coursework/ros2_ws/src/install/ar_interface/local/lib/python3.10/dist-packages:/home/muhie/Desktop/coursework/ros2_ws/src/install/ar_interface/lib/python3.10/site-packages:${PYTHONPATH} /usr/bin/python3 -W ignore:setup.py install is deprecated -W ignore:easy_install command is deprecated setup.py egg_info --egg-base ../build/ar_test build --build-base /home/muhie/Desktop/coursework/ros2_ws/src/build/ar_test/build install --record /home/muhie/Desktop/coursework/ros2_ws/src/build/ar_test/install.log --single-version-externally-managed install_data
[1.904s] Level 1:colcon.colcon_core.environment:checking '/home/muhie/Desktop/coursework/ros2_ws/src/install/ar_test' for CMake config files
[1.905s] Level 1:colcon.colcon_core.environment:checking '/home/muhie/Desktop/coursework/ros2_ws/src/install/ar_test/lib'
[1.905s] Level 1:colcon.colcon_core.environment:checking '/home/muhie/Desktop/coursework/ros2_ws/src/install/ar_test/bin'
[1.905s] Level 1:colcon.colcon_core.environment:checking '/home/muhie/Desktop/coursework/ros2_ws/src/install/ar_test/lib/pkgconfig/ar_test.pc'
[1.905s] Level 1:colcon.colcon_core.environment:checking '/home/muhie/Desktop/coursework/ros2_ws/src/install/ar_test/lib/python3.10/site-packages'
[1.905s] Level 1:colcon.colcon_core.shell:create_environment_hook('ar_test', 'pythonpath')
[1.905s] INFO:colcon.colcon_core.shell:Creating environment hook '/home/muhie/Desktop/coursework/ros2_ws/src/install/ar_test/share/ar_test/hook/pythonpath.ps1'
[1.906s] INFO:colcon.colcon_core.shell:Creating environment descriptor '/home/muhie/Desktop/coursework/ros2_ws/src/install/ar_test/share/ar_test/hook/pythonpath.dsv'
[1.906s] INFO:colcon.colcon_core.shell:Creating environment hook '/home/muhie/Desktop/coursework/ros2_ws/src/install/ar_test/share/ar_test/hook/pythonpath.sh'
[1.907s] Level 1:colcon.colcon_core.environment:checking '/home/muhie/Desktop/coursework/ros2_ws/src/install/ar_test/bin'
[1.907s] Level 1:colcon.colcon_core.environment:create_environment_scripts_only(ar_test)
[1.907s] INFO:colcon.colcon_core.shell:Creating package script '/home/muhie/Desktop/coursework/ros2_ws/src/install/ar_test/share/ar_test/package.ps1'
[1.907s] INFO:colcon.colcon_core.shell:Creating package descriptor '/home/muhie/Desktop/coursework/ros2_ws/src/install/ar_test/share/ar_test/package.dsv'
[1.908s] INFO:colcon.colcon_core.shell:Creating package script '/home/muhie/Desktop/coursework/ros2_ws/src/install/ar_test/share/ar_test/package.sh'
[1.908s] INFO:colcon.colcon_core.shell:Creating package script '/home/muhie/Desktop/coursework/ros2_ws/src/install/ar_test/share/ar_test/package.bash'
[1.908s] INFO:colcon.colcon_core.shell:Creating package script '/home/muhie/Desktop/coursework/ros2_ws/src/install/ar_test/share/ar_test/package.zsh'
[1.909s] Level 1:colcon.colcon_core.environment:create_file_with_runtime_dependencies(/home/muhie/Desktop/coursework/ros2_ws/src/install/ar_test/share/colcon-core/packages/ar_test)
[1.909s] DEBUG:colcon.colcon_parallel_executor.executor.parallel:closing loop
[1.909s] DEBUG:colcon.colcon_parallel_executor.executor.parallel:loop closed
[1.909s] DEBUG:colcon.colcon_parallel_executor.executor.parallel:run_until_complete finished with '0'
[1.909s] DEBUG:colcon.colcon_core.event_reactor:joining thread
[1.917s] INFO:colcon.colcon_core.plugin_system:Skipping extension 'colcon_notification.desktop_notification.terminal_notifier': Not used on non-Darwin systems
[1.917s] INFO:colcon.colcon_core.plugin_system:Skipping extension 'colcon_notification.desktop_notification.win32': Not used on non-Windows systems
[1.917s] INFO:colcon.colcon_notification.desktop_notification:Sending desktop notification using 'notify2'
[1.929s] DEBUG:colcon.colcon_core.event_reactor:joined thread
[1.929s] INFO:colcon.colcon_core.shell:Creating prefix script '/home/muhie/Desktop/coursework/ros2_ws/src/install/local_setup.ps1'
[1.930s] INFO:colcon.colcon_core.shell:Creating prefix util module '/home/muhie/Desktop/coursework/ros2_ws/src/install/_local_setup_util_ps1.py'
[1.932s] INFO:colcon.colcon_core.shell:Creating prefix chain script '/home/muhie/Desktop/coursework/ros2_ws/src/install/setup.ps1'
[1.933s] INFO:colcon.colcon_core.shell:Creating prefix script '/home/muhie/Desktop/coursework/ros2_ws/src/install/local_setup.sh'
[1.933s] INFO:colcon.colcon_core.shell:Creating prefix util module '/home/muhie/Desktop/coursework/ros2_ws/src/install/_local_setup_util_sh.py'
[1.934s] INFO:colcon.colcon_core.shell:Creating prefix chain script '/home/muhie/Desktop/coursework/ros2_ws/src/install/setup.sh'
[1.935s] INFO:colcon.colcon_core.shell:Creating prefix script '/home/muhie/Desktop/coursework/ros2_ws/src/install/local_setup.bash'
[1.935s] INFO:colcon.colcon_core.shell:Creating prefix chain script '/home/muhie/Desktop/coursework/ros2_ws/src/install/setup.bash'
[1.936s] INFO:colcon.colcon_core.shell:Creating prefix script '/home/muhie/Desktop/coursework/ros2_ws/src/install/local_setup.zsh'
[1.937s] INFO:colcon.colcon_core.shell:Creating prefix chain script '/home/muhie/Desktop/coursework/ros2_ws/src/install/setup.zsh'
