[0.041s] Invoking command in '/home/muhie/Desktop/coursework/ros2_ws/src/build/ar_interface': CMAKE_PREFIX_PATH=/opt/ros/humble /usr/bin/cmake /home/muhie/Desktop/coursework/ros2_ws/src/ar_interface -DCMAKE_INSTALL_PREFIX=/home/muhie/Desktop/coursework/ros2_ws/src/install/ar_interface
[0.104s] -- Found ament_cmake: 1.3.12 (/opt/ros/humble/share/ament_cmake/cmake)
[0.445s] -- Found ament_lint_auto: 0.12.14 (/opt/ros/humble/share/ament_lint_auto/cmake)
[0.562s] -- Found rosidl_default_generators: 1.2.0 (/opt/ros/humble/share/rosidl_default_generators/cmake)
[0.563s] -- Using all available rosidl_typesupport_c: rosidl_typesupport_fastrtps_c;rosidl_typesupport_introspection_c
[0.590s] -- Found rosidl_adapter: 3.1.8 (/opt/ros/humble/share/rosidl_adapter/cmake)
[0.615s] -- Using all available rosidl_typesupport_cpp: rosidl_typesupport_fastrtps_cpp;rosidl_typesupport_introspection_cpp
[0.987s] [31mCMake Error at /opt/ros/humble/share/rosidl_adapter/cmake/rosidl_adapt_interfaces.cmake:59 (message):
[0.987s]   execute_process(/usr/bin/python3 -m rosidl_adapter --package-name
[0.987s]   ar_interface --arguments-file
[0.987s]   /home/muhie/Desktop/coursework/ros2_ws/src/build/ar_interface/rosidl_adapter__arguments__ar_interface.json
[0.987s]   --output-dir
[0.988s]   /home/muhie/Desktop/coursework/ros2_ws/src/build/ar_interface/rosidl_adapter/ar_interface
[0.988s]   --output-file
[0.988s]   /home/muhie/Desktop/coursework/ros2_ws/src/build/ar_interface/rosidl_adapter/ar_interface.idls)
[0.988s]   returned error code 1:
[0.988s] 
[0.988s]   Traceback (most recent call last):
[0.988s] 
[0.989s]     File "/usr/lib/python3.10/runpy.py", line 196, in _run_module_as_main
[0.989s]       return _run_code(code, main_globals, None,
[0.989s]     File "/usr/lib/python3.10/runpy.py", line 86, in _run_code
[0.989s]       exec(code, run_globals)
[0.989s]     File "/opt/ros/humble/local/lib/python3.10/dist-packages/rosidl_adapter/__main__.py", line 19, in <module>
[0.989s]       sys.exit(main())
[0.990s]     File "/opt/ros/humble/local/lib/python3.10/dist-packages/rosidl_adapter/main.py", line 53, in main
[0.990s]       abs_idl_file = convert_to_idl(
[0.990s]     File "/opt/ros/humble/local/lib/python3.10/dist-packages/rosidl_adapter/__init__.py", line 19, in convert_to_idl
[0.990s]       return convert_msg_to_idl(
[0.990s]     File "/opt/ros/humble/local/lib/python3.10/dist-packages/rosidl_adapter/msg/__init__.py", line 28, in convert_msg_to_idl
[0.990s]       msg = parse_message_string(package_name, input_file.stem, content)
[0.991s]     File "/opt/ros/humble/local/lib/python3.10/dist-packages/rosidl_adapter/parser.py", line 544, in parse_message_string
[0.991s]       msg = MessageSpecification(pkg_name, msg_name, fields, constants)
[0.991s]     File "/opt/ros/humble/local/lib/python3.10/dist-packages/rosidl_adapter/parser.py", line 388, in __init__
[0.991s]       self.base_type = BaseType(
[0.991s]     File "/opt/ros/humble/local/lib/python3.10/dist-packages/rosidl_adapter/parser.py", line 205, in __init__
[0.991s]       raise InvalidResourceName(
[0.991s] 
[0.992s]   rosidl_adapter.parser.InvalidResourceName: 'cubicTrajCoeffs' is an invalid
[0.992s]   message name.  It should have the pattern '^[A-Z][A-Za-z0-9]*$'
[0.992s] 
[0.992s] Call Stack (most recent call first):
[0.992s]   /opt/ros/humble/share/rosidl_cmake/cmake/rosidl_generate_interfaces.cmake:130 (rosidl_adapt_interfaces)
[0.992s]   CMakeLists.txt:34 (rosidl_generate_interfaces)
[0.992s] 
[0.993s] [0m
[0.993s] -- Configuring incomplete, errors occurred!
[0.993s] See also "/home/muhie/Desktop/coursework/ros2_ws/src/build/ar_interface/CMakeFiles/CMakeOutput.log".
[2.406s] Invoked command in '/home/muhie/Desktop/coursework/ros2_ws/src/build/ar_interface' returned '1': CMAKE_PREFIX_PATH=/opt/ros/humble /usr/bin/cmake /home/muhie/Desktop/coursework/ros2_ws/src/ar_interface -DCMAKE_INSTALL_PREFIX=/home/muhie/Desktop/coursework/ros2_ws/src/install/ar_interface
