[0.117s] Invoking command in '/home/muhie/Desktop/coursework/ros2_ws/src/build/examples_rclcpp_multithreaded_executor': CMAKE_PREFIX_PATH=/opt/ros/humble /usr/bin/cmake /home/muhie/Desktop/coursework/ros2_ws/src/examples/rclcpp/executors/multithreaded_executor -DCMAKE_INSTALL_PREFIX=/home/muhie/Desktop/coursework/ros2_ws/src/install/examples_rclcpp_multithreaded_executor
[1.777s] -- The C compiler identification is GNU 11.4.0
[1.780s] -- The CXX compiler identification is GNU 11.4.0
[1.781s] -- Detecting C compiler ABI info
[1.781s] -- Detecting C compiler ABI info - done
[1.781s] -- Check for working C compiler: /usr/bin/cc - skipped
[1.781s] -- Detecting C compile features
[1.782s] -- Detecting C compile features - done
[1.782s] -- Detecting CXX compiler ABI info
[1.782s] -- Detecting CXX compiler ABI info - done
[1.782s] -- Check for working CXX compiler: /usr/bin/c++ - skipped
[1.782s] -- Detecting CXX compile features
[1.783s] -- Detecting CXX compile features - done
[1.783s] -- Found ament_cmake: 1.3.12 (/opt/ros/humble/share/ament_cmake/cmake)
[1.783s] -- Found Python3: /usr/bin/python3 (found version "3.10.12") found components: Interpreter 
[1.783s] -- Found rclcpp: 16.0.17 (/opt/ros/humble/share/rclcpp/cmake)
[1.783s] -- Found rosidl_generator_c: 3.1.8 (/opt/ros/humble/share/rosidl_generator_c/cmake)
[1.784s] -- Found rosidl_adapter: 3.1.8 (/opt/ros/humble/share/rosidl_adapter/cmake)
[1.784s] -- Found rosidl_generator_cpp: 3.1.8 (/opt/ros/humble/share/rosidl_generator_cpp/cmake)
[1.784s] -- Using all available rosidl_typesupport_c: rosidl_typesupport_fastrtps_c;rosidl_typesupport_introspection_c
[1.822s] -- Using all available rosidl_typesupport_cpp: rosidl_typesupport_fastrtps_cpp;rosidl_typesupport_introspection_cpp
[1.945s] -- Found rmw_implementation_cmake: 6.1.2 (/opt/ros/humble/share/rmw_implementation_cmake/cmake)
[1.952s] -- Found rmw_fastrtps_cpp: 6.2.9 (/opt/ros/humble/share/rmw_fastrtps_cpp/cmake)
[2.197s] -- Found OpenSSL: /usr/lib/x86_64-linux-gnu/libcrypto.so (found version "3.0.2")  
[2.279s] -- Found FastRTPS: /opt/ros/humble/include  
[2.388s] -- Using RMW implementation 'rmw_fastrtps_cpp' as default
[2.425s] -- Looking for pthread.h
[2.712s] -- Looking for pthread.h - found
[2.713s] -- Performing Test CMAKE_HAVE_LIBC_PTHREAD
[3.096s] -- Performing Test CMAKE_HAVE_LIBC_PTHREAD - Success
[3.101s] -- Found Threads: TRUE  
[3.271s] -- Found ament_lint_auto: 0.12.14 (/opt/ros/humble/share/ament_lint_auto/cmake)
[3.539s] -- Added test 'copyright' to check source files copyright and LICENSE
[3.539s] -- Added test 'cppcheck' to perform static code analysis on C / C++ code
[3.540s] -- Configured cppcheck include dirs: 
[3.540s] -- Configured cppcheck exclude dirs and/or files: 
[3.540s] -- Added test 'cpplint' to check C / C++ code against the Google style
[3.563s] -- Configured cpplint exclude dirs and/or files: 
[3.564s] -- Added test 'lint_cmake' to check CMake code style
[3.564s] -- Added test 'uncrustify' to check C / C++ code style
[3.564s] -- Configured uncrustify additional arguments: 
[3.564s] -- Added test 'xmllint' to check XML markup files
[3.564s] -- Configuring done
[3.579s] -- Generating done
[3.586s] -- Build files have been written to: /home/muhie/Desktop/coursework/ros2_ws/src/build/examples_rclcpp_multithreaded_executor
[3.627s] Invoked command in '/home/muhie/Desktop/coursework/ros2_ws/src/build/examples_rclcpp_multithreaded_executor' returned '0': CMAKE_PREFIX_PATH=/opt/ros/humble /usr/bin/cmake /home/muhie/Desktop/coursework/ros2_ws/src/examples/rclcpp/executors/multithreaded_executor -DCMAKE_INSTALL_PREFIX=/home/muhie/Desktop/coursework/ros2_ws/src/install/examples_rclcpp_multithreaded_executor
[3.629s] Invoking command in '/home/muhie/Desktop/coursework/ros2_ws/src/build/examples_rclcpp_multithreaded_executor': CMAKE_PREFIX_PATH=/opt/ros/humble /usr/bin/cmake --build /home/muhie/Desktop/coursework/ros2_ws/src/build/examples_rclcpp_multithreaded_executor -- -j12 -l12
[4.572s] [ 50%] [32mBuilding CXX object CMakeFiles/multithreaded_executor.dir/multithreaded_executor.cpp.o[0m
[20.382s] [100%] [32m[1mLinking CXX executable multithreaded_executor[0m
[20.993s] [100%] Built target multithreaded_executor
[21.012s] Invoked command in '/home/muhie/Desktop/coursework/ros2_ws/src/build/examples_rclcpp_multithreaded_executor' returned '0': CMAKE_PREFIX_PATH=/opt/ros/humble /usr/bin/cmake --build /home/muhie/Desktop/coursework/ros2_ws/src/build/examples_rclcpp_multithreaded_executor -- -j12 -l12
[21.016s] Invoking command in '/home/muhie/Desktop/coursework/ros2_ws/src/build/examples_rclcpp_multithreaded_executor': CMAKE_PREFIX_PATH=/opt/ros/humble /usr/bin/cmake --install /home/muhie/Desktop/coursework/ros2_ws/src/build/examples_rclcpp_multithreaded_executor
[21.031s] -- Install configuration: ""
[21.031s] -- Installing: /home/muhie/Desktop/coursework/ros2_ws/src/install/examples_rclcpp_multithreaded_executor/lib/examples_rclcpp_multithreaded_executor/multithreaded_executor
[21.040s] -- Set runtime path of "/home/muhie/Desktop/coursework/ros2_ws/src/install/examples_rclcpp_multithreaded_executor/lib/examples_rclcpp_multithreaded_executor/multithreaded_executor" to ""
[21.040s] -- Installing: /home/muhie/Desktop/coursework/ros2_ws/src/install/examples_rclcpp_multithreaded_executor/share/ament_index/resource_index/package_run_dependencies/examples_rclcpp_multithreaded_executor
[21.041s] -- Installing: /home/muhie/Desktop/coursework/ros2_ws/src/install/examples_rclcpp_multithreaded_executor/share/ament_index/resource_index/parent_prefix_path/examples_rclcpp_multithreaded_executor
[21.041s] -- Installing: /home/muhie/Desktop/coursework/ros2_ws/src/install/examples_rclcpp_multithreaded_executor/share/examples_rclcpp_multithreaded_executor/environment/ament_prefix_path.sh
[21.041s] -- Installing: /home/muhie/Desktop/coursework/ros2_ws/src/install/examples_rclcpp_multithreaded_executor/share/examples_rclcpp_multithreaded_executor/environment/ament_prefix_path.dsv
[21.042s] -- Installing: /home/muhie/Desktop/coursework/ros2_ws/src/install/examples_rclcpp_multithreaded_executor/share/examples_rclcpp_multithreaded_executor/environment/path.sh
[21.042s] -- Installing: /home/muhie/Desktop/coursework/ros2_ws/src/install/examples_rclcpp_multithreaded_executor/share/examples_rclcpp_multithreaded_executor/environment/path.dsv
[21.042s] -- Installing: /home/muhie/Desktop/coursework/ros2_ws/src/install/examples_rclcpp_multithreaded_executor/share/examples_rclcpp_multithreaded_executor/local_setup.bash
[21.043s] -- Installing: /home/muhie/Desktop/coursework/ros2_ws/src/install/examples_rclcpp_multithreaded_executor/share/examples_rclcpp_multithreaded_executor/local_setup.sh
[21.044s] -- Installing: /home/muhie/Desktop/coursework/ros2_ws/src/install/examples_rclcpp_multithreaded_executor/share/examples_rclcpp_multithreaded_executor/local_setup.zsh
[21.044s] -- Installing: /home/muhie/Desktop/coursework/ros2_ws/src/install/examples_rclcpp_multithreaded_executor/share/examples_rclcpp_multithreaded_executor/local_setup.dsv
[21.044s] -- Installing: /home/muhie/Desktop/coursework/ros2_ws/src/install/examples_rclcpp_multithreaded_executor/share/examples_rclcpp_multithreaded_executor/package.dsv
[21.044s] -- Installing: /home/muhie/Desktop/coursework/ros2_ws/src/install/examples_rclcpp_multithreaded_executor/share/ament_index/resource_index/packages/examples_rclcpp_multithreaded_executor
[21.045s] -- Installing: /home/muhie/Desktop/coursework/ros2_ws/src/install/examples_rclcpp_multithreaded_executor/share/examples_rclcpp_multithreaded_executor/cmake/examples_rclcpp_multithreaded_executorConfig.cmake
[21.045s] -- Installing: /home/muhie/Desktop/coursework/ros2_ws/src/install/examples_rclcpp_multithreaded_executor/share/examples_rclcpp_multithreaded_executor/cmake/examples_rclcpp_multithreaded_executorConfig-version.cmake
[21.045s] -- Installing: /home/muhie/Desktop/coursework/ros2_ws/src/install/examples_rclcpp_multithreaded_executor/share/examples_rclcpp_multithreaded_executor/package.xml
[21.051s] Invoked command in '/home/muhie/Desktop/coursework/ros2_ws/src/build/examples_rclcpp_multithreaded_executor' returned '0': CMAKE_PREFIX_PATH=/opt/ros/humble /usr/bin/cmake --install /home/muhie/Desktop/coursework/ros2_ws/src/build/examples_rclcpp_multithreaded_executor
