[5.794s] Invoking command in '/home/muhie/Desktop/coursework/ros2_ws/src/examples/rclpy/topics/minimal_publisher': PYTHONPATH=/home/muhie/Desktop/coursework/ros2_ws/src/build/examples_rclpy_minimal_publisher/prefix_override:/usr/lib/python3/dist-packages/colcon_core/task/python/colcon_distutils_commands:/home/muhie/Desktop/coursework/ros2_ws/src/install/examples_rclpy_minimal_publisher/lib/python3.10/site-packages:${PYTHONPATH} /usr/bin/python3 -W ignore:setup.py install is deprecated -W ignore:easy_install command is deprecated setup.py egg_info --egg-base ../../../../build/examples_rclpy_minimal_publisher build --build-base /home/muhie/Desktop/coursework/ros2_ws/src/build/examples_rclpy_minimal_publisher/build install --record /home/muhie/Desktop/coursework/ros2_ws/src/build/examples_rclpy_minimal_publisher/install.log --single-version-externally-managed install_data
[6.328s] running egg_info
[6.330s] writing ../../../../build/examples_rclpy_minimal_publisher/examples_rclpy_minimal_publisher.egg-info/PKG-INFO
[6.330s] writing dependency_links to ../../../../build/examples_rclpy_minimal_publisher/examples_rclpy_minimal_publisher.egg-info/dependency_links.txt
[6.331s] writing entry points to ../../../../build/examples_rclpy_minimal_publisher/examples_rclpy_minimal_publisher.egg-info/entry_points.txt
[6.331s] writing requirements to ../../../../build/examples_rclpy_minimal_publisher/examples_rclpy_minimal_publisher.egg-info/requires.txt
[6.332s] writing top-level names to ../../../../build/examples_rclpy_minimal_publisher/examples_rclpy_minimal_publisher.egg-info/top_level.txt
[6.334s] reading manifest file '../../../../build/examples_rclpy_minimal_publisher/examples_rclpy_minimal_publisher.egg-info/SOURCES.txt'
[6.336s] writing manifest file '../../../../build/examples_rclpy_minimal_publisher/examples_rclpy_minimal_publisher.egg-info/SOURCES.txt'
[6.337s] running build
[6.337s] running build_py
[6.338s] running install
[6.338s] running install_lib
[6.341s] running install_data
[6.341s] running install_egg_info
[6.344s] removing '/home/muhie/Desktop/coursework/ros2_ws/src/install/examples_rclpy_minimal_publisher/lib/python3.10/site-packages/examples_rclpy_minimal_publisher-0.15.5-py3.10.egg-info' (and everything under it)
[6.344s] Copying ../../../../build/examples_rclpy_minimal_publisher/examples_rclpy_minimal_publisher.egg-info to /home/muhie/Desktop/coursework/ros2_ws/src/install/examples_rclpy_minimal_publisher/lib/python3.10/site-packages/examples_rclpy_minimal_publisher-0.15.5-py3.10.egg-info
[6.346s] running install_scripts
[6.388s] Installing publisher_local_function script to /home/muhie/Desktop/coursework/ros2_ws/src/install/examples_rclpy_minimal_publisher/lib/examples_rclpy_minimal_publisher
[6.388s] Installing publisher_member_function script to /home/muhie/Desktop/coursework/ros2_ws/src/install/examples_rclpy_minimal_publisher/lib/examples_rclpy_minimal_publisher
[6.388s] Installing publisher_member_function_with_wait_for_all_acked script to /home/muhie/Desktop/coursework/ros2_ws/src/install/examples_rclpy_minimal_publisher/lib/examples_rclpy_minimal_publisher
[6.388s] Installing publisher_old_school script to /home/muhie/Desktop/coursework/ros2_ws/src/install/examples_rclpy_minimal_publisher/lib/examples_rclpy_minimal_publisher
[6.388s] writing list of installed files to '/home/muhie/Desktop/coursework/ros2_ws/src/build/examples_rclpy_minimal_publisher/install.log'
[6.444s] Invoked command in '/home/muhie/Desktop/coursework/ros2_ws/src/examples/rclpy/topics/minimal_publisher' returned '0': PYTHONPATH=/home/muhie/Desktop/coursework/ros2_ws/src/build/examples_rclpy_minimal_publisher/prefix_override:/usr/lib/python3/dist-packages/colcon_core/task/python/colcon_distutils_commands:/home/muhie/Desktop/coursework/ros2_ws/src/install/examples_rclpy_minimal_publisher/lib/python3.10/site-packages:${PYTHONPATH} /usr/bin/python3 -W ignore:setup.py install is deprecated -W ignore:easy_install command is deprecated setup.py egg_info --egg-base ../../../../build/examples_rclpy_minimal_publisher build --build-base /home/muhie/Desktop/coursework/ros2_ws/src/build/examples_rclpy_minimal_publisher/build install --record /home/muhie/Desktop/coursework/ros2_ws/src/build/examples_rclpy_minimal_publisher/install.log --single-version-externally-managed install_data
