[0.009s] Invoking command in '/home/muhie/Desktop/coursework/ros2_ws/src/build/ar_interface': CMAKE_PREFIX_PATH=/opt/ros/humble /usr/bin/cmake --build /home/muhie/Desktop/coursework/ros2_ws/src/build/ar_interface -- -j12 -l12
[0.038s] -- Found ament_cmake: 1.3.12 (/opt/ros/humble/share/ament_cmake/cmake)
[0.156s] -- Found ament_lint_auto: 0.12.14 (/opt/ros/humble/share/ament_lint_auto/cmake)
[0.212s] -- Found rosidl_default_generators: 1.2.0 (/opt/ros/humble/share/rosidl_default_generators/cmake)
[0.214s] -- Using all available rosidl_typesupport_c: rosidl_typesupport_fastrtps_c;rosidl_typesupport_introspection_c
[0.217s] -- Found rosidl_adapter: 3.1.8 (/opt/ros/humble/share/rosidl_adapter/cmake)
[0.256s] -- Using all available rosidl_typesupport_cpp: rosidl_typesupport_fastrtps_cpp;rosidl_typesupport_introspection_cpp
[0.447s] -- Found ament_cmake_ros: 0.10.0 (/opt/ros/humble/share/ament_cmake_ros/cmake)
[0.603s] -- Using all available rosidl_typesupport_c: rosidl_typesupport_fastrtps_c;rosidl_typesupport_introspection_c
[0.803s] -- Using all available rosidl_typesupport_cpp: rosidl_typesupport_fastrtps_cpp;rosidl_typesupport_introspection_cpp
[0.824s] -- Found python_cmake_module: 0.10.0 (/opt/ros/humble/share/python_cmake_module/cmake)
[0.845s] -- Using PYTHON_EXECUTABLE: /usr/bin/python3
[0.845s] -- Using PYTHON_INCLUDE_DIRS: /usr/include/python3.10
[0.845s] -- Using PYTHON_LIBRARIES: /usr/lib/x86_64-linux-gnu/libpython3.10.so
[0.857s] -- Added test 'lint_cmake' to check CMake code style
[0.859s] -- Added test 'xmllint' to check XML markup files
[0.865s] -- Configuring done
[0.897s] -- Generating done
[0.907s] -- Build files have been written to: /home/muhie/Desktop/coursework/ros2_ws/src/build/ar_interface
[0.935s] [  2%] [34m[1mGenerating C code for ROS interfaces[0m
[0.945s] [  4%] [34m[1mGenerating C++ code for ROS interfaces[0m
[0.960s] [  4%] Built target ament_cmake_python_copy_ar_interface
[1.197s] running egg_info
[1.197s] writing ar_interface.egg-info/PKG-INFO
[1.198s] writing dependency_links to ar_interface.egg-info/dependency_links.txt
[1.198s] writing top-level names to ar_interface.egg-info/top_level.txt
[1.200s] reading manifest file 'ar_interface.egg-info/SOURCES.txt'
[1.201s] writing manifest file 'ar_interface.egg-info/SOURCES.txt'
[1.239s] [  4%] Built target ament_cmake_python_build_ar_interface_egg
[1.333s] [  4%] Built target ar_interface__cpp
[1.334s] [35m[1mConsolidate compiler generated dependencies of target ar_interface__rosidl_generator_c[0m
[1.345s] [ 10%] [34m[1mGenerating C++ introspection for ROS interfaces[0m
[1.345s] [ 10%] [34m[1mGenerating C++ type support dispatch for ROS interfaces[0m
[1.345s] [ 10%] [34m[1mGenerating C++ type support for eProsima Fast-RTPS[0m
[1.347s] [ 14%] [32mBuilding C object CMakeFiles/ar_interface__rosidl_generator_c.dir/rosidl_generator_c/ar_interface/msg/detail/cubic_traj_params__functions.c.o[0m
[1.347s] [ 14%] [32mBuilding C object CMakeFiles/ar_interface__rosidl_generator_c.dir/rosidl_generator_c/ar_interface/msg/detail/cubic_traj_coeffs__functions.c.o[0m
[1.348s] [ 17%] [32mBuilding C object CMakeFiles/ar_interface__rosidl_generator_c.dir/rosidl_generator_c/ar_interface/srv/detail/compute_cubic_traj__functions.c.o[0m
[1.482s] [ 19%] [32m[1mLinking C shared library libar_interface__rosidl_generator_c.so[0m
[1.547s] [ 19%] Built target ar_interface__rosidl_generator_c
[1.560s] [ 25%] [34m[1mGenerating C introspection for ROS interfaces[0m
[1.560s] [ 25%] [34m[1mGenerating C type support for eProsima Fast-RTPS[0m
[1.561s] [ 25%] [34m[1mGenerating C type support dispatch for ROS interfaces[0m
[1.758s] [35m[1mConsolidate compiler generated dependencies of target ar_interface__rosidl_typesupport_cpp[0m
[1.781s] [ 29%] [32mBuilding CXX object CMakeFiles/ar_interface__rosidl_typesupport_cpp.dir/rosidl_typesupport_cpp/ar_interface/srv/compute_cubic_traj__type_support.cpp.o[0m
[1.782s] [ 29%] [32mBuilding CXX object CMakeFiles/ar_interface__rosidl_typesupport_cpp.dir/rosidl_typesupport_cpp/ar_interface/msg/cubic_traj_params__type_support.cpp.o[0m
[1.782s] [ 31%] [32mBuilding CXX object CMakeFiles/ar_interface__rosidl_typesupport_cpp.dir/rosidl_typesupport_cpp/ar_interface/msg/cubic_traj_coeffs__type_support.cpp.o[0m
[1.793s] [35m[1mConsolidate compiler generated dependencies of target ar_interface__rosidl_typesupport_introspection_cpp[0m
[1.817s] [ 34%] [32mBuilding CXX object CMakeFiles/ar_interface__rosidl_typesupport_introspection_cpp.dir/rosidl_typesupport_introspection_cpp/ar_interface/msg/detail/cubic_traj_coeffs__type_support.cpp.o[0m
[1.818s] [ 36%] [32mBuilding CXX object CMakeFiles/ar_interface__rosidl_typesupport_introspection_cpp.dir/rosidl_typesupport_introspection_cpp/ar_interface/msg/detail/cubic_traj_params__type_support.cpp.o[0m
[1.819s] [35m[1mConsolidate compiler generated dependencies of target ar_interface__rosidl_typesupport_fastrtps_cpp[0m
[1.819s] [ 38%] [32mBuilding CXX object CMakeFiles/ar_interface__rosidl_typesupport_introspection_cpp.dir/rosidl_typesupport_introspection_cpp/ar_interface/srv/detail/compute_cubic_traj__type_support.cpp.o[0m
[1.849s] [ 40%] [32mBuilding CXX object CMakeFiles/ar_interface__rosidl_typesupport_fastrtps_cpp.dir/rosidl_typesupport_fastrtps_cpp/ar_interface/msg/detail/dds_fastrtps/cubic_traj_params__type_support.cpp.o[0m
[1.850s] [ 42%] [32mBuilding CXX object CMakeFiles/ar_interface__rosidl_typesupport_fastrtps_cpp.dir/rosidl_typesupport_fastrtps_cpp/ar_interface/srv/detail/dds_fastrtps/compute_cubic_traj__type_support.cpp.o[0m
[1.851s] [ 44%] [32mBuilding CXX object CMakeFiles/ar_interface__rosidl_typesupport_fastrtps_cpp.dir/rosidl_typesupport_fastrtps_cpp/ar_interface/msg/detail/dds_fastrtps/cubic_traj_coeffs__type_support.cpp.o[0m
[2.074s] [35m[1mConsolidate compiler generated dependencies of target ar_interface__rosidl_typesupport_c[0m
[2.098s] [ 46%] [32mBuilding CXX object CMakeFiles/ar_interface__rosidl_typesupport_c.dir/rosidl_typesupport_c/ar_interface/msg/cubic_traj_coeffs__type_support.cpp.o[0m
[2.185s] [ 48%] [32mBuilding CXX object CMakeFiles/ar_interface__rosidl_typesupport_c.dir/rosidl_typesupport_c/ar_interface/msg/cubic_traj_params__type_support.cpp.o[0m
[2.253s] [ 51%] [32mBuilding CXX object CMakeFiles/ar_interface__rosidl_typesupport_c.dir/rosidl_typesupport_c/ar_interface/srv/compute_cubic_traj__type_support.cpp.o[0m
[2.312s] [35m[1mConsolidate compiler generated dependencies of target ar_interface__rosidl_typesupport_introspection_c[0m
[2.339s] [35m[1mConsolidate compiler generated dependencies of target ar_interface__rosidl_typesupport_fastrtps_c[0m
[2.344s] [ 53%] [32m[1mLinking CXX shared library libar_interface__rosidl_typesupport_c.so[0m
[2.345s] [ 55%] [32mBuilding C object CMakeFiles/ar_interface__rosidl_typesupport_introspection_c.dir/rosidl_typesupport_introspection_c/ar_interface/msg/detail/cubic_traj_coeffs__type_support.c.o[0m
[2.370s] [ 57%] [32mBuilding C object CMakeFiles/ar_interface__rosidl_typesupport_introspection_c.dir/rosidl_typesupport_introspection_c/ar_interface/msg/detail/cubic_traj_params__type_support.c.o[0m
[2.389s] [ 59%] [32mBuilding CXX object CMakeFiles/ar_interface__rosidl_typesupport_fastrtps_c.dir/rosidl_typesupport_fastrtps_c/ar_interface/msg/detail/cubic_traj_coeffs__type_support_c.cpp.o[0m
[2.404s] [ 61%] [32mBuilding CXX object CMakeFiles/ar_interface__rosidl_typesupport_fastrtps_c.dir/rosidl_typesupport_fastrtps_c/ar_interface/msg/detail/cubic_traj_params__type_support_c.cpp.o[0m
[2.410s] [ 63%] [32m[1mLinking CXX shared library libar_interface__rosidl_typesupport_cpp.so[0m
[2.435s] [ 65%] [32mBuilding CXX object CMakeFiles/ar_interface__rosidl_typesupport_fastrtps_c.dir/rosidl_typesupport_fastrtps_c/ar_interface/srv/detail/compute_cubic_traj__type_support_c.cpp.o[0m
[2.443s] [ 68%] [32mBuilding C object CMakeFiles/ar_interface__rosidl_typesupport_introspection_c.dir/rosidl_typesupport_introspection_c/ar_interface/srv/detail/compute_cubic_traj__type_support.c.o[0m
[2.451s] [ 68%] Built target ar_interface__rosidl_typesupport_c
[2.517s] [ 70%] [32m[1mLinking C shared library libar_interface__rosidl_typesupport_introspection_c.so[0m
[2.535s] [ 70%] Built target ar_interface__rosidl_typesupport_cpp
[2.613s] [ 70%] Built target ar_interface__rosidl_typesupport_introspection_c
[2.629s] [ 72%] [32m[1mLinking CXX shared library libar_interface__rosidl_typesupport_introspection_cpp.so[0m
[2.701s] [ 72%] Built target ar_interface__rosidl_typesupport_introspection_cpp
[2.740s] [ 74%] [32m[1mLinking CXX shared library libar_interface__rosidl_typesupport_fastrtps_cpp.so[0m
[2.838s] [ 74%] Built target ar_interface__rosidl_typesupport_fastrtps_cpp
[2.899s] [ 76%] [32m[1mLinking CXX shared library libar_interface__rosidl_typesupport_fastrtps_c.so[0m
[2.969s] [ 76%] Built target ar_interface__rosidl_typesupport_fastrtps_c
[2.987s] [ 76%] Built target ar_interface
[3.007s] [ 78%] [34m[1mGenerating Python code for ROS interfaces[0m
[3.429s] [ 78%] Built target ar_interface__py
[3.441s] [35m[1mConsolidate compiler generated dependencies of target ar_interface__rosidl_generator_py[0m
[3.456s] [ 85%] [32mBuilding C object CMakeFiles/ar_interface__rosidl_generator_py.dir/rosidl_generator_py/ar_interface/msg/_cubic_traj_params_s.c.o[0m
[3.456s] [ 85%] [32mBuilding C object CMakeFiles/ar_interface__rosidl_generator_py.dir/rosidl_generator_py/ar_interface/msg/_cubic_traj_coeffs_s.c.o[0m
[3.456s] [ 85%] [32mBuilding C object CMakeFiles/ar_interface__rosidl_generator_py.dir/rosidl_generator_py/ar_interface/srv/_compute_cubic_traj_s.c.o[0m
[3.576s] [ 87%] [32m[1mLinking C shared library rosidl_generator_py/ar_interface/libar_interface__rosidl_generator_py.so[0m
[3.613s] [ 87%] Built target ar_interface__rosidl_generator_py
[3.623s] [35m[1mConsolidate compiler generated dependencies of target ar_interface__rosidl_typesupport_fastrtps_c__pyext[0m
[3.624s] [35m[1mConsolidate compiler generated dependencies of target ar_interface__rosidl_typesupport_c__pyext[0m
[3.624s] [35m[1mConsolidate compiler generated dependencies of target ar_interface__rosidl_typesupport_introspection_c__pyext[0m
[3.637s] [ 93%] [32mBuilding C object CMakeFiles/ar_interface__rosidl_typesupport_introspection_c__pyext.dir/rosidl_generator_py/ar_interface/_ar_interface_s.ep.rosidl_typesupport_introspection_c.c.o[0m
[3.638s] [ 93%] [32mBuilding C object CMakeFiles/ar_interface__rosidl_typesupport_c__pyext.dir/rosidl_generator_py/ar_interface/_ar_interface_s.ep.rosidl_typesupport_c.c.o[0m
[3.638s] [ 93%] [32mBuilding C object CMakeFiles/ar_interface__rosidl_typesupport_fastrtps_c__pyext.dir/rosidl_generator_py/ar_interface/_ar_interface_s.ep.rosidl_typesupport_fastrtps_c.c.o[0m
[3.740s] [ 95%] [32m[1mLinking C shared library rosidl_generator_py/ar_interface/ar_interface_s__rosidl_typesupport_c.cpython-310-x86_64-linux-gnu.so[0m
[3.740s] [ 97%] [32m[1mLinking C shared library rosidl_generator_py/ar_interface/ar_interface_s__rosidl_typesupport_introspection_c.cpython-310-x86_64-linux-gnu.so[0m
[3.751s] [100%] [32m[1mLinking C shared library rosidl_generator_py/ar_interface/ar_interface_s__rosidl_typesupport_fastrtps_c.cpython-310-x86_64-linux-gnu.so[0m
[3.780s] [100%] Built target ar_interface__rosidl_typesupport_c__pyext
[3.780s] [100%] Built target ar_interface__rosidl_typesupport_introspection_c__pyext
[3.789s] [100%] Built target ar_interface__rosidl_typesupport_fastrtps_c__pyext
[3.802s] Invoked command in '/home/muhie/Desktop/coursework/ros2_ws/src/build/ar_interface' returned '0': CMAKE_PREFIX_PATH=/opt/ros/humble /usr/bin/cmake --build /home/muhie/Desktop/coursework/ros2_ws/src/build/ar_interface -- -j12 -l12
[3.812s] Invoking command in '/home/muhie/Desktop/coursework/ros2_ws/src/build/ar_interface': CMAKE_PREFIX_PATH=/opt/ros/humble /usr/bin/cmake --install /home/muhie/Desktop/coursework/ros2_ws/src/build/ar_interface
[3.819s] -- Install configuration: ""
[3.819s] -- Installing: /home/muhie/Desktop/coursework/ros2_ws/src/install/ar_interface/share/ament_index/resource_index/rosidl_interfaces/ar_interface
[3.819s] -- Up-to-date: /home/muhie/Desktop/coursework/ros2_ws/src/install/ar_interface/include/ar_interface/ar_interface
[3.819s] -- Up-to-date: /home/muhie/Desktop/coursework/ros2_ws/src/install/ar_interface/include/ar_interface/ar_interface/msg
[3.819s] -- Installing: /home/muhie/Desktop/coursework/ros2_ws/src/install/ar_interface/include/ar_interface/ar_interface/msg/cubic_traj_params.h
[3.820s] -- Up-to-date: /home/muhie/Desktop/coursework/ros2_ws/src/install/ar_interface/include/ar_interface/ar_interface/msg/rosidl_generator_c__visibility_control.h
[3.820s] -- Installing: /home/muhie/Desktop/coursework/ros2_ws/src/install/ar_interface/include/ar_interface/ar_interface/msg/cubic_traj_coeffs.h
[3.820s] -- Up-to-date: /home/muhie/Desktop/coursework/ros2_ws/src/install/ar_interface/include/ar_interface/ar_interface/msg/detail
[3.820s] -- Installing: /home/muhie/Desktop/coursework/ros2_ws/src/install/ar_interface/include/ar_interface/ar_interface/msg/detail/cubic_traj_coeffs__functions.h
[3.820s] -- Installing: /home/muhie/Desktop/coursework/ros2_ws/src/install/ar_interface/include/ar_interface/ar_interface/msg/detail/cubic_traj_params__type_support.h
[3.820s] -- Installing: /home/muhie/Desktop/coursework/ros2_ws/src/install/ar_interface/include/ar_interface/ar_interface/msg/detail/cubic_traj_params__functions.h
[3.820s] -- Installing: /home/muhie/Desktop/coursework/ros2_ws/src/install/ar_interface/include/ar_interface/ar_interface/msg/detail/cubic_traj_coeffs__functions.c
[3.821s] -- Installing: /home/muhie/Desktop/coursework/ros2_ws/src/install/ar_interface/include/ar_interface/ar_interface/msg/detail/cubic_traj_coeffs__type_support.h
[3.821s] -- Installing: /home/muhie/Desktop/coursework/ros2_ws/src/install/ar_interface/include/ar_interface/ar_interface/msg/detail/cubic_traj_coeffs__struct.h
[3.821s] -- Installing: /home/muhie/Desktop/coursework/ros2_ws/src/install/ar_interface/include/ar_interface/ar_interface/msg/detail/cubic_traj_params__struct.h
[3.821s] -- Installing: /home/muhie/Desktop/coursework/ros2_ws/src/install/ar_interface/include/ar_interface/ar_interface/msg/detail/cubic_traj_params__functions.c
[3.821s] -- Installing: /home/muhie/Desktop/coursework/ros2_ws/src/install/ar_interface/include/ar_interface/ar_interface/srv
[3.821s] -- Installing: /home/muhie/Desktop/coursework/ros2_ws/src/install/ar_interface/include/ar_interface/ar_interface/srv/compute_cubic_traj.h
[3.821s] -- Installing: /home/muhie/Desktop/coursework/ros2_ws/src/install/ar_interface/include/ar_interface/ar_interface/srv/detail
[3.821s] -- Installing: /home/muhie/Desktop/coursework/ros2_ws/src/install/ar_interface/include/ar_interface/ar_interface/srv/detail/compute_cubic_traj__type_support.h
[3.822s] -- Installing: /home/muhie/Desktop/coursework/ros2_ws/src/install/ar_interface/include/ar_interface/ar_interface/srv/detail/compute_cubic_traj__functions.h
[3.822s] -- Installing: /home/muhie/Desktop/coursework/ros2_ws/src/install/ar_interface/include/ar_interface/ar_interface/srv/detail/compute_cubic_traj__struct.h
[3.822s] -- Installing: /home/muhie/Desktop/coursework/ros2_ws/src/install/ar_interface/include/ar_interface/ar_interface/srv/detail/compute_cubic_traj__functions.c
[3.822s] -- Up-to-date: /home/muhie/Desktop/coursework/ros2_ws/src/install/ar_interface/share/ar_interface/environment/library_path.sh
[3.822s] -- Installing: /home/muhie/Desktop/coursework/ros2_ws/src/install/ar_interface/share/ar_interface/environment/library_path.dsv
[3.823s] -- Installing: /home/muhie/Desktop/coursework/ros2_ws/src/install/ar_interface/lib/libar_interface__rosidl_generator_c.so
[3.824s] -- Set runtime path of "/home/muhie/Desktop/coursework/ros2_ws/src/install/ar_interface/lib/libar_interface__rosidl_generator_c.so" to ""
[3.824s] -- Up-to-date: /home/muhie/Desktop/coursework/ros2_ws/src/install/ar_interface/include/ar_interface/ar_interface
[3.824s] -- Up-to-date: /home/muhie/Desktop/coursework/ros2_ws/src/install/ar_interface/include/ar_interface/ar_interface/msg
[3.824s] -- Up-to-date: /home/muhie/Desktop/coursework/ros2_ws/src/install/ar_interface/include/ar_interface/ar_interface/msg/rosidl_typesupport_fastrtps_c__visibility_control.h
[3.824s] -- Up-to-date: /home/muhie/Desktop/coursework/ros2_ws/src/install/ar_interface/include/ar_interface/ar_interface/msg/detail
[3.824s] -- Installing: /home/muhie/Desktop/coursework/ros2_ws/src/install/ar_interface/include/ar_interface/ar_interface/msg/detail/cubic_traj_coeffs__rosidl_typesupport_fastrtps_c.h
[3.824s] -- Installing: /home/muhie/Desktop/coursework/ros2_ws/src/install/ar_interface/include/ar_interface/ar_interface/msg/detail/cubic_traj_params__rosidl_typesupport_fastrtps_c.h
[3.824s] -- Up-to-date: /home/muhie/Desktop/coursework/ros2_ws/src/install/ar_interface/include/ar_interface/ar_interface/srv
[3.824s] -- Up-to-date: /home/muhie/Desktop/coursework/ros2_ws/src/install/ar_interface/include/ar_interface/ar_interface/srv/detail
[3.824s] -- Installing: /home/muhie/Desktop/coursework/ros2_ws/src/install/ar_interface/include/ar_interface/ar_interface/srv/detail/compute_cubic_traj__rosidl_typesupport_fastrtps_c.h
[3.824s] -- Installing: /home/muhie/Desktop/coursework/ros2_ws/src/install/ar_interface/lib/libar_interface__rosidl_typesupport_fastrtps_c.so
[3.825s] -- Set runtime path of "/home/muhie/Desktop/coursework/ros2_ws/src/install/ar_interface/lib/libar_interface__rosidl_typesupport_fastrtps_c.so" to ""
[3.825s] -- Up-to-date: /home/muhie/Desktop/coursework/ros2_ws/src/install/ar_interface/include/ar_interface/ar_interface
[3.825s] -- Up-to-date: /home/muhie/Desktop/coursework/ros2_ws/src/install/ar_interface/include/ar_interface/ar_interface/msg
[3.825s] -- Up-to-date: /home/muhie/Desktop/coursework/ros2_ws/src/install/ar_interface/include/ar_interface/ar_interface/msg/rosidl_typesupport_introspection_c__visibility_control.h
[3.825s] -- Up-to-date: /home/muhie/Desktop/coursework/ros2_ws/src/install/ar_interface/include/ar_interface/ar_interface/msg/detail
[3.825s] -- Installing: /home/muhie/Desktop/coursework/ros2_ws/src/install/ar_interface/include/ar_interface/ar_interface/msg/detail/cubic_traj_params__rosidl_typesupport_introspection_c.h
[3.825s] -- Installing: /home/muhie/Desktop/coursework/ros2_ws/src/install/ar_interface/include/ar_interface/ar_interface/msg/detail/cubic_traj_coeffs__type_support.c
[3.825s] -- Installing: /home/muhie/Desktop/coursework/ros2_ws/src/install/ar_interface/include/ar_interface/ar_interface/msg/detail/cubic_traj_params__type_support.c
[3.826s] -- Installing: /home/muhie/Desktop/coursework/ros2_ws/src/install/ar_interface/include/ar_interface/ar_interface/msg/detail/cubic_traj_coeffs__rosidl_typesupport_introspection_c.h
[3.826s] -- Up-to-date: /home/muhie/Desktop/coursework/ros2_ws/src/install/ar_interface/include/ar_interface/ar_interface/srv
[3.826s] -- Up-to-date: /home/muhie/Desktop/coursework/ros2_ws/src/install/ar_interface/include/ar_interface/ar_interface/srv/detail
[3.826s] -- Installing: /home/muhie/Desktop/coursework/ros2_ws/src/install/ar_interface/include/ar_interface/ar_interface/srv/detail/compute_cubic_traj__type_support.c
[3.826s] -- Installing: /home/muhie/Desktop/coursework/ros2_ws/src/install/ar_interface/include/ar_interface/ar_interface/srv/detail/compute_cubic_traj__rosidl_typesupport_introspection_c.h
[3.826s] -- Installing: /home/muhie/Desktop/coursework/ros2_ws/src/install/ar_interface/lib/libar_interface__rosidl_typesupport_introspection_c.so
[3.827s] -- Set runtime path of "/home/muhie/Desktop/coursework/ros2_ws/src/install/ar_interface/lib/libar_interface__rosidl_typesupport_introspection_c.so" to ""
[3.827s] -- Installing: /home/muhie/Desktop/coursework/ros2_ws/src/install/ar_interface/lib/libar_interface__rosidl_typesupport_c.so
[3.827s] -- Set runtime path of "/home/muhie/Desktop/coursework/ros2_ws/src/install/ar_interface/lib/libar_interface__rosidl_typesupport_c.so" to ""
[3.827s] -- Up-to-date: /home/muhie/Desktop/coursework/ros2_ws/src/install/ar_interface/include/ar_interface/ar_interface
[3.827s] -- Up-to-date: /home/muhie/Desktop/coursework/ros2_ws/src/install/ar_interface/include/ar_interface/ar_interface/msg
[3.828s] -- Installing: /home/muhie/Desktop/coursework/ros2_ws/src/install/ar_interface/include/ar_interface/ar_interface/msg/cubic_traj_coeffs.hpp
[3.828s] -- Up-to-date: /home/muhie/Desktop/coursework/ros2_ws/src/install/ar_interface/include/ar_interface/ar_interface/msg/rosidl_generator_cpp__visibility_control.hpp
[3.828s] -- Installing: /home/muhie/Desktop/coursework/ros2_ws/src/install/ar_interface/include/ar_interface/ar_interface/msg/cubic_traj_params.hpp
[3.828s] -- Up-to-date: /home/muhie/Desktop/coursework/ros2_ws/src/install/ar_interface/include/ar_interface/ar_interface/msg/detail
[3.828s] -- Installing: /home/muhie/Desktop/coursework/ros2_ws/src/install/ar_interface/include/ar_interface/ar_interface/msg/detail/cubic_traj_params__struct.hpp
[3.828s] -- Installing: /home/muhie/Desktop/coursework/ros2_ws/src/install/ar_interface/include/ar_interface/ar_interface/msg/detail/cubic_traj_params__type_support.hpp
[3.828s] -- Installing: /home/muhie/Desktop/coursework/ros2_ws/src/install/ar_interface/include/ar_interface/ar_interface/msg/detail/cubic_traj_coeffs__struct.hpp
[3.828s] -- Installing: /home/muhie/Desktop/coursework/ros2_ws/src/install/ar_interface/include/ar_interface/ar_interface/msg/detail/cubic_traj_coeffs__builder.hpp
[3.829s] -- Installing: /home/muhie/Desktop/coursework/ros2_ws/src/install/ar_interface/include/ar_interface/ar_interface/msg/detail/cubic_traj_coeffs__traits.hpp
[3.829s] -- Installing: /home/muhie/Desktop/coursework/ros2_ws/src/install/ar_interface/include/ar_interface/ar_interface/msg/detail/cubic_traj_coeffs__type_support.hpp
[3.829s] -- Installing: /home/muhie/Desktop/coursework/ros2_ws/src/install/ar_interface/include/ar_interface/ar_interface/msg/detail/cubic_traj_params__traits.hpp
[3.829s] -- Installing: /home/muhie/Desktop/coursework/ros2_ws/src/install/ar_interface/include/ar_interface/ar_interface/msg/detail/cubic_traj_params__builder.hpp
[3.829s] -- Up-to-date: /home/muhie/Desktop/coursework/ros2_ws/src/install/ar_interface/include/ar_interface/ar_interface/srv
[3.829s] -- Installing: /home/muhie/Desktop/coursework/ros2_ws/src/install/ar_interface/include/ar_interface/ar_interface/srv/compute_cubic_traj.hpp
[3.829s] -- Up-to-date: /home/muhie/Desktop/coursework/ros2_ws/src/install/ar_interface/include/ar_interface/ar_interface/srv/detail
[3.830s] -- Installing: /home/muhie/Desktop/coursework/ros2_ws/src/install/ar_interface/include/ar_interface/ar_interface/srv/detail/compute_cubic_traj__traits.hpp
[3.830s] -- Installing: /home/muhie/Desktop/coursework/ros2_ws/src/install/ar_interface/include/ar_interface/ar_interface/srv/detail/compute_cubic_traj__struct.hpp
[3.830s] -- Installing: /home/muhie/Desktop/coursework/ros2_ws/src/install/ar_interface/include/ar_interface/ar_interface/srv/detail/compute_cubic_traj__type_support.hpp
[3.830s] -- Installing: /home/muhie/Desktop/coursework/ros2_ws/src/install/ar_interface/include/ar_interface/ar_interface/srv/detail/compute_cubic_traj__builder.hpp
[3.830s] -- Up-to-date: /home/muhie/Desktop/coursework/ros2_ws/src/install/ar_interface/include/ar_interface/ar_interface
[3.830s] -- Up-to-date: /home/muhie/Desktop/coursework/ros2_ws/src/install/ar_interface/include/ar_interface/ar_interface/msg
[3.830s] -- Up-to-date: /home/muhie/Desktop/coursework/ros2_ws/src/install/ar_interface/include/ar_interface/ar_interface/msg/rosidl_typesupport_fastrtps_cpp__visibility_control.h
[3.830s] -- Up-to-date: /home/muhie/Desktop/coursework/ros2_ws/src/install/ar_interface/include/ar_interface/ar_interface/msg/detail
[3.830s] -- Installing: /home/muhie/Desktop/coursework/ros2_ws/src/install/ar_interface/include/ar_interface/ar_interface/msg/detail/cubic_traj_params__rosidl_typesupport_fastrtps_cpp.hpp
[3.830s] -- Installing: /home/muhie/Desktop/coursework/ros2_ws/src/install/ar_interface/include/ar_interface/ar_interface/msg/detail/cubic_traj_coeffs__rosidl_typesupport_fastrtps_cpp.hpp
[3.831s] -- Up-to-date: /home/muhie/Desktop/coursework/ros2_ws/src/install/ar_interface/include/ar_interface/ar_interface/msg/detail/dds_fastrtps
[3.831s] -- Up-to-date: /home/muhie/Desktop/coursework/ros2_ws/src/install/ar_interface/include/ar_interface/ar_interface/srv
[3.831s] -- Up-to-date: /home/muhie/Desktop/coursework/ros2_ws/src/install/ar_interface/include/ar_interface/ar_interface/srv/detail
[3.831s] -- Installing: /home/muhie/Desktop/coursework/ros2_ws/src/install/ar_interface/include/ar_interface/ar_interface/srv/detail/compute_cubic_traj__rosidl_typesupport_fastrtps_cpp.hpp
[3.831s] -- Installing: /home/muhie/Desktop/coursework/ros2_ws/src/install/ar_interface/include/ar_interface/ar_interface/srv/detail/dds_fastrtps
[3.831s] -- Installing: /home/muhie/Desktop/coursework/ros2_ws/src/install/ar_interface/lib/libar_interface__rosidl_typesupport_fastrtps_cpp.so
[3.832s] -- Set runtime path of "/home/muhie/Desktop/coursework/ros2_ws/src/install/ar_interface/lib/libar_interface__rosidl_typesupport_fastrtps_cpp.so" to ""
[3.832s] -- Up-to-date: /home/muhie/Desktop/coursework/ros2_ws/src/install/ar_interface/include/ar_interface/ar_interface
[3.832s] -- Up-to-date: /home/muhie/Desktop/coursework/ros2_ws/src/install/ar_interface/include/ar_interface/ar_interface/msg
[3.832s] -- Up-to-date: /home/muhie/Desktop/coursework/ros2_ws/src/install/ar_interface/include/ar_interface/ar_interface/msg/detail
[3.832s] -- Installing: /home/muhie/Desktop/coursework/ros2_ws/src/install/ar_interface/include/ar_interface/ar_interface/msg/detail/cubic_traj_coeffs__rosidl_typesupport_introspection_cpp.hpp
[3.832s] -- Installing: /home/muhie/Desktop/coursework/ros2_ws/src/install/ar_interface/include/ar_interface/ar_interface/msg/detail/cubic_traj_coeffs__type_support.cpp
[3.832s] -- Installing: /home/muhie/Desktop/coursework/ros2_ws/src/install/ar_interface/include/ar_interface/ar_interface/msg/detail/cubic_traj_params__type_support.cpp
[3.833s] -- Installing: /home/muhie/Desktop/coursework/ros2_ws/src/install/ar_interface/include/ar_interface/ar_interface/msg/detail/cubic_traj_params__rosidl_typesupport_introspection_cpp.hpp
[3.833s] -- Up-to-date: /home/muhie/Desktop/coursework/ros2_ws/src/install/ar_interface/include/ar_interface/ar_interface/srv
[3.833s] -- Up-to-date: /home/muhie/Desktop/coursework/ros2_ws/src/install/ar_interface/include/ar_interface/ar_interface/srv/detail
[3.833s] -- Installing: /home/muhie/Desktop/coursework/ros2_ws/src/install/ar_interface/include/ar_interface/ar_interface/srv/detail/compute_cubic_traj__rosidl_typesupport_introspection_cpp.hpp
[3.833s] -- Installing: /home/muhie/Desktop/coursework/ros2_ws/src/install/ar_interface/include/ar_interface/ar_interface/srv/detail/compute_cubic_traj__type_support.cpp
[3.833s] -- Installing: /home/muhie/Desktop/coursework/ros2_ws/src/install/ar_interface/lib/libar_interface__rosidl_typesupport_introspection_cpp.so
[3.834s] -- Set runtime path of "/home/muhie/Desktop/coursework/ros2_ws/src/install/ar_interface/lib/libar_interface__rosidl_typesupport_introspection_cpp.so" to ""
[3.834s] -- Installing: /home/muhie/Desktop/coursework/ros2_ws/src/install/ar_interface/lib/libar_interface__rosidl_typesupport_cpp.so
[3.834s] -- Set runtime path of "/home/muhie/Desktop/coursework/ros2_ws/src/install/ar_interface/lib/libar_interface__rosidl_typesupport_cpp.so" to ""
[3.834s] -- Up-to-date: /home/muhie/Desktop/coursework/ros2_ws/src/install/ar_interface/share/ar_interface/environment/pythonpath.sh
[3.834s] -- Installing: /home/muhie/Desktop/coursework/ros2_ws/src/install/ar_interface/share/ar_interface/environment/pythonpath.dsv
[3.835s] -- Up-to-date: /home/muhie/Desktop/coursework/ros2_ws/src/install/ar_interface/local/lib/python3.10/dist-packages/ar_interface-0.0.0-py3.10.egg-info
[3.835s] -- Installing: /home/muhie/Desktop/coursework/ros2_ws/src/install/ar_interface/local/lib/python3.10/dist-packages/ar_interface-0.0.0-py3.10.egg-info/PKG-INFO
[3.835s] -- Installing: /home/muhie/Desktop/coursework/ros2_ws/src/install/ar_interface/local/lib/python3.10/dist-packages/ar_interface-0.0.0-py3.10.egg-info/SOURCES.txt
[3.835s] -- Installing: /home/muhie/Desktop/coursework/ros2_ws/src/install/ar_interface/local/lib/python3.10/dist-packages/ar_interface-0.0.0-py3.10.egg-info/top_level.txt
[3.835s] -- Installing: /home/muhie/Desktop/coursework/ros2_ws/src/install/ar_interface/local/lib/python3.10/dist-packages/ar_interface-0.0.0-py3.10.egg-info/dependency_links.txt
[3.835s] -- Up-to-date: /home/muhie/Desktop/coursework/ros2_ws/src/install/ar_interface/local/lib/python3.10/dist-packages/ar_interface
[3.835s] -- Installing: /home/muhie/Desktop/coursework/ros2_ws/src/install/ar_interface/local/lib/python3.10/dist-packages/ar_interface/_ar_interface_s.ep.rosidl_typesupport_fastrtps_c.c
[3.836s] -- Installing: /home/muhie/Desktop/coursework/ros2_ws/src/install/ar_interface/local/lib/python3.10/dist-packages/ar_interface/_ar_interface_s.ep.rosidl_typesupport_introspection_c.c
[3.836s] -- Up-to-date: /home/muhie/Desktop/coursework/ros2_ws/src/install/ar_interface/local/lib/python3.10/dist-packages/ar_interface/msg
[3.836s] -- Installing: /home/muhie/Desktop/coursework/ros2_ws/src/install/ar_interface/local/lib/python3.10/dist-packages/ar_interface/msg/_cubic_traj_coeffs_s.c
[3.836s] -- Installing: /home/muhie/Desktop/coursework/ros2_ws/src/install/ar_interface/local/lib/python3.10/dist-packages/ar_interface/msg/_cubic_traj_params_s.c
[3.836s] -- Installing: /home/muhie/Desktop/coursework/ros2_ws/src/install/ar_interface/local/lib/python3.10/dist-packages/ar_interface/msg/_cubic_traj_params.py
[3.836s] -- Installing: /home/muhie/Desktop/coursework/ros2_ws/src/install/ar_interface/local/lib/python3.10/dist-packages/ar_interface/msg/__init__.py
[3.837s] -- Installing: /home/muhie/Desktop/coursework/ros2_ws/src/install/ar_interface/local/lib/python3.10/dist-packages/ar_interface/msg/_cubic_traj_coeffs.py
[3.837s] -- Installing: /home/muhie/Desktop/coursework/ros2_ws/src/install/ar_interface/local/lib/python3.10/dist-packages/ar_interface/srv
[3.837s] -- Installing: /home/muhie/Desktop/coursework/ros2_ws/src/install/ar_interface/local/lib/python3.10/dist-packages/ar_interface/srv/__init__.py
[3.837s] -- Installing: /home/muhie/Desktop/coursework/ros2_ws/src/install/ar_interface/local/lib/python3.10/dist-packages/ar_interface/srv/_compute_cubic_traj_s.c
[3.837s] -- Installing: /home/muhie/Desktop/coursework/ros2_ws/src/install/ar_interface/local/lib/python3.10/dist-packages/ar_interface/srv/_compute_cubic_traj.py
[3.837s] -- Installing: /home/muhie/Desktop/coursework/ros2_ws/src/install/ar_interface/local/lib/python3.10/dist-packages/ar_interface/ar_interface_s__rosidl_typesupport_c.cpython-310-x86_64-linux-gnu.so
[3.837s] -- Installing: /home/muhie/Desktop/coursework/ros2_ws/src/install/ar_interface/local/lib/python3.10/dist-packages/ar_interface/ar_interface_s__rosidl_typesupport_introspection_c.cpython-310-x86_64-linux-gnu.so
[3.838s] -- Installing: /home/muhie/Desktop/coursework/ros2_ws/src/install/ar_interface/local/lib/python3.10/dist-packages/ar_interface/__init__.py
[3.838s] -- Installing: /home/muhie/Desktop/coursework/ros2_ws/src/install/ar_interface/local/lib/python3.10/dist-packages/ar_interface/_ar_interface_s.ep.rosidl_typesupport_c.c
[3.838s] -- Installing: /home/muhie/Desktop/coursework/ros2_ws/src/install/ar_interface/local/lib/python3.10/dist-packages/ar_interface/ar_interface_s__rosidl_typesupport_fastrtps_c.cpython-310-x86_64-linux-gnu.so
[3.838s] -- Installing: /home/muhie/Desktop/coursework/ros2_ws/src/install/ar_interface/local/lib/python3.10/dist-packages/ar_interface/libar_interface__rosidl_generator_py.so
[3.874s] Listing '/home/muhie/Desktop/coursework/ros2_ws/src/install/ar_interface/local/lib/python3.10/dist-packages/ar_interface'...
[3.874s] Compiling '/home/muhie/Desktop/coursework/ros2_ws/src/install/ar_interface/local/lib/python3.10/dist-packages/ar_interface/__init__.py'...
[3.874s] Listing '/home/muhie/Desktop/coursework/ros2_ws/src/install/ar_interface/local/lib/python3.10/dist-packages/ar_interface/msg'...
[3.874s] Compiling '/home/muhie/Desktop/coursework/ros2_ws/src/install/ar_interface/local/lib/python3.10/dist-packages/ar_interface/msg/__init__.py'...
[3.874s] Compiling '/home/muhie/Desktop/coursework/ros2_ws/src/install/ar_interface/local/lib/python3.10/dist-packages/ar_interface/msg/_cubic_traj_coeffs.py'...
[3.874s] Compiling '/home/muhie/Desktop/coursework/ros2_ws/src/install/ar_interface/local/lib/python3.10/dist-packages/ar_interface/msg/_cubic_traj_params.py'...
[3.874s] Listing '/home/muhie/Desktop/coursework/ros2_ws/src/install/ar_interface/local/lib/python3.10/dist-packages/ar_interface/srv'...
[3.874s] Compiling '/home/muhie/Desktop/coursework/ros2_ws/src/install/ar_interface/local/lib/python3.10/dist-packages/ar_interface/srv/__init__.py'...
[3.874s] Compiling '/home/muhie/Desktop/coursework/ros2_ws/src/install/ar_interface/local/lib/python3.10/dist-packages/ar_interface/srv/_compute_cubic_traj.py'...
[3.879s] -- Installing: /home/muhie/Desktop/coursework/ros2_ws/src/install/ar_interface/local/lib/python3.10/dist-packages/ar_interface/ar_interface_s__rosidl_typesupport_fastrtps_c.cpython-310-x86_64-linux-gnu.so
[3.880s] -- Set runtime path of "/home/muhie/Desktop/coursework/ros2_ws/src/install/ar_interface/local/lib/python3.10/dist-packages/ar_interface/ar_interface_s__rosidl_typesupport_fastrtps_c.cpython-310-x86_64-linux-gnu.so" to ""
[3.880s] -- Installing: /home/muhie/Desktop/coursework/ros2_ws/src/install/ar_interface/local/lib/python3.10/dist-packages/ar_interface/ar_interface_s__rosidl_typesupport_introspection_c.cpython-310-x86_64-linux-gnu.so
[3.881s] -- Set runtime path of "/home/muhie/Desktop/coursework/ros2_ws/src/install/ar_interface/local/lib/python3.10/dist-packages/ar_interface/ar_interface_s__rosidl_typesupport_introspection_c.cpython-310-x86_64-linux-gnu.so" to ""
[3.881s] -- Installing: /home/muhie/Desktop/coursework/ros2_ws/src/install/ar_interface/local/lib/python3.10/dist-packages/ar_interface/ar_interface_s__rosidl_typesupport_c.cpython-310-x86_64-linux-gnu.so
[3.881s] -- Set runtime path of "/home/muhie/Desktop/coursework/ros2_ws/src/install/ar_interface/local/lib/python3.10/dist-packages/ar_interface/ar_interface_s__rosidl_typesupport_c.cpython-310-x86_64-linux-gnu.so" to ""
[3.881s] -- Installing: /home/muhie/Desktop/coursework/ros2_ws/src/install/ar_interface/lib/libar_interface__rosidl_generator_py.so
[3.882s] -- Set runtime path of "/home/muhie/Desktop/coursework/ros2_ws/src/install/ar_interface/lib/libar_interface__rosidl_generator_py.so" to ""
[3.882s] -- Up-to-date: /home/muhie/Desktop/coursework/ros2_ws/src/install/ar_interface/share/ar_interface/msg/CubicTrajCoeffs.idl
[3.882s] -- Up-to-date: /home/muhie/Desktop/coursework/ros2_ws/src/install/ar_interface/share/ar_interface/msg/CubicTrajParams.idl
[3.882s] -- Installing: /home/muhie/Desktop/coursework/ros2_ws/src/install/ar_interface/share/ar_interface/srv/ComputeCubicTraj.idl
[3.882s] -- Up-to-date: /home/muhie/Desktop/coursework/ros2_ws/src/install/ar_interface/share/ar_interface/msg/CubicTrajCoeffs.msg
[3.882s] -- Up-to-date: /home/muhie/Desktop/coursework/ros2_ws/src/install/ar_interface/share/ar_interface/msg/CubicTrajParams.msg
[3.882s] -- Installing: /home/muhie/Desktop/coursework/ros2_ws/src/install/ar_interface/share/ar_interface/srv/ComputeCubicTraj.srv
[3.883s] -- Installing: /home/muhie/Desktop/coursework/ros2_ws/src/install/ar_interface/share/ar_interface/srv/ComputeCubicTraj_Request.msg
[3.883s] -- Installing: /home/muhie/Desktop/coursework/ros2_ws/src/install/ar_interface/share/ar_interface/srv/ComputeCubicTraj_Response.msg
[3.883s] -- Up-to-date: /home/muhie/Desktop/coursework/ros2_ws/src/install/ar_interface/share/ament_index/resource_index/package_run_dependencies/ar_interface
[3.883s] -- Up-to-date: /home/muhie/Desktop/coursework/ros2_ws/src/install/ar_interface/share/ament_index/resource_index/parent_prefix_path/ar_interface
[3.883s] -- Up-to-date: /home/muhie/Desktop/coursework/ros2_ws/src/install/ar_interface/share/ar_interface/environment/ament_prefix_path.sh
[3.883s] -- Installing: /home/muhie/Desktop/coursework/ros2_ws/src/install/ar_interface/share/ar_interface/environment/ament_prefix_path.dsv
[3.883s] -- Up-to-date: /home/muhie/Desktop/coursework/ros2_ws/src/install/ar_interface/share/ar_interface/environment/path.sh
[3.883s] -- Installing: /home/muhie/Desktop/coursework/ros2_ws/src/install/ar_interface/share/ar_interface/environment/path.dsv
[3.883s] -- Up-to-date: /home/muhie/Desktop/coursework/ros2_ws/src/install/ar_interface/share/ar_interface/local_setup.bash
[3.883s] -- Up-to-date: /home/muhie/Desktop/coursework/ros2_ws/src/install/ar_interface/share/ar_interface/local_setup.sh
[3.883s] -- Up-to-date: /home/muhie/Desktop/coursework/ros2_ws/src/install/ar_interface/share/ar_interface/local_setup.zsh
[3.883s] -- Installing: /home/muhie/Desktop/coursework/ros2_ws/src/install/ar_interface/share/ar_interface/local_setup.dsv
[3.884s] -- Installing: /home/muhie/Desktop/coursework/ros2_ws/src/install/ar_interface/share/ar_interface/package.dsv
[3.884s] -- Up-to-date: /home/muhie/Desktop/coursework/ros2_ws/src/install/ar_interface/share/ament_index/resource_index/packages/ar_interface
[3.884s] -- Up-to-date: /home/muhie/Desktop/coursework/ros2_ws/src/install/ar_interface/share/ar_interface/cmake/export_ar_interface__rosidl_generator_cExport.cmake
[3.884s] -- Up-to-date: /home/muhie/Desktop/coursework/ros2_ws/src/install/ar_interface/share/ar_interface/cmake/export_ar_interface__rosidl_generator_cExport-noconfig.cmake
[3.884s] -- Up-to-date: /home/muhie/Desktop/coursework/ros2_ws/src/install/ar_interface/share/ar_interface/cmake/export_ar_interface__rosidl_typesupport_fastrtps_cExport.cmake
[3.884s] -- Up-to-date: /home/muhie/Desktop/coursework/ros2_ws/src/install/ar_interface/share/ar_interface/cmake/export_ar_interface__rosidl_typesupport_fastrtps_cExport-noconfig.cmake
[3.884s] -- Up-to-date: /home/muhie/Desktop/coursework/ros2_ws/src/install/ar_interface/share/ar_interface/cmake/ar_interface__rosidl_typesupport_introspection_cExport.cmake
[3.884s] -- Up-to-date: /home/muhie/Desktop/coursework/ros2_ws/src/install/ar_interface/share/ar_interface/cmake/ar_interface__rosidl_typesupport_introspection_cExport-noconfig.cmake
[3.884s] -- Up-to-date: /home/muhie/Desktop/coursework/ros2_ws/src/install/ar_interface/share/ar_interface/cmake/ar_interface__rosidl_typesupport_cExport.cmake
[3.884s] -- Up-to-date: /home/muhie/Desktop/coursework/ros2_ws/src/install/ar_interface/share/ar_interface/cmake/ar_interface__rosidl_typesupport_cExport-noconfig.cmake
[3.885s] -- Up-to-date: /home/muhie/Desktop/coursework/ros2_ws/src/install/ar_interface/share/ar_interface/cmake/export_ar_interface__rosidl_generator_cppExport.cmake
[3.885s] -- Up-to-date: /home/muhie/Desktop/coursework/ros2_ws/src/install/ar_interface/share/ar_interface/cmake/export_ar_interface__rosidl_typesupport_fastrtps_cppExport.cmake
[3.885s] -- Up-to-date: /home/muhie/Desktop/coursework/ros2_ws/src/install/ar_interface/share/ar_interface/cmake/export_ar_interface__rosidl_typesupport_fastrtps_cppExport-noconfig.cmake
[3.885s] -- Up-to-date: /home/muhie/Desktop/coursework/ros2_ws/src/install/ar_interface/share/ar_interface/cmake/ar_interface__rosidl_typesupport_introspection_cppExport.cmake
[3.885s] -- Up-to-date: /home/muhie/Desktop/coursework/ros2_ws/src/install/ar_interface/share/ar_interface/cmake/ar_interface__rosidl_typesupport_introspection_cppExport-noconfig.cmake
[3.885s] -- Up-to-date: /home/muhie/Desktop/coursework/ros2_ws/src/install/ar_interface/share/ar_interface/cmake/ar_interface__rosidl_typesupport_cppExport.cmake
[3.885s] -- Up-to-date: /home/muhie/Desktop/coursework/ros2_ws/src/install/ar_interface/share/ar_interface/cmake/ar_interface__rosidl_typesupport_cppExport-noconfig.cmake
[3.885s] -- Up-to-date: /home/muhie/Desktop/coursework/ros2_ws/src/install/ar_interface/share/ar_interface/cmake/export_ar_interface__rosidl_generator_pyExport.cmake
[3.885s] -- Up-to-date: /home/muhie/Desktop/coursework/ros2_ws/src/install/ar_interface/share/ar_interface/cmake/export_ar_interface__rosidl_generator_pyExport-noconfig.cmake
[3.885s] -- Installing: /home/muhie/Desktop/coursework/ros2_ws/src/install/ar_interface/share/ar_interface/cmake/rosidl_cmake-extras.cmake
[3.885s] -- Up-to-date: /home/muhie/Desktop/coursework/ros2_ws/src/install/ar_interface/share/ar_interface/cmake/ament_cmake_export_include_directories-extras.cmake
[3.886s] -- Up-to-date: /home/muhie/Desktop/coursework/ros2_ws/src/install/ar_interface/share/ar_interface/cmake/ament_cmake_export_libraries-extras.cmake
[3.886s] -- Up-to-date: /home/muhie/Desktop/coursework/ros2_ws/src/install/ar_interface/share/ar_interface/cmake/ament_cmake_export_targets-extras.cmake
[3.886s] -- Up-to-date: /home/muhie/Desktop/coursework/ros2_ws/src/install/ar_interface/share/ar_interface/cmake/rosidl_cmake_export_typesupport_targets-extras.cmake
[3.886s] -- Up-to-date: /home/muhie/Desktop/coursework/ros2_ws/src/install/ar_interface/share/ar_interface/cmake/ament_cmake_export_dependencies-extras.cmake
[3.886s] -- Up-to-date: /home/muhie/Desktop/coursework/ros2_ws/src/install/ar_interface/share/ar_interface/cmake/rosidl_cmake_export_typesupport_libraries-extras.cmake
[3.886s] -- Up-to-date: /home/muhie/Desktop/coursework/ros2_ws/src/install/ar_interface/share/ar_interface/cmake/ar_interfaceConfig.cmake
[3.886s] -- Up-to-date: /home/muhie/Desktop/coursework/ros2_ws/src/install/ar_interface/share/ar_interface/cmake/ar_interfaceConfig-version.cmake
[3.886s] -- Up-to-date: /home/muhie/Desktop/coursework/ros2_ws/src/install/ar_interface/share/ar_interface/package.xml
[3.888s] Invoked command in '/home/muhie/Desktop/coursework/ros2_ws/src/build/ar_interface' returned '0': CMAKE_PREFIX_PATH=/opt/ros/humble /usr/bin/cmake --install /home/muhie/Desktop/coursework/ros2_ws/src/build/ar_interface
