[3.811s] Invoking command in '/home/muhie/Desktop/coursework/ros2_ws/src/examples/rclpy/actions/minimal_action_server': PYTHONPATH=/home/muhie/Desktop/coursework/ros2_ws/src/build/examples_rclpy_minimal_action_server/prefix_override:/usr/lib/python3/dist-packages/colcon_core/task/python/colcon_distutils_commands:/home/muhie/Desktop/coursework/ros2_ws/src/install/examples_rclpy_minimal_action_server/lib/python3.10/site-packages:${PYTHONPATH} /usr/bin/python3 -W ignore:setup.py install is deprecated -W ignore:easy_install command is deprecated setup.py egg_info --egg-base ../../../../build/examples_rclpy_minimal_action_server build --build-base /home/muhie/Desktop/coursework/ros2_ws/src/build/examples_rclpy_minimal_action_server/build install --record /home/muhie/Desktop/coursework/ros2_ws/src/build/examples_rclpy_minimal_action_server/install.log --single-version-externally-managed install_data
[4.490s] running egg_info
[4.490s] writing ../../../../build/examples_rclpy_minimal_action_server/examples_rclpy_minimal_action_server.egg-info/PKG-INFO
[4.491s] writing dependency_links to ../../../../build/examples_rclpy_minimal_action_server/examples_rclpy_minimal_action_server.egg-info/dependency_links.txt
[4.491s] writing entry points to ../../../../build/examples_rclpy_minimal_action_server/examples_rclpy_minimal_action_server.egg-info/entry_points.txt
[4.491s] writing requirements to ../../../../build/examples_rclpy_minimal_action_server/examples_rclpy_minimal_action_server.egg-info/requires.txt
[4.491s] writing top-level names to ../../../../build/examples_rclpy_minimal_action_server/examples_rclpy_minimal_action_server.egg-info/top_level.txt
[4.494s] reading manifest file '../../../../build/examples_rclpy_minimal_action_server/examples_rclpy_minimal_action_server.egg-info/SOURCES.txt'
[4.513s] writing manifest file '../../../../build/examples_rclpy_minimal_action_server/examples_rclpy_minimal_action_server.egg-info/SOURCES.txt'
[4.514s] running build
[4.514s] running build_py
[4.528s] running install
[4.528s] running install_lib
[4.529s] running install_data
[4.529s] running install_egg_info
[4.533s] removing '/home/muhie/Desktop/coursework/ros2_ws/src/install/examples_rclpy_minimal_action_server/lib/python3.10/site-packages/examples_rclpy_minimal_action_server-0.15.5-py3.10.egg-info' (and everything under it)
[4.534s] Copying ../../../../build/examples_rclpy_minimal_action_server/examples_rclpy_minimal_action_server.egg-info to /home/muhie/Desktop/coursework/ros2_ws/src/install/examples_rclpy_minimal_action_server/lib/python3.10/site-packages/examples_rclpy_minimal_action_server-0.15.5-py3.10.egg-info
[4.534s] running install_scripts
[4.563s] Installing server script to /home/muhie/Desktop/coursework/ros2_ws/src/install/examples_rclpy_minimal_action_server/lib/examples_rclpy_minimal_action_server
[4.563s] Installing server_defer script to /home/muhie/Desktop/coursework/ros2_ws/src/install/examples_rclpy_minimal_action_server/lib/examples_rclpy_minimal_action_server
[4.564s] Installing server_not_composable script to /home/muhie/Desktop/coursework/ros2_ws/src/install/examples_rclpy_minimal_action_server/lib/examples_rclpy_minimal_action_server
[4.564s] Installing server_queue_goals script to /home/muhie/Desktop/coursework/ros2_ws/src/install/examples_rclpy_minimal_action_server/lib/examples_rclpy_minimal_action_server
[4.564s] Installing server_single_goal script to /home/muhie/Desktop/coursework/ros2_ws/src/install/examples_rclpy_minimal_action_server/lib/examples_rclpy_minimal_action_server
[4.564s] writing list of installed files to '/home/muhie/Desktop/coursework/ros2_ws/src/build/examples_rclpy_minimal_action_server/install.log'
[4.661s] Invoked command in '/home/muhie/Desktop/coursework/ros2_ws/src/examples/rclpy/actions/minimal_action_server' returned '0': PYTHONPATH=/home/muhie/Desktop/coursework/ros2_ws/src/build/examples_rclpy_minimal_action_server/prefix_override:/usr/lib/python3/dist-packages/colcon_core/task/python/colcon_distutils_commands:/home/muhie/Desktop/coursework/ros2_ws/src/install/examples_rclpy_minimal_action_server/lib/python3.10/site-packages:${PYTHONPATH} /usr/bin/python3 -W ignore:setup.py install is deprecated -W ignore:easy_install command is deprecated setup.py egg_info --egg-base ../../../../build/examples_rclpy_minimal_action_server build --build-base /home/muhie/Desktop/coursework/ros2_ws/src/build/examples_rclpy_minimal_action_server/build install --record /home/muhie/Desktop/coursework/ros2_ws/src/build/examples_rclpy_minimal_action_server/install.log --single-version-externally-managed install_data
