[3.494s] Invoking command in '/home/muhie/Desktop/coursework/ros2_ws/src/examples/rclpy/executors': PYTHONPATH=/home/muhie/Desktop/coursework/ros2_ws/src/build/examples_rclpy_executors/prefix_override:/usr/lib/python3/dist-packages/colcon_core/task/python/colcon_distutils_commands:/home/muhie/Desktop/coursework/ros2_ws/src/install/examples_rclpy_executors/lib/python3.10/site-packages:${PYTHONPATH} /usr/bin/python3 -W ignore:setup.py install is deprecated -W ignore:easy_install command is deprecated setup.py egg_info --egg-base ../../../build/examples_rclpy_executors build --build-base /home/muhie/Desktop/coursework/ros2_ws/src/build/examples_rclpy_executors/build install --record /home/muhie/Desktop/coursework/ros2_ws/src/build/examples_rclpy_executors/install.log --single-version-externally-managed install_data
[4.240s] running egg_info
[4.253s] creating ../../../build/examples_rclpy_executors/examples_rclpy_executors.egg-info
[4.253s] writing ../../../build/examples_rclpy_executors/examples_rclpy_executors.egg-info/PKG-INFO
[4.260s] writing dependency_links to ../../../build/examples_rclpy_executors/examples_rclpy_executors.egg-info/dependency_links.txt
[4.260s] writing entry points to ../../../build/examples_rclpy_executors/examples_rclpy_executors.egg-info/entry_points.txt
[4.261s] writing requirements to ../../../build/examples_rclpy_executors/examples_rclpy_executors.egg-info/requires.txt
[4.262s] writing top-level names to ../../../build/examples_rclpy_executors/examples_rclpy_executors.egg-info/top_level.txt
[4.263s] writing manifest file '../../../build/examples_rclpy_executors/examples_rclpy_executors.egg-info/SOURCES.txt'
[4.276s] reading manifest file '../../../build/examples_rclpy_executors/examples_rclpy_executors.egg-info/SOURCES.txt'
[4.278s] writing manifest file '../../../build/examples_rclpy_executors/examples_rclpy_executors.egg-info/SOURCES.txt'
[4.279s] running build
[4.280s] running build_py
[4.282s] creating /home/muhie/Desktop/coursework/ros2_ws/src/build/examples_rclpy_executors/build
[4.282s] creating /home/muhie/Desktop/coursework/ros2_ws/src/build/examples_rclpy_executors/build/lib
[4.282s] creating /home/muhie/Desktop/coursework/ros2_ws/src/build/examples_rclpy_executors/build/lib/examples_rclpy_executors
[4.283s] copying examples_rclpy_executors/composed.py -> /home/muhie/Desktop/coursework/ros2_ws/src/build/examples_rclpy_executors/build/lib/examples_rclpy_executors
[4.283s] copying examples_rclpy_executors/talker.py -> /home/muhie/Desktop/coursework/ros2_ws/src/build/examples_rclpy_executors/build/lib/examples_rclpy_executors
[4.283s] copying examples_rclpy_executors/__init__.py -> /home/muhie/Desktop/coursework/ros2_ws/src/build/examples_rclpy_executors/build/lib/examples_rclpy_executors
[4.283s] copying examples_rclpy_executors/callback_group.py -> /home/muhie/Desktop/coursework/ros2_ws/src/build/examples_rclpy_executors/build/lib/examples_rclpy_executors
[4.283s] copying examples_rclpy_executors/custom_callback_group.py -> /home/muhie/Desktop/coursework/ros2_ws/src/build/examples_rclpy_executors/build/lib/examples_rclpy_executors
[4.284s] copying examples_rclpy_executors/listener.py -> /home/muhie/Desktop/coursework/ros2_ws/src/build/examples_rclpy_executors/build/lib/examples_rclpy_executors
[4.288s] copying examples_rclpy_executors/custom_executor.py -> /home/muhie/Desktop/coursework/ros2_ws/src/build/examples_rclpy_executors/build/lib/examples_rclpy_executors
[4.288s] running install
[4.288s] running install_lib
[4.289s] creating /home/muhie/Desktop/coursework/ros2_ws/src/install/examples_rclpy_executors/lib/python3.10/site-packages/examples_rclpy_executors
[4.289s] copying /home/muhie/Desktop/coursework/ros2_ws/src/build/examples_rclpy_executors/build/lib/examples_rclpy_executors/composed.py -> /home/muhie/Desktop/coursework/ros2_ws/src/install/examples_rclpy_executors/lib/python3.10/site-packages/examples_rclpy_executors
[4.290s] copying /home/muhie/Desktop/coursework/ros2_ws/src/build/examples_rclpy_executors/build/lib/examples_rclpy_executors/talker.py -> /home/muhie/Desktop/coursework/ros2_ws/src/install/examples_rclpy_executors/lib/python3.10/site-packages/examples_rclpy_executors
[4.295s] copying /home/muhie/Desktop/coursework/ros2_ws/src/build/examples_rclpy_executors/build/lib/examples_rclpy_executors/__init__.py -> /home/muhie/Desktop/coursework/ros2_ws/src/install/examples_rclpy_executors/lib/python3.10/site-packages/examples_rclpy_executors
[4.296s] copying /home/muhie/Desktop/coursework/ros2_ws/src/build/examples_rclpy_executors/build/lib/examples_rclpy_executors/callback_group.py -> /home/muhie/Desktop/coursework/ros2_ws/src/install/examples_rclpy_executors/lib/python3.10/site-packages/examples_rclpy_executors
[4.296s] copying /home/muhie/Desktop/coursework/ros2_ws/src/build/examples_rclpy_executors/build/lib/examples_rclpy_executors/custom_callback_group.py -> /home/muhie/Desktop/coursework/ros2_ws/src/install/examples_rclpy_executors/lib/python3.10/site-packages/examples_rclpy_executors
[4.296s] copying /home/muhie/Desktop/coursework/ros2_ws/src/build/examples_rclpy_executors/build/lib/examples_rclpy_executors/listener.py -> /home/muhie/Desktop/coursework/ros2_ws/src/install/examples_rclpy_executors/lib/python3.10/site-packages/examples_rclpy_executors
[4.296s] copying /home/muhie/Desktop/coursework/ros2_ws/src/build/examples_rclpy_executors/build/lib/examples_rclpy_executors/custom_executor.py -> /home/muhie/Desktop/coursework/ros2_ws/src/install/examples_rclpy_executors/lib/python3.10/site-packages/examples_rclpy_executors
[4.297s] byte-compiling /home/muhie/Desktop/coursework/ros2_ws/src/install/examples_rclpy_executors/lib/python3.10/site-packages/examples_rclpy_executors/composed.py to composed.cpython-310.pyc
[4.297s] byte-compiling /home/muhie/Desktop/coursework/ros2_ws/src/install/examples_rclpy_executors/lib/python3.10/site-packages/examples_rclpy_executors/talker.py to talker.cpython-310.pyc
[4.304s] byte-compiling /home/muhie/Desktop/coursework/ros2_ws/src/install/examples_rclpy_executors/lib/python3.10/site-packages/examples_rclpy_executors/__init__.py to __init__.cpython-310.pyc
[4.305s] byte-compiling /home/muhie/Desktop/coursework/ros2_ws/src/install/examples_rclpy_executors/lib/python3.10/site-packages/examples_rclpy_executors/callback_group.py to callback_group.cpython-310.pyc
[4.305s] byte-compiling /home/muhie/Desktop/coursework/ros2_ws/src/install/examples_rclpy_executors/lib/python3.10/site-packages/examples_rclpy_executors/custom_callback_group.py to custom_callback_group.cpython-310.pyc
[4.305s] byte-compiling /home/muhie/Desktop/coursework/ros2_ws/src/install/examples_rclpy_executors/lib/python3.10/site-packages/examples_rclpy_executors/listener.py to listener.cpython-310.pyc
[4.306s] byte-compiling /home/muhie/Desktop/coursework/ros2_ws/src/install/examples_rclpy_executors/lib/python3.10/site-packages/examples_rclpy_executors/custom_executor.py to custom_executor.cpython-310.pyc
[4.306s] running install_data
[4.306s] creating /home/muhie/Desktop/coursework/ros2_ws/src/install/examples_rclpy_executors/share/ament_index
[4.306s] creating /home/muhie/Desktop/coursework/ros2_ws/src/install/examples_rclpy_executors/share/ament_index/resource_index
[4.306s] creating /home/muhie/Desktop/coursework/ros2_ws/src/install/examples_rclpy_executors/share/ament_index/resource_index/packages
[4.306s] copying resource/examples_rclpy_executors -> /home/muhie/Desktop/coursework/ros2_ws/src/install/examples_rclpy_executors/share/ament_index/resource_index/packages
[4.307s] copying package.xml -> /home/muhie/Desktop/coursework/ros2_ws/src/install/examples_rclpy_executors/share/examples_rclpy_executors
[4.307s] running install_egg_info
[4.308s] Copying ../../../build/examples_rclpy_executors/examples_rclpy_executors.egg-info to /home/muhie/Desktop/coursework/ros2_ws/src/install/examples_rclpy_executors/lib/python3.10/site-packages/examples_rclpy_executors-0.15.5-py3.10.egg-info
[4.311s] running install_scripts
[4.364s] Installing callback_group script to /home/muhie/Desktop/coursework/ros2_ws/src/install/examples_rclpy_executors/lib/examples_rclpy_executors
[4.364s] Installing composed script to /home/muhie/Desktop/coursework/ros2_ws/src/install/examples_rclpy_executors/lib/examples_rclpy_executors
[4.365s] Installing custom_callback_group script to /home/muhie/Desktop/coursework/ros2_ws/src/install/examples_rclpy_executors/lib/examples_rclpy_executors
[4.365s] Installing custom_executor script to /home/muhie/Desktop/coursework/ros2_ws/src/install/examples_rclpy_executors/lib/examples_rclpy_executors
[4.365s] Installing listener script to /home/muhie/Desktop/coursework/ros2_ws/src/install/examples_rclpy_executors/lib/examples_rclpy_executors
[4.366s] Installing talker script to /home/muhie/Desktop/coursework/ros2_ws/src/install/examples_rclpy_executors/lib/examples_rclpy_executors
[4.366s] writing list of installed files to '/home/muhie/Desktop/coursework/ros2_ws/src/build/examples_rclpy_executors/install.log'
[4.475s] Invoked command in '/home/muhie/Desktop/coursework/ros2_ws/src/examples/rclpy/executors' returned '0': PYTHONPATH=/home/muhie/Desktop/coursework/ros2_ws/src/build/examples_rclpy_executors/prefix_override:/usr/lib/python3/dist-packages/colcon_core/task/python/colcon_distutils_commands:/home/muhie/Desktop/coursework/ros2_ws/src/install/examples_rclpy_executors/lib/python3.10/site-packages:${PYTHONPATH} /usr/bin/python3 -W ignore:setup.py install is deprecated -W ignore:easy_install command is deprecated setup.py egg_info --egg-base ../../../build/examples_rclpy_executors build --build-base /home/muhie/Desktop/coursework/ros2_ws/src/build/examples_rclpy_executors/build install --record /home/muhie/Desktop/coursework/ros2_ws/src/build/examples_rclpy_executors/install.log --single-version-externally-managed install_data
