[0.048s] Invoking command in '/home/muhie/Desktop/coursework/ros2_ws/src/build/examples_rclcpp_minimal_timer': CMAKE_PREFIX_PATH=/opt/ros/humble /usr/bin/cmake --build /home/muhie/Desktop/coursework/ros2_ws/src/build/examples_rclcpp_minimal_timer -- -j12 -l12
[0.273s] [ 50%] Built target timer_lambda
[0.279s] [100%] Built target timer_member_function
[0.414s] Invoked command in '/home/muhie/Desktop/coursework/ros2_ws/src/build/examples_rclcpp_minimal_timer' returned '0': CMAKE_PREFIX_PATH=/opt/ros/humble /usr/bin/cmake --build /home/muhie/Desktop/coursework/ros2_ws/src/build/examples_rclcpp_minimal_timer -- -j12 -l12
[0.414s] Invoking command in '/home/muhie/Desktop/coursework/ros2_ws/src/build/examples_rclcpp_minimal_timer': CMAKE_PREFIX_PATH=/opt/ros/humble /usr/bin/cmake --install /home/muhie/Desktop/coursework/ros2_ws/src/build/examples_rclcpp_minimal_timer
[0.574s] -- Install configuration: ""
[0.576s] -- Up-to-date: /home/muhie/Desktop/coursework/ros2_ws/src/install/examples_rclcpp_minimal_timer/lib/examples_rclcpp_minimal_timer/timer_lambda
[0.577s] -- Up-to-date: /home/muhie/Desktop/coursework/ros2_ws/src/install/examples_rclcpp_minimal_timer/lib/examples_rclcpp_minimal_timer/timer_member_function
[0.577s] -- Up-to-date: /home/muhie/Desktop/coursework/ros2_ws/src/install/examples_rclcpp_minimal_timer/share/ament_index/resource_index/package_run_dependencies/examples_rclcpp_minimal_timer
[0.578s] -- Up-to-date: /home/muhie/Desktop/coursework/ros2_ws/src/install/examples_rclcpp_minimal_timer/share/ament_index/resource_index/parent_prefix_path/examples_rclcpp_minimal_timer
[0.578s] -- Up-to-date: /home/muhie/Desktop/coursework/ros2_ws/src/install/examples_rclcpp_minimal_timer/share/examples_rclcpp_minimal_timer/environment/ament_prefix_path.sh
[0.579s] -- Up-to-date: /home/muhie/Desktop/coursework/ros2_ws/src/install/examples_rclcpp_minimal_timer/share/examples_rclcpp_minimal_timer/environment/ament_prefix_path.dsv
[0.579s] -- Up-to-date: /home/muhie/Desktop/coursework/ros2_ws/src/install/examples_rclcpp_minimal_timer/share/examples_rclcpp_minimal_timer/environment/path.sh
[0.579s] -- Up-to-date: /home/muhie/Desktop/coursework/ros2_ws/src/install/examples_rclcpp_minimal_timer/share/examples_rclcpp_minimal_timer/environment/path.dsv
[0.580s] -- Up-to-date: /home/muhie/Desktop/coursework/ros2_ws/src/install/examples_rclcpp_minimal_timer/share/examples_rclcpp_minimal_timer/local_setup.bash
[0.580s] -- Up-to-date: /home/muhie/Desktop/coursework/ros2_ws/src/install/examples_rclcpp_minimal_timer/share/examples_rclcpp_minimal_timer/local_setup.sh
[0.582s] -- Up-to-date: /home/muhie/Desktop/coursework/ros2_ws/src/install/examples_rclcpp_minimal_timer/share/examples_rclcpp_minimal_timer/local_setup.zsh
[0.582s] -- Up-to-date: /home/muhie/Desktop/coursework/ros2_ws/src/install/examples_rclcpp_minimal_timer/share/examples_rclcpp_minimal_timer/local_setup.dsv
[0.583s] -- Installing: /home/muhie/Desktop/coursework/ros2_ws/src/install/examples_rclcpp_minimal_timer/share/examples_rclcpp_minimal_timer/package.dsv
[0.584s] -- Up-to-date: /home/muhie/Desktop/coursework/ros2_ws/src/install/examples_rclcpp_minimal_timer/share/ament_index/resource_index/packages/examples_rclcpp_minimal_timer
[0.585s] -- Up-to-date: /home/muhie/Desktop/coursework/ros2_ws/src/install/examples_rclcpp_minimal_timer/share/examples_rclcpp_minimal_timer/cmake/examples_rclcpp_minimal_timerConfig.cmake
[0.585s] -- Up-to-date: /home/muhie/Desktop/coursework/ros2_ws/src/install/examples_rclcpp_minimal_timer/share/examples_rclcpp_minimal_timer/cmake/examples_rclcpp_minimal_timerConfig-version.cmake
[0.585s] -- Up-to-date: /home/muhie/Desktop/coursework/ros2_ws/src/install/examples_rclcpp_minimal_timer/share/examples_rclcpp_minimal_timer/package.xml
[0.767s] Invoked command in '/home/muhie/Desktop/coursework/ros2_ws/src/build/examples_rclcpp_minimal_timer' returned '0': CMAKE_PREFIX_PATH=/opt/ros/humble /usr/bin/cmake --install /home/muhie/Desktop/coursework/ros2_ws/src/build/examples_rclcpp_minimal_timer
