[3.531s] Invoking command in '/home/muhie/Desktop/coursework/ros2_ws/src/examples/rclpy/guard_conditions': PYTHONPATH=/home/muhie/Desktop/coursework/ros2_ws/src/build/examples_rclpy_guard_conditions/prefix_override:/usr/lib/python3/dist-packages/colcon_core/task/python/colcon_distutils_commands:/home/muhie/Desktop/coursework/ros2_ws/src/install/examples_rclpy_guard_conditions/lib/python3.10/site-packages:${PYTHONPATH} /usr/bin/python3 -W ignore:setup.py install is deprecated -W ignore:easy_install command is deprecated setup.py egg_info --egg-base ../../../build/examples_rclpy_guard_conditions build --build-base /home/muhie/Desktop/coursework/ros2_ws/src/build/examples_rclpy_guard_conditions/build install --record /home/muhie/Desktop/coursework/ros2_ws/src/build/examples_rclpy_guard_conditions/install.log --single-version-externally-managed install_data
[4.462s] running egg_info
[4.462s] creating ../../../build/examples_rclpy_guard_conditions/examples_rclpy_guard_conditions.egg-info
[4.463s] writing ../../../build/examples_rclpy_guard_conditions/examples_rclpy_guard_conditions.egg-info/PKG-INFO
[4.463s] writing dependency_links to ../../../build/examples_rclpy_guard_conditions/examples_rclpy_guard_conditions.egg-info/dependency_links.txt
[4.463s] writing entry points to ../../../build/examples_rclpy_guard_conditions/examples_rclpy_guard_conditions.egg-info/entry_points.txt
[4.463s] writing requirements to ../../../build/examples_rclpy_guard_conditions/examples_rclpy_guard_conditions.egg-info/requires.txt
[4.467s] writing top-level names to ../../../build/examples_rclpy_guard_conditions/examples_rclpy_guard_conditions.egg-info/top_level.txt
[4.467s] writing manifest file '../../../build/examples_rclpy_guard_conditions/examples_rclpy_guard_conditions.egg-info/SOURCES.txt'
[4.468s] reading manifest file '../../../build/examples_rclpy_guard_conditions/examples_rclpy_guard_conditions.egg-info/SOURCES.txt'
[4.469s] writing manifest file '../../../build/examples_rclpy_guard_conditions/examples_rclpy_guard_conditions.egg-info/SOURCES.txt'
[4.470s] running build
[4.470s] running build_py
[4.470s] creating /home/muhie/Desktop/coursework/ros2_ws/src/build/examples_rclpy_guard_conditions/build
[4.470s] creating /home/muhie/Desktop/coursework/ros2_ws/src/build/examples_rclpy_guard_conditions/build/lib
[4.471s] creating /home/muhie/Desktop/coursework/ros2_ws/src/build/examples_rclpy_guard_conditions/build/lib/examples_rclpy_guard_conditions
[4.471s] copying examples_rclpy_guard_conditions/__init__.py -> /home/muhie/Desktop/coursework/ros2_ws/src/build/examples_rclpy_guard_conditions/build/lib/examples_rclpy_guard_conditions
[4.471s] copying examples_rclpy_guard_conditions/trigger_guard_condition.py -> /home/muhie/Desktop/coursework/ros2_ws/src/build/examples_rclpy_guard_conditions/build/lib/examples_rclpy_guard_conditions
[4.471s] running install
[4.472s] running install_lib
[4.472s] creating /home/muhie/Desktop/coursework/ros2_ws/src/install/examples_rclpy_guard_conditions/lib/python3.10/site-packages/examples_rclpy_guard_conditions
[4.472s] copying /home/muhie/Desktop/coursework/ros2_ws/src/build/examples_rclpy_guard_conditions/build/lib/examples_rclpy_guard_conditions/__init__.py -> /home/muhie/Desktop/coursework/ros2_ws/src/install/examples_rclpy_guard_conditions/lib/python3.10/site-packages/examples_rclpy_guard_conditions
[4.472s] copying /home/muhie/Desktop/coursework/ros2_ws/src/build/examples_rclpy_guard_conditions/build/lib/examples_rclpy_guard_conditions/trigger_guard_condition.py -> /home/muhie/Desktop/coursework/ros2_ws/src/install/examples_rclpy_guard_conditions/lib/python3.10/site-packages/examples_rclpy_guard_conditions
[4.473s] byte-compiling /home/muhie/Desktop/coursework/ros2_ws/src/install/examples_rclpy_guard_conditions/lib/python3.10/site-packages/examples_rclpy_guard_conditions/__init__.py to __init__.cpython-310.pyc
[4.474s] byte-compiling /home/muhie/Desktop/coursework/ros2_ws/src/install/examples_rclpy_guard_conditions/lib/python3.10/site-packages/examples_rclpy_guard_conditions/trigger_guard_condition.py to trigger_guard_condition.cpython-310.pyc
[4.474s] running install_data
[4.474s] creating /home/muhie/Desktop/coursework/ros2_ws/src/install/examples_rclpy_guard_conditions/share/ament_index
[4.475s] creating /home/muhie/Desktop/coursework/ros2_ws/src/install/examples_rclpy_guard_conditions/share/ament_index/resource_index
[4.475s] creating /home/muhie/Desktop/coursework/ros2_ws/src/install/examples_rclpy_guard_conditions/share/ament_index/resource_index/packages
[4.475s] copying resource/examples_rclpy_guard_conditions -> /home/muhie/Desktop/coursework/ros2_ws/src/install/examples_rclpy_guard_conditions/share/ament_index/resource_index/packages
[4.475s] copying package.xml -> /home/muhie/Desktop/coursework/ros2_ws/src/install/examples_rclpy_guard_conditions/share/examples_rclpy_guard_conditions
[4.475s] running install_egg_info
[4.476s] Copying ../../../build/examples_rclpy_guard_conditions/examples_rclpy_guard_conditions.egg-info to /home/muhie/Desktop/coursework/ros2_ws/src/install/examples_rclpy_guard_conditions/lib/python3.10/site-packages/examples_rclpy_guard_conditions-0.15.5-py3.10.egg-info
[4.476s] running install_scripts
[4.476s] Installing trigger_guard_condition script to /home/muhie/Desktop/coursework/ros2_ws/src/install/examples_rclpy_guard_conditions/lib/examples_rclpy_guard_conditions
[4.476s] writing list of installed files to '/home/muhie/Desktop/coursework/ros2_ws/src/build/examples_rclpy_guard_conditions/install.log'
[4.557s] Invoked command in '/home/muhie/Desktop/coursework/ros2_ws/src/examples/rclpy/guard_conditions' returned '0': PYTHONPATH=/home/muhie/Desktop/coursework/ros2_ws/src/build/examples_rclpy_guard_conditions/prefix_override:/usr/lib/python3/dist-packages/colcon_core/task/python/colcon_distutils_commands:/home/muhie/Desktop/coursework/ros2_ws/src/install/examples_rclpy_guard_conditions/lib/python3.10/site-packages:${PYTHONPATH} /usr/bin/python3 -W ignore:setup.py install is deprecated -W ignore:easy_install command is deprecated setup.py egg_info --egg-base ../../../build/examples_rclpy_guard_conditions build --build-base /home/muhie/Desktop/coursework/ros2_ws/src/build/examples_rclpy_guard_conditions/build install --record /home/muhie/Desktop/coursework/ros2_ws/src/build/examples_rclpy_guard_conditions/install.log --single-version-externally-managed install_data
