[0.223s] Invoking command in '/home/muhie/Desktop/coursework/ros2_ws/src/build/examples_rclcpp_wait_set': CMAKE_PREFIX_PATH=${CMAKE_PREFIX_PATH}:/home/muhie/Desktop/coursework/ros2_ws/src/install/launch_testing_examples:/home/muhie/Desktop/coursework/ros2_ws/src/install/examples_rclpy_pointcloud_publisher:/home/muhie/Desktop/coursework/ros2_ws/src/install/examples_rclpy_minimal_subscriber:/home/muhie/Desktop/coursework/ros2_ws/src/install/examples_rclpy_minimal_service:/home/muhie/Desktop/coursework/ros2_ws/src/install/examples_rclpy_minimal_publisher:/home/muhie/Desktop/coursework/ros2_ws/src/install/examples_rclpy_minimal_client:/home/muhie/Desktop/coursework/ros2_ws/src/install/examples_rclpy_minimal_action_server:/home/muhie/Desktop/coursework/ros2_ws/src/install/examples_rclpy_minimal_action_client:/home/muhie/Desktop/coursework/ros2_ws/src/install/examples_rclpy_guard_conditions:/home/muhie/Desktop/coursework/ros2_ws/src/install/examples_rclpy_executors:/home/muhie/Desktop/coursework/ros2_ws/src/install/ar_test:/home/muhie/Desktop/coursework/ros2_ws/src/install/ar_interface:/opt/ros/humble /usr/bin/cmake --build /home/muhie/Desktop/coursework/ros2_ws/src/build/examples_rclcpp_wait_set -- -j12 -l12
[0.632s] [  8%] Built target wait_set_talker
[0.632s] [ 20%] Built target wait_set
[0.632s] [ 25%] Built target static_wait_set
[0.632s] [ 33%] Built target wait_set_listener
[0.633s] [ 50%] Built target talker
[0.633s] [ 50%] Built target thread_safe_wait_set
[0.633s] [ 66%] Built target wait_set_topics_with_different_rates
[0.633s] [ 66%] Built target executor_random_order
[0.633s] [ 75%] Built target wait_set_random_order
[0.634s] [ 83%] Built target wait_set_topics_and_timer
[0.634s] [ 91%] Built target listener
[0.634s] [100%] Built target wait_set_composed
[1.868s] Invoked command in '/home/muhie/Desktop/coursework/ros2_ws/src/build/examples_rclcpp_wait_set' returned '0': CMAKE_PREFIX_PATH=${CMAKE_PREFIX_PATH}:/home/muhie/Desktop/coursework/ros2_ws/src/install/launch_testing_examples:/home/muhie/Desktop/coursework/ros2_ws/src/install/examples_rclpy_pointcloud_publisher:/home/muhie/Desktop/coursework/ros2_ws/src/install/examples_rclpy_minimal_subscriber:/home/muhie/Desktop/coursework/ros2_ws/src/install/examples_rclpy_minimal_service:/home/muhie/Desktop/coursework/ros2_ws/src/install/examples_rclpy_minimal_publisher:/home/muhie/Desktop/coursework/ros2_ws/src/install/examples_rclpy_minimal_client:/home/muhie/Desktop/coursework/ros2_ws/src/install/examples_rclpy_minimal_action_server:/home/muhie/Desktop/coursework/ros2_ws/src/install/examples_rclpy_minimal_action_client:/home/muhie/Desktop/coursework/ros2_ws/src/install/examples_rclpy_guard_conditions:/home/muhie/Desktop/coursework/ros2_ws/src/install/examples_rclpy_executors:/home/muhie/Desktop/coursework/ros2_ws/src/install/ar_test:/home/muhie/Desktop/coursework/ros2_ws/src/install/ar_interface:/opt/ros/humble /usr/bin/cmake --build /home/muhie/Desktop/coursework/ros2_ws/src/build/examples_rclcpp_wait_set -- -j12 -l12
[1.869s] Invoking command in '/home/muhie/Desktop/coursework/ros2_ws/src/build/examples_rclcpp_wait_set': CMAKE_PREFIX_PATH=${CMAKE_PREFIX_PATH}:/home/muhie/Desktop/coursework/ros2_ws/src/install/launch_testing_examples:/home/muhie/Desktop/coursework/ros2_ws/src/install/examples_rclpy_pointcloud_publisher:/home/muhie/Desktop/coursework/ros2_ws/src/install/examples_rclpy_minimal_subscriber:/home/muhie/Desktop/coursework/ros2_ws/src/install/examples_rclpy_minimal_service:/home/muhie/Desktop/coursework/ros2_ws/src/install/examples_rclpy_minimal_publisher:/home/muhie/Desktop/coursework/ros2_ws/src/install/examples_rclpy_minimal_client:/home/muhie/Desktop/coursework/ros2_ws/src/install/examples_rclpy_minimal_action_server:/home/muhie/Desktop/coursework/ros2_ws/src/install/examples_rclpy_minimal_action_client:/home/muhie/Desktop/coursework/ros2_ws/src/install/examples_rclpy_guard_conditions:/home/muhie/Desktop/coursework/ros2_ws/src/install/examples_rclpy_executors:/home/muhie/Desktop/coursework/ros2_ws/src/install/ar_test:/home/muhie/Desktop/coursework/ros2_ws/src/install/ar_interface:/opt/ros/humble /usr/bin/cmake --install /home/muhie/Desktop/coursework/ros2_ws/src/build/examples_rclcpp_wait_set
[1.877s] -- Install configuration: ""
[1.878s] -- Up-to-date: /home/muhie/Desktop/coursework/ros2_ws/src/install/examples_rclcpp_wait_set/lib/examples_rclcpp_wait_set/wait_set_talker
[1.878s] -- Up-to-date: /home/muhie/Desktop/coursework/ros2_ws/src/install/examples_rclcpp_wait_set/lib/examples_rclcpp_wait_set/wait_set_listener
[1.878s] -- Up-to-date: /home/muhie/Desktop/coursework/ros2_ws/src/install/examples_rclcpp_wait_set/lib/libtalker.so
[1.879s] -- Up-to-date: /home/muhie/Desktop/coursework/ros2_ws/src/install/examples_rclcpp_wait_set/lib/liblistener.so
[1.879s] -- Up-to-date: /home/muhie/Desktop/coursework/ros2_ws/src/install/examples_rclcpp_wait_set/lib/examples_rclcpp_wait_set/wait_set
[1.879s] -- Up-to-date: /home/muhie/Desktop/coursework/ros2_ws/src/install/examples_rclcpp_wait_set/lib/examples_rclcpp_wait_set/static_wait_set
[1.880s] -- Up-to-date: /home/muhie/Desktop/coursework/ros2_ws/src/install/examples_rclcpp_wait_set/lib/examples_rclcpp_wait_set/thread_safe_wait_set
[1.880s] -- Up-to-date: /home/muhie/Desktop/coursework/ros2_ws/src/install/examples_rclcpp_wait_set/lib/examples_rclcpp_wait_set/wait_set_topics_and_timer
[1.880s] -- Up-to-date: /home/muhie/Desktop/coursework/ros2_ws/src/install/examples_rclcpp_wait_set/lib/examples_rclcpp_wait_set/wait_set_random_order
[1.881s] -- Up-to-date: /home/muhie/Desktop/coursework/ros2_ws/src/install/examples_rclcpp_wait_set/lib/examples_rclcpp_wait_set/executor_random_order
[1.881s] -- Up-to-date: /home/muhie/Desktop/coursework/ros2_ws/src/install/examples_rclcpp_wait_set/lib/examples_rclcpp_wait_set/wait_set_topics_with_different_rates
[1.881s] -- Up-to-date: /home/muhie/Desktop/coursework/ros2_ws/src/install/examples_rclcpp_wait_set/lib/examples_rclcpp_wait_set/wait_set_composed
[1.882s] -- Up-to-date: /home/muhie/Desktop/coursework/ros2_ws/src/install/examples_rclcpp_wait_set/share/ament_index/resource_index/package_run_dependencies/examples_rclcpp_wait_set
[1.882s] -- Up-to-date: /home/muhie/Desktop/coursework/ros2_ws/src/install/examples_rclcpp_wait_set/share/ament_index/resource_index/parent_prefix_path/examples_rclcpp_wait_set
[1.882s] -- Up-to-date: /home/muhie/Desktop/coursework/ros2_ws/src/install/examples_rclcpp_wait_set/share/examples_rclcpp_wait_set/environment/ament_prefix_path.sh
[1.882s] -- Up-to-date: /home/muhie/Desktop/coursework/ros2_ws/src/install/examples_rclcpp_wait_set/share/examples_rclcpp_wait_set/environment/ament_prefix_path.dsv
[1.882s] -- Up-to-date: /home/muhie/Desktop/coursework/ros2_ws/src/install/examples_rclcpp_wait_set/share/examples_rclcpp_wait_set/environment/path.sh
[1.882s] -- Up-to-date: /home/muhie/Desktop/coursework/ros2_ws/src/install/examples_rclcpp_wait_set/share/examples_rclcpp_wait_set/environment/path.dsv
[1.882s] -- Up-to-date: /home/muhie/Desktop/coursework/ros2_ws/src/install/examples_rclcpp_wait_set/share/examples_rclcpp_wait_set/local_setup.bash
[1.882s] -- Up-to-date: /home/muhie/Desktop/coursework/ros2_ws/src/install/examples_rclcpp_wait_set/share/examples_rclcpp_wait_set/local_setup.sh
[1.882s] -- Up-to-date: /home/muhie/Desktop/coursework/ros2_ws/src/install/examples_rclcpp_wait_set/share/examples_rclcpp_wait_set/local_setup.zsh
[1.883s] -- Up-to-date: /home/muhie/Desktop/coursework/ros2_ws/src/install/examples_rclcpp_wait_set/share/examples_rclcpp_wait_set/local_setup.dsv
[1.883s] -- Installing: /home/muhie/Desktop/coursework/ros2_ws/src/install/examples_rclcpp_wait_set/share/examples_rclcpp_wait_set/package.dsv
[1.883s] -- Up-to-date: /home/muhie/Desktop/coursework/ros2_ws/src/install/examples_rclcpp_wait_set/share/ament_index/resource_index/packages/examples_rclcpp_wait_set
[1.883s] -- Up-to-date: /home/muhie/Desktop/coursework/ros2_ws/src/install/examples_rclcpp_wait_set/share/ament_index/resource_index/rclcpp_components/examples_rclcpp_wait_set
[1.883s] -- Up-to-date: /home/muhie/Desktop/coursework/ros2_ws/src/install/examples_rclcpp_wait_set/share/examples_rclcpp_wait_set/cmake/examples_rclcpp_wait_setConfig.cmake
[1.883s] -- Up-to-date: /home/muhie/Desktop/coursework/ros2_ws/src/install/examples_rclcpp_wait_set/share/examples_rclcpp_wait_set/cmake/examples_rclcpp_wait_setConfig-version.cmake
[1.883s] -- Up-to-date: /home/muhie/Desktop/coursework/ros2_ws/src/install/examples_rclcpp_wait_set/share/examples_rclcpp_wait_set/package.xml
[2.920s] Invoked command in '/home/muhie/Desktop/coursework/ros2_ws/src/build/examples_rclcpp_wait_set' returned '0': CMAKE_PREFIX_PATH=${CMAKE_PREFIX_PATH}:/home/muhie/Desktop/coursework/ros2_ws/src/install/launch_testing_examples:/home/muhie/Desktop/coursework/ros2_ws/src/install/examples_rclpy_pointcloud_publisher:/home/muhie/Desktop/coursework/ros2_ws/src/install/examples_rclpy_minimal_subscriber:/home/muhie/Desktop/coursework/ros2_ws/src/install/examples_rclpy_minimal_service:/home/muhie/Desktop/coursework/ros2_ws/src/install/examples_rclpy_minimal_publisher:/home/muhie/Desktop/coursework/ros2_ws/src/install/examples_rclpy_minimal_client:/home/muhie/Desktop/coursework/ros2_ws/src/install/examples_rclpy_minimal_action_server:/home/muhie/Desktop/coursework/ros2_ws/src/install/examples_rclpy_minimal_action_client:/home/muhie/Desktop/coursework/ros2_ws/src/install/examples_rclpy_guard_conditions:/home/muhie/Desktop/coursework/ros2_ws/src/install/examples_rclpy_executors:/home/muhie/Desktop/coursework/ros2_ws/src/install/ar_test:/home/muhie/Desktop/coursework/ros2_ws/src/install/ar_interface:/opt/ros/humble /usr/bin/cmake --install /home/muhie/Desktop/coursework/ros2_ws/src/build/examples_rclcpp_wait_set
