[0.008s] Invoking command in '/home/muhie/Desktop/coursework/ros2_ws/src/build/ar_interface': CMAKE_PREFIX_PATH=/opt/ros/humble /usr/bin/cmake --build /home/muhie/Desktop/coursework/ros2_ws/src/build/ar_interface -- -j12 -l12
[0.056s] [  5%] Built target ar_interface__cpp
[0.056s] [ 12%] Built target ar_interface__rosidl_generator_c
[0.065s] [ 12%] Built target ament_cmake_python_copy_ar_interface
[0.075s] [ 33%] Built target ar_interface__rosidl_typesupport_introspection_cpp
[0.075s] [ 33%] Built target ar_interface__rosidl_typesupport_fastrtps_cpp
[0.076s] [ 43%] Built target ar_interface__rosidl_typesupport_cpp
[0.085s] [ 74%] Built target ar_interface__rosidl_typesupport_c
[0.085s] [ 74%] Built target ar_interface__rosidl_typesupport_fastrtps_c
[0.085s] [ 74%] Built target ar_interface__rosidl_typesupport_introspection_c
[0.103s] [ 74%] Built target ar_interface
[0.124s] [ 76%] Built target ar_interface__py
[0.147s] [ 84%] Built target ar_interface__rosidl_generator_py
[0.166s] [100%] Built target ar_interface__rosidl_typesupport_introspection_c__pyext
[0.166s] [100%] Built target ar_interface__rosidl_typesupport_fastrtps_c__pyext
[0.166s] [100%] Built target ar_interface__rosidl_typesupport_c__pyext
[0.264s] running egg_info
[0.264s] writing ar_interface.egg-info/PKG-INFO
[0.265s] writing dependency_links to ar_interface.egg-info/dependency_links.txt
[0.265s] writing top-level names to ar_interface.egg-info/top_level.txt
[0.266s] reading manifest file 'ar_interface.egg-info/SOURCES.txt'
[0.267s] writing manifest file 'ar_interface.egg-info/SOURCES.txt'
[0.295s] [100%] Built target ament_cmake_python_build_ar_interface_egg
[0.306s] Invoked command in '/home/muhie/Desktop/coursework/ros2_ws/src/build/ar_interface' returned '0': CMAKE_PREFIX_PATH=/opt/ros/humble /usr/bin/cmake --build /home/muhie/Desktop/coursework/ros2_ws/src/build/ar_interface -- -j12 -l12
[0.317s] Invoking command in '/home/muhie/Desktop/coursework/ros2_ws/src/build/ar_interface': CMAKE_PREFIX_PATH=/opt/ros/humble /usr/bin/cmake --install /home/muhie/Desktop/coursework/ros2_ws/src/build/ar_interface
[0.326s] -- Install configuration: ""
[0.326s] -- Up-to-date: /home/muhie/Desktop/coursework/ros2_ws/src/install/ar_interface/share/ament_index/resource_index/rosidl_interfaces/ar_interface
[0.326s] -- Up-to-date: /home/muhie/Desktop/coursework/ros2_ws/src/install/ar_interface/include/ar_interface/ar_interface
[0.326s] -- Up-to-date: /home/muhie/Desktop/coursework/ros2_ws/src/install/ar_interface/include/ar_interface/ar_interface/msg
[0.326s] -- Up-to-date: /home/muhie/Desktop/coursework/ros2_ws/src/install/ar_interface/include/ar_interface/ar_interface/msg/cubic_traj_params.h
[0.326s] -- Up-to-date: /home/muhie/Desktop/coursework/ros2_ws/src/install/ar_interface/include/ar_interface/ar_interface/msg/rosidl_generator_c__visibility_control.h
[0.326s] -- Up-to-date: /home/muhie/Desktop/coursework/ros2_ws/src/install/ar_interface/include/ar_interface/ar_interface/msg/cubic_traj_coeffs.h
[0.326s] -- Up-to-date: /home/muhie/Desktop/coursework/ros2_ws/src/install/ar_interface/include/ar_interface/ar_interface/msg/detail
[0.326s] -- Up-to-date: /home/muhie/Desktop/coursework/ros2_ws/src/install/ar_interface/include/ar_interface/ar_interface/msg/detail/cubic_traj_coeffs__functions.h
[0.327s] -- Up-to-date: /home/muhie/Desktop/coursework/ros2_ws/src/install/ar_interface/include/ar_interface/ar_interface/msg/detail/cubic_traj_params__type_support.h
[0.327s] -- Up-to-date: /home/muhie/Desktop/coursework/ros2_ws/src/install/ar_interface/include/ar_interface/ar_interface/msg/detail/cubic_traj_params__functions.h
[0.327s] -- Up-to-date: /home/muhie/Desktop/coursework/ros2_ws/src/install/ar_interface/include/ar_interface/ar_interface/msg/detail/cubic_traj_coeffs__functions.c
[0.327s] -- Up-to-date: /home/muhie/Desktop/coursework/ros2_ws/src/install/ar_interface/include/ar_interface/ar_interface/msg/detail/cubic_traj_coeffs__type_support.h
[0.327s] -- Up-to-date: /home/muhie/Desktop/coursework/ros2_ws/src/install/ar_interface/include/ar_interface/ar_interface/msg/detail/cubic_traj_coeffs__struct.h
[0.327s] -- Up-to-date: /home/muhie/Desktop/coursework/ros2_ws/src/install/ar_interface/include/ar_interface/ar_interface/msg/detail/cubic_traj_params__struct.h
[0.327s] -- Up-to-date: /home/muhie/Desktop/coursework/ros2_ws/src/install/ar_interface/include/ar_interface/ar_interface/msg/detail/cubic_traj_params__functions.c
[0.327s] -- Up-to-date: /home/muhie/Desktop/coursework/ros2_ws/src/install/ar_interface/share/ar_interface/environment/library_path.sh
[0.327s] -- Up-to-date: /home/muhie/Desktop/coursework/ros2_ws/src/install/ar_interface/share/ar_interface/environment/library_path.dsv
[0.328s] -- Up-to-date: /home/muhie/Desktop/coursework/ros2_ws/src/install/ar_interface/lib/libar_interface__rosidl_generator_c.so
[0.328s] -- Up-to-date: /home/muhie/Desktop/coursework/ros2_ws/src/install/ar_interface/include/ar_interface/ar_interface
[0.328s] -- Up-to-date: /home/muhie/Desktop/coursework/ros2_ws/src/install/ar_interface/include/ar_interface/ar_interface/msg
[0.328s] -- Up-to-date: /home/muhie/Desktop/coursework/ros2_ws/src/install/ar_interface/include/ar_interface/ar_interface/msg/rosidl_typesupport_fastrtps_c__visibility_control.h
[0.328s] -- Up-to-date: /home/muhie/Desktop/coursework/ros2_ws/src/install/ar_interface/include/ar_interface/ar_interface/msg/detail
[0.328s] -- Up-to-date: /home/muhie/Desktop/coursework/ros2_ws/src/install/ar_interface/include/ar_interface/ar_interface/msg/detail/cubic_traj_coeffs__rosidl_typesupport_fastrtps_c.h
[0.328s] -- Up-to-date: /home/muhie/Desktop/coursework/ros2_ws/src/install/ar_interface/include/ar_interface/ar_interface/msg/detail/cubic_traj_params__rosidl_typesupport_fastrtps_c.h
[0.328s] -- Up-to-date: /home/muhie/Desktop/coursework/ros2_ws/src/install/ar_interface/lib/libar_interface__rosidl_typesupport_fastrtps_c.so
[0.329s] -- Up-to-date: /home/muhie/Desktop/coursework/ros2_ws/src/install/ar_interface/include/ar_interface/ar_interface
[0.329s] -- Up-to-date: /home/muhie/Desktop/coursework/ros2_ws/src/install/ar_interface/include/ar_interface/ar_interface/msg
[0.329s] -- Up-to-date: /home/muhie/Desktop/coursework/ros2_ws/src/install/ar_interface/include/ar_interface/ar_interface/msg/rosidl_typesupport_introspection_c__visibility_control.h
[0.329s] -- Up-to-date: /home/muhie/Desktop/coursework/ros2_ws/src/install/ar_interface/include/ar_interface/ar_interface/msg/detail
[0.329s] -- Up-to-date: /home/muhie/Desktop/coursework/ros2_ws/src/install/ar_interface/include/ar_interface/ar_interface/msg/detail/cubic_traj_params__rosidl_typesupport_introspection_c.h
[0.329s] -- Up-to-date: /home/muhie/Desktop/coursework/ros2_ws/src/install/ar_interface/include/ar_interface/ar_interface/msg/detail/cubic_traj_coeffs__type_support.c
[0.329s] -- Up-to-date: /home/muhie/Desktop/coursework/ros2_ws/src/install/ar_interface/include/ar_interface/ar_interface/msg/detail/cubic_traj_params__type_support.c
[0.329s] -- Up-to-date: /home/muhie/Desktop/coursework/ros2_ws/src/install/ar_interface/include/ar_interface/ar_interface/msg/detail/cubic_traj_coeffs__rosidl_typesupport_introspection_c.h
[0.329s] -- Up-to-date: /home/muhie/Desktop/coursework/ros2_ws/src/install/ar_interface/lib/libar_interface__rosidl_typesupport_introspection_c.so
[0.329s] -- Up-to-date: /home/muhie/Desktop/coursework/ros2_ws/src/install/ar_interface/lib/libar_interface__rosidl_typesupport_c.so
[0.330s] -- Up-to-date: /home/muhie/Desktop/coursework/ros2_ws/src/install/ar_interface/include/ar_interface/ar_interface
[0.330s] -- Up-to-date: /home/muhie/Desktop/coursework/ros2_ws/src/install/ar_interface/include/ar_interface/ar_interface/msg
[0.330s] -- Up-to-date: /home/muhie/Desktop/coursework/ros2_ws/src/install/ar_interface/include/ar_interface/ar_interface/msg/cubic_traj_coeffs.hpp
[0.330s] -- Up-to-date: /home/muhie/Desktop/coursework/ros2_ws/src/install/ar_interface/include/ar_interface/ar_interface/msg/rosidl_generator_cpp__visibility_control.hpp
[0.330s] -- Up-to-date: /home/muhie/Desktop/coursework/ros2_ws/src/install/ar_interface/include/ar_interface/ar_interface/msg/cubic_traj_params.hpp
[0.330s] -- Up-to-date: /home/muhie/Desktop/coursework/ros2_ws/src/install/ar_interface/include/ar_interface/ar_interface/msg/detail
[0.330s] -- Up-to-date: /home/muhie/Desktop/coursework/ros2_ws/src/install/ar_interface/include/ar_interface/ar_interface/msg/detail/cubic_traj_params__struct.hpp
[0.330s] -- Up-to-date: /home/muhie/Desktop/coursework/ros2_ws/src/install/ar_interface/include/ar_interface/ar_interface/msg/detail/cubic_traj_params__type_support.hpp
[0.330s] -- Up-to-date: /home/muhie/Desktop/coursework/ros2_ws/src/install/ar_interface/include/ar_interface/ar_interface/msg/detail/cubic_traj_coeffs__struct.hpp
[0.330s] -- Up-to-date: /home/muhie/Desktop/coursework/ros2_ws/src/install/ar_interface/include/ar_interface/ar_interface/msg/detail/cubic_traj_coeffs__builder.hpp
[0.330s] -- Up-to-date: /home/muhie/Desktop/coursework/ros2_ws/src/install/ar_interface/include/ar_interface/ar_interface/msg/detail/cubic_traj_coeffs__traits.hpp
[0.330s] -- Up-to-date: /home/muhie/Desktop/coursework/ros2_ws/src/install/ar_interface/include/ar_interface/ar_interface/msg/detail/cubic_traj_coeffs__type_support.hpp
[0.330s] -- Up-to-date: /home/muhie/Desktop/coursework/ros2_ws/src/install/ar_interface/include/ar_interface/ar_interface/msg/detail/cubic_traj_params__traits.hpp
[0.331s] -- Up-to-date: /home/muhie/Desktop/coursework/ros2_ws/src/install/ar_interface/include/ar_interface/ar_interface/msg/detail/cubic_traj_params__builder.hpp
[0.331s] -- Up-to-date: /home/muhie/Desktop/coursework/ros2_ws/src/install/ar_interface/include/ar_interface/ar_interface
[0.331s] -- Up-to-date: /home/muhie/Desktop/coursework/ros2_ws/src/install/ar_interface/include/ar_interface/ar_interface/msg
[0.331s] -- Up-to-date: /home/muhie/Desktop/coursework/ros2_ws/src/install/ar_interface/include/ar_interface/ar_interface/msg/rosidl_typesupport_fastrtps_cpp__visibility_control.h
[0.331s] -- Up-to-date: /home/muhie/Desktop/coursework/ros2_ws/src/install/ar_interface/include/ar_interface/ar_interface/msg/detail
[0.331s] -- Up-to-date: /home/muhie/Desktop/coursework/ros2_ws/src/install/ar_interface/include/ar_interface/ar_interface/msg/detail/cubic_traj_params__rosidl_typesupport_fastrtps_cpp.hpp
[0.331s] -- Up-to-date: /home/muhie/Desktop/coursework/ros2_ws/src/install/ar_interface/include/ar_interface/ar_interface/msg/detail/cubic_traj_coeffs__rosidl_typesupport_fastrtps_cpp.hpp
[0.331s] -- Up-to-date: /home/muhie/Desktop/coursework/ros2_ws/src/install/ar_interface/include/ar_interface/ar_interface/msg/detail/dds_fastrtps
[0.331s] -- Up-to-date: /home/muhie/Desktop/coursework/ros2_ws/src/install/ar_interface/lib/libar_interface__rosidl_typesupport_fastrtps_cpp.so
[0.331s] -- Up-to-date: /home/muhie/Desktop/coursework/ros2_ws/src/install/ar_interface/include/ar_interface/ar_interface
[0.331s] -- Up-to-date: /home/muhie/Desktop/coursework/ros2_ws/src/install/ar_interface/include/ar_interface/ar_interface/msg
[0.331s] -- Up-to-date: /home/muhie/Desktop/coursework/ros2_ws/src/install/ar_interface/include/ar_interface/ar_interface/msg/detail
[0.332s] -- Up-to-date: /home/muhie/Desktop/coursework/ros2_ws/src/install/ar_interface/include/ar_interface/ar_interface/msg/detail/cubic_traj_coeffs__rosidl_typesupport_introspection_cpp.hpp
[0.332s] -- Up-to-date: /home/muhie/Desktop/coursework/ros2_ws/src/install/ar_interface/include/ar_interface/ar_interface/msg/detail/cubic_traj_coeffs__type_support.cpp
[0.332s] -- Up-to-date: /home/muhie/Desktop/coursework/ros2_ws/src/install/ar_interface/include/ar_interface/ar_interface/msg/detail/cubic_traj_params__type_support.cpp
[0.332s] -- Up-to-date: /home/muhie/Desktop/coursework/ros2_ws/src/install/ar_interface/include/ar_interface/ar_interface/msg/detail/cubic_traj_params__rosidl_typesupport_introspection_cpp.hpp
[0.332s] -- Up-to-date: /home/muhie/Desktop/coursework/ros2_ws/src/install/ar_interface/lib/libar_interface__rosidl_typesupport_introspection_cpp.so
[0.332s] -- Up-to-date: /home/muhie/Desktop/coursework/ros2_ws/src/install/ar_interface/lib/libar_interface__rosidl_typesupport_cpp.so
[0.332s] -- Up-to-date: /home/muhie/Desktop/coursework/ros2_ws/src/install/ar_interface/share/ar_interface/environment/pythonpath.sh
[0.332s] -- Up-to-date: /home/muhie/Desktop/coursework/ros2_ws/src/install/ar_interface/share/ar_interface/environment/pythonpath.dsv
[0.332s] -- Up-to-date: /home/muhie/Desktop/coursework/ros2_ws/src/install/ar_interface/local/lib/python3.10/dist-packages/ar_interface-0.0.0-py3.10.egg-info
[0.332s] -- Installing: /home/muhie/Desktop/coursework/ros2_ws/src/install/ar_interface/local/lib/python3.10/dist-packages/ar_interface-0.0.0-py3.10.egg-info/PKG-INFO
[0.333s] -- Installing: /home/muhie/Desktop/coursework/ros2_ws/src/install/ar_interface/local/lib/python3.10/dist-packages/ar_interface-0.0.0-py3.10.egg-info/SOURCES.txt
[0.333s] -- Installing: /home/muhie/Desktop/coursework/ros2_ws/src/install/ar_interface/local/lib/python3.10/dist-packages/ar_interface-0.0.0-py3.10.egg-info/top_level.txt
[0.333s] -- Installing: /home/muhie/Desktop/coursework/ros2_ws/src/install/ar_interface/local/lib/python3.10/dist-packages/ar_interface-0.0.0-py3.10.egg-info/dependency_links.txt
[0.333s] -- Up-to-date: /home/muhie/Desktop/coursework/ros2_ws/src/install/ar_interface/local/lib/python3.10/dist-packages/ar_interface
[0.333s] -- Up-to-date: /home/muhie/Desktop/coursework/ros2_ws/src/install/ar_interface/local/lib/python3.10/dist-packages/ar_interface/_ar_interface_s.ep.rosidl_typesupport_fastrtps_c.c
[0.333s] -- Up-to-date: /home/muhie/Desktop/coursework/ros2_ws/src/install/ar_interface/local/lib/python3.10/dist-packages/ar_interface/_ar_interface_s.ep.rosidl_typesupport_introspection_c.c
[0.333s] -- Up-to-date: /home/muhie/Desktop/coursework/ros2_ws/src/install/ar_interface/local/lib/python3.10/dist-packages/ar_interface/msg
[0.333s] -- Up-to-date: /home/muhie/Desktop/coursework/ros2_ws/src/install/ar_interface/local/lib/python3.10/dist-packages/ar_interface/msg/_cubic_traj_coeffs_s.c
[0.333s] -- Up-to-date: /home/muhie/Desktop/coursework/ros2_ws/src/install/ar_interface/local/lib/python3.10/dist-packages/ar_interface/msg/_cubic_traj_params_s.c
[0.333s] -- Up-to-date: /home/muhie/Desktop/coursework/ros2_ws/src/install/ar_interface/local/lib/python3.10/dist-packages/ar_interface/msg/_cubic_traj_params.py
[0.333s] -- Up-to-date: /home/muhie/Desktop/coursework/ros2_ws/src/install/ar_interface/local/lib/python3.10/dist-packages/ar_interface/msg/__init__.py
[0.333s] -- Up-to-date: /home/muhie/Desktop/coursework/ros2_ws/src/install/ar_interface/local/lib/python3.10/dist-packages/ar_interface/msg/_cubic_traj_coeffs.py
[0.333s] -- Up-to-date: /home/muhie/Desktop/coursework/ros2_ws/src/install/ar_interface/local/lib/python3.10/dist-packages/ar_interface/ar_interface_s__rosidl_typesupport_c.cpython-310-x86_64-linux-gnu.so
[0.334s] -- Up-to-date: /home/muhie/Desktop/coursework/ros2_ws/src/install/ar_interface/local/lib/python3.10/dist-packages/ar_interface/ar_interface_s__rosidl_typesupport_introspection_c.cpython-310-x86_64-linux-gnu.so
[0.334s] -- Up-to-date: /home/muhie/Desktop/coursework/ros2_ws/src/install/ar_interface/local/lib/python3.10/dist-packages/ar_interface/__init__.py
[0.334s] -- Up-to-date: /home/muhie/Desktop/coursework/ros2_ws/src/install/ar_interface/local/lib/python3.10/dist-packages/ar_interface/_ar_interface_s.ep.rosidl_typesupport_c.c
[0.334s] -- Up-to-date: /home/muhie/Desktop/coursework/ros2_ws/src/install/ar_interface/local/lib/python3.10/dist-packages/ar_interface/ar_interface_s__rosidl_typesupport_fastrtps_c.cpython-310-x86_64-linux-gnu.so
[0.334s] -- Up-to-date: /home/muhie/Desktop/coursework/ros2_ws/src/install/ar_interface/local/lib/python3.10/dist-packages/ar_interface/libar_interface__rosidl_generator_py.so
[0.371s] Listing '/home/muhie/Desktop/coursework/ros2_ws/src/install/ar_interface/local/lib/python3.10/dist-packages/ar_interface'...
[0.371s] Listing '/home/muhie/Desktop/coursework/ros2_ws/src/install/ar_interface/local/lib/python3.10/dist-packages/ar_interface/msg'...
[0.375s] -- Up-to-date: /home/muhie/Desktop/coursework/ros2_ws/src/install/ar_interface/local/lib/python3.10/dist-packages/ar_interface/ar_interface_s__rosidl_typesupport_fastrtps_c.cpython-310-x86_64-linux-gnu.so
[0.375s] -- Up-to-date: /home/muhie/Desktop/coursework/ros2_ws/src/install/ar_interface/local/lib/python3.10/dist-packages/ar_interface/ar_interface_s__rosidl_typesupport_introspection_c.cpython-310-x86_64-linux-gnu.so
[0.375s] -- Up-to-date: /home/muhie/Desktop/coursework/ros2_ws/src/install/ar_interface/local/lib/python3.10/dist-packages/ar_interface/ar_interface_s__rosidl_typesupport_c.cpython-310-x86_64-linux-gnu.so
[0.376s] -- Up-to-date: /home/muhie/Desktop/coursework/ros2_ws/src/install/ar_interface/lib/libar_interface__rosidl_generator_py.so
[0.376s] -- Up-to-date: /home/muhie/Desktop/coursework/ros2_ws/src/install/ar_interface/share/ar_interface/msg/CubicTrajCoeffs.idl
[0.376s] -- Up-to-date: /home/muhie/Desktop/coursework/ros2_ws/src/install/ar_interface/share/ar_interface/msg/CubicTrajParams.idl
[0.376s] -- Up-to-date: /home/muhie/Desktop/coursework/ros2_ws/src/install/ar_interface/share/ar_interface/msg/CubicTrajCoeffs.msg
[0.376s] -- Up-to-date: /home/muhie/Desktop/coursework/ros2_ws/src/install/ar_interface/share/ar_interface/msg/CubicTrajParams.msg
[0.376s] -- Up-to-date: /home/muhie/Desktop/coursework/ros2_ws/src/install/ar_interface/share/ament_index/resource_index/package_run_dependencies/ar_interface
[0.376s] -- Up-to-date: /home/muhie/Desktop/coursework/ros2_ws/src/install/ar_interface/share/ament_index/resource_index/parent_prefix_path/ar_interface
[0.376s] -- Up-to-date: /home/muhie/Desktop/coursework/ros2_ws/src/install/ar_interface/share/ar_interface/environment/ament_prefix_path.sh
[0.376s] -- Up-to-date: /home/muhie/Desktop/coursework/ros2_ws/src/install/ar_interface/share/ar_interface/environment/ament_prefix_path.dsv
[0.377s] -- Up-to-date: /home/muhie/Desktop/coursework/ros2_ws/src/install/ar_interface/share/ar_interface/environment/path.sh
[0.377s] -- Up-to-date: /home/muhie/Desktop/coursework/ros2_ws/src/install/ar_interface/share/ar_interface/environment/path.dsv
[0.377s] -- Up-to-date: /home/muhie/Desktop/coursework/ros2_ws/src/install/ar_interface/share/ar_interface/local_setup.bash
[0.377s] -- Up-to-date: /home/muhie/Desktop/coursework/ros2_ws/src/install/ar_interface/share/ar_interface/local_setup.sh
[0.377s] -- Up-to-date: /home/muhie/Desktop/coursework/ros2_ws/src/install/ar_interface/share/ar_interface/local_setup.zsh
[0.377s] -- Up-to-date: /home/muhie/Desktop/coursework/ros2_ws/src/install/ar_interface/share/ar_interface/local_setup.dsv
[0.377s] -- Installing: /home/muhie/Desktop/coursework/ros2_ws/src/install/ar_interface/share/ar_interface/package.dsv
[0.377s] -- Up-to-date: /home/muhie/Desktop/coursework/ros2_ws/src/install/ar_interface/share/ament_index/resource_index/packages/ar_interface
[0.377s] -- Up-to-date: /home/muhie/Desktop/coursework/ros2_ws/src/install/ar_interface/share/ar_interface/cmake/export_ar_interface__rosidl_generator_cExport.cmake
[0.377s] -- Up-to-date: /home/muhie/Desktop/coursework/ros2_ws/src/install/ar_interface/share/ar_interface/cmake/export_ar_interface__rosidl_generator_cExport-noconfig.cmake
[0.377s] -- Up-to-date: /home/muhie/Desktop/coursework/ros2_ws/src/install/ar_interface/share/ar_interface/cmake/export_ar_interface__rosidl_typesupport_fastrtps_cExport.cmake
[0.378s] -- Up-to-date: /home/muhie/Desktop/coursework/ros2_ws/src/install/ar_interface/share/ar_interface/cmake/export_ar_interface__rosidl_typesupport_fastrtps_cExport-noconfig.cmake
[0.378s] -- Up-to-date: /home/muhie/Desktop/coursework/ros2_ws/src/install/ar_interface/share/ar_interface/cmake/ar_interface__rosidl_typesupport_introspection_cExport.cmake
[0.378s] -- Up-to-date: /home/muhie/Desktop/coursework/ros2_ws/src/install/ar_interface/share/ar_interface/cmake/ar_interface__rosidl_typesupport_introspection_cExport-noconfig.cmake
[0.378s] -- Up-to-date: /home/muhie/Desktop/coursework/ros2_ws/src/install/ar_interface/share/ar_interface/cmake/ar_interface__rosidl_typesupport_cExport.cmake
[0.378s] -- Up-to-date: /home/muhie/Desktop/coursework/ros2_ws/src/install/ar_interface/share/ar_interface/cmake/ar_interface__rosidl_typesupport_cExport-noconfig.cmake
[0.378s] -- Up-to-date: /home/muhie/Desktop/coursework/ros2_ws/src/install/ar_interface/share/ar_interface/cmake/export_ar_interface__rosidl_generator_cppExport.cmake
[0.378s] -- Up-to-date: /home/muhie/Desktop/coursework/ros2_ws/src/install/ar_interface/share/ar_interface/cmake/export_ar_interface__rosidl_typesupport_fastrtps_cppExport.cmake
[0.378s] -- Up-to-date: /home/muhie/Desktop/coursework/ros2_ws/src/install/ar_interface/share/ar_interface/cmake/export_ar_interface__rosidl_typesupport_fastrtps_cppExport-noconfig.cmake
[0.378s] -- Up-to-date: /home/muhie/Desktop/coursework/ros2_ws/src/install/ar_interface/share/ar_interface/cmake/ar_interface__rosidl_typesupport_introspection_cppExport.cmake
[0.378s] -- Up-to-date: /home/muhie/Desktop/coursework/ros2_ws/src/install/ar_interface/share/ar_interface/cmake/ar_interface__rosidl_typesupport_introspection_cppExport-noconfig.cmake
[0.378s] -- Up-to-date: /home/muhie/Desktop/coursework/ros2_ws/src/install/ar_interface/share/ar_interface/cmake/ar_interface__rosidl_typesupport_cppExport.cmake
[0.379s] -- Up-to-date: /home/muhie/Desktop/coursework/ros2_ws/src/install/ar_interface/share/ar_interface/cmake/ar_interface__rosidl_typesupport_cppExport-noconfig.cmake
[0.379s] -- Up-to-date: /home/muhie/Desktop/coursework/ros2_ws/src/install/ar_interface/share/ar_interface/cmake/export_ar_interface__rosidl_generator_pyExport.cmake
[0.379s] -- Up-to-date: /home/muhie/Desktop/coursework/ros2_ws/src/install/ar_interface/share/ar_interface/cmake/export_ar_interface__rosidl_generator_pyExport-noconfig.cmake
[0.379s] -- Up-to-date: /home/muhie/Desktop/coursework/ros2_ws/src/install/ar_interface/share/ar_interface/cmake/rosidl_cmake-extras.cmake
[0.379s] -- Up-to-date: /home/muhie/Desktop/coursework/ros2_ws/src/install/ar_interface/share/ar_interface/cmake/ament_cmake_export_include_directories-extras.cmake
[0.379s] -- Up-to-date: /home/muhie/Desktop/coursework/ros2_ws/src/install/ar_interface/share/ar_interface/cmake/ament_cmake_export_libraries-extras.cmake
[0.379s] -- Up-to-date: /home/muhie/Desktop/coursework/ros2_ws/src/install/ar_interface/share/ar_interface/cmake/ament_cmake_export_targets-extras.cmake
[0.379s] -- Up-to-date: /home/muhie/Desktop/coursework/ros2_ws/src/install/ar_interface/share/ar_interface/cmake/rosidl_cmake_export_typesupport_targets-extras.cmake
[0.379s] -- Up-to-date: /home/muhie/Desktop/coursework/ros2_ws/src/install/ar_interface/share/ar_interface/cmake/ament_cmake_export_dependencies-extras.cmake
[0.379s] -- Up-to-date: /home/muhie/Desktop/coursework/ros2_ws/src/install/ar_interface/share/ar_interface/cmake/rosidl_cmake_export_typesupport_libraries-extras.cmake
[0.379s] -- Up-to-date: /home/muhie/Desktop/coursework/ros2_ws/src/install/ar_interface/share/ar_interface/cmake/ar_interfaceConfig.cmake
[0.380s] -- Up-to-date: /home/muhie/Desktop/coursework/ros2_ws/src/install/ar_interface/share/ar_interface/cmake/ar_interfaceConfig-version.cmake
[0.380s] -- Up-to-date: /home/muhie/Desktop/coursework/ros2_ws/src/install/ar_interface/share/ar_interface/package.xml
[0.383s] Invoked command in '/home/muhie/Desktop/coursework/ros2_ws/src/build/ar_interface' returned '0': CMAKE_PREFIX_PATH=/opt/ros/humble /usr/bin/cmake --install /home/muhie/Desktop/coursework/ros2_ws/src/build/ar_interface
