[3.817s] Invoking command in '/home/muhie/Desktop/coursework/ros2_ws/src/examples/rclpy/services/minimal_service': PYTHONPATH=/home/muhie/Desktop/coursework/ros2_ws/src/build/examples_rclpy_minimal_service/prefix_override:/usr/lib/python3/dist-packages/colcon_core/task/python/colcon_distutils_commands:/home/muhie/Desktop/coursework/ros2_ws/src/install/examples_rclpy_minimal_service/lib/python3.10/site-packages:${PYTHONPATH} /usr/bin/python3 -W ignore:setup.py install is deprecated -W ignore:easy_install command is deprecated setup.py egg_info --egg-base ../../../../build/examples_rclpy_minimal_service build --build-base /home/muhie/Desktop/coursework/ros2_ws/src/build/examples_rclpy_minimal_service/build install --record /home/muhie/Desktop/coursework/ros2_ws/src/build/examples_rclpy_minimal_service/install.log --single-version-externally-managed install_data
[4.491s] running egg_info
[4.492s] writing ../../../../build/examples_rclpy_minimal_service/examples_rclpy_minimal_service.egg-info/PKG-INFO
[4.496s] writing dependency_links to ../../../../build/examples_rclpy_minimal_service/examples_rclpy_minimal_service.egg-info/dependency_links.txt
[4.496s] writing entry points to ../../../../build/examples_rclpy_minimal_service/examples_rclpy_minimal_service.egg-info/entry_points.txt
[4.496s] writing requirements to ../../../../build/examples_rclpy_minimal_service/examples_rclpy_minimal_service.egg-info/requires.txt
[4.497s] writing top-level names to ../../../../build/examples_rclpy_minimal_service/examples_rclpy_minimal_service.egg-info/top_level.txt
[4.497s] reading manifest file '../../../../build/examples_rclpy_minimal_service/examples_rclpy_minimal_service.egg-info/SOURCES.txt'
[4.499s] writing manifest file '../../../../build/examples_rclpy_minimal_service/examples_rclpy_minimal_service.egg-info/SOURCES.txt'
[4.500s] running build
[4.501s] running build_py
[4.501s] running install
[4.502s] running install_lib
[4.503s] running install_data
[4.503s] running install_egg_info
[4.505s] removing '/home/muhie/Desktop/coursework/ros2_ws/src/install/examples_rclpy_minimal_service/lib/python3.10/site-packages/examples_rclpy_minimal_service-0.15.5-py3.10.egg-info' (and everything under it)
[4.505s] Copying ../../../../build/examples_rclpy_minimal_service/examples_rclpy_minimal_service.egg-info to /home/muhie/Desktop/coursework/ros2_ws/src/install/examples_rclpy_minimal_service/lib/python3.10/site-packages/examples_rclpy_minimal_service-0.15.5-py3.10.egg-info
[4.506s] running install_scripts
[4.549s] Installing service script to /home/muhie/Desktop/coursework/ros2_ws/src/install/examples_rclpy_minimal_service/lib/examples_rclpy_minimal_service
[4.549s] Installing service_member_function script to /home/muhie/Desktop/coursework/ros2_ws/src/install/examples_rclpy_minimal_service/lib/examples_rclpy_minimal_service
[4.549s] writing list of installed files to '/home/muhie/Desktop/coursework/ros2_ws/src/build/examples_rclpy_minimal_service/install.log'
[4.644s] Invoked command in '/home/muhie/Desktop/coursework/ros2_ws/src/examples/rclpy/services/minimal_service' returned '0': PYTHONPATH=/home/muhie/Desktop/coursework/ros2_ws/src/build/examples_rclpy_minimal_service/prefix_override:/usr/lib/python3/dist-packages/colcon_core/task/python/colcon_distutils_commands:/home/muhie/Desktop/coursework/ros2_ws/src/install/examples_rclpy_minimal_service/lib/python3.10/site-packages:${PYTHONPATH} /usr/bin/python3 -W ignore:setup.py install is deprecated -W ignore:easy_install command is deprecated setup.py egg_info --egg-base ../../../../build/examples_rclpy_minimal_service build --build-base /home/muhie/Desktop/coursework/ros2_ws/src/build/examples_rclpy_minimal_service/build install --record /home/muhie/Desktop/coursework/ros2_ws/src/build/examples_rclpy_minimal_service/install.log --single-version-externally-managed install_data
