[3.704s] Invoking command in '/home/muhie/Desktop/coursework/ros2_ws/src/examples/rclpy/topics/minimal_publisher': PYTHONPATH=/home/muhie/Desktop/coursework/ros2_ws/src/build/examples_rclpy_minimal_publisher/prefix_override:/usr/lib/python3/dist-packages/colcon_core/task/python/colcon_distutils_commands:/home/muhie/Desktop/coursework/ros2_ws/src/install/examples_rclpy_minimal_publisher/lib/python3.10/site-packages:${PYTHONPATH} /usr/bin/python3 -W ignore:setup.py install is deprecated -W ignore:easy_install command is deprecated setup.py egg_info --egg-base ../../../../build/examples_rclpy_minimal_publisher build --build-base /home/muhie/Desktop/coursework/ros2_ws/src/build/examples_rclpy_minimal_publisher/build install --record /home/muhie/Desktop/coursework/ros2_ws/src/build/examples_rclpy_minimal_publisher/install.log --single-version-externally-managed install_data
[4.320s] running egg_info
[4.323s] writing ../../../../build/examples_rclpy_minimal_publisher/examples_rclpy_minimal_publisher.egg-info/PKG-INFO
[4.323s] writing dependency_links to ../../../../build/examples_rclpy_minimal_publisher/examples_rclpy_minimal_publisher.egg-info/dependency_links.txt
[4.323s] writing entry points to ../../../../build/examples_rclpy_minimal_publisher/examples_rclpy_minimal_publisher.egg-info/entry_points.txt
[4.324s] writing requirements to ../../../../build/examples_rclpy_minimal_publisher/examples_rclpy_minimal_publisher.egg-info/requires.txt
[4.324s] writing top-level names to ../../../../build/examples_rclpy_minimal_publisher/examples_rclpy_minimal_publisher.egg-info/top_level.txt
[4.337s] reading manifest file '../../../../build/examples_rclpy_minimal_publisher/examples_rclpy_minimal_publisher.egg-info/SOURCES.txt'
[4.342s] writing manifest file '../../../../build/examples_rclpy_minimal_publisher/examples_rclpy_minimal_publisher.egg-info/SOURCES.txt'
[4.343s] running build
[4.343s] running build_py
[4.348s] running install
[4.349s] running install_lib
[4.353s] running install_data
[4.354s] running install_egg_info
[4.356s] removing '/home/muhie/Desktop/coursework/ros2_ws/src/install/examples_rclpy_minimal_publisher/lib/python3.10/site-packages/examples_rclpy_minimal_publisher-0.15.5-py3.10.egg-info' (and everything under it)
[4.356s] Copying ../../../../build/examples_rclpy_minimal_publisher/examples_rclpy_minimal_publisher.egg-info to /home/muhie/Desktop/coursework/ros2_ws/src/install/examples_rclpy_minimal_publisher/lib/python3.10/site-packages/examples_rclpy_minimal_publisher-0.15.5-py3.10.egg-info
[4.357s] running install_scripts
[4.403s] Installing publisher_local_function script to /home/muhie/Desktop/coursework/ros2_ws/src/install/examples_rclpy_minimal_publisher/lib/examples_rclpy_minimal_publisher
[4.403s] Installing publisher_member_function script to /home/muhie/Desktop/coursework/ros2_ws/src/install/examples_rclpy_minimal_publisher/lib/examples_rclpy_minimal_publisher
[4.403s] Installing publisher_member_function_with_wait_for_all_acked script to /home/muhie/Desktop/coursework/ros2_ws/src/install/examples_rclpy_minimal_publisher/lib/examples_rclpy_minimal_publisher
[4.404s] Installing publisher_old_school script to /home/muhie/Desktop/coursework/ros2_ws/src/install/examples_rclpy_minimal_publisher/lib/examples_rclpy_minimal_publisher
[4.405s] writing list of installed files to '/home/muhie/Desktop/coursework/ros2_ws/src/build/examples_rclpy_minimal_publisher/install.log'
[4.555s] Invoked command in '/home/muhie/Desktop/coursework/ros2_ws/src/examples/rclpy/topics/minimal_publisher' returned '0': PYTHONPATH=/home/muhie/Desktop/coursework/ros2_ws/src/build/examples_rclpy_minimal_publisher/prefix_override:/usr/lib/python3/dist-packages/colcon_core/task/python/colcon_distutils_commands:/home/muhie/Desktop/coursework/ros2_ws/src/install/examples_rclpy_minimal_publisher/lib/python3.10/site-packages:${PYTHONPATH} /usr/bin/python3 -W ignore:setup.py install is deprecated -W ignore:easy_install command is deprecated setup.py egg_info --egg-base ../../../../build/examples_rclpy_minimal_publisher build --build-base /home/muhie/Desktop/coursework/ros2_ws/src/build/examples_rclpy_minimal_publisher/build install --record /home/muhie/Desktop/coursework/ros2_ws/src/build/examples_rclpy_minimal_publisher/install.log --single-version-externally-managed install_data
