[5.762s] Invoking command in '/home/muhie/Desktop/coursework/ros2_ws/src/examples/rclpy/services/minimal_service': PYTHONPATH=/home/muhie/Desktop/coursework/ros2_ws/src/build/examples_rclpy_minimal_service/prefix_override:/usr/lib/python3/dist-packages/colcon_core/task/python/colcon_distutils_commands:/home/muhie/Desktop/coursework/ros2_ws/src/install/examples_rclpy_minimal_service/lib/python3.10/site-packages:${PYTHONPATH} /usr/bin/python3 -W ignore:setup.py install is deprecated -W ignore:easy_install command is deprecated setup.py egg_info --egg-base ../../../../build/examples_rclpy_minimal_service build --build-base /home/muhie/Desktop/coursework/ros2_ws/src/build/examples_rclpy_minimal_service/build install --record /home/muhie/Desktop/coursework/ros2_ws/src/build/examples_rclpy_minimal_service/install.log --single-version-externally-managed install_data
[6.283s] running egg_info
[6.285s] writing ../../../../build/examples_rclpy_minimal_service/examples_rclpy_minimal_service.egg-info/PKG-INFO
[6.285s] writing dependency_links to ../../../../build/examples_rclpy_minimal_service/examples_rclpy_minimal_service.egg-info/dependency_links.txt
[6.286s] writing entry points to ../../../../build/examples_rclpy_minimal_service/examples_rclpy_minimal_service.egg-info/entry_points.txt
[6.286s] writing requirements to ../../../../build/examples_rclpy_minimal_service/examples_rclpy_minimal_service.egg-info/requires.txt
[6.286s] writing top-level names to ../../../../build/examples_rclpy_minimal_service/examples_rclpy_minimal_service.egg-info/top_level.txt
[6.290s] reading manifest file '../../../../build/examples_rclpy_minimal_service/examples_rclpy_minimal_service.egg-info/SOURCES.txt'
[6.292s] writing manifest file '../../../../build/examples_rclpy_minimal_service/examples_rclpy_minimal_service.egg-info/SOURCES.txt'
[6.293s] running build
[6.293s] running build_py
[6.293s] running install
[6.294s] running install_lib
[6.297s] running install_data
[6.297s] running install_egg_info
[6.301s] removing '/home/muhie/Desktop/coursework/ros2_ws/src/install/examples_rclpy_minimal_service/lib/python3.10/site-packages/examples_rclpy_minimal_service-0.15.5-py3.10.egg-info' (and everything under it)
[6.302s] Copying ../../../../build/examples_rclpy_minimal_service/examples_rclpy_minimal_service.egg-info to /home/muhie/Desktop/coursework/ros2_ws/src/install/examples_rclpy_minimal_service/lib/python3.10/site-packages/examples_rclpy_minimal_service-0.15.5-py3.10.egg-info
[6.303s] running install_scripts
[6.349s] Installing service script to /home/muhie/Desktop/coursework/ros2_ws/src/install/examples_rclpy_minimal_service/lib/examples_rclpy_minimal_service
[6.349s] Installing service_member_function script to /home/muhie/Desktop/coursework/ros2_ws/src/install/examples_rclpy_minimal_service/lib/examples_rclpy_minimal_service
[6.350s] writing list of installed files to '/home/muhie/Desktop/coursework/ros2_ws/src/build/examples_rclpy_minimal_service/install.log'
[6.443s] Invoked command in '/home/muhie/Desktop/coursework/ros2_ws/src/examples/rclpy/services/minimal_service' returned '0': PYTHONPATH=/home/muhie/Desktop/coursework/ros2_ws/src/build/examples_rclpy_minimal_service/prefix_override:/usr/lib/python3/dist-packages/colcon_core/task/python/colcon_distutils_commands:/home/muhie/Desktop/coursework/ros2_ws/src/install/examples_rclpy_minimal_service/lib/python3.10/site-packages:${PYTHONPATH} /usr/bin/python3 -W ignore:setup.py install is deprecated -W ignore:easy_install command is deprecated setup.py egg_info --egg-base ../../../../build/examples_rclpy_minimal_service build --build-base /home/muhie/Desktop/coursework/ros2_ws/src/build/examples_rclpy_minimal_service/build install --record /home/muhie/Desktop/coursework/ros2_ws/src/build/examples_rclpy_minimal_service/install.log --single-version-externally-managed install_data
