[3.443s] Invoking command in '/home/muhie/Desktop/coursework/ros2_ws/src/examples/rclpy/actions/minimal_action_client': PYTHONPATH=/home/muhie/Desktop/coursework/ros2_ws/src/build/examples_rclpy_minimal_action_client/prefix_override:/usr/lib/python3/dist-packages/colcon_core/task/python/colcon_distutils_commands:/home/muhie/Desktop/coursework/ros2_ws/src/install/examples_rclpy_minimal_action_client/lib/python3.10/site-packages:${PYTHONPATH} /usr/bin/python3 -W ignore:setup.py install is deprecated -W ignore:easy_install command is deprecated setup.py egg_info --egg-base ../../../../build/examples_rclpy_minimal_action_client build --build-base /home/muhie/Desktop/coursework/ros2_ws/src/build/examples_rclpy_minimal_action_client/build install --record /home/muhie/Desktop/coursework/ros2_ws/src/build/examples_rclpy_minimal_action_client/install.log --single-version-externally-managed install_data
[4.378s] running egg_info
[4.379s] creating ../../../../build/examples_rclpy_minimal_action_client/examples_rclpy_minimal_action_client.egg-info
[4.379s] writing ../../../../build/examples_rclpy_minimal_action_client/examples_rclpy_minimal_action_client.egg-info/PKG-INFO
[4.379s] writing dependency_links to ../../../../build/examples_rclpy_minimal_action_client/examples_rclpy_minimal_action_client.egg-info/dependency_links.txt
[4.379s] writing entry points to ../../../../build/examples_rclpy_minimal_action_client/examples_rclpy_minimal_action_client.egg-info/entry_points.txt
[4.380s] writing requirements to ../../../../build/examples_rclpy_minimal_action_client/examples_rclpy_minimal_action_client.egg-info/requires.txt
[4.380s] writing top-level names to ../../../../build/examples_rclpy_minimal_action_client/examples_rclpy_minimal_action_client.egg-info/top_level.txt
[4.384s] writing manifest file '../../../../build/examples_rclpy_minimal_action_client/examples_rclpy_minimal_action_client.egg-info/SOURCES.txt'
[4.384s] reading manifest file '../../../../build/examples_rclpy_minimal_action_client/examples_rclpy_minimal_action_client.egg-info/SOURCES.txt'
[4.384s] writing manifest file '../../../../build/examples_rclpy_minimal_action_client/examples_rclpy_minimal_action_client.egg-info/SOURCES.txt'
[4.384s] running build
[4.384s] running build_py
[4.385s] creating /home/muhie/Desktop/coursework/ros2_ws/src/build/examples_rclpy_minimal_action_client/build
[4.385s] creating /home/muhie/Desktop/coursework/ros2_ws/src/build/examples_rclpy_minimal_action_client/build/lib
[4.385s] creating /home/muhie/Desktop/coursework/ros2_ws/src/build/examples_rclpy_minimal_action_client/build/lib/examples_rclpy_minimal_action_client
[4.385s] copying examples_rclpy_minimal_action_client/client_cancel.py -> /home/muhie/Desktop/coursework/ros2_ws/src/build/examples_rclpy_minimal_action_client/build/lib/examples_rclpy_minimal_action_client
[4.386s] copying examples_rclpy_minimal_action_client/client_asyncio.py -> /home/muhie/Desktop/coursework/ros2_ws/src/build/examples_rclpy_minimal_action_client/build/lib/examples_rclpy_minimal_action_client
[4.386s] copying examples_rclpy_minimal_action_client/__init__.py -> /home/muhie/Desktop/coursework/ros2_ws/src/build/examples_rclpy_minimal_action_client/build/lib/examples_rclpy_minimal_action_client
[4.386s] copying examples_rclpy_minimal_action_client/client.py -> /home/muhie/Desktop/coursework/ros2_ws/src/build/examples_rclpy_minimal_action_client/build/lib/examples_rclpy_minimal_action_client
[4.386s] copying examples_rclpy_minimal_action_client/client_not_composable.py -> /home/muhie/Desktop/coursework/ros2_ws/src/build/examples_rclpy_minimal_action_client/build/lib/examples_rclpy_minimal_action_client
[4.387s] running install
[4.387s] running install_lib
[4.392s] creating /home/muhie/Desktop/coursework/ros2_ws/src/install/examples_rclpy_minimal_action_client/lib/python3.10/site-packages/examples_rclpy_minimal_action_client
[4.392s] copying /home/muhie/Desktop/coursework/ros2_ws/src/build/examples_rclpy_minimal_action_client/build/lib/examples_rclpy_minimal_action_client/client_cancel.py -> /home/muhie/Desktop/coursework/ros2_ws/src/install/examples_rclpy_minimal_action_client/lib/python3.10/site-packages/examples_rclpy_minimal_action_client
[4.393s] copying /home/muhie/Desktop/coursework/ros2_ws/src/build/examples_rclpy_minimal_action_client/build/lib/examples_rclpy_minimal_action_client/client_asyncio.py -> /home/muhie/Desktop/coursework/ros2_ws/src/install/examples_rclpy_minimal_action_client/lib/python3.10/site-packages/examples_rclpy_minimal_action_client
[4.393s] copying /home/muhie/Desktop/coursework/ros2_ws/src/build/examples_rclpy_minimal_action_client/build/lib/examples_rclpy_minimal_action_client/__init__.py -> /home/muhie/Desktop/coursework/ros2_ws/src/install/examples_rclpy_minimal_action_client/lib/python3.10/site-packages/examples_rclpy_minimal_action_client
[4.397s] copying /home/muhie/Desktop/coursework/ros2_ws/src/build/examples_rclpy_minimal_action_client/build/lib/examples_rclpy_minimal_action_client/client.py -> /home/muhie/Desktop/coursework/ros2_ws/src/install/examples_rclpy_minimal_action_client/lib/python3.10/site-packages/examples_rclpy_minimal_action_client
[4.398s] copying /home/muhie/Desktop/coursework/ros2_ws/src/build/examples_rclpy_minimal_action_client/build/lib/examples_rclpy_minimal_action_client/client_not_composable.py -> /home/muhie/Desktop/coursework/ros2_ws/src/install/examples_rclpy_minimal_action_client/lib/python3.10/site-packages/examples_rclpy_minimal_action_client
[4.398s] byte-compiling /home/muhie/Desktop/coursework/ros2_ws/src/install/examples_rclpy_minimal_action_client/lib/python3.10/site-packages/examples_rclpy_minimal_action_client/client_cancel.py to client_cancel.cpython-310.pyc
[4.398s] byte-compiling /home/muhie/Desktop/coursework/ros2_ws/src/install/examples_rclpy_minimal_action_client/lib/python3.10/site-packages/examples_rclpy_minimal_action_client/client_asyncio.py to client_asyncio.cpython-310.pyc
[4.398s] byte-compiling /home/muhie/Desktop/coursework/ros2_ws/src/install/examples_rclpy_minimal_action_client/lib/python3.10/site-packages/examples_rclpy_minimal_action_client/__init__.py to __init__.cpython-310.pyc
[4.399s] byte-compiling /home/muhie/Desktop/coursework/ros2_ws/src/install/examples_rclpy_minimal_action_client/lib/python3.10/site-packages/examples_rclpy_minimal_action_client/client.py to client.cpython-310.pyc
[4.399s] byte-compiling /home/muhie/Desktop/coursework/ros2_ws/src/install/examples_rclpy_minimal_action_client/lib/python3.10/site-packages/examples_rclpy_minimal_action_client/client_not_composable.py to client_not_composable.cpython-310.pyc
[4.399s] running install_data
[4.399s] creating /home/muhie/Desktop/coursework/ros2_ws/src/install/examples_rclpy_minimal_action_client/share/ament_index
[4.400s] creating /home/muhie/Desktop/coursework/ros2_ws/src/install/examples_rclpy_minimal_action_client/share/ament_index/resource_index
[4.400s] creating /home/muhie/Desktop/coursework/ros2_ws/src/install/examples_rclpy_minimal_action_client/share/ament_index/resource_index/packages
[4.400s] copying resource/examples_rclpy_minimal_action_client -> /home/muhie/Desktop/coursework/ros2_ws/src/install/examples_rclpy_minimal_action_client/share/ament_index/resource_index/packages
[4.400s] copying package.xml -> /home/muhie/Desktop/coursework/ros2_ws/src/install/examples_rclpy_minimal_action_client/share/examples_rclpy_minimal_action_client
[4.400s] running install_egg_info
[4.401s] Copying ../../../../build/examples_rclpy_minimal_action_client/examples_rclpy_minimal_action_client.egg-info to /home/muhie/Desktop/coursework/ros2_ws/src/install/examples_rclpy_minimal_action_client/lib/python3.10/site-packages/examples_rclpy_minimal_action_client-0.15.5-py3.10.egg-info
[4.401s] running install_scripts
[4.405s] Installing client script to /home/muhie/Desktop/coursework/ros2_ws/src/install/examples_rclpy_minimal_action_client/lib/examples_rclpy_minimal_action_client
[4.406s] Installing client_asyncio script to /home/muhie/Desktop/coursework/ros2_ws/src/install/examples_rclpy_minimal_action_client/lib/examples_rclpy_minimal_action_client
[4.406s] Installing client_cancel script to /home/muhie/Desktop/coursework/ros2_ws/src/install/examples_rclpy_minimal_action_client/lib/examples_rclpy_minimal_action_client
[4.406s] Installing client_not_composable script to /home/muhie/Desktop/coursework/ros2_ws/src/install/examples_rclpy_minimal_action_client/lib/examples_rclpy_minimal_action_client
[4.406s] writing list of installed files to '/home/muhie/Desktop/coursework/ros2_ws/src/build/examples_rclpy_minimal_action_client/install.log'
[4.463s] Invoked command in '/home/muhie/Desktop/coursework/ros2_ws/src/examples/rclpy/actions/minimal_action_client' returned '0': PYTHONPATH=/home/muhie/Desktop/coursework/ros2_ws/src/build/examples_rclpy_minimal_action_client/prefix_override:/usr/lib/python3/dist-packages/colcon_core/task/python/colcon_distutils_commands:/home/muhie/Desktop/coursework/ros2_ws/src/install/examples_rclpy_minimal_action_client/lib/python3.10/site-packages:${PYTHONPATH} /usr/bin/python3 -W ignore:setup.py install is deprecated -W ignore:easy_install command is deprecated setup.py egg_info --egg-base ../../../../build/examples_rclpy_minimal_action_client build --build-base /home/muhie/Desktop/coursework/ros2_ws/src/build/examples_rclpy_minimal_action_client/build install --record /home/muhie/Desktop/coursework/ros2_ws/src/build/examples_rclpy_minimal_action_client/install.log --single-version-externally-managed install_data
