[3.482s] Invoking command in '/home/muhie/Desktop/coursework/ros2_ws/src/examples/rclpy/topics/pointcloud_publisher': PYTHONPATH=/home/muhie/Desktop/coursework/ros2_ws/src/build/examples_rclpy_pointcloud_publisher/prefix_override:/usr/lib/python3/dist-packages/colcon_core/task/python/colcon_distutils_commands:/home/muhie/Desktop/coursework/ros2_ws/src/install/examples_rclpy_pointcloud_publisher/lib/python3.10/site-packages:${PYTHONPATH} /usr/bin/python3 -W ignore:setup.py install is deprecated -W ignore:easy_install command is deprecated setup.py egg_info --egg-base ../../../../build/examples_rclpy_pointcloud_publisher build --build-base /home/muhie/Desktop/coursework/ros2_ws/src/build/examples_rclpy_pointcloud_publisher/build install --record /home/muhie/Desktop/coursework/ros2_ws/src/build/examples_rclpy_pointcloud_publisher/install.log --single-version-externally-managed install_data
[4.325s] running egg_info
[4.325s] creating ../../../../build/examples_rclpy_pointcloud_publisher/examples_rclpy_pointcloud_publisher.egg-info
[4.325s] writing ../../../../build/examples_rclpy_pointcloud_publisher/examples_rclpy_pointcloud_publisher.egg-info/PKG-INFO
[4.326s] writing dependency_links to ../../../../build/examples_rclpy_pointcloud_publisher/examples_rclpy_pointcloud_publisher.egg-info/dependency_links.txt
[4.326s] writing entry points to ../../../../build/examples_rclpy_pointcloud_publisher/examples_rclpy_pointcloud_publisher.egg-info/entry_points.txt
[4.327s] writing requirements to ../../../../build/examples_rclpy_pointcloud_publisher/examples_rclpy_pointcloud_publisher.egg-info/requires.txt
[4.327s] writing top-level names to ../../../../build/examples_rclpy_pointcloud_publisher/examples_rclpy_pointcloud_publisher.egg-info/top_level.txt
[4.328s] writing manifest file '../../../../build/examples_rclpy_pointcloud_publisher/examples_rclpy_pointcloud_publisher.egg-info/SOURCES.txt'
[4.328s] reading manifest file '../../../../build/examples_rclpy_pointcloud_publisher/examples_rclpy_pointcloud_publisher.egg-info/SOURCES.txt'
[4.328s] writing manifest file '../../../../build/examples_rclpy_pointcloud_publisher/examples_rclpy_pointcloud_publisher.egg-info/SOURCES.txt'
[4.328s] running build
[4.329s] running build_py
[4.329s] creating /home/muhie/Desktop/coursework/ros2_ws/src/build/examples_rclpy_pointcloud_publisher/build
[4.329s] creating /home/muhie/Desktop/coursework/ros2_ws/src/build/examples_rclpy_pointcloud_publisher/build/lib
[4.330s] creating /home/muhie/Desktop/coursework/ros2_ws/src/build/examples_rclpy_pointcloud_publisher/build/lib/examples_rclpy_pointcloud_publisher
[4.330s] copying examples_rclpy_pointcloud_publisher/__init__.py -> /home/muhie/Desktop/coursework/ros2_ws/src/build/examples_rclpy_pointcloud_publisher/build/lib/examples_rclpy_pointcloud_publisher
[4.330s] copying examples_rclpy_pointcloud_publisher/pointcloud_publisher.py -> /home/muhie/Desktop/coursework/ros2_ws/src/build/examples_rclpy_pointcloud_publisher/build/lib/examples_rclpy_pointcloud_publisher
[4.331s] running install
[4.331s] running install_lib
[4.332s] creating /home/muhie/Desktop/coursework/ros2_ws/src/install/examples_rclpy_pointcloud_publisher/lib/python3.10/site-packages/examples_rclpy_pointcloud_publisher
[4.333s] copying /home/muhie/Desktop/coursework/ros2_ws/src/build/examples_rclpy_pointcloud_publisher/build/lib/examples_rclpy_pointcloud_publisher/__init__.py -> /home/muhie/Desktop/coursework/ros2_ws/src/install/examples_rclpy_pointcloud_publisher/lib/python3.10/site-packages/examples_rclpy_pointcloud_publisher
[4.334s] copying /home/muhie/Desktop/coursework/ros2_ws/src/build/examples_rclpy_pointcloud_publisher/build/lib/examples_rclpy_pointcloud_publisher/pointcloud_publisher.py -> /home/muhie/Desktop/coursework/ros2_ws/src/install/examples_rclpy_pointcloud_publisher/lib/python3.10/site-packages/examples_rclpy_pointcloud_publisher
[4.335s] byte-compiling /home/muhie/Desktop/coursework/ros2_ws/src/install/examples_rclpy_pointcloud_publisher/lib/python3.10/site-packages/examples_rclpy_pointcloud_publisher/__init__.py to __init__.cpython-310.pyc
[4.335s] byte-compiling /home/muhie/Desktop/coursework/ros2_ws/src/install/examples_rclpy_pointcloud_publisher/lib/python3.10/site-packages/examples_rclpy_pointcloud_publisher/pointcloud_publisher.py to pointcloud_publisher.cpython-310.pyc
[4.341s] running install_data
[4.341s] creating /home/muhie/Desktop/coursework/ros2_ws/src/install/examples_rclpy_pointcloud_publisher/share/ament_index
[4.341s] creating /home/muhie/Desktop/coursework/ros2_ws/src/install/examples_rclpy_pointcloud_publisher/share/ament_index/resource_index
[4.341s] creating /home/muhie/Desktop/coursework/ros2_ws/src/install/examples_rclpy_pointcloud_publisher/share/ament_index/resource_index/packages
[4.342s] copying resource/examples_rclpy_pointcloud_publisher -> /home/muhie/Desktop/coursework/ros2_ws/src/install/examples_rclpy_pointcloud_publisher/share/ament_index/resource_index/packages
[4.342s] copying package.xml -> /home/muhie/Desktop/coursework/ros2_ws/src/install/examples_rclpy_pointcloud_publisher/share/examples_rclpy_pointcloud_publisher
[4.342s] running install_egg_info
[4.342s] Copying ../../../../build/examples_rclpy_pointcloud_publisher/examples_rclpy_pointcloud_publisher.egg-info to /home/muhie/Desktop/coursework/ros2_ws/src/install/examples_rclpy_pointcloud_publisher/lib/python3.10/site-packages/examples_rclpy_pointcloud_publisher-0.15.5-py3.10.egg-info
[4.343s] running install_scripts
[4.343s] Installing pointcloud_publisher script to /home/muhie/Desktop/coursework/ros2_ws/src/install/examples_rclpy_pointcloud_publisher/lib/examples_rclpy_pointcloud_publisher
[4.343s] writing list of installed files to '/home/muhie/Desktop/coursework/ros2_ws/src/build/examples_rclpy_pointcloud_publisher/install.log'
[4.366s] Invoked command in '/home/muhie/Desktop/coursework/ros2_ws/src/examples/rclpy/topics/pointcloud_publisher' returned '0': PYTHONPATH=/home/muhie/Desktop/coursework/ros2_ws/src/build/examples_rclpy_pointcloud_publisher/prefix_override:/usr/lib/python3/dist-packages/colcon_core/task/python/colcon_distutils_commands:/home/muhie/Desktop/coursework/ros2_ws/src/install/examples_rclpy_pointcloud_publisher/lib/python3.10/site-packages:${PYTHONPATH} /usr/bin/python3 -W ignore:setup.py install is deprecated -W ignore:easy_install command is deprecated setup.py egg_info --egg-base ../../../../build/examples_rclpy_pointcloud_publisher build --build-base /home/muhie/Desktop/coursework/ros2_ws/src/build/examples_rclpy_pointcloud_publisher/build install --record /home/muhie/Desktop/coursework/ros2_ws/src/build/examples_rclpy_pointcloud_publisher/install.log --single-version-externally-managed install_data
