[3.891s] Invoking command in '/home/muhie/Desktop/coursework/ros2_ws/src/examples/rclpy/services/minimal_client': PYTHONPATH=/home/muhie/Desktop/coursework/ros2_ws/src/build/examples_rclpy_minimal_client/prefix_override:/usr/lib/python3/dist-packages/colcon_core/task/python/colcon_distutils_commands:/home/muhie/Desktop/coursework/ros2_ws/src/install/examples_rclpy_minimal_client/lib/python3.10/site-packages:${PYTHONPATH} /usr/bin/python3 -W ignore:setup.py install is deprecated -W ignore:easy_install command is deprecated setup.py egg_info --egg-base ../../../../build/examples_rclpy_minimal_client build --build-base /home/muhie/Desktop/coursework/ros2_ws/src/build/examples_rclpy_minimal_client/build install --record /home/muhie/Desktop/coursework/ros2_ws/src/build/examples_rclpy_minimal_client/install.log --single-version-externally-managed install_data
[4.518s] running egg_info
[4.519s] writing ../../../../build/examples_rclpy_minimal_client/examples_rclpy_minimal_client.egg-info/PKG-INFO
[4.520s] writing dependency_links to ../../../../build/examples_rclpy_minimal_client/examples_rclpy_minimal_client.egg-info/dependency_links.txt
[4.520s] writing entry points to ../../../../build/examples_rclpy_minimal_client/examples_rclpy_minimal_client.egg-info/entry_points.txt
[4.520s] writing requirements to ../../../../build/examples_rclpy_minimal_client/examples_rclpy_minimal_client.egg-info/requires.txt
[4.521s] writing top-level names to ../../../../build/examples_rclpy_minimal_client/examples_rclpy_minimal_client.egg-info/top_level.txt
[4.524s] reading manifest file '../../../../build/examples_rclpy_minimal_client/examples_rclpy_minimal_client.egg-info/SOURCES.txt'
[4.526s] writing manifest file '../../../../build/examples_rclpy_minimal_client/examples_rclpy_minimal_client.egg-info/SOURCES.txt'
[4.527s] running build
[4.527s] running build_py
[4.528s] running install
[4.528s] running install_lib
[4.532s] running install_data
[4.532s] running install_egg_info
[4.537s] removing '/home/muhie/Desktop/coursework/ros2_ws/src/install/examples_rclpy_minimal_client/lib/python3.10/site-packages/examples_rclpy_minimal_client-0.15.5-py3.10.egg-info' (and everything under it)
[4.538s] Copying ../../../../build/examples_rclpy_minimal_client/examples_rclpy_minimal_client.egg-info to /home/muhie/Desktop/coursework/ros2_ws/src/install/examples_rclpy_minimal_client/lib/python3.10/site-packages/examples_rclpy_minimal_client-0.15.5-py3.10.egg-info
[4.539s] running install_scripts
[4.587s] Installing client script to /home/muhie/Desktop/coursework/ros2_ws/src/install/examples_rclpy_minimal_client/lib/examples_rclpy_minimal_client
[4.588s] Installing client_async script to /home/muhie/Desktop/coursework/ros2_ws/src/install/examples_rclpy_minimal_client/lib/examples_rclpy_minimal_client
[4.588s] Installing client_async_callback script to /home/muhie/Desktop/coursework/ros2_ws/src/install/examples_rclpy_minimal_client/lib/examples_rclpy_minimal_client
[4.588s] Installing client_async_member_function script to /home/muhie/Desktop/coursework/ros2_ws/src/install/examples_rclpy_minimal_client/lib/examples_rclpy_minimal_client
[4.588s] writing list of installed files to '/home/muhie/Desktop/coursework/ros2_ws/src/build/examples_rclpy_minimal_client/install.log'
[4.635s] Invoked command in '/home/muhie/Desktop/coursework/ros2_ws/src/examples/rclpy/services/minimal_client' returned '0': PYTHONPATH=/home/muhie/Desktop/coursework/ros2_ws/src/build/examples_rclpy_minimal_client/prefix_override:/usr/lib/python3/dist-packages/colcon_core/task/python/colcon_distutils_commands:/home/muhie/Desktop/coursework/ros2_ws/src/install/examples_rclpy_minimal_client/lib/python3.10/site-packages:${PYTHONPATH} /usr/bin/python3 -W ignore:setup.py install is deprecated -W ignore:easy_install command is deprecated setup.py egg_info --egg-base ../../../../build/examples_rclpy_minimal_client build --build-base /home/muhie/Desktop/coursework/ros2_ws/src/build/examples_rclpy_minimal_client/build install --record /home/muhie/Desktop/coursework/ros2_ws/src/build/examples_rclpy_minimal_client/install.log --single-version-externally-managed install_data
