[0.246s] Invoking command in '/home/muhie/Desktop/coursework/ros2_ws/src/build/examples_rclcpp_minimal_composition': CMAKE_PREFIX_PATH=${CMAKE_PREFIX_PATH}:/home/muhie/Desktop/coursework/ros2_ws/src/install/launch_testing_examples:/home/muhie/Desktop/coursework/ros2_ws/src/install/examples_rclpy_pointcloud_publisher:/home/muhie/Desktop/coursework/ros2_ws/src/install/examples_rclpy_minimal_subscriber:/home/muhie/Desktop/coursework/ros2_ws/src/install/examples_rclpy_minimal_service:/home/muhie/Desktop/coursework/ros2_ws/src/install/examples_rclpy_minimal_publisher:/home/muhie/Desktop/coursework/ros2_ws/src/install/examples_rclpy_minimal_client:/home/muhie/Desktop/coursework/ros2_ws/src/install/examples_rclpy_minimal_action_server:/home/muhie/Desktop/coursework/ros2_ws/src/install/examples_rclpy_minimal_action_client:/home/muhie/Desktop/coursework/ros2_ws/src/install/examples_rclpy_guard_conditions:/home/muhie/Desktop/coursework/ros2_ws/src/install/examples_rclpy_executors:/home/muhie/Desktop/coursework/ros2_ws/src/install/ar_test:/home/muhie/Desktop/coursework/ros2_ws/src/install/ar_interface:/opt/ros/humble /usr/bin/cmake --build /home/muhie/Desktop/coursework/ros2_ws/src/build/examples_rclcpp_minimal_composition -- -j12 -l12
[0.501s] [ 33%] Built target composition_nodes
[0.634s] [ 55%] Built target composition_subscriber
[0.634s] [ 77%] Built target composition_publisher
[0.643s] [100%] Built target composition_composed
[0.794s] Invoked command in '/home/muhie/Desktop/coursework/ros2_ws/src/build/examples_rclcpp_minimal_composition' returned '0': CMAKE_PREFIX_PATH=${CMAKE_PREFIX_PATH}:/home/muhie/Desktop/coursework/ros2_ws/src/install/launch_testing_examples:/home/muhie/Desktop/coursework/ros2_ws/src/install/examples_rclpy_pointcloud_publisher:/home/muhie/Desktop/coursework/ros2_ws/src/install/examples_rclpy_minimal_subscriber:/home/muhie/Desktop/coursework/ros2_ws/src/install/examples_rclpy_minimal_service:/home/muhie/Desktop/coursework/ros2_ws/src/install/examples_rclpy_minimal_publisher:/home/muhie/Desktop/coursework/ros2_ws/src/install/examples_rclpy_minimal_client:/home/muhie/Desktop/coursework/ros2_ws/src/install/examples_rclpy_minimal_action_server:/home/muhie/Desktop/coursework/ros2_ws/src/install/examples_rclpy_minimal_action_client:/home/muhie/Desktop/coursework/ros2_ws/src/install/examples_rclpy_guard_conditions:/home/muhie/Desktop/coursework/ros2_ws/src/install/examples_rclpy_executors:/home/muhie/Desktop/coursework/ros2_ws/src/install/ar_test:/home/muhie/Desktop/coursework/ros2_ws/src/install/ar_interface:/opt/ros/humble /usr/bin/cmake --build /home/muhie/Desktop/coursework/ros2_ws/src/build/examples_rclcpp_minimal_composition -- -j12 -l12
[0.796s] Invoking command in '/home/muhie/Desktop/coursework/ros2_ws/src/build/examples_rclcpp_minimal_composition': CMAKE_PREFIX_PATH=${CMAKE_PREFIX_PATH}:/home/muhie/Desktop/coursework/ros2_ws/src/install/launch_testing_examples:/home/muhie/Desktop/coursework/ros2_ws/src/install/examples_rclpy_pointcloud_publisher:/home/muhie/Desktop/coursework/ros2_ws/src/install/examples_rclpy_minimal_subscriber:/home/muhie/Desktop/coursework/ros2_ws/src/install/examples_rclpy_minimal_service:/home/muhie/Desktop/coursework/ros2_ws/src/install/examples_rclpy_minimal_publisher:/home/muhie/Desktop/coursework/ros2_ws/src/install/examples_rclpy_minimal_client:/home/muhie/Desktop/coursework/ros2_ws/src/install/examples_rclpy_minimal_action_server:/home/muhie/Desktop/coursework/ros2_ws/src/install/examples_rclpy_minimal_action_client:/home/muhie/Desktop/coursework/ros2_ws/src/install/examples_rclpy_guard_conditions:/home/muhie/Desktop/coursework/ros2_ws/src/install/examples_rclpy_executors:/home/muhie/Desktop/coursework/ros2_ws/src/install/ar_test:/home/muhie/Desktop/coursework/ros2_ws/src/install/ar_interface:/opt/ros/humble /usr/bin/cmake --install /home/muhie/Desktop/coursework/ros2_ws/src/build/examples_rclcpp_minimal_composition
[0.868s] -- Install configuration: ""
[0.868s] -- Up-to-date: /home/muhie/Desktop/coursework/ros2_ws/src/install/examples_rclcpp_minimal_composition/share/examples_rclcpp_minimal_composition/environment/library_path.sh
[0.868s] -- Up-to-date: /home/muhie/Desktop/coursework/ros2_ws/src/install/examples_rclcpp_minimal_composition/share/examples_rclcpp_minimal_composition/environment/library_path.dsv
[0.868s] -- Up-to-date: /home/muhie/Desktop/coursework/ros2_ws/src/install/examples_rclcpp_minimal_composition/lib/libcomposition_nodes.so
[0.868s] -- Up-to-date: /home/muhie/Desktop/coursework/ros2_ws/src/install/examples_rclcpp_minimal_composition/lib/examples_rclcpp_minimal_composition/composition_publisher
[0.868s] -- Up-to-date: /home/muhie/Desktop/coursework/ros2_ws/src/install/examples_rclcpp_minimal_composition/lib/examples_rclcpp_minimal_composition/composition_subscriber
[0.869s] -- Up-to-date: /home/muhie/Desktop/coursework/ros2_ws/src/install/examples_rclcpp_minimal_composition/lib/examples_rclcpp_minimal_composition/composition_composed
[0.869s] -- Up-to-date: /home/muhie/Desktop/coursework/ros2_ws/src/install/examples_rclcpp_minimal_composition/share/ament_index/resource_index/package_run_dependencies/examples_rclcpp_minimal_composition
[0.869s] -- Up-to-date: /home/muhie/Desktop/coursework/ros2_ws/src/install/examples_rclcpp_minimal_composition/share/ament_index/resource_index/parent_prefix_path/examples_rclcpp_minimal_composition
[0.869s] -- Up-to-date: /home/muhie/Desktop/coursework/ros2_ws/src/install/examples_rclcpp_minimal_composition/share/examples_rclcpp_minimal_composition/environment/ament_prefix_path.sh
[0.869s] -- Up-to-date: /home/muhie/Desktop/coursework/ros2_ws/src/install/examples_rclcpp_minimal_composition/share/examples_rclcpp_minimal_composition/environment/ament_prefix_path.dsv
[0.870s] -- Up-to-date: /home/muhie/Desktop/coursework/ros2_ws/src/install/examples_rclcpp_minimal_composition/share/examples_rclcpp_minimal_composition/environment/path.sh
[0.870s] -- Up-to-date: /home/muhie/Desktop/coursework/ros2_ws/src/install/examples_rclcpp_minimal_composition/share/examples_rclcpp_minimal_composition/environment/path.dsv
[0.870s] -- Up-to-date: /home/muhie/Desktop/coursework/ros2_ws/src/install/examples_rclcpp_minimal_composition/share/examples_rclcpp_minimal_composition/local_setup.bash
[0.870s] -- Up-to-date: /home/muhie/Desktop/coursework/ros2_ws/src/install/examples_rclcpp_minimal_composition/share/examples_rclcpp_minimal_composition/local_setup.sh
[0.870s] -- Up-to-date: /home/muhie/Desktop/coursework/ros2_ws/src/install/examples_rclcpp_minimal_composition/share/examples_rclcpp_minimal_composition/local_setup.zsh
[0.871s] -- Up-to-date: /home/muhie/Desktop/coursework/ros2_ws/src/install/examples_rclcpp_minimal_composition/share/examples_rclcpp_minimal_composition/local_setup.dsv
[0.871s] -- Installing: /home/muhie/Desktop/coursework/ros2_ws/src/install/examples_rclcpp_minimal_composition/share/examples_rclcpp_minimal_composition/package.dsv
[0.871s] -- Up-to-date: /home/muhie/Desktop/coursework/ros2_ws/src/install/examples_rclcpp_minimal_composition/share/ament_index/resource_index/packages/examples_rclcpp_minimal_composition
[0.871s] -- Up-to-date: /home/muhie/Desktop/coursework/ros2_ws/src/install/examples_rclcpp_minimal_composition/share/examples_rclcpp_minimal_composition/cmake/examples_rclcpp_minimal_compositionConfig.cmake
[0.871s] -- Up-to-date: /home/muhie/Desktop/coursework/ros2_ws/src/install/examples_rclcpp_minimal_composition/share/examples_rclcpp_minimal_composition/cmake/examples_rclcpp_minimal_compositionConfig-version.cmake
[0.871s] -- Up-to-date: /home/muhie/Desktop/coursework/ros2_ws/src/install/examples_rclcpp_minimal_composition/share/examples_rclcpp_minimal_composition/package.xml
[1.562s] Invoked command in '/home/muhie/Desktop/coursework/ros2_ws/src/build/examples_rclcpp_minimal_composition' returned '0': CMAKE_PREFIX_PATH=${CMAKE_PREFIX_PATH}:/home/muhie/Desktop/coursework/ros2_ws/src/install/launch_testing_examples:/home/muhie/Desktop/coursework/ros2_ws/src/install/examples_rclpy_pointcloud_publisher:/home/muhie/Desktop/coursework/ros2_ws/src/install/examples_rclpy_minimal_subscriber:/home/muhie/Desktop/coursework/ros2_ws/src/install/examples_rclpy_minimal_service:/home/muhie/Desktop/coursework/ros2_ws/src/install/examples_rclpy_minimal_publisher:/home/muhie/Desktop/coursework/ros2_ws/src/install/examples_rclpy_minimal_client:/home/muhie/Desktop/coursework/ros2_ws/src/install/examples_rclpy_minimal_action_server:/home/muhie/Desktop/coursework/ros2_ws/src/install/examples_rclpy_minimal_action_client:/home/muhie/Desktop/coursework/ros2_ws/src/install/examples_rclpy_guard_conditions:/home/muhie/Desktop/coursework/ros2_ws/src/install/examples_rclpy_executors:/home/muhie/Desktop/coursework/ros2_ws/src/install/ar_test:/home/muhie/Desktop/coursework/ros2_ws/src/install/ar_interface:/opt/ros/humble /usr/bin/cmake --install /home/muhie/Desktop/coursework/ros2_ws/src/build/examples_rclcpp_minimal_composition
