[0.138s] DEBUG:colcon:Command line arguments: ['/usr/bin/colcon', 'build']
[0.139s] DEBUG:colcon:Parsed command line arguments: Namespace(log_base=None, log_level=None, verb_name='build', build_base='build', install_base='install', merge_install=False, symlink_install=False, test_result_base=None, continue_on_error=False, executor='parallel', parallel_workers=12, event_handlers=None, ignore_user_meta=False, metas=['./colcon.meta'], base_paths=['.'], packages_ignore=None, packages_ignore_regex=None, paths=None, packages_up_to=None, packages_up_to_regex=None, packages_above=None, packages_above_and_dependencies=None, packages_above_depth=None, packages_select_by_dep=None, packages_skip_by_dep=None, packages_skip_up_to=None, packages_select_build_failed=False, packages_skip_build_finished=False, packages_select_test_failures=False, packages_skip_test_passed=False, packages_select=None, packages_skip=None, packages_select_regex=None, packages_skip_regex=None, packages_start=None, packages_end=None, allow_overriding=[], cmake_args=None, cmake_target=None, cmake_target_skip_unavailable=False, cmake_clean_cache=False, cmake_clean_first=False, cmake_force_configure=False, ament_cmake_args=None, catkin_cmake_args=None, catkin_skip_building_tests=False, mixin_files=None, mixin=None, verb_parser=<colcon_mixin.mixin.mixin_argument.MixinArgumentDecorator object at 0x7f9167569f00>, verb_extension=<colcon_core.verb.build.BuildVerb object at 0x7f916766eef0>, main=<bound method BuildVerb.main of <colcon_core.verb.build.BuildVerb object at 0x7f916766eef0>>, mixin_verb=('build',))
[0.352s] Level 1:colcon.colcon_core.package_discovery:discover_packages(colcon_meta) check parameters
[0.352s] Level 1:colcon.colcon_core.package_discovery:discover_packages(recursive) check parameters
[0.352s] Level 1:colcon.colcon_core.package_discovery:discover_packages(ignore) check parameters
[0.352s] Level 1:colcon.colcon_core.package_discovery:discover_packages(path) check parameters
[0.352s] Level 1:colcon.colcon_core.package_discovery:discover_packages(colcon_meta) discover
[0.352s] Level 1:colcon.colcon_core.package_discovery:discover_packages(recursive) discover
[0.352s] INFO:colcon.colcon_core.package_discovery:Crawling recursively for packages in '/home/muhie/Documents/cw/EMS628-COURSEWORK/ros2_ws'
[0.352s] Level 1:colcon.colcon_core.package_identification:_identify(.) by extensions ['ignore', 'ignore_ament_install']
[0.352s] Level 1:colcon.colcon_core.package_identification:_identify(.) by extension 'ignore'
[0.352s] Level 1:colcon.colcon_core.package_identification:_identify(.) by extension 'ignore_ament_install'
[0.352s] Level 1:colcon.colcon_core.package_identification:_identify(.) by extensions ['colcon_pkg']
[0.352s] Level 1:colcon.colcon_core.package_identification:_identify(.) by extension 'colcon_pkg'
[0.352s] Level 1:colcon.colcon_core.package_identification:_identify(.) by extensions ['colcon_meta']
[0.352s] Level 1:colcon.colcon_core.package_identification:_identify(.) by extension 'colcon_meta'
[0.353s] Level 1:colcon.colcon_core.package_identification:_identify(.) by extensions ['ros']
[0.353s] Level 1:colcon.colcon_core.package_identification:_identify(.) by extension 'ros'
[0.362s] Level 1:colcon.colcon_core.package_identification:_identify(.) by extensions ['cmake', 'python']
[0.362s] Level 1:colcon.colcon_core.package_identification:_identify(.) by extension 'cmake'
[0.363s] Level 1:colcon.colcon_core.package_identification:_identify(.) by extension 'python'
[0.363s] Level 1:colcon.colcon_core.package_identification:_identify(.) by extensions ['python_setup_py']
[0.363s] Level 1:colcon.colcon_core.package_identification:_identify(.) by extension 'python_setup_py'
[0.363s] Level 1:colcon.colcon_core.package_identification:_identify(build) by extensions ['ignore', 'ignore_ament_install']
[0.363s] Level 1:colcon.colcon_core.package_identification:_identify(build) by extension 'ignore'
[0.363s] Level 1:colcon.colcon_core.package_identification:_identify(build) ignored
[0.363s] Level 1:colcon.colcon_core.package_identification:_identify(install) by extensions ['ignore', 'ignore_ament_install']
[0.363s] Level 1:colcon.colcon_core.package_identification:_identify(install) by extension 'ignore'
[0.363s] Level 1:colcon.colcon_core.package_identification:_identify(install) ignored
[0.363s] Level 1:colcon.colcon_core.package_identification:_identify(log) by extensions ['ignore', 'ignore_ament_install']
[0.363s] Level 1:colcon.colcon_core.package_identification:_identify(log) by extension 'ignore'
[0.363s] Level 1:colcon.colcon_core.package_identification:_identify(log) ignored
[0.363s] Level 1:colcon.colcon_core.package_identification:_identify(src) by extensions ['ignore', 'ignore_ament_install']
[0.363s] Level 1:colcon.colcon_core.package_identification:_identify(src) by extension 'ignore'
[0.363s] Level 1:colcon.colcon_core.package_identification:_identify(src) by extension 'ignore_ament_install'
[0.364s] Level 1:colcon.colcon_core.package_identification:_identify(src) by extensions ['colcon_pkg']
[0.364s] Level 1:colcon.colcon_core.package_identification:_identify(src) by extension 'colcon_pkg'
[0.364s] Level 1:colcon.colcon_core.package_identification:_identify(src) by extensions ['colcon_meta']
[0.364s] Level 1:colcon.colcon_core.package_identification:_identify(src) by extension 'colcon_meta'
[0.364s] Level 1:colcon.colcon_core.package_identification:_identify(src) by extensions ['ros']
[0.364s] Level 1:colcon.colcon_core.package_identification:_identify(src) by extension 'ros'
[0.364s] Level 1:colcon.colcon_core.package_identification:_identify(src) by extensions ['cmake', 'python']
[0.364s] Level 1:colcon.colcon_core.package_identification:_identify(src) by extension 'cmake'
[0.364s] Level 1:colcon.colcon_core.package_identification:_identify(src) by extension 'python'
[0.364s] Level 1:colcon.colcon_core.package_identification:_identify(src) by extensions ['python_setup_py']
[0.364s] Level 1:colcon.colcon_core.package_identification:_identify(src) by extension 'python_setup_py'
[0.364s] Level 1:colcon.colcon_core.package_identification:_identify(src/ar_interface) by extensions ['ignore', 'ignore_ament_install']
[0.364s] Level 1:colcon.colcon_core.package_identification:_identify(src/ar_interface) by extension 'ignore'
[0.364s] Level 1:colcon.colcon_core.package_identification:_identify(src/ar_interface) by extension 'ignore_ament_install'
[0.364s] Level 1:colcon.colcon_core.package_identification:_identify(src/ar_interface) by extensions ['colcon_pkg']
[0.364s] Level 1:colcon.colcon_core.package_identification:_identify(src/ar_interface) by extension 'colcon_pkg'
[0.364s] Level 1:colcon.colcon_core.package_identification:_identify(src/ar_interface) by extensions ['colcon_meta']
[0.364s] Level 1:colcon.colcon_core.package_identification:_identify(src/ar_interface) by extension 'colcon_meta'
[0.364s] Level 1:colcon.colcon_core.package_identification:_identify(src/ar_interface) by extensions ['ros']
[0.364s] Level 1:colcon.colcon_core.package_identification:_identify(src/ar_interface) by extension 'ros'
[0.367s] DEBUG:colcon.colcon_core.package_identification:Package 'src/ar_interface' with type 'ros.ament_cmake' and name 'ar_interface'
[0.367s] Level 1:colcon.colcon_core.package_identification:_identify(src/ar_test) by extensions ['ignore', 'ignore_ament_install']
[0.367s] Level 1:colcon.colcon_core.package_identification:_identify(src/ar_test) by extension 'ignore'
[0.367s] Level 1:colcon.colcon_core.package_identification:_identify(src/ar_test) by extension 'ignore_ament_install'
[0.367s] Level 1:colcon.colcon_core.package_identification:_identify(src/ar_test) by extensions ['colcon_pkg']
[0.367s] Level 1:colcon.colcon_core.package_identification:_identify(src/ar_test) by extension 'colcon_pkg'
[0.367s] Level 1:colcon.colcon_core.package_identification:_identify(src/ar_test) by extensions ['colcon_meta']
[0.367s] Level 1:colcon.colcon_core.package_identification:_identify(src/ar_test) by extension 'colcon_meta'
[0.367s] Level 1:colcon.colcon_core.package_identification:_identify(src/ar_test) by extensions ['ros']
[0.367s] Level 1:colcon.colcon_core.package_identification:_identify(src/ar_test) by extension 'ros'
[0.368s] DEBUG:colcon.colcon_core.package_identification:Package 'src/ar_test' with type 'ros.ament_python' and name 'ar_test'
[0.368s] Level 1:colcon.colcon_core.package_identification:_identify(src/build) by extensions ['ignore', 'ignore_ament_install']
[0.368s] Level 1:colcon.colcon_core.package_identification:_identify(src/build) by extension 'ignore'
[0.368s] Level 1:colcon.colcon_core.package_identification:_identify(src/build) ignored
[0.368s] Level 1:colcon.colcon_core.package_identification:_identify(src/install) by extensions ['ignore', 'ignore_ament_install']
[0.368s] Level 1:colcon.colcon_core.package_identification:_identify(src/install) by extension 'ignore'
[0.368s] Level 1:colcon.colcon_core.package_identification:_identify(src/install) ignored
[0.368s] Level 1:colcon.colcon_core.package_identification:_identify(src/log) by extensions ['ignore', 'ignore_ament_install']
[0.368s] Level 1:colcon.colcon_core.package_identification:_identify(src/log) by extension 'ignore'
[0.368s] Level 1:colcon.colcon_core.package_identification:_identify(src/log) ignored
[0.368s] Level 1:colcon.colcon_core.package_discovery:discover_packages(recursive) using defaults
[0.368s] Level 1:colcon.colcon_core.package_discovery:discover_packages(ignore) discover
[0.368s] Level 1:colcon.colcon_core.package_discovery:discover_packages(ignore) using defaults
[0.368s] Level 1:colcon.colcon_core.package_discovery:discover_packages(path) discover
[0.368s] Level 1:colcon.colcon_core.package_discovery:discover_packages(path) using defaults
[0.401s] Level 1:colcon.colcon_core.package_discovery:discover_packages(prefix_path) check parameters
[0.401s] Level 1:colcon.colcon_core.package_discovery:discover_packages(prefix_path) discover
[0.403s] DEBUG:colcon.colcon_installed_package_information.package_discovery:Found 272 installed packages in /opt/ros/humble
[0.404s] Level 1:colcon.colcon_core.package_discovery:discover_packages(prefix_path) using defaults
[0.439s] Level 5:colcon.colcon_core.verb:set package 'ar_interface' build argument 'cmake_args' from command line to 'None'
[0.439s] Level 5:colcon.colcon_core.verb:set package 'ar_interface' build argument 'cmake_target' from command line to 'None'
[0.439s] Level 5:colcon.colcon_core.verb:set package 'ar_interface' build argument 'cmake_target_skip_unavailable' from command line to 'False'
[0.439s] Level 5:colcon.colcon_core.verb:set package 'ar_interface' build argument 'cmake_clean_cache' from command line to 'False'
[0.439s] Level 5:colcon.colcon_core.verb:set package 'ar_interface' build argument 'cmake_clean_first' from command line to 'False'
[0.439s] Level 5:colcon.colcon_core.verb:set package 'ar_interface' build argument 'cmake_force_configure' from command line to 'False'
[0.439s] Level 5:colcon.colcon_core.verb:set package 'ar_interface' build argument 'ament_cmake_args' from command line to 'None'
[0.439s] Level 5:colcon.colcon_core.verb:set package 'ar_interface' build argument 'catkin_cmake_args' from command line to 'None'
[0.439s] Level 5:colcon.colcon_core.verb:set package 'ar_interface' build argument 'catkin_skip_building_tests' from command line to 'False'
[0.439s] DEBUG:colcon.colcon_core.verb:Building package 'ar_interface' with the following arguments: {'ament_cmake_args': None, 'build_base': '/home/muhie/Documents/cw/EMS628-COURSEWORK/ros2_ws/build/ar_interface', 'catkin_cmake_args': None, 'catkin_skip_building_tests': False, 'cmake_args': None, 'cmake_clean_cache': False, 'cmake_clean_first': False, 'cmake_force_configure': False, 'cmake_target': None, 'cmake_target_skip_unavailable': False, 'install_base': '/home/muhie/Documents/cw/EMS628-COURSEWORK/ros2_ws/install/ar_interface', 'merge_install': False, 'path': '/home/muhie/Documents/cw/EMS628-COURSEWORK/ros2_ws/src/ar_interface', 'symlink_install': False, 'test_result_base': None}
[0.439s] Level 5:colcon.colcon_core.verb:set package 'ar_test' build argument 'cmake_args' from command line to 'None'
[0.439s] Level 5:colcon.colcon_core.verb:set package 'ar_test' build argument 'cmake_target' from command line to 'None'
[0.440s] Level 5:colcon.colcon_core.verb:set package 'ar_test' build argument 'cmake_target_skip_unavailable' from command line to 'False'
[0.440s] Level 5:colcon.colcon_core.verb:set package 'ar_test' build argument 'cmake_clean_cache' from command line to 'False'
[0.440s] Level 5:colcon.colcon_core.verb:set package 'ar_test' build argument 'cmake_clean_first' from command line to 'False'
[0.440s] Level 5:colcon.colcon_core.verb:set package 'ar_test' build argument 'cmake_force_configure' from command line to 'False'
[0.440s] Level 5:colcon.colcon_core.verb:set package 'ar_test' build argument 'ament_cmake_args' from command line to 'None'
[0.440s] Level 5:colcon.colcon_core.verb:set package 'ar_test' build argument 'catkin_cmake_args' from command line to 'None'
[0.440s] Level 5:colcon.colcon_core.verb:set package 'ar_test' build argument 'catkin_skip_building_tests' from command line to 'False'
[0.440s] DEBUG:colcon.colcon_core.verb:Building package 'ar_test' with the following arguments: {'ament_cmake_args': None, 'build_base': '/home/muhie/Documents/cw/EMS628-COURSEWORK/ros2_ws/build/ar_test', 'catkin_cmake_args': None, 'catkin_skip_building_tests': False, 'cmake_args': None, 'cmake_clean_cache': False, 'cmake_clean_first': False, 'cmake_force_configure': False, 'cmake_target': None, 'cmake_target_skip_unavailable': False, 'install_base': '/home/muhie/Documents/cw/EMS628-COURSEWORK/ros2_ws/install/ar_test', 'merge_install': False, 'path': '/home/muhie/Documents/cw/EMS628-COURSEWORK/ros2_ws/src/ar_test', 'symlink_install': False, 'test_result_base': None}
[0.440s] INFO:colcon.colcon_core.executor:Executing jobs using 'parallel' executor
[0.441s] DEBUG:colcon.colcon_parallel_executor.executor.parallel:run_until_complete
[0.441s] INFO:colcon.colcon_ros.task.ament_cmake.build:Building ROS package in '/home/muhie/Documents/cw/EMS628-COURSEWORK/ros2_ws/src/ar_interface' with build type 'ament_cmake'
[0.441s] INFO:colcon.colcon_cmake.task.cmake.build:Building CMake package in '/home/muhie/Documents/cw/EMS628-COURSEWORK/ros2_ws/src/ar_interface'
[0.443s] INFO:colcon.colcon_core.plugin_system:Skipping extension 'colcon_core.shell.bat': Not used on non-Windows systems
[0.443s] INFO:colcon.colcon_core.shell:Skip shell extension 'powershell' for command environment: Not usable outside of PowerShell
[0.443s] DEBUG:colcon.colcon_core.shell:Skip shell extension 'dsv' for command environment
[0.452s] DEBUG:colcon.colcon_core.event_handler.log_command:Invoking command in '/home/muhie/Documents/cw/EMS628-COURSEWORK/ros2_ws/build/ar_interface': CMAKE_PREFIX_PATH=/opt/ros/humble /usr/bin/cmake /home/muhie/Documents/cw/EMS628-COURSEWORK/ros2_ws/src/ar_interface -DCMAKE_INSTALL_PREFIX=/home/muhie/Documents/cw/EMS628-COURSEWORK/ros2_ws/install/ar_interface
[2.070s] DEBUG:colcon.colcon_core.event_handler.log_command:Invoked command in '/home/muhie/Documents/cw/EMS628-COURSEWORK/ros2_ws/build/ar_interface' returned '0': CMAKE_PREFIX_PATH=/opt/ros/humble /usr/bin/cmake /home/muhie/Documents/cw/EMS628-COURSEWORK/ros2_ws/src/ar_interface -DCMAKE_INSTALL_PREFIX=/home/muhie/Documents/cw/EMS628-COURSEWORK/ros2_ws/install/ar_interface
[2.072s] DEBUG:colcon.colcon_core.event_handler.log_command:Invoking command in '/home/muhie/Documents/cw/EMS628-COURSEWORK/ros2_ws/build/ar_interface': CMAKE_PREFIX_PATH=/opt/ros/humble /usr/bin/cmake --build /home/muhie/Documents/cw/EMS628-COURSEWORK/ros2_ws/build/ar_interface -- -j12 -l12
[4.954s] DEBUG:colcon.colcon_core.event_handler.log_command:Invoked command in '/home/muhie/Documents/cw/EMS628-COURSEWORK/ros2_ws/build/ar_interface' returned '0': CMAKE_PREFIX_PATH=/opt/ros/humble /usr/bin/cmake --build /home/muhie/Documents/cw/EMS628-COURSEWORK/ros2_ws/build/ar_interface -- -j12 -l12
[4.968s] DEBUG:colcon.colcon_core.event_handler.log_command:Invoking command in '/home/muhie/Documents/cw/EMS628-COURSEWORK/ros2_ws/build/ar_interface': CMAKE_PREFIX_PATH=/opt/ros/humble /usr/bin/cmake --install /home/muhie/Documents/cw/EMS628-COURSEWORK/ros2_ws/build/ar_interface
[5.046s] Level 1:colcon.colcon_core.environment:create_environment_scripts_only(ar_interface)
[5.047s] DEBUG:colcon.colcon_core.event_handler.log_command:Invoked command in '/home/muhie/Documents/cw/EMS628-COURSEWORK/ros2_ws/build/ar_interface' returned '0': CMAKE_PREFIX_PATH=/opt/ros/humble /usr/bin/cmake --install /home/muhie/Documents/cw/EMS628-COURSEWORK/ros2_ws/build/ar_interface
[5.049s] Level 1:colcon.colcon_core.environment:checking '/home/muhie/Documents/cw/EMS628-COURSEWORK/ros2_ws/install/ar_interface' for CMake module files
[5.049s] Level 1:colcon.colcon_core.environment:checking '/home/muhie/Documents/cw/EMS628-COURSEWORK/ros2_ws/install/ar_interface' for CMake config files
[5.050s] Level 1:colcon.colcon_core.shell:create_environment_hook('ar_interface', 'cmake_prefix_path')
[5.050s] INFO:colcon.colcon_core.shell:Creating environment hook '/home/muhie/Documents/cw/EMS628-COURSEWORK/ros2_ws/install/ar_interface/share/ar_interface/hook/cmake_prefix_path.ps1'
[5.051s] INFO:colcon.colcon_core.shell:Creating environment descriptor '/home/muhie/Documents/cw/EMS628-COURSEWORK/ros2_ws/install/ar_interface/share/ar_interface/hook/cmake_prefix_path.dsv'
[5.051s] INFO:colcon.colcon_core.shell:Creating environment hook '/home/muhie/Documents/cw/EMS628-COURSEWORK/ros2_ws/install/ar_interface/share/ar_interface/hook/cmake_prefix_path.sh'
[5.052s] Level 1:colcon.colcon_core.environment:checking '/home/muhie/Documents/cw/EMS628-COURSEWORK/ros2_ws/install/ar_interface/lib'
[5.052s] Level 1:colcon.colcon_core.shell:create_environment_hook('ar_interface', 'ld_library_path_lib')
[5.052s] INFO:colcon.colcon_core.shell:Creating environment hook '/home/muhie/Documents/cw/EMS628-COURSEWORK/ros2_ws/install/ar_interface/share/ar_interface/hook/ld_library_path_lib.ps1'
[5.053s] INFO:colcon.colcon_core.shell:Creating environment descriptor '/home/muhie/Documents/cw/EMS628-COURSEWORK/ros2_ws/install/ar_interface/share/ar_interface/hook/ld_library_path_lib.dsv'
[5.053s] INFO:colcon.colcon_core.shell:Creating environment hook '/home/muhie/Documents/cw/EMS628-COURSEWORK/ros2_ws/install/ar_interface/share/ar_interface/hook/ld_library_path_lib.sh'
[5.053s] Level 1:colcon.colcon_core.environment:checking '/home/muhie/Documents/cw/EMS628-COURSEWORK/ros2_ws/install/ar_interface/bin'
[5.053s] Level 1:colcon.colcon_core.environment:checking '/home/muhie/Documents/cw/EMS628-COURSEWORK/ros2_ws/install/ar_interface/lib/pkgconfig/ar_interface.pc'
[5.053s] Level 1:colcon.colcon_core.environment:checking '/home/muhie/Documents/cw/EMS628-COURSEWORK/ros2_ws/install/ar_interface/lib/python3.10/site-packages'
[5.054s] Level 1:colcon.colcon_core.environment:checking '/home/muhie/Documents/cw/EMS628-COURSEWORK/ros2_ws/install/ar_interface/bin'
[5.054s] INFO:colcon.colcon_core.shell:Creating package script '/home/muhie/Documents/cw/EMS628-COURSEWORK/ros2_ws/install/ar_interface/share/ar_interface/package.ps1'
[5.054s] INFO:colcon.colcon_core.shell:Creating package descriptor '/home/muhie/Documents/cw/EMS628-COURSEWORK/ros2_ws/install/ar_interface/share/ar_interface/package.dsv'
[5.055s] INFO:colcon.colcon_core.shell:Creating package script '/home/muhie/Documents/cw/EMS628-COURSEWORK/ros2_ws/install/ar_interface/share/ar_interface/package.sh'
[5.055s] INFO:colcon.colcon_core.shell:Creating package script '/home/muhie/Documents/cw/EMS628-COURSEWORK/ros2_ws/install/ar_interface/share/ar_interface/package.bash'
[5.056s] INFO:colcon.colcon_core.shell:Creating package script '/home/muhie/Documents/cw/EMS628-COURSEWORK/ros2_ws/install/ar_interface/share/ar_interface/package.zsh'
[5.056s] Level 1:colcon.colcon_core.environment:create_file_with_runtime_dependencies(/home/muhie/Documents/cw/EMS628-COURSEWORK/ros2_ws/install/ar_interface/share/colcon-core/packages/ar_interface)
[5.057s] Level 1:colcon.colcon_core.environment:create_environment_scripts_only(ar_interface)
[5.057s] Level 1:colcon.colcon_core.environment:checking '/home/muhie/Documents/cw/EMS628-COURSEWORK/ros2_ws/install/ar_interface' for CMake module files
[5.058s] Level 1:colcon.colcon_core.environment:checking '/home/muhie/Documents/cw/EMS628-COURSEWORK/ros2_ws/install/ar_interface' for CMake config files
[5.058s] Level 1:colcon.colcon_core.shell:create_environment_hook('ar_interface', 'cmake_prefix_path')
[5.059s] INFO:colcon.colcon_core.shell:Creating environment hook '/home/muhie/Documents/cw/EMS628-COURSEWORK/ros2_ws/install/ar_interface/share/ar_interface/hook/cmake_prefix_path.ps1'
[5.059s] INFO:colcon.colcon_core.shell:Creating environment descriptor '/home/muhie/Documents/cw/EMS628-COURSEWORK/ros2_ws/install/ar_interface/share/ar_interface/hook/cmake_prefix_path.dsv'
[5.059s] INFO:colcon.colcon_core.shell:Creating environment hook '/home/muhie/Documents/cw/EMS628-COURSEWORK/ros2_ws/install/ar_interface/share/ar_interface/hook/cmake_prefix_path.sh'
[5.060s] Level 1:colcon.colcon_core.environment:checking '/home/muhie/Documents/cw/EMS628-COURSEWORK/ros2_ws/install/ar_interface/lib'
[5.060s] Level 1:colcon.colcon_core.shell:create_environment_hook('ar_interface', 'ld_library_path_lib')
[5.060s] INFO:colcon.colcon_core.shell:Creating environment hook '/home/muhie/Documents/cw/EMS628-COURSEWORK/ros2_ws/install/ar_interface/share/ar_interface/hook/ld_library_path_lib.ps1'
[5.060s] INFO:colcon.colcon_core.shell:Creating environment descriptor '/home/muhie/Documents/cw/EMS628-COURSEWORK/ros2_ws/install/ar_interface/share/ar_interface/hook/ld_library_path_lib.dsv'
[5.060s] INFO:colcon.colcon_core.shell:Creating environment hook '/home/muhie/Documents/cw/EMS628-COURSEWORK/ros2_ws/install/ar_interface/share/ar_interface/hook/ld_library_path_lib.sh'
[5.061s] Level 1:colcon.colcon_core.environment:checking '/home/muhie/Documents/cw/EMS628-COURSEWORK/ros2_ws/install/ar_interface/bin'
[5.061s] Level 1:colcon.colcon_core.environment:checking '/home/muhie/Documents/cw/EMS628-COURSEWORK/ros2_ws/install/ar_interface/lib/pkgconfig/ar_interface.pc'
[5.061s] Level 1:colcon.colcon_core.environment:checking '/home/muhie/Documents/cw/EMS628-COURSEWORK/ros2_ws/install/ar_interface/lib/python3.10/site-packages'
[5.061s] Level 1:colcon.colcon_core.environment:checking '/home/muhie/Documents/cw/EMS628-COURSEWORK/ros2_ws/install/ar_interface/bin'
[5.062s] INFO:colcon.colcon_core.shell:Creating package script '/home/muhie/Documents/cw/EMS628-COURSEWORK/ros2_ws/install/ar_interface/share/ar_interface/package.ps1'
[5.062s] INFO:colcon.colcon_core.shell:Creating package descriptor '/home/muhie/Documents/cw/EMS628-COURSEWORK/ros2_ws/install/ar_interface/share/ar_interface/package.dsv'
[5.063s] INFO:colcon.colcon_core.shell:Creating package script '/home/muhie/Documents/cw/EMS628-COURSEWORK/ros2_ws/install/ar_interface/share/ar_interface/package.sh'
[5.063s] INFO:colcon.colcon_core.shell:Creating package script '/home/muhie/Documents/cw/EMS628-COURSEWORK/ros2_ws/install/ar_interface/share/ar_interface/package.bash'
[5.063s] INFO:colcon.colcon_core.shell:Creating package script '/home/muhie/Documents/cw/EMS628-COURSEWORK/ros2_ws/install/ar_interface/share/ar_interface/package.zsh'
[5.064s] Level 1:colcon.colcon_core.environment:create_file_with_runtime_dependencies(/home/muhie/Documents/cw/EMS628-COURSEWORK/ros2_ws/install/ar_interface/share/colcon-core/packages/ar_interface)
[5.064s] INFO:colcon.colcon_ros.task.ament_python.build:Building ROS package in '/home/muhie/Documents/cw/EMS628-COURSEWORK/ros2_ws/src/ar_test' with build type 'ament_python'
[5.064s] Level 1:colcon.colcon_core.shell:create_environment_hook('ar_test', 'ament_prefix_path')
[5.064s] INFO:colcon.colcon_core.shell:Creating environment hook '/home/muhie/Documents/cw/EMS628-COURSEWORK/ros2_ws/install/ar_test/share/ar_test/hook/ament_prefix_path.ps1'
[5.065s] INFO:colcon.colcon_core.shell:Creating environment descriptor '/home/muhie/Documents/cw/EMS628-COURSEWORK/ros2_ws/install/ar_test/share/ar_test/hook/ament_prefix_path.dsv'
[5.066s] INFO:colcon.colcon_core.shell:Creating environment hook '/home/muhie/Documents/cw/EMS628-COURSEWORK/ros2_ws/install/ar_test/share/ar_test/hook/ament_prefix_path.sh'
[5.066s] INFO:colcon.colcon_core.shell:Skip shell extension 'powershell' for command environment: Not usable outside of PowerShell
[5.066s] DEBUG:colcon.colcon_core.shell:Skip shell extension 'dsv' for command environment
[5.309s] INFO:colcon.colcon_core.task.python.build:Building Python package in '/home/muhie/Documents/cw/EMS628-COURSEWORK/ros2_ws/src/ar_test'
[5.309s] INFO:colcon.colcon_core.shell:Skip shell extension 'powershell' for command environment: Not usable outside of PowerShell
[5.309s] DEBUG:colcon.colcon_core.shell:Skip shell extension 'dsv' for command environment
[5.686s] DEBUG:colcon.colcon_core.event_handler.log_command:Invoking command in '/home/muhie/Documents/cw/EMS628-COURSEWORK/ros2_ws/src/ar_test': AMENT_PREFIX_PATH=/home/muhie/Documents/cw/EMS628-COURSEWORK/ros2_ws/install/ar_interface:${AMENT_PREFIX_PATH} CMAKE_PREFIX_PATH=/home/muhie/Documents/cw/EMS628-COURSEWORK/ros2_ws/install/ar_interface LD_LIBRARY_PATH=/home/muhie/Documents/cw/EMS628-COURSEWORK/ros2_ws/install/ar_interface/lib:${LD_LIBRARY_PATH} PYTHONPATH=/home/muhie/Documents/cw/EMS628-COURSEWORK/ros2_ws/build/ar_test/prefix_override:/usr/lib/python3/dist-packages/colcon_core/task/python/colcon_distutils_commands:/home/muhie/Documents/cw/EMS628-COURSEWORK/ros2_ws/install/ar_test/lib/python3.10/site-packages:/home/muhie/Documents/cw/EMS628-COURSEWORK/ros2_ws/install/ar_interface/local/lib/python3.10/dist-packages:${PYTHONPATH} /usr/bin/python3 -W ignore:setup.py install is deprecated -W ignore:easy_install command is deprecated setup.py egg_info --egg-base ../../build/ar_test build --build-base /home/muhie/Documents/cw/EMS628-COURSEWORK/ros2_ws/build/ar_test/build install --record /home/muhie/Documents/cw/EMS628-COURSEWORK/ros2_ws/build/ar_test/install.log --single-version-externally-managed install_data
[6.110s] Level 1:colcon.colcon_core.environment:checking '/home/muhie/Documents/cw/EMS628-COURSEWORK/ros2_ws/install/ar_test' for CMake module files
[6.110s] DEBUG:colcon.colcon_core.event_handler.log_command:Invoked command in '/home/muhie/Documents/cw/EMS628-COURSEWORK/ros2_ws/src/ar_test' returned '0': AMENT_PREFIX_PATH=/home/muhie/Documents/cw/EMS628-COURSEWORK/ros2_ws/install/ar_interface:${AMENT_PREFIX_PATH} CMAKE_PREFIX_PATH=/home/muhie/Documents/cw/EMS628-COURSEWORK/ros2_ws/install/ar_interface LD_LIBRARY_PATH=/home/muhie/Documents/cw/EMS628-COURSEWORK/ros2_ws/install/ar_interface/lib:${LD_LIBRARY_PATH} PYTHONPATH=/home/muhie/Documents/cw/EMS628-COURSEWORK/ros2_ws/build/ar_test/prefix_override:/usr/lib/python3/dist-packages/colcon_core/task/python/colcon_distutils_commands:/home/muhie/Documents/cw/EMS628-COURSEWORK/ros2_ws/install/ar_test/lib/python3.10/site-packages:/home/muhie/Documents/cw/EMS628-COURSEWORK/ros2_ws/install/ar_interface/local/lib/python3.10/dist-packages:${PYTHONPATH} /usr/bin/python3 -W ignore:setup.py install is deprecated -W ignore:easy_install command is deprecated setup.py egg_info --egg-base ../../build/ar_test build --build-base /home/muhie/Documents/cw/EMS628-COURSEWORK/ros2_ws/build/ar_test/build install --record /home/muhie/Documents/cw/EMS628-COURSEWORK/ros2_ws/build/ar_test/install.log --single-version-externally-managed install_data
[6.111s] Level 1:colcon.colcon_core.environment:checking '/home/muhie/Documents/cw/EMS628-COURSEWORK/ros2_ws/install/ar_test' for CMake config files
[6.111s] Level 1:colcon.colcon_core.environment:checking '/home/muhie/Documents/cw/EMS628-COURSEWORK/ros2_ws/install/ar_test/lib'
[6.111s] Level 1:colcon.colcon_core.environment:checking '/home/muhie/Documents/cw/EMS628-COURSEWORK/ros2_ws/install/ar_test/bin'
[6.111s] Level 1:colcon.colcon_core.environment:checking '/home/muhie/Documents/cw/EMS628-COURSEWORK/ros2_ws/install/ar_test/lib/pkgconfig/ar_test.pc'
[6.112s] Level 1:colcon.colcon_core.environment:checking '/home/muhie/Documents/cw/EMS628-COURSEWORK/ros2_ws/install/ar_test/lib/python3.10/site-packages'
[6.112s] Level 1:colcon.colcon_core.shell:create_environment_hook('ar_test', 'pythonpath')
[6.112s] INFO:colcon.colcon_core.shell:Creating environment hook '/home/muhie/Documents/cw/EMS628-COURSEWORK/ros2_ws/install/ar_test/share/ar_test/hook/pythonpath.ps1'
[6.113s] INFO:colcon.colcon_core.shell:Creating environment descriptor '/home/muhie/Documents/cw/EMS628-COURSEWORK/ros2_ws/install/ar_test/share/ar_test/hook/pythonpath.dsv'
[6.113s] INFO:colcon.colcon_core.shell:Creating environment hook '/home/muhie/Documents/cw/EMS628-COURSEWORK/ros2_ws/install/ar_test/share/ar_test/hook/pythonpath.sh'
[6.114s] Level 1:colcon.colcon_core.environment:checking '/home/muhie/Documents/cw/EMS628-COURSEWORK/ros2_ws/install/ar_test/bin'
[6.114s] Level 1:colcon.colcon_core.environment:create_environment_scripts_only(ar_test)
[6.114s] INFO:colcon.colcon_core.shell:Creating package script '/home/muhie/Documents/cw/EMS628-COURSEWORK/ros2_ws/install/ar_test/share/ar_test/package.ps1'
[6.115s] INFO:colcon.colcon_core.shell:Creating package descriptor '/home/muhie/Documents/cw/EMS628-COURSEWORK/ros2_ws/install/ar_test/share/ar_test/package.dsv'
[6.115s] INFO:colcon.colcon_core.shell:Creating package script '/home/muhie/Documents/cw/EMS628-COURSEWORK/ros2_ws/install/ar_test/share/ar_test/package.sh'
[6.116s] INFO:colcon.colcon_core.shell:Creating package script '/home/muhie/Documents/cw/EMS628-COURSEWORK/ros2_ws/install/ar_test/share/ar_test/package.bash'
[6.116s] INFO:colcon.colcon_core.shell:Creating package script '/home/muhie/Documents/cw/EMS628-COURSEWORK/ros2_ws/install/ar_test/share/ar_test/package.zsh'
[6.116s] Level 1:colcon.colcon_core.environment:create_file_with_runtime_dependencies(/home/muhie/Documents/cw/EMS628-COURSEWORK/ros2_ws/install/ar_test/share/colcon-core/packages/ar_test)
[6.117s] DEBUG:colcon.colcon_parallel_executor.executor.parallel:closing loop
[6.117s] DEBUG:colcon.colcon_parallel_executor.executor.parallel:loop closed
[6.117s] DEBUG:colcon.colcon_parallel_executor.executor.parallel:run_until_complete finished with '0'
[6.117s] DEBUG:colcon.colcon_core.event_reactor:joining thread
[6.123s] INFO:colcon.colcon_core.plugin_system:Skipping extension 'colcon_notification.desktop_notification.terminal_notifier': Not used on non-Darwin systems
[6.124s] INFO:colcon.colcon_core.plugin_system:Skipping extension 'colcon_notification.desktop_notification.win32': Not used on non-Windows systems
[6.124s] INFO:colcon.colcon_notification.desktop_notification:Sending desktop notification using 'notify2'
[6.140s] DEBUG:colcon.colcon_core.event_reactor:joined thread
[6.141s] INFO:colcon.colcon_core.shell:Creating prefix script '/home/muhie/Documents/cw/EMS628-COURSEWORK/ros2_ws/install/local_setup.ps1'
[6.142s] INFO:colcon.colcon_core.shell:Creating prefix util module '/home/muhie/Documents/cw/EMS628-COURSEWORK/ros2_ws/install/_local_setup_util_ps1.py'
[6.144s] INFO:colcon.colcon_core.shell:Creating prefix chain script '/home/muhie/Documents/cw/EMS628-COURSEWORK/ros2_ws/install/setup.ps1'
[6.145s] INFO:colcon.colcon_core.shell:Creating prefix script '/home/muhie/Documents/cw/EMS628-COURSEWORK/ros2_ws/install/local_setup.sh'
[6.145s] INFO:colcon.colcon_core.shell:Creating prefix util module '/home/muhie/Documents/cw/EMS628-COURSEWORK/ros2_ws/install/_local_setup_util_sh.py'
[6.146s] INFO:colcon.colcon_core.shell:Creating prefix chain script '/home/muhie/Documents/cw/EMS628-COURSEWORK/ros2_ws/install/setup.sh'
[6.147s] INFO:colcon.colcon_core.shell:Creating prefix script '/home/muhie/Documents/cw/EMS628-COURSEWORK/ros2_ws/install/local_setup.bash'
[6.147s] INFO:colcon.colcon_core.shell:Creating prefix chain script '/home/muhie/Documents/cw/EMS628-COURSEWORK/ros2_ws/install/setup.bash'
[6.148s] INFO:colcon.colcon_core.shell:Creating prefix script '/home/muhie/Documents/cw/EMS628-COURSEWORK/ros2_ws/install/local_setup.zsh'
[6.148s] INFO:colcon.colcon_core.shell:Creating prefix chain script '/home/muhie/Documents/cw/EMS628-COURSEWORK/ros2_ws/install/setup.zsh'
