[6.074s] Invoking command in '/home/muhie/Desktop/coursework/ros2_ws/src/examples/rclpy/executors': PYTHONPATH=/home/muhie/Desktop/coursework/ros2_ws/src/build/examples_rclpy_executors/prefix_override:/usr/lib/python3/dist-packages/colcon_core/task/python/colcon_distutils_commands:/home/muhie/Desktop/coursework/ros2_ws/src/install/examples_rclpy_executors/lib/python3.10/site-packages:${PYTHONPATH} /usr/bin/python3 -W ignore:setup.py install is deprecated -W ignore:easy_install command is deprecated setup.py egg_info --egg-base ../../../build/examples_rclpy_executors build --build-base /home/muhie/Desktop/coursework/ros2_ws/src/build/examples_rclpy_executors/build install --record /home/muhie/Desktop/coursework/ros2_ws/src/build/examples_rclpy_executors/install.log --single-version-externally-managed install_data
[6.423s] running egg_info
[6.427s] writing ../../../build/examples_rclpy_executors/examples_rclpy_executors.egg-info/PKG-INFO
[6.427s] writing dependency_links to ../../../build/examples_rclpy_executors/examples_rclpy_executors.egg-info/dependency_links.txt
[6.427s] writing entry points to ../../../build/examples_rclpy_executors/examples_rclpy_executors.egg-info/entry_points.txt
[6.428s] writing requirements to ../../../build/examples_rclpy_executors/examples_rclpy_executors.egg-info/requires.txt
[6.431s] writing top-level names to ../../../build/examples_rclpy_executors/examples_rclpy_executors.egg-info/top_level.txt
[6.431s] reading manifest file '../../../build/examples_rclpy_executors/examples_rclpy_executors.egg-info/SOURCES.txt'
[6.431s] writing manifest file '../../../build/examples_rclpy_executors/examples_rclpy_executors.egg-info/SOURCES.txt'
[6.431s] running build
[6.432s] running build_py
[6.432s] running install
[6.435s] running install_lib
[6.437s] running install_data
[6.437s] running install_egg_info
[6.441s] removing '/home/muhie/Desktop/coursework/ros2_ws/src/install/examples_rclpy_executors/lib/python3.10/site-packages/examples_rclpy_executors-0.15.5-py3.10.egg-info' (and everything under it)
[6.442s] Copying ../../../build/examples_rclpy_executors/examples_rclpy_executors.egg-info to /home/muhie/Desktop/coursework/ros2_ws/src/install/examples_rclpy_executors/lib/python3.10/site-packages/examples_rclpy_executors-0.15.5-py3.10.egg-info
[6.444s] running install_scripts
[6.504s] Installing callback_group script to /home/muhie/Desktop/coursework/ros2_ws/src/install/examples_rclpy_executors/lib/examples_rclpy_executors
[6.504s] Installing composed script to /home/muhie/Desktop/coursework/ros2_ws/src/install/examples_rclpy_executors/lib/examples_rclpy_executors
[6.504s] Installing custom_callback_group script to /home/muhie/Desktop/coursework/ros2_ws/src/install/examples_rclpy_executors/lib/examples_rclpy_executors
[6.504s] Installing custom_executor script to /home/muhie/Desktop/coursework/ros2_ws/src/install/examples_rclpy_executors/lib/examples_rclpy_executors
[6.505s] Installing listener script to /home/muhie/Desktop/coursework/ros2_ws/src/install/examples_rclpy_executors/lib/examples_rclpy_executors
[6.505s] Installing talker script to /home/muhie/Desktop/coursework/ros2_ws/src/install/examples_rclpy_executors/lib/examples_rclpy_executors
[6.505s] writing list of installed files to '/home/muhie/Desktop/coursework/ros2_ws/src/build/examples_rclpy_executors/install.log'
[6.562s] Invoked command in '/home/muhie/Desktop/coursework/ros2_ws/src/examples/rclpy/executors' returned '0': PYTHONPATH=/home/muhie/Desktop/coursework/ros2_ws/src/build/examples_rclpy_executors/prefix_override:/usr/lib/python3/dist-packages/colcon_core/task/python/colcon_distutils_commands:/home/muhie/Desktop/coursework/ros2_ws/src/install/examples_rclpy_executors/lib/python3.10/site-packages:${PYTHONPATH} /usr/bin/python3 -W ignore:setup.py install is deprecated -W ignore:easy_install command is deprecated setup.py egg_info --egg-base ../../../build/examples_rclpy_executors build --build-base /home/muhie/Desktop/coursework/ros2_ws/src/build/examples_rclpy_executors/build install --record /home/muhie/Desktop/coursework/ros2_ws/src/build/examples_rclpy_executors/install.log --single-version-externally-managed install_data
