[0.047s] Invoking command in '/home/muhie/Desktop/coursework/ros2_ws/src/build/ar_interface': CMAKE_PREFIX_PATH=/opt/ros/humble /usr/bin/cmake /home/muhie/Desktop/coursework/ros2_ws/src/ar_interface -DCMAKE_INSTALL_PREFIX=/home/muhie/Desktop/coursework/ros2_ws/src/install/ar_interface
[0.103s] -- Found ament_cmake: 1.3.12 (/opt/ros/humble/share/ament_cmake/cmake)
[0.497s] -- Found ament_lint_auto: 0.12.14 (/opt/ros/humble/share/ament_lint_auto/cmake)
[0.616s] -- Found rosidl_default_generators: 1.2.0 (/opt/ros/humble/share/rosidl_default_generators/cmake)
[0.617s] -- Using all available rosidl_typesupport_c: rosidl_typesupport_fastrtps_c;rosidl_typesupport_introspection_c
[0.659s] -- Found rosidl_adapter: 3.1.8 (/opt/ros/humble/share/rosidl_adapter/cmake)
[0.676s] -- Using all available rosidl_typesupport_cpp: rosidl_typesupport_fastrtps_cpp;rosidl_typesupport_introspection_cpp
[0.964s] [31mCMake Error at /opt/ros/humble/share/rosidl_adapter/cmake/rosidl_adapt_interfaces.cmake:59 (message):
[0.964s]   execute_process(/usr/bin/python3 -m rosidl_adapter --package-name
[0.964s]   ar_interface --arguments-file
[0.964s]   /home/muhie/Desktop/coursework/ros2_ws/src/build/ar_interface/rosidl_adapter__arguments__ar_interface.json
[0.964s]   --output-dir
[0.964s]   /home/muhie/Desktop/coursework/ros2_ws/src/build/ar_interface/rosidl_adapter/ar_interface
[0.965s]   --output-file
[0.965s]   /home/muhie/Desktop/coursework/ros2_ws/src/build/ar_interface/rosidl_adapter/ar_interface.idls)
[0.965s]   returned error code 1:
[0.965s] 
[0.965s]   Traceback (most recent call last):
[0.965s] 
[0.965s]     File "/usr/lib/python3.10/runpy.py", line 196, in _run_module_as_main
[0.965s]       return _run_code(code, main_globals, None,
[0.965s]     File "/usr/lib/python3.10/runpy.py", line 86, in _run_code
[0.965s]       exec(code, run_globals)
[0.966s]     File "/opt/ros/humble/local/lib/python3.10/dist-packages/rosidl_adapter/__main__.py", line 19, in <module>
[0.966s]       sys.exit(main())
[0.966s]     File "/opt/ros/humble/local/lib/python3.10/dist-packages/rosidl_adapter/main.py", line 53, in main
[0.966s]       abs_idl_file = convert_to_idl(
[0.966s]     File "/opt/ros/humble/local/lib/python3.10/dist-packages/rosidl_adapter/__init__.py", line 19, in convert_to_idl
[0.966s]       return convert_msg_to_idl(
[0.966s]     File "/opt/ros/humble/local/lib/python3.10/dist-packages/rosidl_adapter/msg/__init__.py", line 28, in convert_msg_to_idl
[0.966s]       msg = parse_message_string(package_name, input_file.stem, content)
[0.966s]     File "/opt/ros/humble/local/lib/python3.10/dist-packages/rosidl_adapter/parser.py", line 544, in parse_message_string
[0.966s]       msg = MessageSpecification(pkg_name, msg_name, fields, constants)
[0.966s]     File "/opt/ros/humble/local/lib/python3.10/dist-packages/rosidl_adapter/parser.py", line 388, in __init__
[0.967s]       self.base_type = BaseType(
[0.967s]     File "/opt/ros/humble/local/lib/python3.10/dist-packages/rosidl_adapter/parser.py", line 205, in __init__
[0.967s]       raise InvalidResourceName(
[0.967s] 
[0.967s]   rosidl_adapter.parser.InvalidResourceName: 'cubic_traj_coeffs' is an
[0.967s]   invalid message name.  It should have the pattern '^[A-Z][A-Za-z0-9]*$'
[0.967s] 
[0.967s] Call Stack (most recent call first):
[0.967s]   /opt/ros/humble/share/rosidl_cmake/cmake/rosidl_generate_interfaces.cmake:130 (rosidl_adapt_interfaces)
[0.967s]   CMakeLists.txt:34 (rosidl_generate_interfaces)
[0.967s] 
[0.968s] [0m
[0.968s] -- Configuring incomplete, errors occurred!
[0.968s] See also "/home/muhie/Desktop/coursework/ros2_ws/src/build/ar_interface/CMakeFiles/CMakeOutput.log".
[1.700s] Invoked command in '/home/muhie/Desktop/coursework/ros2_ws/src/build/ar_interface' returned '1': CMAKE_PREFIX_PATH=/opt/ros/humble /usr/bin/cmake /home/muhie/Desktop/coursework/ros2_ws/src/ar_interface -DCMAKE_INSTALL_PREFIX=/home/muhie/Desktop/coursework/ros2_ws/src/install/ar_interface
