[3.389s] Invoking command in '/home/muhie/Desktop/coursework/ros2_ws/src/examples/rclpy/services/minimal_service': PYTHONPATH=/home/muhie/Desktop/coursework/ros2_ws/src/build/examples_rclpy_minimal_service/prefix_override:/usr/lib/python3/dist-packages/colcon_core/task/python/colcon_distutils_commands:/home/muhie/Desktop/coursework/ros2_ws/src/install/examples_rclpy_minimal_service/lib/python3.10/site-packages:${PYTHONPATH} /usr/bin/python3 -W ignore:setup.py install is deprecated -W ignore:easy_install command is deprecated setup.py egg_info --egg-base ../../../../build/examples_rclpy_minimal_service build --build-base /home/muhie/Desktop/coursework/ros2_ws/src/build/examples_rclpy_minimal_service/build install --record /home/muhie/Desktop/coursework/ros2_ws/src/build/examples_rclpy_minimal_service/install.log --single-version-externally-managed install_data
[3.971s] running egg_info
[3.971s] creating ../../../../build/examples_rclpy_minimal_service/examples_rclpy_minimal_service.egg-info
[3.972s] writing ../../../../build/examples_rclpy_minimal_service/examples_rclpy_minimal_service.egg-info/PKG-INFO
[3.972s] writing dependency_links to ../../../../build/examples_rclpy_minimal_service/examples_rclpy_minimal_service.egg-info/dependency_links.txt
[3.976s] writing entry points to ../../../../build/examples_rclpy_minimal_service/examples_rclpy_minimal_service.egg-info/entry_points.txt
[3.976s] writing requirements to ../../../../build/examples_rclpy_minimal_service/examples_rclpy_minimal_service.egg-info/requires.txt
[3.977s] writing top-level names to ../../../../build/examples_rclpy_minimal_service/examples_rclpy_minimal_service.egg-info/top_level.txt
[3.977s] writing manifest file '../../../../build/examples_rclpy_minimal_service/examples_rclpy_minimal_service.egg-info/SOURCES.txt'
[3.978s] reading manifest file '../../../../build/examples_rclpy_minimal_service/examples_rclpy_minimal_service.egg-info/SOURCES.txt'
[3.980s] writing manifest file '../../../../build/examples_rclpy_minimal_service/examples_rclpy_minimal_service.egg-info/SOURCES.txt'
[3.981s] running build
[3.981s] running build_py
[3.982s] creating /home/muhie/Desktop/coursework/ros2_ws/src/build/examples_rclpy_minimal_service/build
[3.982s] creating /home/muhie/Desktop/coursework/ros2_ws/src/build/examples_rclpy_minimal_service/build/lib
[3.982s] creating /home/muhie/Desktop/coursework/ros2_ws/src/build/examples_rclpy_minimal_service/build/lib/examples_rclpy_minimal_service
[3.983s] copying examples_rclpy_minimal_service/service.py -> /home/muhie/Desktop/coursework/ros2_ws/src/build/examples_rclpy_minimal_service/build/lib/examples_rclpy_minimal_service
[3.986s] copying examples_rclpy_minimal_service/__init__.py -> /home/muhie/Desktop/coursework/ros2_ws/src/build/examples_rclpy_minimal_service/build/lib/examples_rclpy_minimal_service
[3.986s] copying examples_rclpy_minimal_service/service_member_function.py -> /home/muhie/Desktop/coursework/ros2_ws/src/build/examples_rclpy_minimal_service/build/lib/examples_rclpy_minimal_service
[3.986s] running install
[3.987s] running install_lib
[3.987s] creating /home/muhie/Desktop/coursework/ros2_ws/src/install/examples_rclpy_minimal_service/lib/python3.10/site-packages/examples_rclpy_minimal_service
[3.988s] copying /home/muhie/Desktop/coursework/ros2_ws/src/build/examples_rclpy_minimal_service/build/lib/examples_rclpy_minimal_service/service.py -> /home/muhie/Desktop/coursework/ros2_ws/src/install/examples_rclpy_minimal_service/lib/python3.10/site-packages/examples_rclpy_minimal_service
[3.988s] copying /home/muhie/Desktop/coursework/ros2_ws/src/build/examples_rclpy_minimal_service/build/lib/examples_rclpy_minimal_service/__init__.py -> /home/muhie/Desktop/coursework/ros2_ws/src/install/examples_rclpy_minimal_service/lib/python3.10/site-packages/examples_rclpy_minimal_service
[3.990s] copying /home/muhie/Desktop/coursework/ros2_ws/src/build/examples_rclpy_minimal_service/build/lib/examples_rclpy_minimal_service/service_member_function.py -> /home/muhie/Desktop/coursework/ros2_ws/src/install/examples_rclpy_minimal_service/lib/python3.10/site-packages/examples_rclpy_minimal_service
[3.990s] byte-compiling /home/muhie/Desktop/coursework/ros2_ws/src/install/examples_rclpy_minimal_service/lib/python3.10/site-packages/examples_rclpy_minimal_service/service.py to service.cpython-310.pyc
[3.991s] byte-compiling /home/muhie/Desktop/coursework/ros2_ws/src/install/examples_rclpy_minimal_service/lib/python3.10/site-packages/examples_rclpy_minimal_service/__init__.py to __init__.cpython-310.pyc
[3.992s] byte-compiling /home/muhie/Desktop/coursework/ros2_ws/src/install/examples_rclpy_minimal_service/lib/python3.10/site-packages/examples_rclpy_minimal_service/service_member_function.py to service_member_function.cpython-310.pyc
[3.996s] running install_data
[3.996s] creating /home/muhie/Desktop/coursework/ros2_ws/src/install/examples_rclpy_minimal_service/share/ament_index
[3.996s] creating /home/muhie/Desktop/coursework/ros2_ws/src/install/examples_rclpy_minimal_service/share/ament_index/resource_index
[3.997s] creating /home/muhie/Desktop/coursework/ros2_ws/src/install/examples_rclpy_minimal_service/share/ament_index/resource_index/packages
[3.997s] copying resource/examples_rclpy_minimal_service -> /home/muhie/Desktop/coursework/ros2_ws/src/install/examples_rclpy_minimal_service/share/ament_index/resource_index/packages
[3.997s] copying package.xml -> /home/muhie/Desktop/coursework/ros2_ws/src/install/examples_rclpy_minimal_service/share/examples_rclpy_minimal_service
[4.001s] running install_egg_info
[4.006s] Copying ../../../../build/examples_rclpy_minimal_service/examples_rclpy_minimal_service.egg-info to /home/muhie/Desktop/coursework/ros2_ws/src/install/examples_rclpy_minimal_service/lib/python3.10/site-packages/examples_rclpy_minimal_service-0.15.5-py3.10.egg-info
[4.012s] running install_scripts
[4.066s] Installing service script to /home/muhie/Desktop/coursework/ros2_ws/src/install/examples_rclpy_minimal_service/lib/examples_rclpy_minimal_service
[4.066s] Installing service_member_function script to /home/muhie/Desktop/coursework/ros2_ws/src/install/examples_rclpy_minimal_service/lib/examples_rclpy_minimal_service
[4.067s] writing list of installed files to '/home/muhie/Desktop/coursework/ros2_ws/src/build/examples_rclpy_minimal_service/install.log'
[4.134s] Invoked command in '/home/muhie/Desktop/coursework/ros2_ws/src/examples/rclpy/services/minimal_service' returned '0': PYTHONPATH=/home/muhie/Desktop/coursework/ros2_ws/src/build/examples_rclpy_minimal_service/prefix_override:/usr/lib/python3/dist-packages/colcon_core/task/python/colcon_distutils_commands:/home/muhie/Desktop/coursework/ros2_ws/src/install/examples_rclpy_minimal_service/lib/python3.10/site-packages:${PYTHONPATH} /usr/bin/python3 -W ignore:setup.py install is deprecated -W ignore:easy_install command is deprecated setup.py egg_info --egg-base ../../../../build/examples_rclpy_minimal_service build --build-base /home/muhie/Desktop/coursework/ros2_ws/src/build/examples_rclpy_minimal_service/build install --record /home/muhie/Desktop/coursework/ros2_ws/src/build/examples_rclpy_minimal_service/install.log --single-version-externally-managed install_data
