[1.329s] Invoking command in '/home/muhie/Desktop/coursework/ros2_ws/src/build/examples_rclcpp_minimal_service': CMAKE_PREFIX_PATH=/opt/ros/humble /usr/bin/cmake /home/muhie/Desktop/coursework/ros2_ws/src/examples/rclcpp/services/minimal_service -DCMAKE_INSTALL_PREFIX=/home/muhie/Desktop/coursework/ros2_ws/src/install/examples_rclcpp_minimal_service
[1.570s] -- The C compiler identification is GNU 11.4.0
[1.859s] -- The CXX compiler identification is GNU 11.4.0
[1.896s] -- Detecting C compiler ABI info
[2.171s] -- Detecting C compiler ABI info - done
[2.201s] -- Check for working C compiler: /usr/bin/cc - skipped
[2.201s] -- Detecting C compile features
[2.204s] -- Detecting C compile features - done
[2.212s] -- Detecting CXX compiler ABI info
[2.553s] -- Detecting CXX compiler ABI info - done
[2.582s] -- Check for working CXX compiler: /usr/bin/c++ - skipped
[2.582s] -- Detecting CXX compile features
[2.591s] -- Detecting CXX compile features - done
[2.591s] -- Found ament_cmake: 1.3.12 (/opt/ros/humble/share/ament_cmake/cmake)
[3.145s] -- Found Python3: /usr/bin/python3 (found version "3.10.12") found components: Interpreter 
[3.542s] -- Found example_interfaces: 0.9.3 (/opt/ros/humble/share/example_interfaces/cmake)
[3.682s] -- Found rosidl_generator_c: 3.1.8 (/opt/ros/humble/share/rosidl_generator_c/cmake)
[3.704s] -- Found rosidl_adapter: 3.1.8 (/opt/ros/humble/share/rosidl_adapter/cmake)
[3.741s] -- Found rosidl_generator_cpp: 3.1.8 (/opt/ros/humble/share/rosidl_generator_cpp/cmake)
[3.793s] -- Using all available rosidl_typesupport_c: rosidl_typesupport_fastrtps_c;rosidl_typesupport_introspection_c
[3.853s] -- Using all available rosidl_typesupport_cpp: rosidl_typesupport_fastrtps_cpp;rosidl_typesupport_introspection_cpp
[4.075s] -- Found rclcpp: 16.0.17 (/opt/ros/humble/share/rclcpp/cmake)
[4.198s] -- Found rmw_implementation_cmake: 6.1.2 (/opt/ros/humble/share/rmw_implementation_cmake/cmake)
[4.208s] -- Found rmw_fastrtps_cpp: 6.2.9 (/opt/ros/humble/share/rmw_fastrtps_cpp/cmake)
[4.495s] -- Found OpenSSL: /usr/lib/x86_64-linux-gnu/libcrypto.so (found version "3.0.2")  
[4.585s] -- Found FastRTPS: /opt/ros/humble/include  
[4.712s] -- Using RMW implementation 'rmw_fastrtps_cpp' as default
[4.741s] -- Looking for pthread.h
[4.979s] -- Looking for pthread.h - found
[4.980s] -- Performing Test CMAKE_HAVE_LIBC_PTHREAD
[5.244s] -- Performing Test CMAKE_HAVE_LIBC_PTHREAD - Success
[5.248s] -- Found Threads: TRUE  
[5.433s] -- Found ament_lint_auto: 0.12.14 (/opt/ros/humble/share/ament_lint_auto/cmake)
[5.687s] -- Added test 'copyright' to check source files copyright and LICENSE
[5.701s] -- Added test 'cppcheck' to perform static code analysis on C / C++ code
[5.702s] -- Configured cppcheck include dirs: 
[5.708s] -- Configured cppcheck exclude dirs and/or files: 
[5.708s] -- Added test 'cpplint' to check C / C++ code against the Google style
[5.709s] -- Configured cpplint exclude dirs and/or files: 
[5.709s] -- Added test 'lint_cmake' to check CMake code style
[5.709s] -- Added test 'uncrustify' to check C / C++ code style
[5.710s] -- Configured uncrustify additional arguments: 
[5.720s] -- Added test 'xmllint' to check XML markup files
[5.721s] -- Configuring done
[5.785s] -- Generating done
[5.818s] -- Build files have been written to: /home/muhie/Desktop/coursework/ros2_ws/src/build/examples_rclcpp_minimal_service
[5.875s] Invoked command in '/home/muhie/Desktop/coursework/ros2_ws/src/build/examples_rclcpp_minimal_service' returned '0': CMAKE_PREFIX_PATH=/opt/ros/humble /usr/bin/cmake /home/muhie/Desktop/coursework/ros2_ws/src/examples/rclcpp/services/minimal_service -DCMAKE_INSTALL_PREFIX=/home/muhie/Desktop/coursework/ros2_ws/src/install/examples_rclcpp_minimal_service
[5.914s] Invoking command in '/home/muhie/Desktop/coursework/ros2_ws/src/build/examples_rclcpp_minimal_service': CMAKE_PREFIX_PATH=/opt/ros/humble /usr/bin/cmake --build /home/muhie/Desktop/coursework/ros2_ws/src/build/examples_rclcpp_minimal_service -- -j12 -l12
[6.004s] [ 50%] [32mBuilding CXX object CMakeFiles/service_main.dir/main.cpp.o[0m
