[0.009s] Invoking command in '/home/muhie/Desktop/coursework/ros2_ws/src/build/ar_interface': CMAKE_PREFIX_PATH=/opt/ros/humble /usr/bin/cmake --build /home/muhie/Desktop/coursework/ros2_ws/src/build/ar_interface -- -j12 -l12
[0.032s] -- Found ament_cmake: 1.3.12 (/opt/ros/humble/share/ament_cmake/cmake)
[0.130s] -- Found ament_lint_auto: 0.12.14 (/opt/ros/humble/share/ament_lint_auto/cmake)
[0.180s] -- Found rosidl_default_generators: 1.2.0 (/opt/ros/humble/share/rosidl_default_generators/cmake)
[0.181s] -- Using all available rosidl_typesupport_c: rosidl_typesupport_fastrtps_c;rosidl_typesupport_introspection_c
[0.183s] -- Found rosidl_adapter: 3.1.8 (/opt/ros/humble/share/rosidl_adapter/cmake)
[0.206s] -- Using all available rosidl_typesupport_cpp: rosidl_typesupport_fastrtps_cpp;rosidl_typesupport_introspection_cpp
[0.385s] -- Found ament_cmake_ros: 0.10.0 (/opt/ros/humble/share/ament_cmake_ros/cmake)
[0.533s] -- Using all available rosidl_typesupport_c: rosidl_typesupport_fastrtps_c;rosidl_typesupport_introspection_c
[0.721s] -- Using all available rosidl_typesupport_cpp: rosidl_typesupport_fastrtps_cpp;rosidl_typesupport_introspection_cpp
[0.740s] -- Found python_cmake_module: 0.10.0 (/opt/ros/humble/share/python_cmake_module/cmake)
[0.759s] -- Using PYTHON_EXECUTABLE: /usr/bin/python3
[0.759s] -- Using PYTHON_INCLUDE_DIRS: /usr/include/python3.10
[0.759s] -- Using PYTHON_LIBRARIES: /usr/lib/x86_64-linux-gnu/libpython3.10.so
[0.769s] -- Added test 'lint_cmake' to check CMake code style
[0.770s] -- Added test 'xmllint' to check XML markup files
[0.772s] -- Configuring done
[0.799s] -- Generating done
[0.809s] -- Build files have been written to: /home/muhie/Desktop/coursework/ros2_ws/src/build/ar_interface
[0.833s] [  2%] [34m[1mGenerating C code for ROS interfaces[0m
[0.843s] [  4%] [34m[1mGenerating C++ code for ROS interfaces[0m
[0.855s] [  4%] Built target ament_cmake_python_copy_ar_interface
[1.096s] running egg_info
[1.097s] writing ar_interface.egg-info/PKG-INFO
[1.097s] writing dependency_links to ar_interface.egg-info/dependency_links.txt
[1.097s] writing top-level names to ar_interface.egg-info/top_level.txt
[1.099s] reading manifest file 'ar_interface.egg-info/SOURCES.txt'
[1.100s] writing manifest file 'ar_interface.egg-info/SOURCES.txt'
[1.129s] [  4%] Built target ament_cmake_python_build_ar_interface_egg
[1.206s] [35m[1mConsolidate compiler generated dependencies of target ar_interface__rosidl_generator_c[0m
[1.218s] [  4%] Built target ar_interface__cpp
[1.221s] [ 10%] [32mBuilding C object CMakeFiles/ar_interface__rosidl_generator_c.dir/rosidl_generator_c/ar_interface/msg/detail/cubic_traj_coeffs__functions.c.o[0m
[1.222s] [ 10%] [32mBuilding C object CMakeFiles/ar_interface__rosidl_generator_c.dir/rosidl_generator_c/ar_interface/msg/detail/cubic_traj_params__functions.c.o[0m
[1.222s] [ 10%] [32mBuilding C object CMakeFiles/ar_interface__rosidl_generator_c.dir/rosidl_generator_c/ar_interface/srv/detail/compute_cubic_traj__functions.c.o[0m
[1.230s] [ 17%] [34m[1mGenerating C++ introspection for ROS interfaces[0m
[1.230s] [ 17%] [34m[1mGenerating C++ type support dispatch for ROS interfaces[0m
[1.230s] [ 17%] [34m[1mGenerating C++ type support for eProsima Fast-RTPS[0m
[1.293s] [ 19%] [32m[1mLinking C shared library libar_interface__rosidl_generator_c.so[0m
[1.344s] [ 19%] Built target ar_interface__rosidl_generator_c
[1.362s] [ 25%] [34m[1mGenerating C type support dispatch for ROS interfaces[0m
[1.363s] [ 25%] [34m[1mGenerating C type support for eProsima Fast-RTPS[0m
[1.363s] [ 25%] [34m[1mGenerating C introspection for ROS interfaces[0m
[1.596s] [35m[1mConsolidate compiler generated dependencies of target ar_interface__rosidl_typesupport_cpp[0m
[1.620s] [ 27%] [32mBuilding CXX object CMakeFiles/ar_interface__rosidl_typesupport_cpp.dir/rosidl_typesupport_cpp/ar_interface/msg/cubic_traj_coeffs__type_support.cpp.o[0m
[1.622s] [ 29%] [32mBuilding CXX object CMakeFiles/ar_interface__rosidl_typesupport_cpp.dir/rosidl_typesupport_cpp/ar_interface/msg/cubic_traj_params__type_support.cpp.o[0m
[1.623s] [ 31%] [32mBuilding CXX object CMakeFiles/ar_interface__rosidl_typesupport_cpp.dir/rosidl_typesupport_cpp/ar_interface/srv/compute_cubic_traj__type_support.cpp.o[0m
[1.633s] [35m[1mConsolidate compiler generated dependencies of target ar_interface__rosidl_typesupport_introspection_cpp[0m
[1.661s] [ 34%] [32mBuilding CXX object CMakeFiles/ar_interface__rosidl_typesupport_introspection_cpp.dir/rosidl_typesupport_introspection_cpp/ar_interface/msg/detail/cubic_traj_params__type_support.cpp.o[0m
[1.662s] [ 36%] [32mBuilding CXX object CMakeFiles/ar_interface__rosidl_typesupport_introspection_cpp.dir/rosidl_typesupport_introspection_cpp/ar_interface/srv/detail/compute_cubic_traj__type_support.cpp.o[0m
[1.662s] [ 38%] [32mBuilding CXX object CMakeFiles/ar_interface__rosidl_typesupport_introspection_cpp.dir/rosidl_typesupport_introspection_cpp/ar_interface/msg/detail/cubic_traj_coeffs__type_support.cpp.o[0m
[1.701s] [35m[1mConsolidate compiler generated dependencies of target ar_interface__rosidl_typesupport_fastrtps_cpp[0m
[1.755s] [ 40%] [32mBuilding CXX object CMakeFiles/ar_interface__rosidl_typesupport_fastrtps_cpp.dir/rosidl_typesupport_fastrtps_cpp/ar_interface/msg/detail/dds_fastrtps/cubic_traj_coeffs__type_support.cpp.o[0m
[1.759s] [ 42%] [32mBuilding CXX object CMakeFiles/ar_interface__rosidl_typesupport_fastrtps_cpp.dir/rosidl_typesupport_fastrtps_cpp/ar_interface/msg/detail/dds_fastrtps/cubic_traj_params__type_support.cpp.o[0m
[1.763s] [ 44%] [32mBuilding CXX object CMakeFiles/ar_interface__rosidl_typesupport_fastrtps_cpp.dir/rosidl_typesupport_fastrtps_cpp/ar_interface/srv/detail/dds_fastrtps/compute_cubic_traj__type_support.cpp.o[0m
[1.763s] [35m[1mConsolidate compiler generated dependencies of target ar_interface__rosidl_typesupport_c[0m
[1.791s] [ 46%] [32mBuilding CXX object CMakeFiles/ar_interface__rosidl_typesupport_c.dir/rosidl_typesupport_c/ar_interface/msg/cubic_traj_coeffs__type_support.cpp.o[0m
[1.867s] [ 48%] [32mBuilding CXX object CMakeFiles/ar_interface__rosidl_typesupport_c.dir/rosidl_typesupport_c/ar_interface/msg/cubic_traj_params__type_support.cpp.o[0m
[1.930s] [ 51%] [32mBuilding CXX object CMakeFiles/ar_interface__rosidl_typesupport_c.dir/rosidl_typesupport_c/ar_interface/srv/compute_cubic_traj__type_support.cpp.o[0m
[1.973s] [35m[1mConsolidate compiler generated dependencies of target ar_interface__rosidl_typesupport_introspection_c[0m
[1.988s] [35m[1mConsolidate compiler generated dependencies of target ar_interface__rosidl_typesupport_fastrtps_c[0m
[2.002s] [ 53%] [32mBuilding C object CMakeFiles/ar_interface__rosidl_typesupport_introspection_c.dir/rosidl_typesupport_introspection_c/ar_interface/msg/detail/cubic_traj_coeffs__type_support.c.o[0m
[2.016s] [ 55%] [32m[1mLinking CXX shared library libar_interface__rosidl_typesupport_c.so[0m
[2.028s] [ 57%] [32mBuilding CXX object CMakeFiles/ar_interface__rosidl_typesupport_fastrtps_c.dir/rosidl_typesupport_fastrtps_c/ar_interface/msg/detail/cubic_traj_coeffs__type_support_c.cpp.o[0m
[2.094s] [ 59%] [32mBuilding C object CMakeFiles/ar_interface__rosidl_typesupport_introspection_c.dir/rosidl_typesupport_introspection_c/ar_interface/msg/detail/cubic_traj_params__type_support.c.o[0m
[2.134s] [ 61%] Built target ar_interface__rosidl_typesupport_c
[2.135s] [ 61%] [32mBuilding CXX object CMakeFiles/ar_interface__rosidl_typesupport_fastrtps_c.dir/rosidl_typesupport_fastrtps_c/ar_interface/msg/detail/cubic_traj_params__type_support_c.cpp.o[0m
[2.135s] [ 63%] [32mBuilding C object CMakeFiles/ar_interface__rosidl_typesupport_introspection_c.dir/rosidl_typesupport_introspection_c/ar_interface/srv/detail/compute_cubic_traj__type_support.c.o[0m
[2.154s] [ 65%] [32mBuilding CXX object CMakeFiles/ar_interface__rosidl_typesupport_fastrtps_c.dir/rosidl_typesupport_fastrtps_c/ar_interface/srv/detail/compute_cubic_traj__type_support_c.cpp.o[0m
[2.157s] [ 68%] [32m[1mLinking CXX shared library libar_interface__rosidl_typesupport_cpp.so[0m
[2.220s] [ 70%] [32m[1mLinking C shared library libar_interface__rosidl_typesupport_introspection_c.so[0m
[2.253s] [ 70%] Built target ar_interface__rosidl_typesupport_cpp
[2.286s] [ 70%] Built target ar_interface__rosidl_typesupport_introspection_c
[2.453s] [ 72%] [32m[1mLinking CXX shared library libar_interface__rosidl_typesupport_introspection_cpp.so[0m
[2.485s] [ 74%] [32m[1mLinking CXX shared library libar_interface__rosidl_typesupport_fastrtps_cpp.so[0m
[2.506s] [ 74%] Built target ar_interface__rosidl_typesupport_introspection_cpp
[2.580s] [ 74%] Built target ar_interface__rosidl_typesupport_fastrtps_cpp
[2.628s] [ 76%] [32m[1mLinking CXX shared library libar_interface__rosidl_typesupport_fastrtps_c.so[0m
[2.692s] [ 76%] Built target ar_interface__rosidl_typesupport_fastrtps_c
[2.709s] [ 76%] Built target ar_interface
[2.729s] [ 78%] [34m[1mGenerating Python code for ROS interfaces[0m
[3.160s] [ 78%] Built target ar_interface__py
[3.172s] [35m[1mConsolidate compiler generated dependencies of target ar_interface__rosidl_generator_py[0m
[3.186s] [ 85%] [32mBuilding C object CMakeFiles/ar_interface__rosidl_generator_py.dir/rosidl_generator_py/ar_interface/srv/_compute_cubic_traj_s.c.o[0m
[3.186s] [ 85%] [32mBuilding C object CMakeFiles/ar_interface__rosidl_generator_py.dir/rosidl_generator_py/ar_interface/msg/_cubic_traj_params_s.c.o[0m
[3.186s] [ 85%] [32mBuilding C object CMakeFiles/ar_interface__rosidl_generator_py.dir/rosidl_generator_py/ar_interface/msg/_cubic_traj_coeffs_s.c.o[0m
[3.285s] [ 87%] [32m[1mLinking C shared library rosidl_generator_py/ar_interface/libar_interface__rosidl_generator_py.so[0m
[3.321s] [ 87%] Built target ar_interface__rosidl_generator_py
[3.332s] [35m[1mConsolidate compiler generated dependencies of target ar_interface__rosidl_typesupport_c__pyext[0m
[3.332s] [35m[1mConsolidate compiler generated dependencies of target ar_interface__rosidl_typesupport_fastrtps_c__pyext[0m
[3.332s] [35m[1mConsolidate compiler generated dependencies of target ar_interface__rosidl_typesupport_introspection_c__pyext[0m
[3.347s] [ 93%] [32mBuilding C object CMakeFiles/ar_interface__rosidl_typesupport_fastrtps_c__pyext.dir/rosidl_generator_py/ar_interface/_ar_interface_s.ep.rosidl_typesupport_fastrtps_c.c.o[0m
[3.348s] [ 93%] [32mBuilding C object CMakeFiles/ar_interface__rosidl_typesupport_c__pyext.dir/rosidl_generator_py/ar_interface/_ar_interface_s.ep.rosidl_typesupport_c.c.o[0m
[3.348s] [ 93%] [32mBuilding C object CMakeFiles/ar_interface__rosidl_typesupport_introspection_c__pyext.dir/rosidl_generator_py/ar_interface/_ar_interface_s.ep.rosidl_typesupport_introspection_c.c.o[0m
[3.457s] [ 95%] [32m[1mLinking C shared library rosidl_generator_py/ar_interface/ar_interface_s__rosidl_typesupport_introspection_c.cpython-310-x86_64-linux-gnu.so[0m
[3.458s] [ 97%] [32m[1mLinking C shared library rosidl_generator_py/ar_interface/ar_interface_s__rosidl_typesupport_c.cpython-310-x86_64-linux-gnu.so[0m
[3.463s] [100%] [32m[1mLinking C shared library rosidl_generator_py/ar_interface/ar_interface_s__rosidl_typesupport_fastrtps_c.cpython-310-x86_64-linux-gnu.so[0m
[3.495s] [100%] Built target ar_interface__rosidl_typesupport_c__pyext
[3.495s] [100%] Built target ar_interface__rosidl_typesupport_introspection_c__pyext
[3.500s] [100%] Built target ar_interface__rosidl_typesupport_fastrtps_c__pyext
[3.513s] Invoked command in '/home/muhie/Desktop/coursework/ros2_ws/src/build/ar_interface' returned '0': CMAKE_PREFIX_PATH=/opt/ros/humble /usr/bin/cmake --build /home/muhie/Desktop/coursework/ros2_ws/src/build/ar_interface -- -j12 -l12
[3.524s] Invoking command in '/home/muhie/Desktop/coursework/ros2_ws/src/build/ar_interface': CMAKE_PREFIX_PATH=/opt/ros/humble /usr/bin/cmake --install /home/muhie/Desktop/coursework/ros2_ws/src/build/ar_interface
[3.534s] -- Install configuration: ""
[3.534s] -- Up-to-date: /home/muhie/Desktop/coursework/ros2_ws/src/install/ar_interface/share/ament_index/resource_index/rosidl_interfaces/ar_interface
[3.534s] -- Up-to-date: /home/muhie/Desktop/coursework/ros2_ws/src/install/ar_interface/include/ar_interface/ar_interface
[3.534s] -- Up-to-date: /home/muhie/Desktop/coursework/ros2_ws/src/install/ar_interface/include/ar_interface/ar_interface/msg
[3.534s] -- Installing: /home/muhie/Desktop/coursework/ros2_ws/src/install/ar_interface/include/ar_interface/ar_interface/msg/cubic_traj_params.h
[3.534s] -- Up-to-date: /home/muhie/Desktop/coursework/ros2_ws/src/install/ar_interface/include/ar_interface/ar_interface/msg/rosidl_generator_c__visibility_control.h
[3.534s] -- Installing: /home/muhie/Desktop/coursework/ros2_ws/src/install/ar_interface/include/ar_interface/ar_interface/msg/cubic_traj_coeffs.h
[3.534s] -- Up-to-date: /home/muhie/Desktop/coursework/ros2_ws/src/install/ar_interface/include/ar_interface/ar_interface/msg/detail
[3.534s] -- Installing: /home/muhie/Desktop/coursework/ros2_ws/src/install/ar_interface/include/ar_interface/ar_interface/msg/detail/cubic_traj_coeffs__functions.h
[3.534s] -- Installing: /home/muhie/Desktop/coursework/ros2_ws/src/install/ar_interface/include/ar_interface/ar_interface/msg/detail/cubic_traj_params__type_support.h
[3.535s] -- Installing: /home/muhie/Desktop/coursework/ros2_ws/src/install/ar_interface/include/ar_interface/ar_interface/msg/detail/cubic_traj_params__functions.h
[3.535s] -- Installing: /home/muhie/Desktop/coursework/ros2_ws/src/install/ar_interface/include/ar_interface/ar_interface/msg/detail/cubic_traj_coeffs__functions.c
[3.535s] -- Installing: /home/muhie/Desktop/coursework/ros2_ws/src/install/ar_interface/include/ar_interface/ar_interface/msg/detail/cubic_traj_coeffs__type_support.h
[3.535s] -- Installing: /home/muhie/Desktop/coursework/ros2_ws/src/install/ar_interface/include/ar_interface/ar_interface/msg/detail/cubic_traj_coeffs__struct.h
[3.535s] -- Installing: /home/muhie/Desktop/coursework/ros2_ws/src/install/ar_interface/include/ar_interface/ar_interface/msg/detail/cubic_traj_params__struct.h
[3.535s] -- Installing: /home/muhie/Desktop/coursework/ros2_ws/src/install/ar_interface/include/ar_interface/ar_interface/msg/detail/cubic_traj_params__functions.c
[3.536s] -- Up-to-date: /home/muhie/Desktop/coursework/ros2_ws/src/install/ar_interface/include/ar_interface/ar_interface/srv
[3.536s] -- Installing: /home/muhie/Desktop/coursework/ros2_ws/src/install/ar_interface/include/ar_interface/ar_interface/srv/compute_cubic_traj.h
[3.536s] -- Up-to-date: /home/muhie/Desktop/coursework/ros2_ws/src/install/ar_interface/include/ar_interface/ar_interface/srv/detail
[3.536s] -- Installing: /home/muhie/Desktop/coursework/ros2_ws/src/install/ar_interface/include/ar_interface/ar_interface/srv/detail/compute_cubic_traj__type_support.h
[3.536s] -- Installing: /home/muhie/Desktop/coursework/ros2_ws/src/install/ar_interface/include/ar_interface/ar_interface/srv/detail/compute_cubic_traj__functions.h
[3.536s] -- Installing: /home/muhie/Desktop/coursework/ros2_ws/src/install/ar_interface/include/ar_interface/ar_interface/srv/detail/compute_cubic_traj__struct.h
[3.536s] -- Installing: /home/muhie/Desktop/coursework/ros2_ws/src/install/ar_interface/include/ar_interface/ar_interface/srv/detail/compute_cubic_traj__functions.c
[3.537s] -- Up-to-date: /home/muhie/Desktop/coursework/ros2_ws/src/install/ar_interface/share/ar_interface/environment/library_path.sh
[3.537s] -- Installing: /home/muhie/Desktop/coursework/ros2_ws/src/install/ar_interface/share/ar_interface/environment/library_path.dsv
[3.537s] -- Installing: /home/muhie/Desktop/coursework/ros2_ws/src/install/ar_interface/lib/libar_interface__rosidl_generator_c.so
[3.537s] -- Set runtime path of "/home/muhie/Desktop/coursework/ros2_ws/src/install/ar_interface/lib/libar_interface__rosidl_generator_c.so" to ""
[3.538s] -- Up-to-date: /home/muhie/Desktop/coursework/ros2_ws/src/install/ar_interface/include/ar_interface/ar_interface
[3.538s] -- Up-to-date: /home/muhie/Desktop/coursework/ros2_ws/src/install/ar_interface/include/ar_interface/ar_interface/msg
[3.538s] -- Up-to-date: /home/muhie/Desktop/coursework/ros2_ws/src/install/ar_interface/include/ar_interface/ar_interface/msg/rosidl_typesupport_fastrtps_c__visibility_control.h
[3.538s] -- Up-to-date: /home/muhie/Desktop/coursework/ros2_ws/src/install/ar_interface/include/ar_interface/ar_interface/msg/detail
[3.538s] -- Installing: /home/muhie/Desktop/coursework/ros2_ws/src/install/ar_interface/include/ar_interface/ar_interface/msg/detail/cubic_traj_coeffs__rosidl_typesupport_fastrtps_c.h
[3.538s] -- Installing: /home/muhie/Desktop/coursework/ros2_ws/src/install/ar_interface/include/ar_interface/ar_interface/msg/detail/cubic_traj_params__rosidl_typesupport_fastrtps_c.h
[3.538s] -- Up-to-date: /home/muhie/Desktop/coursework/ros2_ws/src/install/ar_interface/include/ar_interface/ar_interface/srv
[3.538s] -- Up-to-date: /home/muhie/Desktop/coursework/ros2_ws/src/install/ar_interface/include/ar_interface/ar_interface/srv/detail
[3.538s] -- Installing: /home/muhie/Desktop/coursework/ros2_ws/src/install/ar_interface/include/ar_interface/ar_interface/srv/detail/compute_cubic_traj__rosidl_typesupport_fastrtps_c.h
[3.538s] -- Installing: /home/muhie/Desktop/coursework/ros2_ws/src/install/ar_interface/lib/libar_interface__rosidl_typesupport_fastrtps_c.so
[3.539s] -- Set runtime path of "/home/muhie/Desktop/coursework/ros2_ws/src/install/ar_interface/lib/libar_interface__rosidl_typesupport_fastrtps_c.so" to ""
[3.539s] -- Up-to-date: /home/muhie/Desktop/coursework/ros2_ws/src/install/ar_interface/include/ar_interface/ar_interface
[3.539s] -- Up-to-date: /home/muhie/Desktop/coursework/ros2_ws/src/install/ar_interface/include/ar_interface/ar_interface/msg
[3.539s] -- Up-to-date: /home/muhie/Desktop/coursework/ros2_ws/src/install/ar_interface/include/ar_interface/ar_interface/msg/rosidl_typesupport_introspection_c__visibility_control.h
[3.539s] -- Up-to-date: /home/muhie/Desktop/coursework/ros2_ws/src/install/ar_interface/include/ar_interface/ar_interface/msg/detail
[3.540s] -- Installing: /home/muhie/Desktop/coursework/ros2_ws/src/install/ar_interface/include/ar_interface/ar_interface/msg/detail/cubic_traj_params__rosidl_typesupport_introspection_c.h
[3.540s] -- Installing: /home/muhie/Desktop/coursework/ros2_ws/src/install/ar_interface/include/ar_interface/ar_interface/msg/detail/cubic_traj_coeffs__type_support.c
[3.540s] -- Installing: /home/muhie/Desktop/coursework/ros2_ws/src/install/ar_interface/include/ar_interface/ar_interface/msg/detail/cubic_traj_params__type_support.c
[3.540s] -- Installing: /home/muhie/Desktop/coursework/ros2_ws/src/install/ar_interface/include/ar_interface/ar_interface/msg/detail/cubic_traj_coeffs__rosidl_typesupport_introspection_c.h
[3.540s] -- Up-to-date: /home/muhie/Desktop/coursework/ros2_ws/src/install/ar_interface/include/ar_interface/ar_interface/srv
[3.540s] -- Up-to-date: /home/muhie/Desktop/coursework/ros2_ws/src/install/ar_interface/include/ar_interface/ar_interface/srv/detail
[3.540s] -- Installing: /home/muhie/Desktop/coursework/ros2_ws/src/install/ar_interface/include/ar_interface/ar_interface/srv/detail/compute_cubic_traj__type_support.c
[3.540s] -- Installing: /home/muhie/Desktop/coursework/ros2_ws/src/install/ar_interface/include/ar_interface/ar_interface/srv/detail/compute_cubic_traj__rosidl_typesupport_introspection_c.h
[3.541s] -- Installing: /home/muhie/Desktop/coursework/ros2_ws/src/install/ar_interface/lib/libar_interface__rosidl_typesupport_introspection_c.so
[3.541s] -- Set runtime path of "/home/muhie/Desktop/coursework/ros2_ws/src/install/ar_interface/lib/libar_interface__rosidl_typesupport_introspection_c.so" to ""
[3.541s] -- Installing: /home/muhie/Desktop/coursework/ros2_ws/src/install/ar_interface/lib/libar_interface__rosidl_typesupport_c.so
[3.541s] -- Set runtime path of "/home/muhie/Desktop/coursework/ros2_ws/src/install/ar_interface/lib/libar_interface__rosidl_typesupport_c.so" to ""
[3.542s] -- Up-to-date: /home/muhie/Desktop/coursework/ros2_ws/src/install/ar_interface/include/ar_interface/ar_interface
[3.542s] -- Up-to-date: /home/muhie/Desktop/coursework/ros2_ws/src/install/ar_interface/include/ar_interface/ar_interface/msg
[3.542s] -- Installing: /home/muhie/Desktop/coursework/ros2_ws/src/install/ar_interface/include/ar_interface/ar_interface/msg/cubic_traj_coeffs.hpp
[3.542s] -- Up-to-date: /home/muhie/Desktop/coursework/ros2_ws/src/install/ar_interface/include/ar_interface/ar_interface/msg/rosidl_generator_cpp__visibility_control.hpp
[3.542s] -- Installing: /home/muhie/Desktop/coursework/ros2_ws/src/install/ar_interface/include/ar_interface/ar_interface/msg/cubic_traj_params.hpp
[3.542s] -- Up-to-date: /home/muhie/Desktop/coursework/ros2_ws/src/install/ar_interface/include/ar_interface/ar_interface/msg/detail
[3.542s] -- Installing: /home/muhie/Desktop/coursework/ros2_ws/src/install/ar_interface/include/ar_interface/ar_interface/msg/detail/cubic_traj_params__struct.hpp
[3.542s] -- Installing: /home/muhie/Desktop/coursework/ros2_ws/src/install/ar_interface/include/ar_interface/ar_interface/msg/detail/cubic_traj_params__type_support.hpp
[3.542s] -- Installing: /home/muhie/Desktop/coursework/ros2_ws/src/install/ar_interface/include/ar_interface/ar_interface/msg/detail/cubic_traj_coeffs__struct.hpp
[3.543s] -- Installing: /home/muhie/Desktop/coursework/ros2_ws/src/install/ar_interface/include/ar_interface/ar_interface/msg/detail/cubic_traj_coeffs__builder.hpp
[3.543s] -- Installing: /home/muhie/Desktop/coursework/ros2_ws/src/install/ar_interface/include/ar_interface/ar_interface/msg/detail/cubic_traj_coeffs__traits.hpp
[3.543s] -- Installing: /home/muhie/Desktop/coursework/ros2_ws/src/install/ar_interface/include/ar_interface/ar_interface/msg/detail/cubic_traj_coeffs__type_support.hpp
[3.543s] -- Installing: /home/muhie/Desktop/coursework/ros2_ws/src/install/ar_interface/include/ar_interface/ar_interface/msg/detail/cubic_traj_params__traits.hpp
[3.543s] -- Installing: /home/muhie/Desktop/coursework/ros2_ws/src/install/ar_interface/include/ar_interface/ar_interface/msg/detail/cubic_traj_params__builder.hpp
[3.544s] -- Up-to-date: /home/muhie/Desktop/coursework/ros2_ws/src/install/ar_interface/include/ar_interface/ar_interface/srv
[3.544s] -- Installing: /home/muhie/Desktop/coursework/ros2_ws/src/install/ar_interface/include/ar_interface/ar_interface/srv/compute_cubic_traj.hpp
[3.544s] -- Up-to-date: /home/muhie/Desktop/coursework/ros2_ws/src/install/ar_interface/include/ar_interface/ar_interface/srv/detail
[3.544s] -- Installing: /home/muhie/Desktop/coursework/ros2_ws/src/install/ar_interface/include/ar_interface/ar_interface/srv/detail/compute_cubic_traj__traits.hpp
[3.544s] -- Installing: /home/muhie/Desktop/coursework/ros2_ws/src/install/ar_interface/include/ar_interface/ar_interface/srv/detail/compute_cubic_traj__struct.hpp
[3.544s] -- Installing: /home/muhie/Desktop/coursework/ros2_ws/src/install/ar_interface/include/ar_interface/ar_interface/srv/detail/compute_cubic_traj__type_support.hpp
[3.544s] -- Installing: /home/muhie/Desktop/coursework/ros2_ws/src/install/ar_interface/include/ar_interface/ar_interface/srv/detail/compute_cubic_traj__builder.hpp
[3.545s] -- Up-to-date: /home/muhie/Desktop/coursework/ros2_ws/src/install/ar_interface/include/ar_interface/ar_interface
[3.545s] -- Up-to-date: /home/muhie/Desktop/coursework/ros2_ws/src/install/ar_interface/include/ar_interface/ar_interface/msg
[3.545s] -- Up-to-date: /home/muhie/Desktop/coursework/ros2_ws/src/install/ar_interface/include/ar_interface/ar_interface/msg/rosidl_typesupport_fastrtps_cpp__visibility_control.h
[3.545s] -- Up-to-date: /home/muhie/Desktop/coursework/ros2_ws/src/install/ar_interface/include/ar_interface/ar_interface/msg/detail
[3.545s] -- Installing: /home/muhie/Desktop/coursework/ros2_ws/src/install/ar_interface/include/ar_interface/ar_interface/msg/detail/cubic_traj_params__rosidl_typesupport_fastrtps_cpp.hpp
[3.545s] -- Installing: /home/muhie/Desktop/coursework/ros2_ws/src/install/ar_interface/include/ar_interface/ar_interface/msg/detail/cubic_traj_coeffs__rosidl_typesupport_fastrtps_cpp.hpp
[3.545s] -- Up-to-date: /home/muhie/Desktop/coursework/ros2_ws/src/install/ar_interface/include/ar_interface/ar_interface/msg/detail/dds_fastrtps
[3.545s] -- Up-to-date: /home/muhie/Desktop/coursework/ros2_ws/src/install/ar_interface/include/ar_interface/ar_interface/srv
[3.545s] -- Up-to-date: /home/muhie/Desktop/coursework/ros2_ws/src/install/ar_interface/include/ar_interface/ar_interface/srv/detail
[3.545s] -- Installing: /home/muhie/Desktop/coursework/ros2_ws/src/install/ar_interface/include/ar_interface/ar_interface/srv/detail/compute_cubic_traj__rosidl_typesupport_fastrtps_cpp.hpp
[3.546s] -- Up-to-date: /home/muhie/Desktop/coursework/ros2_ws/src/install/ar_interface/include/ar_interface/ar_interface/srv/detail/dds_fastrtps
[3.546s] -- Installing: /home/muhie/Desktop/coursework/ros2_ws/src/install/ar_interface/lib/libar_interface__rosidl_typesupport_fastrtps_cpp.so
[3.546s] -- Set runtime path of "/home/muhie/Desktop/coursework/ros2_ws/src/install/ar_interface/lib/libar_interface__rosidl_typesupport_fastrtps_cpp.so" to ""
[3.546s] -- Up-to-date: /home/muhie/Desktop/coursework/ros2_ws/src/install/ar_interface/include/ar_interface/ar_interface
[3.546s] -- Up-to-date: /home/muhie/Desktop/coursework/ros2_ws/src/install/ar_interface/include/ar_interface/ar_interface/msg
[3.546s] -- Up-to-date: /home/muhie/Desktop/coursework/ros2_ws/src/install/ar_interface/include/ar_interface/ar_interface/msg/detail
[3.546s] -- Installing: /home/muhie/Desktop/coursework/ros2_ws/src/install/ar_interface/include/ar_interface/ar_interface/msg/detail/cubic_traj_coeffs__rosidl_typesupport_introspection_cpp.hpp
[3.547s] -- Installing: /home/muhie/Desktop/coursework/ros2_ws/src/install/ar_interface/include/ar_interface/ar_interface/msg/detail/cubic_traj_coeffs__type_support.cpp
[3.547s] -- Installing: /home/muhie/Desktop/coursework/ros2_ws/src/install/ar_interface/include/ar_interface/ar_interface/msg/detail/cubic_traj_params__type_support.cpp
[3.547s] -- Installing: /home/muhie/Desktop/coursework/ros2_ws/src/install/ar_interface/include/ar_interface/ar_interface/msg/detail/cubic_traj_params__rosidl_typesupport_introspection_cpp.hpp
[3.547s] -- Up-to-date: /home/muhie/Desktop/coursework/ros2_ws/src/install/ar_interface/include/ar_interface/ar_interface/srv
[3.547s] -- Up-to-date: /home/muhie/Desktop/coursework/ros2_ws/src/install/ar_interface/include/ar_interface/ar_interface/srv/detail
[3.547s] -- Installing: /home/muhie/Desktop/coursework/ros2_ws/src/install/ar_interface/include/ar_interface/ar_interface/srv/detail/compute_cubic_traj__rosidl_typesupport_introspection_cpp.hpp
[3.547s] -- Installing: /home/muhie/Desktop/coursework/ros2_ws/src/install/ar_interface/include/ar_interface/ar_interface/srv/detail/compute_cubic_traj__type_support.cpp
[3.548s] -- Installing: /home/muhie/Desktop/coursework/ros2_ws/src/install/ar_interface/lib/libar_interface__rosidl_typesupport_introspection_cpp.so
[3.548s] -- Set runtime path of "/home/muhie/Desktop/coursework/ros2_ws/src/install/ar_interface/lib/libar_interface__rosidl_typesupport_introspection_cpp.so" to ""
[3.548s] -- Installing: /home/muhie/Desktop/coursework/ros2_ws/src/install/ar_interface/lib/libar_interface__rosidl_typesupport_cpp.so
[3.549s] -- Set runtime path of "/home/muhie/Desktop/coursework/ros2_ws/src/install/ar_interface/lib/libar_interface__rosidl_typesupport_cpp.so" to ""
[3.549s] -- Up-to-date: /home/muhie/Desktop/coursework/ros2_ws/src/install/ar_interface/share/ar_interface/environment/pythonpath.sh
[3.549s] -- Installing: /home/muhie/Desktop/coursework/ros2_ws/src/install/ar_interface/share/ar_interface/environment/pythonpath.dsv
[3.549s] -- Up-to-date: /home/muhie/Desktop/coursework/ros2_ws/src/install/ar_interface/local/lib/python3.10/dist-packages/ar_interface-0.0.0-py3.10.egg-info
[3.549s] -- Installing: /home/muhie/Desktop/coursework/ros2_ws/src/install/ar_interface/local/lib/python3.10/dist-packages/ar_interface-0.0.0-py3.10.egg-info/PKG-INFO
[3.549s] -- Installing: /home/muhie/Desktop/coursework/ros2_ws/src/install/ar_interface/local/lib/python3.10/dist-packages/ar_interface-0.0.0-py3.10.egg-info/SOURCES.txt
[3.549s] -- Installing: /home/muhie/Desktop/coursework/ros2_ws/src/install/ar_interface/local/lib/python3.10/dist-packages/ar_interface-0.0.0-py3.10.egg-info/top_level.txt
[3.550s] -- Installing: /home/muhie/Desktop/coursework/ros2_ws/src/install/ar_interface/local/lib/python3.10/dist-packages/ar_interface-0.0.0-py3.10.egg-info/dependency_links.txt
[3.550s] -- Up-to-date: /home/muhie/Desktop/coursework/ros2_ws/src/install/ar_interface/local/lib/python3.10/dist-packages/ar_interface
[3.550s] -- Installing: /home/muhie/Desktop/coursework/ros2_ws/src/install/ar_interface/local/lib/python3.10/dist-packages/ar_interface/_ar_interface_s.ep.rosidl_typesupport_fastrtps_c.c
[3.550s] -- Installing: /home/muhie/Desktop/coursework/ros2_ws/src/install/ar_interface/local/lib/python3.10/dist-packages/ar_interface/_ar_interface_s.ep.rosidl_typesupport_introspection_c.c
[3.550s] -- Up-to-date: /home/muhie/Desktop/coursework/ros2_ws/src/install/ar_interface/local/lib/python3.10/dist-packages/ar_interface/msg
[3.550s] -- Installing: /home/muhie/Desktop/coursework/ros2_ws/src/install/ar_interface/local/lib/python3.10/dist-packages/ar_interface/msg/_cubic_traj_coeffs_s.c
[3.551s] -- Installing: /home/muhie/Desktop/coursework/ros2_ws/src/install/ar_interface/local/lib/python3.10/dist-packages/ar_interface/msg/_cubic_traj_params_s.c
[3.551s] -- Installing: /home/muhie/Desktop/coursework/ros2_ws/src/install/ar_interface/local/lib/python3.10/dist-packages/ar_interface/msg/_cubic_traj_params.py
[3.551s] -- Installing: /home/muhie/Desktop/coursework/ros2_ws/src/install/ar_interface/local/lib/python3.10/dist-packages/ar_interface/msg/__init__.py
[3.551s] -- Installing: /home/muhie/Desktop/coursework/ros2_ws/src/install/ar_interface/local/lib/python3.10/dist-packages/ar_interface/msg/_cubic_traj_coeffs.py
[3.551s] -- Up-to-date: /home/muhie/Desktop/coursework/ros2_ws/src/install/ar_interface/local/lib/python3.10/dist-packages/ar_interface/srv
[3.551s] -- Installing: /home/muhie/Desktop/coursework/ros2_ws/src/install/ar_interface/local/lib/python3.10/dist-packages/ar_interface/srv/__init__.py
[3.551s] -- Installing: /home/muhie/Desktop/coursework/ros2_ws/src/install/ar_interface/local/lib/python3.10/dist-packages/ar_interface/srv/_compute_cubic_traj_s.c
[3.552s] -- Installing: /home/muhie/Desktop/coursework/ros2_ws/src/install/ar_interface/local/lib/python3.10/dist-packages/ar_interface/srv/_compute_cubic_traj.py
[3.552s] -- Installing: /home/muhie/Desktop/coursework/ros2_ws/src/install/ar_interface/local/lib/python3.10/dist-packages/ar_interface/ar_interface_s__rosidl_typesupport_c.cpython-310-x86_64-linux-gnu.so
[3.552s] -- Installing: /home/muhie/Desktop/coursework/ros2_ws/src/install/ar_interface/local/lib/python3.10/dist-packages/ar_interface/ar_interface_s__rosidl_typesupport_introspection_c.cpython-310-x86_64-linux-gnu.so
[3.552s] -- Installing: /home/muhie/Desktop/coursework/ros2_ws/src/install/ar_interface/local/lib/python3.10/dist-packages/ar_interface/__init__.py
[3.552s] -- Installing: /home/muhie/Desktop/coursework/ros2_ws/src/install/ar_interface/local/lib/python3.10/dist-packages/ar_interface/_ar_interface_s.ep.rosidl_typesupport_c.c
[3.553s] -- Installing: /home/muhie/Desktop/coursework/ros2_ws/src/install/ar_interface/local/lib/python3.10/dist-packages/ar_interface/ar_interface_s__rosidl_typesupport_fastrtps_c.cpython-310-x86_64-linux-gnu.so
[3.553s] -- Installing: /home/muhie/Desktop/coursework/ros2_ws/src/install/ar_interface/local/lib/python3.10/dist-packages/ar_interface/libar_interface__rosidl_generator_py.so
[3.587s] Listing '/home/muhie/Desktop/coursework/ros2_ws/src/install/ar_interface/local/lib/python3.10/dist-packages/ar_interface'...
[3.587s] Compiling '/home/muhie/Desktop/coursework/ros2_ws/src/install/ar_interface/local/lib/python3.10/dist-packages/ar_interface/__init__.py'...
[3.587s] Listing '/home/muhie/Desktop/coursework/ros2_ws/src/install/ar_interface/local/lib/python3.10/dist-packages/ar_interface/msg'...
[3.587s] Compiling '/home/muhie/Desktop/coursework/ros2_ws/src/install/ar_interface/local/lib/python3.10/dist-packages/ar_interface/msg/__init__.py'...
[3.587s] Compiling '/home/muhie/Desktop/coursework/ros2_ws/src/install/ar_interface/local/lib/python3.10/dist-packages/ar_interface/msg/_cubic_traj_coeffs.py'...
[3.588s] Compiling '/home/muhie/Desktop/coursework/ros2_ws/src/install/ar_interface/local/lib/python3.10/dist-packages/ar_interface/msg/_cubic_traj_params.py'...
[3.588s] Listing '/home/muhie/Desktop/coursework/ros2_ws/src/install/ar_interface/local/lib/python3.10/dist-packages/ar_interface/srv'...
[3.588s] Compiling '/home/muhie/Desktop/coursework/ros2_ws/src/install/ar_interface/local/lib/python3.10/dist-packages/ar_interface/srv/__init__.py'...
[3.588s] Compiling '/home/muhie/Desktop/coursework/ros2_ws/src/install/ar_interface/local/lib/python3.10/dist-packages/ar_interface/srv/_compute_cubic_traj.py'...
[3.591s] -- Installing: /home/muhie/Desktop/coursework/ros2_ws/src/install/ar_interface/local/lib/python3.10/dist-packages/ar_interface/ar_interface_s__rosidl_typesupport_fastrtps_c.cpython-310-x86_64-linux-gnu.so
[3.591s] -- Set runtime path of "/home/muhie/Desktop/coursework/ros2_ws/src/install/ar_interface/local/lib/python3.10/dist-packages/ar_interface/ar_interface_s__rosidl_typesupport_fastrtps_c.cpython-310-x86_64-linux-gnu.so" to ""
[3.592s] -- Installing: /home/muhie/Desktop/coursework/ros2_ws/src/install/ar_interface/local/lib/python3.10/dist-packages/ar_interface/ar_interface_s__rosidl_typesupport_introspection_c.cpython-310-x86_64-linux-gnu.so
[3.592s] -- Set runtime path of "/home/muhie/Desktop/coursework/ros2_ws/src/install/ar_interface/local/lib/python3.10/dist-packages/ar_interface/ar_interface_s__rosidl_typesupport_introspection_c.cpython-310-x86_64-linux-gnu.so" to ""
[3.592s] -- Installing: /home/muhie/Desktop/coursework/ros2_ws/src/install/ar_interface/local/lib/python3.10/dist-packages/ar_interface/ar_interface_s__rosidl_typesupport_c.cpython-310-x86_64-linux-gnu.so
[3.593s] -- Set runtime path of "/home/muhie/Desktop/coursework/ros2_ws/src/install/ar_interface/local/lib/python3.10/dist-packages/ar_interface/ar_interface_s__rosidl_typesupport_c.cpython-310-x86_64-linux-gnu.so" to ""
[3.593s] -- Installing: /home/muhie/Desktop/coursework/ros2_ws/src/install/ar_interface/lib/libar_interface__rosidl_generator_py.so
[3.594s] -- Set runtime path of "/home/muhie/Desktop/coursework/ros2_ws/src/install/ar_interface/lib/libar_interface__rosidl_generator_py.so" to ""
[3.594s] -- Installing: /home/muhie/Desktop/coursework/ros2_ws/src/install/ar_interface/share/ar_interface/msg/CubicTrajCoeffs.idl
[3.594s] -- Installing: /home/muhie/Desktop/coursework/ros2_ws/src/install/ar_interface/share/ar_interface/msg/CubicTrajParams.idl
[3.594s] -- Up-to-date: /home/muhie/Desktop/coursework/ros2_ws/src/install/ar_interface/share/ar_interface/srv/ComputeCubicTraj.idl
[3.594s] -- Installing: /home/muhie/Desktop/coursework/ros2_ws/src/install/ar_interface/share/ar_interface/msg/CubicTrajCoeffs.msg
[3.594s] -- Installing: /home/muhie/Desktop/coursework/ros2_ws/src/install/ar_interface/share/ar_interface/msg/CubicTrajParams.msg
[3.595s] -- Up-to-date: /home/muhie/Desktop/coursework/ros2_ws/src/install/ar_interface/share/ar_interface/srv/ComputeCubicTraj.srv
[3.595s] -- Up-to-date: /home/muhie/Desktop/coursework/ros2_ws/src/install/ar_interface/share/ar_interface/srv/ComputeCubicTraj_Request.msg
[3.595s] -- Up-to-date: /home/muhie/Desktop/coursework/ros2_ws/src/install/ar_interface/share/ar_interface/srv/ComputeCubicTraj_Response.msg
[3.595s] -- Up-to-date: /home/muhie/Desktop/coursework/ros2_ws/src/install/ar_interface/share/ament_index/resource_index/package_run_dependencies/ar_interface
[3.595s] -- Up-to-date: /home/muhie/Desktop/coursework/ros2_ws/src/install/ar_interface/share/ament_index/resource_index/parent_prefix_path/ar_interface
[3.595s] -- Up-to-date: /home/muhie/Desktop/coursework/ros2_ws/src/install/ar_interface/share/ar_interface/environment/ament_prefix_path.sh
[3.595s] -- Installing: /home/muhie/Desktop/coursework/ros2_ws/src/install/ar_interface/share/ar_interface/environment/ament_prefix_path.dsv
[3.595s] -- Up-to-date: /home/muhie/Desktop/coursework/ros2_ws/src/install/ar_interface/share/ar_interface/environment/path.sh
[3.595s] -- Installing: /home/muhie/Desktop/coursework/ros2_ws/src/install/ar_interface/share/ar_interface/environment/path.dsv
[3.595s] -- Up-to-date: /home/muhie/Desktop/coursework/ros2_ws/src/install/ar_interface/share/ar_interface/local_setup.bash
[3.595s] -- Up-to-date: /home/muhie/Desktop/coursework/ros2_ws/src/install/ar_interface/share/ar_interface/local_setup.sh
[3.595s] -- Up-to-date: /home/muhie/Desktop/coursework/ros2_ws/src/install/ar_interface/share/ar_interface/local_setup.zsh
[3.595s] -- Installing: /home/muhie/Desktop/coursework/ros2_ws/src/install/ar_interface/share/ar_interface/local_setup.dsv
[3.596s] -- Installing: /home/muhie/Desktop/coursework/ros2_ws/src/install/ar_interface/share/ar_interface/package.dsv
[3.596s] -- Up-to-date: /home/muhie/Desktop/coursework/ros2_ws/src/install/ar_interface/share/ament_index/resource_index/packages/ar_interface
[3.596s] -- Up-to-date: /home/muhie/Desktop/coursework/ros2_ws/src/install/ar_interface/share/ar_interface/cmake/export_ar_interface__rosidl_generator_cExport.cmake
[3.596s] -- Up-to-date: /home/muhie/Desktop/coursework/ros2_ws/src/install/ar_interface/share/ar_interface/cmake/export_ar_interface__rosidl_generator_cExport-noconfig.cmake
[3.596s] -- Up-to-date: /home/muhie/Desktop/coursework/ros2_ws/src/install/ar_interface/share/ar_interface/cmake/export_ar_interface__rosidl_typesupport_fastrtps_cExport.cmake
[3.596s] -- Up-to-date: /home/muhie/Desktop/coursework/ros2_ws/src/install/ar_interface/share/ar_interface/cmake/export_ar_interface__rosidl_typesupport_fastrtps_cExport-noconfig.cmake
[3.596s] -- Up-to-date: /home/muhie/Desktop/coursework/ros2_ws/src/install/ar_interface/share/ar_interface/cmake/ar_interface__rosidl_typesupport_introspection_cExport.cmake
[3.596s] -- Up-to-date: /home/muhie/Desktop/coursework/ros2_ws/src/install/ar_interface/share/ar_interface/cmake/ar_interface__rosidl_typesupport_introspection_cExport-noconfig.cmake
[3.596s] -- Up-to-date: /home/muhie/Desktop/coursework/ros2_ws/src/install/ar_interface/share/ar_interface/cmake/ar_interface__rosidl_typesupport_cExport.cmake
[3.596s] -- Up-to-date: /home/muhie/Desktop/coursework/ros2_ws/src/install/ar_interface/share/ar_interface/cmake/ar_interface__rosidl_typesupport_cExport-noconfig.cmake
[3.596s] -- Up-to-date: /home/muhie/Desktop/coursework/ros2_ws/src/install/ar_interface/share/ar_interface/cmake/export_ar_interface__rosidl_generator_cppExport.cmake
[3.596s] -- Up-to-date: /home/muhie/Desktop/coursework/ros2_ws/src/install/ar_interface/share/ar_interface/cmake/export_ar_interface__rosidl_typesupport_fastrtps_cppExport.cmake
[3.597s] -- Up-to-date: /home/muhie/Desktop/coursework/ros2_ws/src/install/ar_interface/share/ar_interface/cmake/export_ar_interface__rosidl_typesupport_fastrtps_cppExport-noconfig.cmake
[3.597s] -- Up-to-date: /home/muhie/Desktop/coursework/ros2_ws/src/install/ar_interface/share/ar_interface/cmake/ar_interface__rosidl_typesupport_introspection_cppExport.cmake
[3.597s] -- Up-to-date: /home/muhie/Desktop/coursework/ros2_ws/src/install/ar_interface/share/ar_interface/cmake/ar_interface__rosidl_typesupport_introspection_cppExport-noconfig.cmake
[3.597s] -- Up-to-date: /home/muhie/Desktop/coursework/ros2_ws/src/install/ar_interface/share/ar_interface/cmake/ar_interface__rosidl_typesupport_cppExport.cmake
[3.597s] -- Up-to-date: /home/muhie/Desktop/coursework/ros2_ws/src/install/ar_interface/share/ar_interface/cmake/ar_interface__rosidl_typesupport_cppExport-noconfig.cmake
[3.597s] -- Up-to-date: /home/muhie/Desktop/coursework/ros2_ws/src/install/ar_interface/share/ar_interface/cmake/export_ar_interface__rosidl_generator_pyExport.cmake
[3.597s] -- Up-to-date: /home/muhie/Desktop/coursework/ros2_ws/src/install/ar_interface/share/ar_interface/cmake/export_ar_interface__rosidl_generator_pyExport-noconfig.cmake
[3.597s] -- Up-to-date: /home/muhie/Desktop/coursework/ros2_ws/src/install/ar_interface/share/ar_interface/cmake/rosidl_cmake-extras.cmake
[3.597s] -- Up-to-date: /home/muhie/Desktop/coursework/ros2_ws/src/install/ar_interface/share/ar_interface/cmake/ament_cmake_export_include_directories-extras.cmake
[3.597s] -- Up-to-date: /home/muhie/Desktop/coursework/ros2_ws/src/install/ar_interface/share/ar_interface/cmake/ament_cmake_export_libraries-extras.cmake
[3.597s] -- Up-to-date: /home/muhie/Desktop/coursework/ros2_ws/src/install/ar_interface/share/ar_interface/cmake/ament_cmake_export_targets-extras.cmake
[3.597s] -- Up-to-date: /home/muhie/Desktop/coursework/ros2_ws/src/install/ar_interface/share/ar_interface/cmake/rosidl_cmake_export_typesupport_targets-extras.cmake
[3.597s] -- Up-to-date: /home/muhie/Desktop/coursework/ros2_ws/src/install/ar_interface/share/ar_interface/cmake/ament_cmake_export_dependencies-extras.cmake
[3.598s] -- Up-to-date: /home/muhie/Desktop/coursework/ros2_ws/src/install/ar_interface/share/ar_interface/cmake/rosidl_cmake_export_typesupport_libraries-extras.cmake
[3.598s] -- Up-to-date: /home/muhie/Desktop/coursework/ros2_ws/src/install/ar_interface/share/ar_interface/cmake/ar_interfaceConfig.cmake
[3.598s] -- Up-to-date: /home/muhie/Desktop/coursework/ros2_ws/src/install/ar_interface/share/ar_interface/cmake/ar_interfaceConfig-version.cmake
[3.598s] -- Up-to-date: /home/muhie/Desktop/coursework/ros2_ws/src/install/ar_interface/share/ar_interface/package.xml
[3.600s] Invoked command in '/home/muhie/Desktop/coursework/ros2_ws/src/build/ar_interface' returned '0': CMAKE_PREFIX_PATH=/opt/ros/humble /usr/bin/cmake --install /home/muhie/Desktop/coursework/ros2_ws/src/build/ar_interface
