[1.323s] Invoking command in '/home/muhie/Desktop/coursework/ros2_ws/src/build/examples_rclcpp_minimal_client': CMAKE_PREFIX_PATH=/opt/ros/humble /usr/bin/cmake /home/muhie/Desktop/coursework/ros2_ws/src/examples/rclcpp/services/minimal_client -DCMAKE_INSTALL_PREFIX=/home/muhie/Desktop/coursework/ros2_ws/src/install/examples_rclcpp_minimal_client
[1.615s] -- The C compiler identification is GNU 11.4.0
[1.906s] -- The CXX compiler identification is GNU 11.4.0
[1.932s] -- Detecting C compiler ABI info
[2.173s] -- Detecting C compiler ABI info - done
[2.199s] -- Check for working C compiler: /usr/bin/cc - skipped
[2.200s] -- Detecting C compile features
[2.202s] -- Detecting C compile features - done
[2.211s] -- Detecting CXX compiler ABI info
[2.534s] -- Detecting CXX compiler ABI info - done
[2.572s] -- Check for working CXX compiler: /usr/bin/c++ - skipped
[2.572s] -- Detecting CXX compile features
[2.574s] -- Detecting CXX compile features - done
[2.583s] -- Found ament_cmake: 1.3.12 (/opt/ros/humble/share/ament_cmake/cmake)
[3.371s] -- Found Python3: /usr/bin/python3 (found version "3.10.12") found components: Interpreter 
[3.720s] -- Found example_interfaces: 0.9.3 (/opt/ros/humble/share/example_interfaces/cmake)
[3.839s] -- Found rosidl_generator_c: 3.1.8 (/opt/ros/humble/share/rosidl_generator_c/cmake)
[3.855s] -- Found rosidl_adapter: 3.1.8 (/opt/ros/humble/share/rosidl_adapter/cmake)
[3.886s] -- Found rosidl_generator_cpp: 3.1.8 (/opt/ros/humble/share/rosidl_generator_cpp/cmake)
[3.928s] -- Using all available rosidl_typesupport_c: rosidl_typesupport_fastrtps_c;rosidl_typesupport_introspection_c
[3.984s] -- Using all available rosidl_typesupport_cpp: rosidl_typesupport_fastrtps_cpp;rosidl_typesupport_introspection_cpp
[4.160s] -- Found rclcpp: 16.0.17 (/opt/ros/humble/share/rclcpp/cmake)
[4.282s] -- Found rmw_implementation_cmake: 6.1.2 (/opt/ros/humble/share/rmw_implementation_cmake/cmake)
[4.289s] -- Found rmw_fastrtps_cpp: 6.2.9 (/opt/ros/humble/share/rmw_fastrtps_cpp/cmake)
[4.596s] -- Found OpenSSL: /usr/lib/x86_64-linux-gnu/libcrypto.so (found version "3.0.2")  
[4.688s] -- Found FastRTPS: /opt/ros/humble/include  
[4.836s] -- Using RMW implementation 'rmw_fastrtps_cpp' as default
[4.861s] -- Looking for pthread.h
[5.113s] -- Looking for pthread.h - found
[5.113s] -- Performing Test CMAKE_HAVE_LIBC_PTHREAD
[5.352s] -- Performing Test CMAKE_HAVE_LIBC_PTHREAD - Success
[5.355s] -- Found Threads: TRUE  
[5.549s] -- Found ament_lint_auto: 0.12.14 (/opt/ros/humble/share/ament_lint_auto/cmake)
[5.954s] -- Added test 'copyright' to check source files copyright and LICENSE
[5.962s] -- Added test 'cppcheck' to perform static code analysis on C / C++ code
[5.962s] -- Configured cppcheck include dirs: 
[5.962s] -- Configured cppcheck exclude dirs and/or files: 
[5.963s] -- Added test 'cpplint' to check C / C++ code against the Google style
[5.963s] -- Configured cpplint exclude dirs and/or files: 
[5.963s] -- Added test 'lint_cmake' to check CMake code style
[5.977s] -- Added test 'uncrustify' to check C / C++ code style
[5.978s] -- Configured uncrustify additional arguments: 
[5.978s] -- Added test 'xmllint' to check XML markup files
[5.998s] -- Configuring done
[6.001s] -- Generating done
[6.001s] -- Build files have been written to: /home/muhie/Desktop/coursework/ros2_ws/src/build/examples_rclcpp_minimal_client
[6.155s] Invoked command in '/home/muhie/Desktop/coursework/ros2_ws/src/build/examples_rclcpp_minimal_client' returned '0': CMAKE_PREFIX_PATH=/opt/ros/humble /usr/bin/cmake /home/muhie/Desktop/coursework/ros2_ws/src/examples/rclcpp/services/minimal_client -DCMAKE_INSTALL_PREFIX=/home/muhie/Desktop/coursework/ros2_ws/src/install/examples_rclcpp_minimal_client
[6.157s] Invoking command in '/home/muhie/Desktop/coursework/ros2_ws/src/build/examples_rclcpp_minimal_client': CMAKE_PREFIX_PATH=/opt/ros/humble /usr/bin/cmake --build /home/muhie/Desktop/coursework/ros2_ws/src/build/examples_rclcpp_minimal_client -- -j12 -l12
[6.596s] [ 50%] [32mBuilding CXX object CMakeFiles/client_main.dir/main.cpp.o[0m
