[5.941s] Invoking command in '/home/muhie/Desktop/coursework/ros2_ws/src/examples/rclpy/actions/minimal_action_client': PYTHONPATH=/home/muhie/Desktop/coursework/ros2_ws/src/build/examples_rclpy_minimal_action_client/prefix_override:/usr/lib/python3/dist-packages/colcon_core/task/python/colcon_distutils_commands:/home/muhie/Desktop/coursework/ros2_ws/src/install/examples_rclpy_minimal_action_client/lib/python3.10/site-packages:${PYTHONPATH} /usr/bin/python3 -W ignore:setup.py install is deprecated -W ignore:easy_install command is deprecated setup.py egg_info --egg-base ../../../../build/examples_rclpy_minimal_action_client build --build-base /home/muhie/Desktop/coursework/ros2_ws/src/build/examples_rclpy_minimal_action_client/build install --record /home/muhie/Desktop/coursework/ros2_ws/src/build/examples_rclpy_minimal_action_client/install.log --single-version-externally-managed install_data
[6.311s] running egg_info
[6.314s] writing ../../../../build/examples_rclpy_minimal_action_client/examples_rclpy_minimal_action_client.egg-info/PKG-INFO
[6.315s] writing dependency_links to ../../../../build/examples_rclpy_minimal_action_client/examples_rclpy_minimal_action_client.egg-info/dependency_links.txt
[6.315s] writing entry points to ../../../../build/examples_rclpy_minimal_action_client/examples_rclpy_minimal_action_client.egg-info/entry_points.txt
[6.315s] writing requirements to ../../../../build/examples_rclpy_minimal_action_client/examples_rclpy_minimal_action_client.egg-info/requires.txt
[6.315s] writing top-level names to ../../../../build/examples_rclpy_minimal_action_client/examples_rclpy_minimal_action_client.egg-info/top_level.txt
[6.317s] reading manifest file '../../../../build/examples_rclpy_minimal_action_client/examples_rclpy_minimal_action_client.egg-info/SOURCES.txt'
[6.320s] writing manifest file '../../../../build/examples_rclpy_minimal_action_client/examples_rclpy_minimal_action_client.egg-info/SOURCES.txt'
[6.324s] running build
[6.324s] running build_py
[6.324s] running install
[6.324s] running install_lib
[6.333s] running install_data
[6.334s] running install_egg_info
[6.334s] removing '/home/muhie/Desktop/coursework/ros2_ws/src/install/examples_rclpy_minimal_action_client/lib/python3.10/site-packages/examples_rclpy_minimal_action_client-0.15.5-py3.10.egg-info' (and everything under it)
[6.334s] Copying ../../../../build/examples_rclpy_minimal_action_client/examples_rclpy_minimal_action_client.egg-info to /home/muhie/Desktop/coursework/ros2_ws/src/install/examples_rclpy_minimal_action_client/lib/python3.10/site-packages/examples_rclpy_minimal_action_client-0.15.5-py3.10.egg-info
[6.338s] running install_scripts
[6.379s] Installing client script to /home/muhie/Desktop/coursework/ros2_ws/src/install/examples_rclpy_minimal_action_client/lib/examples_rclpy_minimal_action_client
[6.384s] Installing client_asyncio script to /home/muhie/Desktop/coursework/ros2_ws/src/install/examples_rclpy_minimal_action_client/lib/examples_rclpy_minimal_action_client
[6.384s] Installing client_cancel script to /home/muhie/Desktop/coursework/ros2_ws/src/install/examples_rclpy_minimal_action_client/lib/examples_rclpy_minimal_action_client
[6.384s] Installing client_not_composable script to /home/muhie/Desktop/coursework/ros2_ws/src/install/examples_rclpy_minimal_action_client/lib/examples_rclpy_minimal_action_client
[6.384s] writing list of installed files to '/home/muhie/Desktop/coursework/ros2_ws/src/build/examples_rclpy_minimal_action_client/install.log'
[6.438s] Invoked command in '/home/muhie/Desktop/coursework/ros2_ws/src/examples/rclpy/actions/minimal_action_client' returned '0': PYTHONPATH=/home/muhie/Desktop/coursework/ros2_ws/src/build/examples_rclpy_minimal_action_client/prefix_override:/usr/lib/python3/dist-packages/colcon_core/task/python/colcon_distutils_commands:/home/muhie/Desktop/coursework/ros2_ws/src/install/examples_rclpy_minimal_action_client/lib/python3.10/site-packages:${PYTHONPATH} /usr/bin/python3 -W ignore:setup.py install is deprecated -W ignore:easy_install command is deprecated setup.py egg_info --egg-base ../../../../build/examples_rclpy_minimal_action_client build --build-base /home/muhie/Desktop/coursework/ros2_ws/src/build/examples_rclpy_minimal_action_client/build install --record /home/muhie/Desktop/coursework/ros2_ws/src/build/examples_rclpy_minimal_action_client/install.log --single-version-externally-managed install_data
