[2.873s] Invoking command in '/home/muhie/Desktop/coursework/ros2_ws/src/ar_interface': PYTHONPATH=/home/muhie/Desktop/coursework/ros2_ws/src/build/ar_interface/prefix_override:/usr/lib/python3/dist-packages/colcon_core/task/python/colcon_distutils_commands:/home/muhie/Desktop/coursework/ros2_ws/src/install/ar_interface/lib/python3.10/site-packages:${PYTHONPATH} /usr/bin/python3 -W ignore:setup.py install is deprecated -W ignore:easy_install command is deprecated setup.py egg_info --egg-base ../build/ar_interface build --build-base /home/muhie/Desktop/coursework/ros2_ws/src/build/ar_interface/build install --record /home/muhie/Desktop/coursework/ros2_ws/src/build/ar_interface/install.log --single-version-externally-managed install_data
[13.058s] running egg_info
[13.060s] writing ../build/ar_interface/ar_interface.egg-info/PKG-INFO
[13.061s] writing dependency_links to ../build/ar_interface/ar_interface.egg-info/dependency_links.txt
[13.065s] writing entry points to ../build/ar_interface/ar_interface.egg-info/entry_points.txt
[13.083s] writing requirements to ../build/ar_interface/ar_interface.egg-info/requires.txt
[13.106s] writing top-level names to ../build/ar_interface/ar_interface.egg-info/top_level.txt
[13.108s] reading manifest file '../build/ar_interface/ar_interface.egg-info/SOURCES.txt'
[13.115s] writing manifest file '../build/ar_interface/ar_interface.egg-info/SOURCES.txt'
[13.115s] running build
[13.116s] running build_py
[13.116s] running install
[13.116s] running install_lib
[13.121s] running install_data
[13.121s] running install_egg_info
[13.121s] removing '/home/muhie/Desktop/coursework/ros2_ws/src/install/ar_interface/lib/python3.10/site-packages/ar_interface-0.0.0-py3.10.egg-info' (and everything under it)
[13.122s] Copying ../build/ar_interface/ar_interface.egg-info to /home/muhie/Desktop/coursework/ros2_ws/src/install/ar_interface/lib/python3.10/site-packages/ar_interface-0.0.0-py3.10.egg-info
[13.122s] running install_scripts
[13.122s] writing list of installed files to '/home/muhie/Desktop/coursework/ros2_ws/src/build/ar_interface/install.log'
[13.154s] Invoked command in '/home/muhie/Desktop/coursework/ros2_ws/src/ar_interface' returned '0': PYTHONPATH=/home/muhie/Desktop/coursework/ros2_ws/src/build/ar_interface/prefix_override:/usr/lib/python3/dist-packages/colcon_core/task/python/colcon_distutils_commands:/home/muhie/Desktop/coursework/ros2_ws/src/install/ar_interface/lib/python3.10/site-packages:${PYTHONPATH} /usr/bin/python3 -W ignore:setup.py install is deprecated -W ignore:easy_install command is deprecated setup.py egg_info --egg-base ../build/ar_interface build --build-base /home/muhie/Desktop/coursework/ros2_ws/src/build/ar_interface/build install --record /home/muhie/Desktop/coursework/ros2_ws/src/build/ar_interface/install.log --single-version-externally-managed install_data
