[1.321s] Invoking command in '/home/muhie/Desktop/coursework/ros2_ws/src/build/examples_rclcpp_minimal_timer': CMAKE_PREFIX_PATH=/opt/ros/humble /usr/bin/cmake /home/muhie/Desktop/coursework/ros2_ws/src/examples/rclcpp/timers/minimal_timer -DCMAKE_INSTALL_PREFIX=/home/muhie/Desktop/coursework/ros2_ws/src/install/examples_rclcpp_minimal_timer
[5.829s] -- The C compiler identification is GNU 11.4.0
[5.829s] -- The CXX compiler identification is GNU 11.4.0
[5.830s] -- Detecting C compiler ABI info
[5.830s] -- Detecting C compiler ABI info - done
[5.830s] -- Check for working C compiler: /usr/bin/cc - skipped
[5.831s] -- Detecting C compile features
[5.834s] -- Detecting C compile features - done
[5.834s] -- Detecting CXX compiler ABI info
[5.835s] -- Detecting CXX compiler ABI info - done
[5.835s] -- Check for working CXX compiler: /usr/bin/c++ - skipped
[5.835s] -- Detecting CXX compile features
[5.836s] -- Detecting CXX compile features - done
[5.836s] -- Found ament_cmake: 1.3.12 (/opt/ros/humble/share/ament_cmake/cmake)
[5.836s] -- Found Python3: /usr/bin/python3 (found version "3.10.12") found components: Interpreter 
[5.840s] -- Found rclcpp: 16.0.17 (/opt/ros/humble/share/rclcpp/cmake)
[5.840s] -- Found rosidl_generator_c: 3.1.8 (/opt/ros/humble/share/rosidl_generator_c/cmake)
[5.841s] -- Found rosidl_adapter: 3.1.8 (/opt/ros/humble/share/rosidl_adapter/cmake)
[5.841s] -- Found rosidl_generator_cpp: 3.1.8 (/opt/ros/humble/share/rosidl_generator_cpp/cmake)
[5.841s] -- Using all available rosidl_typesupport_c: rosidl_typesupport_fastrtps_c;rosidl_typesupport_introspection_c
[5.842s] -- Using all available rosidl_typesupport_cpp: rosidl_typesupport_fastrtps_cpp;rosidl_typesupport_introspection_cpp
[5.842s] -- Found rmw_implementation_cmake: 6.1.2 (/opt/ros/humble/share/rmw_implementation_cmake/cmake)
[5.842s] -- Found rmw_fastrtps_cpp: 6.2.9 (/opt/ros/humble/share/rmw_fastrtps_cpp/cmake)
[5.843s] -- Found OpenSSL: /usr/lib/x86_64-linux-gnu/libcrypto.so (found version "3.0.2")  
[5.843s] -- Found FastRTPS: /opt/ros/humble/include  
[5.843s] -- Using RMW implementation 'rmw_fastrtps_cpp' as default
[5.843s] -- Looking for pthread.h
[5.845s] -- Looking for pthread.h - found
[5.845s] -- Performing Test CMAKE_HAVE_LIBC_PTHREAD
[5.846s] -- Performing Test CMAKE_HAVE_LIBC_PTHREAD - Success
[5.846s] -- Found Threads: TRUE  
[5.846s] -- Found ament_lint_auto: 0.12.14 (/opt/ros/humble/share/ament_lint_auto/cmake)
[5.847s] -- Added test 'copyright' to check source files copyright and LICENSE
[5.847s] -- Added test 'cppcheck' to perform static code analysis on C / C++ code
[5.847s] -- Configured cppcheck include dirs: 
[5.848s] -- Configured cppcheck exclude dirs and/or files: 
[5.848s] -- Added test 'cpplint' to check C / C++ code against the Google style
[5.848s] -- Configured cpplint exclude dirs and/or files: 
[5.849s] -- Added test 'lint_cmake' to check CMake code style
[5.851s] -- Added test 'uncrustify' to check C / C++ code style
[5.853s] -- Configured uncrustify additional arguments: 
[5.857s] -- Added test 'xmllint' to check XML markup files
[5.857s] -- Configuring done
[5.858s] -- Generating done
[5.858s] -- Build files have been written to: /home/muhie/Desktop/coursework/ros2_ws/src/build/examples_rclcpp_minimal_timer
[5.971s] Invoked command in '/home/muhie/Desktop/coursework/ros2_ws/src/build/examples_rclcpp_minimal_timer' returned '0': CMAKE_PREFIX_PATH=/opt/ros/humble /usr/bin/cmake /home/muhie/Desktop/coursework/ros2_ws/src/examples/rclcpp/timers/minimal_timer -DCMAKE_INSTALL_PREFIX=/home/muhie/Desktop/coursework/ros2_ws/src/install/examples_rclcpp_minimal_timer
[5.978s] Invoking command in '/home/muhie/Desktop/coursework/ros2_ws/src/build/examples_rclcpp_minimal_timer': CMAKE_PREFIX_PATH=/opt/ros/humble /usr/bin/cmake --build /home/muhie/Desktop/coursework/ros2_ws/src/build/examples_rclcpp_minimal_timer -- -j12 -l12
[6.275s] [ 25%] [32mBuilding CXX object CMakeFiles/timer_lambda.dir/lambda.cpp.o[0m
[6.307s] [ 50%] [32mBuilding CXX object CMakeFiles/timer_member_function.dir/member_function.cpp.o[0m
