[0.052s] Invoking command in '/home/muhie/Desktop/coursework/ros2_ws/src/build/examples_rclcpp_minimal_client': CMAKE_PREFIX_PATH=/opt/ros/humble /usr/bin/cmake --build /home/muhie/Desktop/coursework/ros2_ws/src/build/examples_rclcpp_minimal_client -- -j12 -l12
[0.316s] [100%] Built target client_main
[0.490s] Invoked command in '/home/muhie/Desktop/coursework/ros2_ws/src/build/examples_rclcpp_minimal_client' returned '0': CMAKE_PREFIX_PATH=/opt/ros/humble /usr/bin/cmake --build /home/muhie/Desktop/coursework/ros2_ws/src/build/examples_rclcpp_minimal_client -- -j12 -l12
[0.495s] Invoking command in '/home/muhie/Desktop/coursework/ros2_ws/src/build/examples_rclcpp_minimal_client': CMAKE_PREFIX_PATH=/opt/ros/humble /usr/bin/cmake --install /home/muhie/Desktop/coursework/ros2_ws/src/build/examples_rclcpp_minimal_client
[0.543s] -- Install configuration: ""
[0.544s] -- Up-to-date: /home/muhie/Desktop/coursework/ros2_ws/src/install/examples_rclcpp_minimal_client/lib/examples_rclcpp_minimal_client/client_main
[0.544s] -- Up-to-date: /home/muhie/Desktop/coursework/ros2_ws/src/install/examples_rclcpp_minimal_client/share/ament_index/resource_index/package_run_dependencies/examples_rclcpp_minimal_client
[0.544s] -- Up-to-date: /home/muhie/Desktop/coursework/ros2_ws/src/install/examples_rclcpp_minimal_client/share/ament_index/resource_index/parent_prefix_path/examples_rclcpp_minimal_client
[0.545s] -- Up-to-date: /home/muhie/Desktop/coursework/ros2_ws/src/install/examples_rclcpp_minimal_client/share/examples_rclcpp_minimal_client/environment/ament_prefix_path.sh
[0.545s] -- Up-to-date: /home/muhie/Desktop/coursework/ros2_ws/src/install/examples_rclcpp_minimal_client/share/examples_rclcpp_minimal_client/environment/ament_prefix_path.dsv
[0.546s] -- Up-to-date: /home/muhie/Desktop/coursework/ros2_ws/src/install/examples_rclcpp_minimal_client/share/examples_rclcpp_minimal_client/environment/path.sh
[0.546s] -- Up-to-date: /home/muhie/Desktop/coursework/ros2_ws/src/install/examples_rclcpp_minimal_client/share/examples_rclcpp_minimal_client/environment/path.dsv
[0.547s] -- Up-to-date: /home/muhie/Desktop/coursework/ros2_ws/src/install/examples_rclcpp_minimal_client/share/examples_rclcpp_minimal_client/local_setup.bash
[0.547s] -- Up-to-date: /home/muhie/Desktop/coursework/ros2_ws/src/install/examples_rclcpp_minimal_client/share/examples_rclcpp_minimal_client/local_setup.sh
[0.547s] -- Up-to-date: /home/muhie/Desktop/coursework/ros2_ws/src/install/examples_rclcpp_minimal_client/share/examples_rclcpp_minimal_client/local_setup.zsh
[0.548s] -- Up-to-date: /home/muhie/Desktop/coursework/ros2_ws/src/install/examples_rclcpp_minimal_client/share/examples_rclcpp_minimal_client/local_setup.dsv
[0.548s] -- Installing: /home/muhie/Desktop/coursework/ros2_ws/src/install/examples_rclcpp_minimal_client/share/examples_rclcpp_minimal_client/package.dsv
[0.548s] -- Up-to-date: /home/muhie/Desktop/coursework/ros2_ws/src/install/examples_rclcpp_minimal_client/share/ament_index/resource_index/packages/examples_rclcpp_minimal_client
[0.548s] -- Up-to-date: /home/muhie/Desktop/coursework/ros2_ws/src/install/examples_rclcpp_minimal_client/share/examples_rclcpp_minimal_client/cmake/examples_rclcpp_minimal_clientConfig.cmake
[0.549s] -- Up-to-date: /home/muhie/Desktop/coursework/ros2_ws/src/install/examples_rclcpp_minimal_client/share/examples_rclcpp_minimal_client/cmake/examples_rclcpp_minimal_clientConfig-version.cmake
[0.549s] -- Up-to-date: /home/muhie/Desktop/coursework/ros2_ws/src/install/examples_rclcpp_minimal_client/share/examples_rclcpp_minimal_client/package.xml
[0.756s] Invoked command in '/home/muhie/Desktop/coursework/ros2_ws/src/build/examples_rclcpp_minimal_client' returned '0': CMAKE_PREFIX_PATH=/opt/ros/humble /usr/bin/cmake --install /home/muhie/Desktop/coursework/ros2_ws/src/build/examples_rclcpp_minimal_client
