[0.082s] DEBUG:colcon:Command line arguments: ['/usr/bin/colcon', 'build']
[0.082s] DEBUG:colcon:Parsed command line arguments: Namespace(log_base=None, log_level=None, verb_name='build', build_base='build', install_base='install', merge_install=False, symlink_install=False, test_result_base=None, continue_on_error=False, executor='parallel', parallel_workers=12, event_handlers=None, ignore_user_meta=False, metas=['./colcon.meta'], base_paths=['.'], packages_ignore=None, packages_ignore_regex=None, paths=None, packages_up_to=None, packages_up_to_regex=None, packages_above=None, packages_above_and_dependencies=None, packages_above_depth=None, packages_select_by_dep=None, packages_skip_by_dep=None, packages_skip_up_to=None, packages_select_build_failed=False, packages_skip_build_finished=False, packages_select_test_failures=False, packages_skip_test_passed=False, packages_select=None, packages_skip=None, packages_select_regex=None, packages_skip_regex=None, packages_start=None, packages_end=None, allow_overriding=[], cmake_args=None, cmake_target=None, cmake_target_skip_unavailable=False, cmake_clean_cache=False, cmake_clean_first=False, cmake_force_configure=False, ament_cmake_args=None, catkin_cmake_args=None, catkin_skip_building_tests=False, mixin_files=None, mixin=None, verb_parser=<colcon_mixin.mixin.mixin_argument.MixinArgumentDecorator object at 0x7a28eb41df00>, verb_extension=<colcon_core.verb.build.BuildVerb object at 0x7a28eb566ef0>, main=<bound method BuildVerb.main of <colcon_core.verb.build.BuildVerb object at 0x7a28eb566ef0>>, mixin_verb=('build',))
[0.220s] Level 1:colcon.colcon_core.package_discovery:discover_packages(colcon_meta) check parameters
[0.220s] Level 1:colcon.colcon_core.package_discovery:discover_packages(recursive) check parameters
[0.220s] Level 1:colcon.colcon_core.package_discovery:discover_packages(ignore) check parameters
[0.220s] Level 1:colcon.colcon_core.package_discovery:discover_packages(path) check parameters
[0.220s] Level 1:colcon.colcon_core.package_discovery:discover_packages(colcon_meta) discover
[0.220s] Level 1:colcon.colcon_core.package_discovery:discover_packages(recursive) discover
[0.220s] INFO:colcon.colcon_core.package_discovery:Crawling recursively for packages in '/home/muhie/Documents/cw/EMS628-COURSEWORK/ros2_ws'
[0.220s] Level 1:colcon.colcon_core.package_identification:_identify(.) by extensions ['ignore', 'ignore_ament_install']
[0.221s] Level 1:colcon.colcon_core.package_identification:_identify(.) by extension 'ignore'
[0.221s] Level 1:colcon.colcon_core.package_identification:_identify(.) by extension 'ignore_ament_install'
[0.221s] Level 1:colcon.colcon_core.package_identification:_identify(.) by extensions ['colcon_pkg']
[0.221s] Level 1:colcon.colcon_core.package_identification:_identify(.) by extension 'colcon_pkg'
[0.221s] Level 1:colcon.colcon_core.package_identification:_identify(.) by extensions ['colcon_meta']
[0.221s] Level 1:colcon.colcon_core.package_identification:_identify(.) by extension 'colcon_meta'
[0.221s] Level 1:colcon.colcon_core.package_identification:_identify(.) by extensions ['ros']
[0.221s] Level 1:colcon.colcon_core.package_identification:_identify(.) by extension 'ros'
[0.229s] Level 1:colcon.colcon_core.package_identification:_identify(.) by extensions ['cmake', 'python']
[0.229s] Level 1:colcon.colcon_core.package_identification:_identify(.) by extension 'cmake'
[0.229s] Level 1:colcon.colcon_core.package_identification:_identify(.) by extension 'python'
[0.229s] Level 1:colcon.colcon_core.package_identification:_identify(.) by extensions ['python_setup_py']
[0.229s] Level 1:colcon.colcon_core.package_identification:_identify(.) by extension 'python_setup_py'
[0.229s] Level 1:colcon.colcon_core.package_identification:_identify(build) by extensions ['ignore', 'ignore_ament_install']
[0.229s] Level 1:colcon.colcon_core.package_identification:_identify(build) by extension 'ignore'
[0.229s] Level 1:colcon.colcon_core.package_identification:_identify(build) ignored
[0.229s] Level 1:colcon.colcon_core.package_identification:_identify(install) by extensions ['ignore', 'ignore_ament_install']
[0.229s] Level 1:colcon.colcon_core.package_identification:_identify(install) by extension 'ignore'
[0.229s] Level 1:colcon.colcon_core.package_identification:_identify(install) ignored
[0.229s] Level 1:colcon.colcon_core.package_identification:_identify(log) by extensions ['ignore', 'ignore_ament_install']
[0.230s] Level 1:colcon.colcon_core.package_identification:_identify(log) by extension 'ignore'
[0.230s] Level 1:colcon.colcon_core.package_identification:_identify(log) ignored
[0.230s] Level 1:colcon.colcon_core.package_identification:_identify(src) by extensions ['ignore', 'ignore_ament_install']
[0.230s] Level 1:colcon.colcon_core.package_identification:_identify(src) by extension 'ignore'
[0.230s] Level 1:colcon.colcon_core.package_identification:_identify(src) by extension 'ignore_ament_install'
[0.230s] Level 1:colcon.colcon_core.package_identification:_identify(src) by extensions ['colcon_pkg']
[0.230s] Level 1:colcon.colcon_core.package_identification:_identify(src) by extension 'colcon_pkg'
[0.230s] Level 1:colcon.colcon_core.package_identification:_identify(src) by extensions ['colcon_meta']
[0.230s] Level 1:colcon.colcon_core.package_identification:_identify(src) by extension 'colcon_meta'
[0.230s] Level 1:colcon.colcon_core.package_identification:_identify(src) by extensions ['ros']
[0.230s] Level 1:colcon.colcon_core.package_identification:_identify(src) by extension 'ros'
[0.230s] Level 1:colcon.colcon_core.package_identification:_identify(src) by extensions ['cmake', 'python']
[0.230s] Level 1:colcon.colcon_core.package_identification:_identify(src) by extension 'cmake'
[0.230s] Level 1:colcon.colcon_core.package_identification:_identify(src) by extension 'python'
[0.230s] Level 1:colcon.colcon_core.package_identification:_identify(src) by extensions ['python_setup_py']
[0.230s] Level 1:colcon.colcon_core.package_identification:_identify(src) by extension 'python_setup_py'
[0.230s] Level 1:colcon.colcon_core.package_identification:_identify(src/ar_interface) by extensions ['ignore', 'ignore_ament_install']
[0.230s] Level 1:colcon.colcon_core.package_identification:_identify(src/ar_interface) by extension 'ignore'
[0.230s] Level 1:colcon.colcon_core.package_identification:_identify(src/ar_interface) by extension 'ignore_ament_install'
[0.230s] Level 1:colcon.colcon_core.package_identification:_identify(src/ar_interface) by extensions ['colcon_pkg']
[0.230s] Level 1:colcon.colcon_core.package_identification:_identify(src/ar_interface) by extension 'colcon_pkg'
[0.230s] Level 1:colcon.colcon_core.package_identification:_identify(src/ar_interface) by extensions ['colcon_meta']
[0.230s] Level 1:colcon.colcon_core.package_identification:_identify(src/ar_interface) by extension 'colcon_meta'
[0.231s] Level 1:colcon.colcon_core.package_identification:_identify(src/ar_interface) by extensions ['ros']
[0.231s] Level 1:colcon.colcon_core.package_identification:_identify(src/ar_interface) by extension 'ros'
[0.232s] DEBUG:colcon.colcon_core.package_identification:Package 'src/ar_interface' with type 'ros.ament_cmake' and name 'ar_interface'
[0.232s] Level 1:colcon.colcon_core.package_identification:_identify(src/ar_test) by extensions ['ignore', 'ignore_ament_install']
[0.233s] Level 1:colcon.colcon_core.package_identification:_identify(src/ar_test) by extension 'ignore'
[0.233s] Level 1:colcon.colcon_core.package_identification:_identify(src/ar_test) by extension 'ignore_ament_install'
[0.233s] Level 1:colcon.colcon_core.package_identification:_identify(src/ar_test) by extensions ['colcon_pkg']
[0.233s] Level 1:colcon.colcon_core.package_identification:_identify(src/ar_test) by extension 'colcon_pkg'
[0.233s] Level 1:colcon.colcon_core.package_identification:_identify(src/ar_test) by extensions ['colcon_meta']
[0.233s] Level 1:colcon.colcon_core.package_identification:_identify(src/ar_test) by extension 'colcon_meta'
[0.233s] Level 1:colcon.colcon_core.package_identification:_identify(src/ar_test) by extensions ['ros']
[0.233s] Level 1:colcon.colcon_core.package_identification:_identify(src/ar_test) by extension 'ros'
[0.233s] DEBUG:colcon.colcon_core.package_identification:Package 'src/ar_test' with type 'ros.ament_python' and name 'ar_test'
[0.233s] Level 1:colcon.colcon_core.package_identification:_identify(src/build) by extensions ['ignore', 'ignore_ament_install']
[0.233s] Level 1:colcon.colcon_core.package_identification:_identify(src/build) by extension 'ignore'
[0.233s] Level 1:colcon.colcon_core.package_identification:_identify(src/build) ignored
[0.233s] Level 1:colcon.colcon_core.package_identification:_identify(src/install) by extensions ['ignore', 'ignore_ament_install']
[0.234s] Level 1:colcon.colcon_core.package_identification:_identify(src/install) by extension 'ignore'
[0.234s] Level 1:colcon.colcon_core.package_identification:_identify(src/install) ignored
[0.234s] Level 1:colcon.colcon_core.package_identification:_identify(src/log) by extensions ['ignore', 'ignore_ament_install']
[0.234s] Level 1:colcon.colcon_core.package_identification:_identify(src/log) by extension 'ignore'
[0.234s] Level 1:colcon.colcon_core.package_identification:_identify(src/log) ignored
[0.234s] Level 1:colcon.colcon_core.package_discovery:discover_packages(recursive) using defaults
[0.234s] Level 1:colcon.colcon_core.package_discovery:discover_packages(ignore) discover
[0.234s] Level 1:colcon.colcon_core.package_discovery:discover_packages(ignore) using defaults
[0.234s] Level 1:colcon.colcon_core.package_discovery:discover_packages(path) discover
[0.234s] Level 1:colcon.colcon_core.package_discovery:discover_packages(path) using defaults
[0.257s] Level 1:colcon.colcon_core.package_discovery:discover_packages(prefix_path) check parameters
[0.257s] Level 1:colcon.colcon_core.package_discovery:discover_packages(prefix_path) discover
[0.259s] DEBUG:colcon.colcon_installed_package_information.package_discovery:Found 272 installed packages in /opt/ros/humble
[0.260s] Level 1:colcon.colcon_core.package_discovery:discover_packages(prefix_path) using defaults
[0.287s] Level 5:colcon.colcon_core.verb:set package 'ar_interface' build argument 'cmake_args' from command line to 'None'
[0.287s] Level 5:colcon.colcon_core.verb:set package 'ar_interface' build argument 'cmake_target' from command line to 'None'
[0.287s] Level 5:colcon.colcon_core.verb:set package 'ar_interface' build argument 'cmake_target_skip_unavailable' from command line to 'False'
[0.287s] Level 5:colcon.colcon_core.verb:set package 'ar_interface' build argument 'cmake_clean_cache' from command line to 'False'
[0.287s] Level 5:colcon.colcon_core.verb:set package 'ar_interface' build argument 'cmake_clean_first' from command line to 'False'
[0.287s] Level 5:colcon.colcon_core.verb:set package 'ar_interface' build argument 'cmake_force_configure' from command line to 'False'
[0.287s] Level 5:colcon.colcon_core.verb:set package 'ar_interface' build argument 'ament_cmake_args' from command line to 'None'
[0.287s] Level 5:colcon.colcon_core.verb:set package 'ar_interface' build argument 'catkin_cmake_args' from command line to 'None'
[0.287s] Level 5:colcon.colcon_core.verb:set package 'ar_interface' build argument 'catkin_skip_building_tests' from command line to 'False'
[0.287s] DEBUG:colcon.colcon_core.verb:Building package 'ar_interface' with the following arguments: {'ament_cmake_args': None, 'build_base': '/home/muhie/Documents/cw/EMS628-COURSEWORK/ros2_ws/build/ar_interface', 'catkin_cmake_args': None, 'catkin_skip_building_tests': False, 'cmake_args': None, 'cmake_clean_cache': False, 'cmake_clean_first': False, 'cmake_force_configure': False, 'cmake_target': None, 'cmake_target_skip_unavailable': False, 'install_base': '/home/muhie/Documents/cw/EMS628-COURSEWORK/ros2_ws/install/ar_interface', 'merge_install': False, 'path': '/home/muhie/Documents/cw/EMS628-COURSEWORK/ros2_ws/src/ar_interface', 'symlink_install': False, 'test_result_base': None}
[0.288s] Level 5:colcon.colcon_core.verb:set package 'ar_test' build argument 'cmake_args' from command line to 'None'
[0.288s] Level 5:colcon.colcon_core.verb:set package 'ar_test' build argument 'cmake_target' from command line to 'None'
[0.288s] Level 5:colcon.colcon_core.verb:set package 'ar_test' build argument 'cmake_target_skip_unavailable' from command line to 'False'
[0.288s] Level 5:colcon.colcon_core.verb:set package 'ar_test' build argument 'cmake_clean_cache' from command line to 'False'
[0.288s] Level 5:colcon.colcon_core.verb:set package 'ar_test' build argument 'cmake_clean_first' from command line to 'False'
[0.288s] Level 5:colcon.colcon_core.verb:set package 'ar_test' build argument 'cmake_force_configure' from command line to 'False'
[0.288s] Level 5:colcon.colcon_core.verb:set package 'ar_test' build argument 'ament_cmake_args' from command line to 'None'
[0.288s] Level 5:colcon.colcon_core.verb:set package 'ar_test' build argument 'catkin_cmake_args' from command line to 'None'
[0.288s] Level 5:colcon.colcon_core.verb:set package 'ar_test' build argument 'catkin_skip_building_tests' from command line to 'False'
[0.288s] DEBUG:colcon.colcon_core.verb:Building package 'ar_test' with the following arguments: {'ament_cmake_args': None, 'build_base': '/home/muhie/Documents/cw/EMS628-COURSEWORK/ros2_ws/build/ar_test', 'catkin_cmake_args': None, 'catkin_skip_building_tests': False, 'cmake_args': None, 'cmake_clean_cache': False, 'cmake_clean_first': False, 'cmake_force_configure': False, 'cmake_target': None, 'cmake_target_skip_unavailable': False, 'install_base': '/home/muhie/Documents/cw/EMS628-COURSEWORK/ros2_ws/install/ar_test', 'merge_install': False, 'path': '/home/muhie/Documents/cw/EMS628-COURSEWORK/ros2_ws/src/ar_test', 'symlink_install': False, 'test_result_base': None}
[0.288s] INFO:colcon.colcon_core.executor:Executing jobs using 'parallel' executor
[0.289s] DEBUG:colcon.colcon_parallel_executor.executor.parallel:run_until_complete
[0.289s] INFO:colcon.colcon_ros.task.ament_cmake.build:Building ROS package in '/home/muhie/Documents/cw/EMS628-COURSEWORK/ros2_ws/src/ar_interface' with build type 'ament_cmake'
[0.289s] INFO:colcon.colcon_cmake.task.cmake.build:Building CMake package in '/home/muhie/Documents/cw/EMS628-COURSEWORK/ros2_ws/src/ar_interface'
[0.292s] INFO:colcon.colcon_core.plugin_system:Skipping extension 'colcon_core.shell.bat': Not used on non-Windows systems
[0.292s] INFO:colcon.colcon_core.shell:Skip shell extension 'powershell' for command environment: Not usable outside of PowerShell
[0.292s] DEBUG:colcon.colcon_core.shell:Skip shell extension 'dsv' for command environment
[0.299s] DEBUG:colcon.colcon_core.event_handler.log_command:Invoking command in '/home/muhie/Documents/cw/EMS628-COURSEWORK/ros2_ws/build/ar_interface': CMAKE_PREFIX_PATH=/opt/ros/humble /usr/bin/cmake --build /home/muhie/Documents/cw/EMS628-COURSEWORK/ros2_ws/build/ar_interface -- -j12 -l12
[0.584s] DEBUG:colcon.colcon_core.event_handler.log_command:Invoked command in '/home/muhie/Documents/cw/EMS628-COURSEWORK/ros2_ws/build/ar_interface' returned '0': CMAKE_PREFIX_PATH=/opt/ros/humble /usr/bin/cmake --build /home/muhie/Documents/cw/EMS628-COURSEWORK/ros2_ws/build/ar_interface -- -j12 -l12
[0.594s] DEBUG:colcon.colcon_core.event_handler.log_command:Invoking command in '/home/muhie/Documents/cw/EMS628-COURSEWORK/ros2_ws/build/ar_interface': CMAKE_PREFIX_PATH=/opt/ros/humble /usr/bin/cmake --install /home/muhie/Documents/cw/EMS628-COURSEWORK/ros2_ws/build/ar_interface
[0.645s] Level 1:colcon.colcon_core.environment:create_environment_scripts_only(ar_interface)
[0.646s] DEBUG:colcon.colcon_core.event_handler.log_command:Invoked command in '/home/muhie/Documents/cw/EMS628-COURSEWORK/ros2_ws/build/ar_interface' returned '0': CMAKE_PREFIX_PATH=/opt/ros/humble /usr/bin/cmake --install /home/muhie/Documents/cw/EMS628-COURSEWORK/ros2_ws/build/ar_interface
[0.649s] Level 1:colcon.colcon_core.environment:checking '/home/muhie/Documents/cw/EMS628-COURSEWORK/ros2_ws/install/ar_interface' for CMake module files
[0.649s] Level 1:colcon.colcon_core.environment:checking '/home/muhie/Documents/cw/EMS628-COURSEWORK/ros2_ws/install/ar_interface' for CMake config files
[0.650s] Level 1:colcon.colcon_core.shell:create_environment_hook('ar_interface', 'cmake_prefix_path')
[0.650s] INFO:colcon.colcon_core.shell:Creating environment hook '/home/muhie/Documents/cw/EMS628-COURSEWORK/ros2_ws/install/ar_interface/share/ar_interface/hook/cmake_prefix_path.ps1'
[0.650s] INFO:colcon.colcon_core.shell:Creating environment descriptor '/home/muhie/Documents/cw/EMS628-COURSEWORK/ros2_ws/install/ar_interface/share/ar_interface/hook/cmake_prefix_path.dsv'
[0.651s] INFO:colcon.colcon_core.shell:Creating environment hook '/home/muhie/Documents/cw/EMS628-COURSEWORK/ros2_ws/install/ar_interface/share/ar_interface/hook/cmake_prefix_path.sh'
[0.651s] Level 1:colcon.colcon_core.environment:checking '/home/muhie/Documents/cw/EMS628-COURSEWORK/ros2_ws/install/ar_interface/lib'
[0.652s] Level 1:colcon.colcon_core.shell:create_environment_hook('ar_interface', 'ld_library_path_lib')
[0.652s] INFO:colcon.colcon_core.shell:Creating environment hook '/home/muhie/Documents/cw/EMS628-COURSEWORK/ros2_ws/install/ar_interface/share/ar_interface/hook/ld_library_path_lib.ps1'
[0.652s] INFO:colcon.colcon_core.shell:Creating environment descriptor '/home/muhie/Documents/cw/EMS628-COURSEWORK/ros2_ws/install/ar_interface/share/ar_interface/hook/ld_library_path_lib.dsv'
[0.652s] INFO:colcon.colcon_core.shell:Creating environment hook '/home/muhie/Documents/cw/EMS628-COURSEWORK/ros2_ws/install/ar_interface/share/ar_interface/hook/ld_library_path_lib.sh'
[0.653s] Level 1:colcon.colcon_core.environment:checking '/home/muhie/Documents/cw/EMS628-COURSEWORK/ros2_ws/install/ar_interface/bin'
[0.653s] Level 1:colcon.colcon_core.environment:checking '/home/muhie/Documents/cw/EMS628-COURSEWORK/ros2_ws/install/ar_interface/lib/pkgconfig/ar_interface.pc'
[0.653s] Level 1:colcon.colcon_core.environment:checking '/home/muhie/Documents/cw/EMS628-COURSEWORK/ros2_ws/install/ar_interface/lib/python3.10/site-packages'
[0.653s] Level 1:colcon.colcon_core.environment:checking '/home/muhie/Documents/cw/EMS628-COURSEWORK/ros2_ws/install/ar_interface/bin'
[0.653s] INFO:colcon.colcon_core.shell:Creating package script '/home/muhie/Documents/cw/EMS628-COURSEWORK/ros2_ws/install/ar_interface/share/ar_interface/package.ps1'
[0.654s] INFO:colcon.colcon_core.shell:Creating package descriptor '/home/muhie/Documents/cw/EMS628-COURSEWORK/ros2_ws/install/ar_interface/share/ar_interface/package.dsv'
[0.654s] INFO:colcon.colcon_core.shell:Creating package script '/home/muhie/Documents/cw/EMS628-COURSEWORK/ros2_ws/install/ar_interface/share/ar_interface/package.sh'
[0.655s] INFO:colcon.colcon_core.shell:Creating package script '/home/muhie/Documents/cw/EMS628-COURSEWORK/ros2_ws/install/ar_interface/share/ar_interface/package.bash'
[0.655s] INFO:colcon.colcon_core.shell:Creating package script '/home/muhie/Documents/cw/EMS628-COURSEWORK/ros2_ws/install/ar_interface/share/ar_interface/package.zsh'
[0.656s] Level 1:colcon.colcon_core.environment:create_file_with_runtime_dependencies(/home/muhie/Documents/cw/EMS628-COURSEWORK/ros2_ws/install/ar_interface/share/colcon-core/packages/ar_interface)
[0.656s] Level 1:colcon.colcon_core.environment:create_environment_scripts_only(ar_interface)
[0.656s] Level 1:colcon.colcon_core.environment:checking '/home/muhie/Documents/cw/EMS628-COURSEWORK/ros2_ws/install/ar_interface' for CMake module files
[0.657s] Level 1:colcon.colcon_core.environment:checking '/home/muhie/Documents/cw/EMS628-COURSEWORK/ros2_ws/install/ar_interface' for CMake config files
[0.657s] Level 1:colcon.colcon_core.shell:create_environment_hook('ar_interface', 'cmake_prefix_path')
[0.657s] INFO:colcon.colcon_core.shell:Creating environment hook '/home/muhie/Documents/cw/EMS628-COURSEWORK/ros2_ws/install/ar_interface/share/ar_interface/hook/cmake_prefix_path.ps1'
[0.658s] INFO:colcon.colcon_core.shell:Creating environment descriptor '/home/muhie/Documents/cw/EMS628-COURSEWORK/ros2_ws/install/ar_interface/share/ar_interface/hook/cmake_prefix_path.dsv'
[0.658s] INFO:colcon.colcon_core.shell:Creating environment hook '/home/muhie/Documents/cw/EMS628-COURSEWORK/ros2_ws/install/ar_interface/share/ar_interface/hook/cmake_prefix_path.sh'
[0.658s] Level 1:colcon.colcon_core.environment:checking '/home/muhie/Documents/cw/EMS628-COURSEWORK/ros2_ws/install/ar_interface/lib'
[0.658s] Level 1:colcon.colcon_core.shell:create_environment_hook('ar_interface', 'ld_library_path_lib')
[0.659s] INFO:colcon.colcon_core.shell:Creating environment hook '/home/muhie/Documents/cw/EMS628-COURSEWORK/ros2_ws/install/ar_interface/share/ar_interface/hook/ld_library_path_lib.ps1'
[0.659s] INFO:colcon.colcon_core.shell:Creating environment descriptor '/home/muhie/Documents/cw/EMS628-COURSEWORK/ros2_ws/install/ar_interface/share/ar_interface/hook/ld_library_path_lib.dsv'
[0.659s] INFO:colcon.colcon_core.shell:Creating environment hook '/home/muhie/Documents/cw/EMS628-COURSEWORK/ros2_ws/install/ar_interface/share/ar_interface/hook/ld_library_path_lib.sh'
[0.660s] Level 1:colcon.colcon_core.environment:checking '/home/muhie/Documents/cw/EMS628-COURSEWORK/ros2_ws/install/ar_interface/bin'
[0.660s] Level 1:colcon.colcon_core.environment:checking '/home/muhie/Documents/cw/EMS628-COURSEWORK/ros2_ws/install/ar_interface/lib/pkgconfig/ar_interface.pc'
[0.660s] Level 1:colcon.colcon_core.environment:checking '/home/muhie/Documents/cw/EMS628-COURSEWORK/ros2_ws/install/ar_interface/lib/python3.10/site-packages'
[0.660s] Level 1:colcon.colcon_core.environment:checking '/home/muhie/Documents/cw/EMS628-COURSEWORK/ros2_ws/install/ar_interface/bin'
[0.660s] INFO:colcon.colcon_core.shell:Creating package script '/home/muhie/Documents/cw/EMS628-COURSEWORK/ros2_ws/install/ar_interface/share/ar_interface/package.ps1'
[0.661s] INFO:colcon.colcon_core.shell:Creating package descriptor '/home/muhie/Documents/cw/EMS628-COURSEWORK/ros2_ws/install/ar_interface/share/ar_interface/package.dsv'
[0.661s] INFO:colcon.colcon_core.shell:Creating package script '/home/muhie/Documents/cw/EMS628-COURSEWORK/ros2_ws/install/ar_interface/share/ar_interface/package.sh'
[0.661s] INFO:colcon.colcon_core.shell:Creating package script '/home/muhie/Documents/cw/EMS628-COURSEWORK/ros2_ws/install/ar_interface/share/ar_interface/package.bash'
[0.662s] INFO:colcon.colcon_core.shell:Creating package script '/home/muhie/Documents/cw/EMS628-COURSEWORK/ros2_ws/install/ar_interface/share/ar_interface/package.zsh'
[0.662s] Level 1:colcon.colcon_core.environment:create_file_with_runtime_dependencies(/home/muhie/Documents/cw/EMS628-COURSEWORK/ros2_ws/install/ar_interface/share/colcon-core/packages/ar_interface)
[0.662s] INFO:colcon.colcon_ros.task.ament_python.build:Building ROS package in '/home/muhie/Documents/cw/EMS628-COURSEWORK/ros2_ws/src/ar_test' with build type 'ament_python'
[0.662s] Level 1:colcon.colcon_core.shell:create_environment_hook('ar_test', 'ament_prefix_path')
[0.662s] INFO:colcon.colcon_core.shell:Creating environment hook '/home/muhie/Documents/cw/EMS628-COURSEWORK/ros2_ws/install/ar_test/share/ar_test/hook/ament_prefix_path.ps1'
[0.663s] INFO:colcon.colcon_core.shell:Creating environment descriptor '/home/muhie/Documents/cw/EMS628-COURSEWORK/ros2_ws/install/ar_test/share/ar_test/hook/ament_prefix_path.dsv'
[0.663s] INFO:colcon.colcon_core.shell:Creating environment hook '/home/muhie/Documents/cw/EMS628-COURSEWORK/ros2_ws/install/ar_test/share/ar_test/hook/ament_prefix_path.sh'
[0.664s] INFO:colcon.colcon_core.shell:Skip shell extension 'powershell' for command environment: Not usable outside of PowerShell
[0.664s] DEBUG:colcon.colcon_core.shell:Skip shell extension 'dsv' for command environment
[0.867s] INFO:colcon.colcon_core.task.python.build:Building Python package in '/home/muhie/Documents/cw/EMS628-COURSEWORK/ros2_ws/src/ar_test'
[0.867s] INFO:colcon.colcon_core.shell:Skip shell extension 'powershell' for command environment: Not usable outside of PowerShell
[0.867s] DEBUG:colcon.colcon_core.shell:Skip shell extension 'dsv' for command environment
[1.147s] DEBUG:colcon.colcon_core.event_handler.log_command:Invoking command in '/home/muhie/Documents/cw/EMS628-COURSEWORK/ros2_ws/src/ar_test': AMENT_PREFIX_PATH=/home/muhie/Documents/cw/EMS628-COURSEWORK/ros2_ws/install/ar_interface:${AMENT_PREFIX_PATH} CMAKE_PREFIX_PATH=/home/muhie/Documents/cw/EMS628-COURSEWORK/ros2_ws/install/ar_interface LD_LIBRARY_PATH=/home/muhie/Documents/cw/EMS628-COURSEWORK/ros2_ws/install/ar_interface/lib:${LD_LIBRARY_PATH} PYTHONPATH=/home/muhie/Documents/cw/EMS628-COURSEWORK/ros2_ws/build/ar_test/prefix_override:/usr/lib/python3/dist-packages/colcon_core/task/python/colcon_distutils_commands:/home/muhie/Documents/cw/EMS628-COURSEWORK/ros2_ws/install/ar_test/lib/python3.10/site-packages:/home/muhie/Documents/cw/EMS628-COURSEWORK/ros2_ws/install/ar_interface/local/lib/python3.10/dist-packages:${PYTHONPATH} /usr/bin/python3 -W ignore:setup.py install is deprecated -W ignore:easy_install command is deprecated setup.py egg_info --egg-base ../../build/ar_test build --build-base /home/muhie/Documents/cw/EMS628-COURSEWORK/ros2_ws/build/ar_test/build install --record /home/muhie/Documents/cw/EMS628-COURSEWORK/ros2_ws/build/ar_test/install.log --single-version-externally-managed install_data
[1.373s] Level 1:colcon.colcon_core.environment:checking '/home/muhie/Documents/cw/EMS628-COURSEWORK/ros2_ws/install/ar_test' for CMake module files
[1.374s] DEBUG:colcon.colcon_core.event_handler.log_command:Invoked command in '/home/muhie/Documents/cw/EMS628-COURSEWORK/ros2_ws/src/ar_test' returned '0': AMENT_PREFIX_PATH=/home/muhie/Documents/cw/EMS628-COURSEWORK/ros2_ws/install/ar_interface:${AMENT_PREFIX_PATH} CMAKE_PREFIX_PATH=/home/muhie/Documents/cw/EMS628-COURSEWORK/ros2_ws/install/ar_interface LD_LIBRARY_PATH=/home/muhie/Documents/cw/EMS628-COURSEWORK/ros2_ws/install/ar_interface/lib:${LD_LIBRARY_PATH} PYTHONPATH=/home/muhie/Documents/cw/EMS628-COURSEWORK/ros2_ws/build/ar_test/prefix_override:/usr/lib/python3/dist-packages/colcon_core/task/python/colcon_distutils_commands:/home/muhie/Documents/cw/EMS628-COURSEWORK/ros2_ws/install/ar_test/lib/python3.10/site-packages:/home/muhie/Documents/cw/EMS628-COURSEWORK/ros2_ws/install/ar_interface/local/lib/python3.10/dist-packages:${PYTHONPATH} /usr/bin/python3 -W ignore:setup.py install is deprecated -W ignore:easy_install command is deprecated setup.py egg_info --egg-base ../../build/ar_test build --build-base /home/muhie/Documents/cw/EMS628-COURSEWORK/ros2_ws/build/ar_test/build install --record /home/muhie/Documents/cw/EMS628-COURSEWORK/ros2_ws/build/ar_test/install.log --single-version-externally-managed install_data
[1.374s] Level 1:colcon.colcon_core.environment:checking '/home/muhie/Documents/cw/EMS628-COURSEWORK/ros2_ws/install/ar_test' for CMake config files
[1.375s] Level 1:colcon.colcon_core.environment:checking '/home/muhie/Documents/cw/EMS628-COURSEWORK/ros2_ws/install/ar_test/lib'
[1.375s] Level 1:colcon.colcon_core.environment:checking '/home/muhie/Documents/cw/EMS628-COURSEWORK/ros2_ws/install/ar_test/bin'
[1.375s] Level 1:colcon.colcon_core.environment:checking '/home/muhie/Documents/cw/EMS628-COURSEWORK/ros2_ws/install/ar_test/lib/pkgconfig/ar_test.pc'
[1.375s] Level 1:colcon.colcon_core.environment:checking '/home/muhie/Documents/cw/EMS628-COURSEWORK/ros2_ws/install/ar_test/lib/python3.10/site-packages'
[1.375s] Level 1:colcon.colcon_core.shell:create_environment_hook('ar_test', 'pythonpath')
[1.375s] INFO:colcon.colcon_core.shell:Creating environment hook '/home/muhie/Documents/cw/EMS628-COURSEWORK/ros2_ws/install/ar_test/share/ar_test/hook/pythonpath.ps1'
[1.376s] INFO:colcon.colcon_core.shell:Creating environment descriptor '/home/muhie/Documents/cw/EMS628-COURSEWORK/ros2_ws/install/ar_test/share/ar_test/hook/pythonpath.dsv'
[1.376s] INFO:colcon.colcon_core.shell:Creating environment hook '/home/muhie/Documents/cw/EMS628-COURSEWORK/ros2_ws/install/ar_test/share/ar_test/hook/pythonpath.sh'
[1.377s] Level 1:colcon.colcon_core.environment:checking '/home/muhie/Documents/cw/EMS628-COURSEWORK/ros2_ws/install/ar_test/bin'
[1.377s] Level 1:colcon.colcon_core.environment:create_environment_scripts_only(ar_test)
[1.377s] INFO:colcon.colcon_core.shell:Creating package script '/home/muhie/Documents/cw/EMS628-COURSEWORK/ros2_ws/install/ar_test/share/ar_test/package.ps1'
[1.377s] INFO:colcon.colcon_core.shell:Creating package descriptor '/home/muhie/Documents/cw/EMS628-COURSEWORK/ros2_ws/install/ar_test/share/ar_test/package.dsv'
[1.378s] INFO:colcon.colcon_core.shell:Creating package script '/home/muhie/Documents/cw/EMS628-COURSEWORK/ros2_ws/install/ar_test/share/ar_test/package.sh'
[1.378s] INFO:colcon.colcon_core.shell:Creating package script '/home/muhie/Documents/cw/EMS628-COURSEWORK/ros2_ws/install/ar_test/share/ar_test/package.bash'
[1.378s] INFO:colcon.colcon_core.shell:Creating package script '/home/muhie/Documents/cw/EMS628-COURSEWORK/ros2_ws/install/ar_test/share/ar_test/package.zsh'
[1.379s] Level 1:colcon.colcon_core.environment:create_file_with_runtime_dependencies(/home/muhie/Documents/cw/EMS628-COURSEWORK/ros2_ws/install/ar_test/share/colcon-core/packages/ar_test)
[1.379s] DEBUG:colcon.colcon_parallel_executor.executor.parallel:closing loop
[1.379s] DEBUG:colcon.colcon_parallel_executor.executor.parallel:loop closed
[1.379s] DEBUG:colcon.colcon_parallel_executor.executor.parallel:run_until_complete finished with '0'
[1.379s] DEBUG:colcon.colcon_core.event_reactor:joining thread
[1.383s] INFO:colcon.colcon_core.plugin_system:Skipping extension 'colcon_notification.desktop_notification.terminal_notifier': Not used on non-Darwin systems
[1.383s] INFO:colcon.colcon_core.plugin_system:Skipping extension 'colcon_notification.desktop_notification.win32': Not used on non-Windows systems
[1.384s] INFO:colcon.colcon_notification.desktop_notification:Sending desktop notification using 'notify2'
[1.395s] DEBUG:colcon.colcon_core.event_reactor:joined thread
[1.395s] INFO:colcon.colcon_core.shell:Creating prefix script '/home/muhie/Documents/cw/EMS628-COURSEWORK/ros2_ws/install/local_setup.ps1'
[1.396s] INFO:colcon.colcon_core.shell:Creating prefix util module '/home/muhie/Documents/cw/EMS628-COURSEWORK/ros2_ws/install/_local_setup_util_ps1.py'
[1.397s] INFO:colcon.colcon_core.shell:Creating prefix chain script '/home/muhie/Documents/cw/EMS628-COURSEWORK/ros2_ws/install/setup.ps1'
[1.398s] INFO:colcon.colcon_core.shell:Creating prefix script '/home/muhie/Documents/cw/EMS628-COURSEWORK/ros2_ws/install/local_setup.sh'
[1.399s] INFO:colcon.colcon_core.shell:Creating prefix util module '/home/muhie/Documents/cw/EMS628-COURSEWORK/ros2_ws/install/_local_setup_util_sh.py'
[1.399s] INFO:colcon.colcon_core.shell:Creating prefix chain script '/home/muhie/Documents/cw/EMS628-COURSEWORK/ros2_ws/install/setup.sh'
[1.400s] INFO:colcon.colcon_core.shell:Creating prefix script '/home/muhie/Documents/cw/EMS628-COURSEWORK/ros2_ws/install/local_setup.bash'
[1.400s] INFO:colcon.colcon_core.shell:Creating prefix chain script '/home/muhie/Documents/cw/EMS628-COURSEWORK/ros2_ws/install/setup.bash'
[1.401s] INFO:colcon.colcon_core.shell:Creating prefix script '/home/muhie/Documents/cw/EMS628-COURSEWORK/ros2_ws/install/local_setup.zsh'
[1.402s] INFO:colcon.colcon_core.shell:Creating prefix chain script '/home/muhie/Documents/cw/EMS628-COURSEWORK/ros2_ws/install/setup.zsh'
