[0.053s] Invoking command in '/home/muhie/Desktop/coursework/ros2_ws/src/build/ar_interface': CMAKE_PREFIX_PATH=/opt/ros/humble /usr/bin/cmake /home/muhie/Desktop/coursework/ros2_ws/src/ar_interface -DCMAKE_INSTALL_PREFIX=/home/muhie/Desktop/coursework/ros2_ws/src/install/ar_interface
[0.445s] -- The C compiler identification is GNU 11.4.0
[0.596s] -- The CXX compiler identification is GNU 11.4.0
[0.607s] -- Detecting C compiler ABI info
[0.738s] -- Detecting C compiler ABI info - done
[0.749s] -- Check for working C compiler: /usr/bin/cc - skipped
[0.749s] -- Detecting C compile features
[0.749s] -- Detecting C compile features - done
[0.755s] -- Detecting CXX compiler ABI info
[0.901s] -- Detecting CXX compiler ABI info - done
[0.911s] -- Check for working CXX compiler: /usr/bin/c++ - skipped
[0.912s] -- Detecting CXX compile features
[0.912s] -- Detecting CXX compile features - done
[0.917s] -- Found ament_cmake: 1.3.12 (/opt/ros/humble/share/ament_cmake/cmake)
[1.227s] -- Found Python3: /usr/bin/python3 (found version "3.10.12") found components: Interpreter 
[1.336s] -- Found ament_lint_auto: 0.12.14 (/opt/ros/humble/share/ament_lint_auto/cmake)
[1.430s] -- Added test 'lint_cmake' to check CMake code style
[1.432s] -- Added test 'xmllint' to check XML markup files
[1.437s] -- Found rosidl_default_generators: 1.2.0 (/opt/ros/humble/share/rosidl_default_generators/cmake)
[1.448s] -- Using all available rosidl_typesupport_c: rosidl_typesupport_fastrtps_c;rosidl_typesupport_introspection_c
[1.464s] -- Found rosidl_adapter: 3.1.8 (/opt/ros/humble/share/rosidl_adapter/cmake)
[1.529s] -- Using all available rosidl_typesupport_cpp: rosidl_typesupport_fastrtps_cpp;rosidl_typesupport_introspection_cpp
[1.581s] [31mCMake Error at /opt/ros/humble/share/rosidl_cmake/cmake/rosidl_generate_interfaces.cmake:64 (message):
[1.581s]   rosidl_generate_interfaces() must be called before ament_package()
[1.581s] Call Stack (most recent call first):
[1.581s]   CMakeLists.txt:36 (rosidl_generate_interfaces)
[1.581s] 
[1.582s] [0m
[1.582s] -- Configuring incomplete, errors occurred!
[1.582s] See also "/home/muhie/Desktop/coursework/ros2_ws/src/build/ar_interface/CMakeFiles/CMakeOutput.log".
[3.392s] Invoked command in '/home/muhie/Desktop/coursework/ros2_ws/src/build/ar_interface' returned '1': CMAKE_PREFIX_PATH=/opt/ros/humble /usr/bin/cmake /home/muhie/Desktop/coursework/ros2_ws/src/ar_interface -DCMAKE_INSTALL_PREFIX=/home/muhie/Desktop/coursework/ros2_ws/src/install/ar_interface
