[0.069s] Invoking command in '/home/muhie/Desktop/coursework/ros2_ws/src/build/examples_rclcpp_multithreaded_executor': CMAKE_PREFIX_PATH=/opt/ros/humble /usr/bin/cmake --build /home/muhie/Desktop/coursework/ros2_ws/src/build/examples_rclcpp_multithreaded_executor -- -j12 -l12
[0.422s] [100%] Built target multithreaded_executor
[0.473s] Invoked command in '/home/muhie/Desktop/coursework/ros2_ws/src/build/examples_rclcpp_multithreaded_executor' returned '0': CMAKE_PREFIX_PATH=/opt/ros/humble /usr/bin/cmake --build /home/muhie/Desktop/coursework/ros2_ws/src/build/examples_rclcpp_multithreaded_executor -- -j12 -l12
[0.479s] Invoking command in '/home/muhie/Desktop/coursework/ros2_ws/src/build/examples_rclcpp_multithreaded_executor': CMAKE_PREFIX_PATH=/opt/ros/humble /usr/bin/cmake --install /home/muhie/Desktop/coursework/ros2_ws/src/build/examples_rclcpp_multithreaded_executor
[0.526s] -- Install configuration: ""
[0.526s] -- Up-to-date: /home/muhie/Desktop/coursework/ros2_ws/src/install/examples_rclcpp_multithreaded_executor/lib/examples_rclcpp_multithreaded_executor/multithreaded_executor
[0.526s] -- Up-to-date: /home/muhie/Desktop/coursework/ros2_ws/src/install/examples_rclcpp_multithreaded_executor/share/ament_index/resource_index/package_run_dependencies/examples_rclcpp_multithreaded_executor
[0.526s] -- Up-to-date: /home/muhie/Desktop/coursework/ros2_ws/src/install/examples_rclcpp_multithreaded_executor/share/ament_index/resource_index/parent_prefix_path/examples_rclcpp_multithreaded_executor
[0.526s] -- Up-to-date: /home/muhie/Desktop/coursework/ros2_ws/src/install/examples_rclcpp_multithreaded_executor/share/examples_rclcpp_multithreaded_executor/environment/ament_prefix_path.sh
[0.526s] -- Up-to-date: /home/muhie/Desktop/coursework/ros2_ws/src/install/examples_rclcpp_multithreaded_executor/share/examples_rclcpp_multithreaded_executor/environment/ament_prefix_path.dsv
[0.528s] -- Up-to-date: /home/muhie/Desktop/coursework/ros2_ws/src/install/examples_rclcpp_multithreaded_executor/share/examples_rclcpp_multithreaded_executor/environment/path.sh
[0.529s] -- Up-to-date: /home/muhie/Desktop/coursework/ros2_ws/src/install/examples_rclcpp_multithreaded_executor/share/examples_rclcpp_multithreaded_executor/environment/path.dsv
[0.529s] -- Up-to-date: /home/muhie/Desktop/coursework/ros2_ws/src/install/examples_rclcpp_multithreaded_executor/share/examples_rclcpp_multithreaded_executor/local_setup.bash
[0.530s] -- Up-to-date: /home/muhie/Desktop/coursework/ros2_ws/src/install/examples_rclcpp_multithreaded_executor/share/examples_rclcpp_multithreaded_executor/local_setup.sh
[0.530s] -- Up-to-date: /home/muhie/Desktop/coursework/ros2_ws/src/install/examples_rclcpp_multithreaded_executor/share/examples_rclcpp_multithreaded_executor/local_setup.zsh
[0.531s] -- Up-to-date: /home/muhie/Desktop/coursework/ros2_ws/src/install/examples_rclcpp_multithreaded_executor/share/examples_rclcpp_multithreaded_executor/local_setup.dsv
[0.531s] -- Installing: /home/muhie/Desktop/coursework/ros2_ws/src/install/examples_rclcpp_multithreaded_executor/share/examples_rclcpp_multithreaded_executor/package.dsv
[0.532s] -- Up-to-date: /home/muhie/Desktop/coursework/ros2_ws/src/install/examples_rclcpp_multithreaded_executor/share/ament_index/resource_index/packages/examples_rclcpp_multithreaded_executor
[0.533s] -- Up-to-date: /home/muhie/Desktop/coursework/ros2_ws/src/install/examples_rclcpp_multithreaded_executor/share/examples_rclcpp_multithreaded_executor/cmake/examples_rclcpp_multithreaded_executorConfig.cmake
[0.533s] -- Up-to-date: /home/muhie/Desktop/coursework/ros2_ws/src/install/examples_rclcpp_multithreaded_executor/share/examples_rclcpp_multithreaded_executor/cmake/examples_rclcpp_multithreaded_executorConfig-version.cmake
[0.534s] -- Up-to-date: /home/muhie/Desktop/coursework/ros2_ws/src/install/examples_rclcpp_multithreaded_executor/share/examples_rclcpp_multithreaded_executor/package.xml
[0.711s] Invoked command in '/home/muhie/Desktop/coursework/ros2_ws/src/build/examples_rclcpp_multithreaded_executor' returned '0': CMAKE_PREFIX_PATH=/opt/ros/humble /usr/bin/cmake --install /home/muhie/Desktop/coursework/ros2_ws/src/build/examples_rclcpp_multithreaded_executor
