[0.039s] Invoking command in '/home/muhie/Desktop/coursework/ros2_ws/src/build/examples_rclcpp_minimal_client': CMAKE_PREFIX_PATH=/opt/ros/humble /usr/bin/cmake --build /home/muhie/Desktop/coursework/ros2_ws/src/build/examples_rclcpp_minimal_client -- -j12 -l12
[0.178s] [100%] Built target client_main
[0.276s] Invoked command in '/home/muhie/Desktop/coursework/ros2_ws/src/build/examples_rclcpp_minimal_client' returned '0': CMAKE_PREFIX_PATH=/opt/ros/humble /usr/bin/cmake --build /home/muhie/Desktop/coursework/ros2_ws/src/build/examples_rclcpp_minimal_client -- -j12 -l12
[0.277s] Invoking command in '/home/muhie/Desktop/coursework/ros2_ws/src/build/examples_rclcpp_minimal_client': CMAKE_PREFIX_PATH=/opt/ros/humble /usr/bin/cmake --install /home/muhie/Desktop/coursework/ros2_ws/src/build/examples_rclcpp_minimal_client
[0.368s] -- Install configuration: ""
[0.369s] -- Up-to-date: /home/muhie/Desktop/coursework/ros2_ws/src/install/examples_rclcpp_minimal_client/lib/examples_rclcpp_minimal_client/client_main
[0.369s] -- Up-to-date: /home/muhie/Desktop/coursework/ros2_ws/src/install/examples_rclcpp_minimal_client/share/ament_index/resource_index/package_run_dependencies/examples_rclcpp_minimal_client
[0.369s] -- Up-to-date: /home/muhie/Desktop/coursework/ros2_ws/src/install/examples_rclcpp_minimal_client/share/ament_index/resource_index/parent_prefix_path/examples_rclcpp_minimal_client
[0.369s] -- Up-to-date: /home/muhie/Desktop/coursework/ros2_ws/src/install/examples_rclcpp_minimal_client/share/examples_rclcpp_minimal_client/environment/ament_prefix_path.sh
[0.369s] -- Up-to-date: /home/muhie/Desktop/coursework/ros2_ws/src/install/examples_rclcpp_minimal_client/share/examples_rclcpp_minimal_client/environment/ament_prefix_path.dsv
[0.369s] -- Up-to-date: /home/muhie/Desktop/coursework/ros2_ws/src/install/examples_rclcpp_minimal_client/share/examples_rclcpp_minimal_client/environment/path.sh
[0.369s] -- Up-to-date: /home/muhie/Desktop/coursework/ros2_ws/src/install/examples_rclcpp_minimal_client/share/examples_rclcpp_minimal_client/environment/path.dsv
[0.370s] -- Up-to-date: /home/muhie/Desktop/coursework/ros2_ws/src/install/examples_rclcpp_minimal_client/share/examples_rclcpp_minimal_client/local_setup.bash
[0.370s] -- Up-to-date: /home/muhie/Desktop/coursework/ros2_ws/src/install/examples_rclcpp_minimal_client/share/examples_rclcpp_minimal_client/local_setup.sh
[0.370s] -- Up-to-date: /home/muhie/Desktop/coursework/ros2_ws/src/install/examples_rclcpp_minimal_client/share/examples_rclcpp_minimal_client/local_setup.zsh
[0.371s] -- Up-to-date: /home/muhie/Desktop/coursework/ros2_ws/src/install/examples_rclcpp_minimal_client/share/examples_rclcpp_minimal_client/local_setup.dsv
[0.372s] -- Installing: /home/muhie/Desktop/coursework/ros2_ws/src/install/examples_rclcpp_minimal_client/share/examples_rclcpp_minimal_client/package.dsv
[0.372s] -- Up-to-date: /home/muhie/Desktop/coursework/ros2_ws/src/install/examples_rclcpp_minimal_client/share/ament_index/resource_index/packages/examples_rclcpp_minimal_client
[0.372s] -- Up-to-date: /home/muhie/Desktop/coursework/ros2_ws/src/install/examples_rclcpp_minimal_client/share/examples_rclcpp_minimal_client/cmake/examples_rclcpp_minimal_clientConfig.cmake
[0.372s] -- Up-to-date: /home/muhie/Desktop/coursework/ros2_ws/src/install/examples_rclcpp_minimal_client/share/examples_rclcpp_minimal_client/cmake/examples_rclcpp_minimal_clientConfig-version.cmake
[0.373s] -- Up-to-date: /home/muhie/Desktop/coursework/ros2_ws/src/install/examples_rclcpp_minimal_client/share/examples_rclcpp_minimal_client/package.xml
[0.418s] Invoked command in '/home/muhie/Desktop/coursework/ros2_ws/src/build/examples_rclcpp_minimal_client' returned '0': CMAKE_PREFIX_PATH=/opt/ros/humble /usr/bin/cmake --install /home/muhie/Desktop/coursework/ros2_ws/src/build/examples_rclcpp_minimal_client
