[1.321s] Invoking command in '/home/muhie/Desktop/coursework/ros2_ws/src/build/examples_rclcpp_minimal_composition': CMAKE_PREFIX_PATH=/opt/ros/humble /usr/bin/cmake /home/muhie/Desktop/coursework/ros2_ws/src/examples/rclcpp/composition/minimal_composition -DCMAKE_INSTALL_PREFIX=/home/muhie/Desktop/coursework/ros2_ws/src/install/examples_rclcpp_minimal_composition
[1.577s] -- The C compiler identification is GNU 11.4.0
[1.872s] -- The CXX compiler identification is GNU 11.4.0
[1.920s] -- Detecting C compiler ABI info
[2.169s] -- Detecting C compiler ABI info - done
[2.220s] -- Check for working C compiler: /usr/bin/cc - skipped
[2.221s] -- Detecting C compile features
[2.224s] -- Detecting C compile features - done
[2.239s] -- Detecting CXX compiler ABI info
[2.535s] -- Detecting CXX compiler ABI info - done
[2.564s] -- Check for working CXX compiler: /usr/bin/c++ - skipped
[2.567s] -- Detecting CXX compile features
[2.568s] -- Detecting CXX compile features - done
[2.579s] -- Found ament_cmake: 1.3.12 (/opt/ros/humble/share/ament_cmake/cmake)
[3.278s] -- Found Python3: /usr/bin/python3 (found version "3.10.12") found components: Interpreter 
[3.608s] -- Found rclcpp: 16.0.17 (/opt/ros/humble/share/rclcpp/cmake)
[3.748s] -- Found rosidl_generator_c: 3.1.8 (/opt/ros/humble/share/rosidl_generator_c/cmake)
[3.763s] -- Found rosidl_adapter: 3.1.8 (/opt/ros/humble/share/rosidl_adapter/cmake)
[3.791s] -- Found rosidl_generator_cpp: 3.1.8 (/opt/ros/humble/share/rosidl_generator_cpp/cmake)
[3.830s] -- Using all available rosidl_typesupport_c: rosidl_typesupport_fastrtps_c;rosidl_typesupport_introspection_c
[3.886s] -- Using all available rosidl_typesupport_cpp: rosidl_typesupport_fastrtps_cpp;rosidl_typesupport_introspection_cpp
[4.041s] -- Found rmw_implementation_cmake: 6.1.2 (/opt/ros/humble/share/rmw_implementation_cmake/cmake)
[4.054s] -- Found rmw_fastrtps_cpp: 6.2.9 (/opt/ros/humble/share/rmw_fastrtps_cpp/cmake)
[4.354s] -- Found OpenSSL: /usr/lib/x86_64-linux-gnu/libcrypto.so (found version "3.0.2")  
[4.458s] -- Found FastRTPS: /opt/ros/humble/include  
[4.592s] -- Using RMW implementation 'rmw_fastrtps_cpp' as default
[4.622s] -- Looking for pthread.h
[4.866s] -- Looking for pthread.h - found
[4.870s] -- Performing Test CMAKE_HAVE_LIBC_PTHREAD
[5.117s] -- Performing Test CMAKE_HAVE_LIBC_PTHREAD - Success
[5.119s] -- Found Threads: TRUE  
[5.327s] -- Found rclcpp_components: 16.0.17 (/opt/ros/humble/share/rclcpp_components/cmake)
[5.447s] -- Found ament_lint_auto: 0.12.14 (/opt/ros/humble/share/ament_lint_auto/cmake)
[5.736s] -- Added test 'copyright' to check source files copyright and LICENSE
[5.736s] -- Added test 'cppcheck' to perform static code analysis on C / C++ code
[5.737s] -- Configured cppcheck include dirs: /home/muhie/Desktop/coursework/ros2_ws/src/examples/rclcpp/composition/minimal_composition/include
[5.737s] -- Configured cppcheck exclude dirs and/or files: 
[5.742s] -- Added test 'cpplint' to check C / C++ code against the Google style
[5.743s] -- Configured cpplint exclude dirs and/or files: 
[5.743s] -- Added test 'lint_cmake' to check CMake code style
[5.749s] -- Added test 'uncrustify' to check C / C++ code style
[5.749s] -- Configured uncrustify additional arguments: 
[5.754s] -- Added test 'xmllint' to check XML markup files
[5.758s] -- Configuring done
[5.946s] -- Generating done
[5.992s] -- Build files have been written to: /home/muhie/Desktop/coursework/ros2_ws/src/build/examples_rclcpp_minimal_composition
[6.168s] Invoked command in '/home/muhie/Desktop/coursework/ros2_ws/src/build/examples_rclcpp_minimal_composition' returned '0': CMAKE_PREFIX_PATH=/opt/ros/humble /usr/bin/cmake /home/muhie/Desktop/coursework/ros2_ws/src/examples/rclcpp/composition/minimal_composition -DCMAKE_INSTALL_PREFIX=/home/muhie/Desktop/coursework/ros2_ws/src/install/examples_rclcpp_minimal_composition
[6.170s] Invoking command in '/home/muhie/Desktop/coursework/ros2_ws/src/build/examples_rclcpp_minimal_composition': CMAKE_PREFIX_PATH=/opt/ros/humble /usr/bin/cmake --build /home/muhie/Desktop/coursework/ros2_ws/src/build/examples_rclcpp_minimal_composition -- -j12 -l12
[6.705s] [ 11%] [32mBuilding CXX object CMakeFiles/composition_nodes.dir/src/publisher_node.cpp.o[0m
[6.803s] [ 22%] [32mBuilding CXX object CMakeFiles/composition_nodes.dir/src/subscriber_node.cpp.o[0m
