[0.040s] Invoking command in '/home/muhie/Desktop/coursework/ros2_ws/src/build/ar_interface': CMAKE_PREFIX_PATH=/opt/ros/humble /usr/bin/cmake --build /home/muhie/Desktop/coursework/ros2_ws/src/build/ar_interface -- -j12 -l12
[0.118s] [35m[1mConsolidate compiler generated dependencies of target ar_interface__rosidl_generator_c[0m
[0.160s] [ 10%] Built target ar_interface__rosidl_generator_c
[0.174s] [ 12%] Built target ar_interface__cpp
[0.174s] [ 12%] Built target ament_cmake_python_copy_ar_interface
[0.206s] [35m[1mConsolidate compiler generated dependencies of target ar_interface__rosidl_typesupport_fastrtps_c[0m
[0.220s] [35m[1mConsolidate compiler generated dependencies of target ar_interface__rosidl_typesupport_introspection_c[0m
[0.226s] [35m[1mConsolidate compiler generated dependencies of target ar_interface__rosidl_typesupport_c[0m
[0.287s] [35m[1mConsolidate compiler generated dependencies of target ar_interface__rosidl_typesupport_fastrtps_cpp[0m
[0.287s] [35m[1mConsolidate compiler generated dependencies of target ar_interface__rosidl_typesupport_introspection_cpp[0m
[0.318s] [ 23%] Built target ar_interface__rosidl_typesupport_introspection_c
[0.329s] [ 33%] Built target ar_interface__rosidl_typesupport_fastrtps_c
[0.340s] [ 43%] Built target ar_interface__rosidl_typesupport_c
[0.383s] [35m[1mConsolidate compiler generated dependencies of target ar_interface__rosidl_typesupport_cpp[0m
[0.383s] [ 53%] Built target ar_interface__rosidl_typesupport_introspection_cpp
[0.467s] [ 64%] Built target ar_interface__rosidl_typesupport_fastrtps_cpp
[0.469s] [ 74%] Built target ar_interface__rosidl_typesupport_cpp
[0.533s] [ 74%] Built target ar_interface
[0.545s] [ 76%] Built target ar_interface__py
[0.549s] [35m[1mConsolidate compiler generated dependencies of target ar_interface__rosidl_generator_py[0m
[0.558s] [ 84%] Built target ar_interface__rosidl_generator_py
[0.580s] [35m[1mConsolidate compiler generated dependencies of target ar_interface__rosidl_typesupport_fastrtps_c__pyext[0m
[0.580s] [35m[1mConsolidate compiler generated dependencies of target ar_interface__rosidl_typesupport_introspection_c__pyext[0m
[0.581s] [35m[1mConsolidate compiler generated dependencies of target ar_interface__rosidl_typesupport_c__pyext[0m
[0.623s] [ 89%] Built target ar_interface__rosidl_typesupport_fastrtps_c__pyext
[0.635s] [ 94%] Built target ar_interface__rosidl_typesupport_c__pyext
[0.635s] [100%] Built target ar_interface__rosidl_typesupport_introspection_c__pyext
[0.834s] running egg_info
[0.836s] writing ar_interface.egg-info/PKG-INFO
[0.837s] writing dependency_links to ar_interface.egg-info/dependency_links.txt
[0.837s] writing top-level names to ar_interface.egg-info/top_level.txt
[0.839s] reading manifest file 'ar_interface.egg-info/SOURCES.txt'
[0.840s] writing manifest file 'ar_interface.egg-info/SOURCES.txt'
[0.888s] [100%] Built target ament_cmake_python_build_ar_interface_egg
[2.519s] Invoked command in '/home/muhie/Desktop/coursework/ros2_ws/src/build/ar_interface' returned '0': CMAKE_PREFIX_PATH=/opt/ros/humble /usr/bin/cmake --build /home/muhie/Desktop/coursework/ros2_ws/src/build/ar_interface -- -j12 -l12
[2.521s] Invoking command in '/home/muhie/Desktop/coursework/ros2_ws/src/build/ar_interface': CMAKE_PREFIX_PATH=/opt/ros/humble /usr/bin/cmake --install /home/muhie/Desktop/coursework/ros2_ws/src/build/ar_interface
[2.528s] -- Install configuration: ""
[2.528s] -- Up-to-date: /home/muhie/Desktop/coursework/ros2_ws/src/install/ar_interface/share/ament_index/resource_index/rosidl_interfaces/ar_interface
[2.528s] -- Up-to-date: /home/muhie/Desktop/coursework/ros2_ws/src/install/ar_interface/include/ar_interface/ar_interface
[2.528s] -- Up-to-date: /home/muhie/Desktop/coursework/ros2_ws/src/install/ar_interface/include/ar_interface/ar_interface/msg
[2.529s] -- Up-to-date: /home/muhie/Desktop/coursework/ros2_ws/src/install/ar_interface/include/ar_interface/ar_interface/msg/cubic_traj_params.h
[2.529s] -- Up-to-date: /home/muhie/Desktop/coursework/ros2_ws/src/install/ar_interface/include/ar_interface/ar_interface/msg/rosidl_generator_c__visibility_control.h
[2.529s] -- Up-to-date: /home/muhie/Desktop/coursework/ros2_ws/src/install/ar_interface/include/ar_interface/ar_interface/msg/cubic_traj_coeffs.h
[2.529s] -- Up-to-date: /home/muhie/Desktop/coursework/ros2_ws/src/install/ar_interface/include/ar_interface/ar_interface/msg/detail
[2.529s] -- Up-to-date: /home/muhie/Desktop/coursework/ros2_ws/src/install/ar_interface/include/ar_interface/ar_interface/msg/detail/cubic_traj_coeffs__functions.h
[2.529s] -- Up-to-date: /home/muhie/Desktop/coursework/ros2_ws/src/install/ar_interface/include/ar_interface/ar_interface/msg/detail/cubic_traj_params__type_support.h
[2.530s] -- Up-to-date: /home/muhie/Desktop/coursework/ros2_ws/src/install/ar_interface/include/ar_interface/ar_interface/msg/detail/cubic_traj_params__functions.h
[2.530s] -- Up-to-date: /home/muhie/Desktop/coursework/ros2_ws/src/install/ar_interface/include/ar_interface/ar_interface/msg/detail/cubic_traj_coeffs__functions.c
[2.530s] -- Up-to-date: /home/muhie/Desktop/coursework/ros2_ws/src/install/ar_interface/include/ar_interface/ar_interface/msg/detail/cubic_traj_coeffs__type_support.h
[2.530s] -- Up-to-date: /home/muhie/Desktop/coursework/ros2_ws/src/install/ar_interface/include/ar_interface/ar_interface/msg/detail/cubic_traj_coeffs__struct.h
[2.530s] -- Up-to-date: /home/muhie/Desktop/coursework/ros2_ws/src/install/ar_interface/include/ar_interface/ar_interface/msg/detail/cubic_traj_params__struct.h
[2.530s] -- Up-to-date: /home/muhie/Desktop/coursework/ros2_ws/src/install/ar_interface/include/ar_interface/ar_interface/msg/detail/cubic_traj_params__functions.c
[2.531s] -- Up-to-date: /home/muhie/Desktop/coursework/ros2_ws/src/install/ar_interface/share/ar_interface/environment/library_path.sh
[2.531s] -- Up-to-date: /home/muhie/Desktop/coursework/ros2_ws/src/install/ar_interface/share/ar_interface/environment/library_path.dsv
[2.531s] -- Up-to-date: /home/muhie/Desktop/coursework/ros2_ws/src/install/ar_interface/lib/libar_interface__rosidl_generator_c.so
[2.532s] -- Up-to-date: /home/muhie/Desktop/coursework/ros2_ws/src/install/ar_interface/include/ar_interface/ar_interface
[2.532s] -- Up-to-date: /home/muhie/Desktop/coursework/ros2_ws/src/install/ar_interface/include/ar_interface/ar_interface/msg
[2.532s] -- Up-to-date: /home/muhie/Desktop/coursework/ros2_ws/src/install/ar_interface/include/ar_interface/ar_interface/msg/rosidl_typesupport_fastrtps_c__visibility_control.h
[2.532s] -- Up-to-date: /home/muhie/Desktop/coursework/ros2_ws/src/install/ar_interface/include/ar_interface/ar_interface/msg/detail
[2.532s] -- Up-to-date: /home/muhie/Desktop/coursework/ros2_ws/src/install/ar_interface/include/ar_interface/ar_interface/msg/detail/cubic_traj_coeffs__rosidl_typesupport_fastrtps_c.h
[2.532s] -- Up-to-date: /home/muhie/Desktop/coursework/ros2_ws/src/install/ar_interface/include/ar_interface/ar_interface/msg/detail/cubic_traj_params__rosidl_typesupport_fastrtps_c.h
[2.533s] -- Up-to-date: /home/muhie/Desktop/coursework/ros2_ws/src/install/ar_interface/lib/libar_interface__rosidl_typesupport_fastrtps_c.so
[2.533s] -- Up-to-date: /home/muhie/Desktop/coursework/ros2_ws/src/install/ar_interface/include/ar_interface/ar_interface
[2.533s] -- Up-to-date: /home/muhie/Desktop/coursework/ros2_ws/src/install/ar_interface/include/ar_interface/ar_interface/msg
[2.533s] -- Up-to-date: /home/muhie/Desktop/coursework/ros2_ws/src/install/ar_interface/include/ar_interface/ar_interface/msg/rosidl_typesupport_introspection_c__visibility_control.h
[2.533s] -- Up-to-date: /home/muhie/Desktop/coursework/ros2_ws/src/install/ar_interface/include/ar_interface/ar_interface/msg/detail
[2.534s] -- Up-to-date: /home/muhie/Desktop/coursework/ros2_ws/src/install/ar_interface/include/ar_interface/ar_interface/msg/detail/cubic_traj_params__rosidl_typesupport_introspection_c.h
[2.534s] -- Up-to-date: /home/muhie/Desktop/coursework/ros2_ws/src/install/ar_interface/include/ar_interface/ar_interface/msg/detail/cubic_traj_coeffs__type_support.c
[2.534s] -- Up-to-date: /home/muhie/Desktop/coursework/ros2_ws/src/install/ar_interface/include/ar_interface/ar_interface/msg/detail/cubic_traj_params__type_support.c
[2.534s] -- Up-to-date: /home/muhie/Desktop/coursework/ros2_ws/src/install/ar_interface/include/ar_interface/ar_interface/msg/detail/cubic_traj_coeffs__rosidl_typesupport_introspection_c.h
[2.534s] -- Up-to-date: /home/muhie/Desktop/coursework/ros2_ws/src/install/ar_interface/lib/libar_interface__rosidl_typesupport_introspection_c.so
[2.534s] -- Up-to-date: /home/muhie/Desktop/coursework/ros2_ws/src/install/ar_interface/lib/libar_interface__rosidl_typesupport_c.so
[2.534s] -- Up-to-date: /home/muhie/Desktop/coursework/ros2_ws/src/install/ar_interface/include/ar_interface/ar_interface
[2.535s] -- Up-to-date: /home/muhie/Desktop/coursework/ros2_ws/src/install/ar_interface/include/ar_interface/ar_interface/msg
[2.535s] -- Up-to-date: /home/muhie/Desktop/coursework/ros2_ws/src/install/ar_interface/include/ar_interface/ar_interface/msg/cubic_traj_coeffs.hpp
[2.535s] -- Up-to-date: /home/muhie/Desktop/coursework/ros2_ws/src/install/ar_interface/include/ar_interface/ar_interface/msg/rosidl_generator_cpp__visibility_control.hpp
[2.535s] -- Up-to-date: /home/muhie/Desktop/coursework/ros2_ws/src/install/ar_interface/include/ar_interface/ar_interface/msg/cubic_traj_params.hpp
[2.535s] -- Up-to-date: /home/muhie/Desktop/coursework/ros2_ws/src/install/ar_interface/include/ar_interface/ar_interface/msg/detail
[2.535s] -- Up-to-date: /home/muhie/Desktop/coursework/ros2_ws/src/install/ar_interface/include/ar_interface/ar_interface/msg/detail/cubic_traj_params__struct.hpp
[2.536s] -- Up-to-date: /home/muhie/Desktop/coursework/ros2_ws/src/install/ar_interface/include/ar_interface/ar_interface/msg/detail/cubic_traj_params__type_support.hpp
[2.536s] -- Up-to-date: /home/muhie/Desktop/coursework/ros2_ws/src/install/ar_interface/include/ar_interface/ar_interface/msg/detail/cubic_traj_coeffs__struct.hpp
[2.536s] -- Up-to-date: /home/muhie/Desktop/coursework/ros2_ws/src/install/ar_interface/include/ar_interface/ar_interface/msg/detail/cubic_traj_coeffs__builder.hpp
[2.536s] -- Up-to-date: /home/muhie/Desktop/coursework/ros2_ws/src/install/ar_interface/include/ar_interface/ar_interface/msg/detail/cubic_traj_coeffs__traits.hpp
[2.536s] -- Up-to-date: /home/muhie/Desktop/coursework/ros2_ws/src/install/ar_interface/include/ar_interface/ar_interface/msg/detail/cubic_traj_coeffs__type_support.hpp
[2.536s] -- Up-to-date: /home/muhie/Desktop/coursework/ros2_ws/src/install/ar_interface/include/ar_interface/ar_interface/msg/detail/cubic_traj_params__traits.hpp
[2.536s] -- Up-to-date: /home/muhie/Desktop/coursework/ros2_ws/src/install/ar_interface/include/ar_interface/ar_interface/msg/detail/cubic_traj_params__builder.hpp
[2.536s] -- Up-to-date: /home/muhie/Desktop/coursework/ros2_ws/src/install/ar_interface/include/ar_interface/ar_interface
[2.536s] -- Up-to-date: /home/muhie/Desktop/coursework/ros2_ws/src/install/ar_interface/include/ar_interface/ar_interface/msg
[2.537s] -- Up-to-date: /home/muhie/Desktop/coursework/ros2_ws/src/install/ar_interface/include/ar_interface/ar_interface/msg/rosidl_typesupport_fastrtps_cpp__visibility_control.h
[2.537s] -- Up-to-date: /home/muhie/Desktop/coursework/ros2_ws/src/install/ar_interface/include/ar_interface/ar_interface/msg/detail
[2.537s] -- Up-to-date: /home/muhie/Desktop/coursework/ros2_ws/src/install/ar_interface/include/ar_interface/ar_interface/msg/detail/cubic_traj_params__rosidl_typesupport_fastrtps_cpp.hpp
[2.537s] -- Up-to-date: /home/muhie/Desktop/coursework/ros2_ws/src/install/ar_interface/include/ar_interface/ar_interface/msg/detail/cubic_traj_coeffs__rosidl_typesupport_fastrtps_cpp.hpp
[2.537s] -- Up-to-date: /home/muhie/Desktop/coursework/ros2_ws/src/install/ar_interface/include/ar_interface/ar_interface/msg/detail/dds_fastrtps
[2.537s] -- Up-to-date: /home/muhie/Desktop/coursework/ros2_ws/src/install/ar_interface/lib/libar_interface__rosidl_typesupport_fastrtps_cpp.so
[2.537s] -- Up-to-date: /home/muhie/Desktop/coursework/ros2_ws/src/install/ar_interface/include/ar_interface/ar_interface
[2.537s] -- Up-to-date: /home/muhie/Desktop/coursework/ros2_ws/src/install/ar_interface/include/ar_interface/ar_interface/msg
[2.538s] -- Up-to-date: /home/muhie/Desktop/coursework/ros2_ws/src/install/ar_interface/include/ar_interface/ar_interface/msg/detail
[2.538s] -- Up-to-date: /home/muhie/Desktop/coursework/ros2_ws/src/install/ar_interface/include/ar_interface/ar_interface/msg/detail/cubic_traj_coeffs__rosidl_typesupport_introspection_cpp.hpp
[2.538s] -- Up-to-date: /home/muhie/Desktop/coursework/ros2_ws/src/install/ar_interface/include/ar_interface/ar_interface/msg/detail/cubic_traj_coeffs__type_support.cpp
[2.538s] -- Up-to-date: /home/muhie/Desktop/coursework/ros2_ws/src/install/ar_interface/include/ar_interface/ar_interface/msg/detail/cubic_traj_params__type_support.cpp
[2.538s] -- Up-to-date: /home/muhie/Desktop/coursework/ros2_ws/src/install/ar_interface/include/ar_interface/ar_interface/msg/detail/cubic_traj_params__rosidl_typesupport_introspection_cpp.hpp
[2.538s] -- Up-to-date: /home/muhie/Desktop/coursework/ros2_ws/src/install/ar_interface/lib/libar_interface__rosidl_typesupport_introspection_cpp.so
[2.539s] -- Up-to-date: /home/muhie/Desktop/coursework/ros2_ws/src/install/ar_interface/lib/libar_interface__rosidl_typesupport_cpp.so
[2.539s] -- Up-to-date: /home/muhie/Desktop/coursework/ros2_ws/src/install/ar_interface/share/ar_interface/environment/pythonpath.sh
[2.540s] -- Up-to-date: /home/muhie/Desktop/coursework/ros2_ws/src/install/ar_interface/share/ar_interface/environment/pythonpath.dsv
[2.540s] -- Up-to-date: /home/muhie/Desktop/coursework/ros2_ws/src/install/ar_interface/local/lib/python3.10/dist-packages/ar_interface-0.0.0-py3.10.egg-info
[2.540s] -- Installing: /home/muhie/Desktop/coursework/ros2_ws/src/install/ar_interface/local/lib/python3.10/dist-packages/ar_interface-0.0.0-py3.10.egg-info/PKG-INFO
[2.540s] -- Installing: /home/muhie/Desktop/coursework/ros2_ws/src/install/ar_interface/local/lib/python3.10/dist-packages/ar_interface-0.0.0-py3.10.egg-info/SOURCES.txt
[2.540s] -- Installing: /home/muhie/Desktop/coursework/ros2_ws/src/install/ar_interface/local/lib/python3.10/dist-packages/ar_interface-0.0.0-py3.10.egg-info/top_level.txt
[2.540s] -- Installing: /home/muhie/Desktop/coursework/ros2_ws/src/install/ar_interface/local/lib/python3.10/dist-packages/ar_interface-0.0.0-py3.10.egg-info/dependency_links.txt
[2.540s] -- Up-to-date: /home/muhie/Desktop/coursework/ros2_ws/src/install/ar_interface/local/lib/python3.10/dist-packages/ar_interface
[2.540s] -- Up-to-date: /home/muhie/Desktop/coursework/ros2_ws/src/install/ar_interface/local/lib/python3.10/dist-packages/ar_interface/_ar_interface_s.ep.rosidl_typesupport_fastrtps_c.c
[2.540s] -- Up-to-date: /home/muhie/Desktop/coursework/ros2_ws/src/install/ar_interface/local/lib/python3.10/dist-packages/ar_interface/_ar_interface_s.ep.rosidl_typesupport_introspection_c.c
[2.541s] -- Up-to-date: /home/muhie/Desktop/coursework/ros2_ws/src/install/ar_interface/local/lib/python3.10/dist-packages/ar_interface/msg
[2.541s] -- Up-to-date: /home/muhie/Desktop/coursework/ros2_ws/src/install/ar_interface/local/lib/python3.10/dist-packages/ar_interface/msg/_cubic_traj_coeffs_s.c
[2.541s] -- Up-to-date: /home/muhie/Desktop/coursework/ros2_ws/src/install/ar_interface/local/lib/python3.10/dist-packages/ar_interface/msg/_cubic_traj_params_s.c
[2.541s] -- Up-to-date: /home/muhie/Desktop/coursework/ros2_ws/src/install/ar_interface/local/lib/python3.10/dist-packages/ar_interface/msg/_cubic_traj_params.py
[2.541s] -- Up-to-date: /home/muhie/Desktop/coursework/ros2_ws/src/install/ar_interface/local/lib/python3.10/dist-packages/ar_interface/msg/__init__.py
[2.541s] -- Up-to-date: /home/muhie/Desktop/coursework/ros2_ws/src/install/ar_interface/local/lib/python3.10/dist-packages/ar_interface/msg/_cubic_traj_coeffs.py
[2.541s] -- Up-to-date: /home/muhie/Desktop/coursework/ros2_ws/src/install/ar_interface/local/lib/python3.10/dist-packages/ar_interface/ar_interface_s__rosidl_typesupport_c.cpython-310-x86_64-linux-gnu.so
[2.541s] -- Up-to-date: /home/muhie/Desktop/coursework/ros2_ws/src/install/ar_interface/local/lib/python3.10/dist-packages/ar_interface/ar_interface_s__rosidl_typesupport_introspection_c.cpython-310-x86_64-linux-gnu.so
[2.541s] -- Up-to-date: /home/muhie/Desktop/coursework/ros2_ws/src/install/ar_interface/local/lib/python3.10/dist-packages/ar_interface/__init__.py
[2.541s] -- Up-to-date: /home/muhie/Desktop/coursework/ros2_ws/src/install/ar_interface/local/lib/python3.10/dist-packages/ar_interface/_ar_interface_s.ep.rosidl_typesupport_c.c
[2.541s] -- Up-to-date: /home/muhie/Desktop/coursework/ros2_ws/src/install/ar_interface/local/lib/python3.10/dist-packages/ar_interface/ar_interface_s__rosidl_typesupport_fastrtps_c.cpython-310-x86_64-linux-gnu.so
[2.541s] -- Up-to-date: /home/muhie/Desktop/coursework/ros2_ws/src/install/ar_interface/local/lib/python3.10/dist-packages/ar_interface/libar_interface__rosidl_generator_py.so
[2.573s] Listing '/home/muhie/Desktop/coursework/ros2_ws/src/install/ar_interface/local/lib/python3.10/dist-packages/ar_interface'...
[2.573s] Listing '/home/muhie/Desktop/coursework/ros2_ws/src/install/ar_interface/local/lib/python3.10/dist-packages/ar_interface/msg'...
[2.578s] -- Up-to-date: /home/muhie/Desktop/coursework/ros2_ws/src/install/ar_interface/local/lib/python3.10/dist-packages/ar_interface/ar_interface_s__rosidl_typesupport_fastrtps_c.cpython-310-x86_64-linux-gnu.so
[2.578s] -- Up-to-date: /home/muhie/Desktop/coursework/ros2_ws/src/install/ar_interface/local/lib/python3.10/dist-packages/ar_interface/ar_interface_s__rosidl_typesupport_introspection_c.cpython-310-x86_64-linux-gnu.so
[2.579s] -- Up-to-date: /home/muhie/Desktop/coursework/ros2_ws/src/install/ar_interface/local/lib/python3.10/dist-packages/ar_interface/ar_interface_s__rosidl_typesupport_c.cpython-310-x86_64-linux-gnu.so
[2.579s] -- Up-to-date: /home/muhie/Desktop/coursework/ros2_ws/src/install/ar_interface/lib/libar_interface__rosidl_generator_py.so
[2.579s] -- Up-to-date: /home/muhie/Desktop/coursework/ros2_ws/src/install/ar_interface/share/ar_interface/msg/CubicTrajCoeffs.idl
[2.579s] -- Up-to-date: /home/muhie/Desktop/coursework/ros2_ws/src/install/ar_interface/share/ar_interface/msg/CubicTrajParams.idl
[2.579s] -- Up-to-date: /home/muhie/Desktop/coursework/ros2_ws/src/install/ar_interface/share/ar_interface/msg/CubicTrajCoeffs.msg
[2.580s] -- Up-to-date: /home/muhie/Desktop/coursework/ros2_ws/src/install/ar_interface/share/ar_interface/msg/CubicTrajParams.msg
[2.580s] -- Up-to-date: /home/muhie/Desktop/coursework/ros2_ws/src/install/ar_interface/share/ament_index/resource_index/package_run_dependencies/ar_interface
[2.580s] -- Up-to-date: /home/muhie/Desktop/coursework/ros2_ws/src/install/ar_interface/share/ament_index/resource_index/parent_prefix_path/ar_interface
[2.580s] -- Up-to-date: /home/muhie/Desktop/coursework/ros2_ws/src/install/ar_interface/share/ar_interface/environment/ament_prefix_path.sh
[2.580s] -- Up-to-date: /home/muhie/Desktop/coursework/ros2_ws/src/install/ar_interface/share/ar_interface/environment/ament_prefix_path.dsv
[2.580s] -- Up-to-date: /home/muhie/Desktop/coursework/ros2_ws/src/install/ar_interface/share/ar_interface/environment/path.sh
[2.580s] -- Up-to-date: /home/muhie/Desktop/coursework/ros2_ws/src/install/ar_interface/share/ar_interface/environment/path.dsv
[2.580s] -- Up-to-date: /home/muhie/Desktop/coursework/ros2_ws/src/install/ar_interface/share/ar_interface/local_setup.bash
[2.580s] -- Up-to-date: /home/muhie/Desktop/coursework/ros2_ws/src/install/ar_interface/share/ar_interface/local_setup.sh
[2.581s] -- Up-to-date: /home/muhie/Desktop/coursework/ros2_ws/src/install/ar_interface/share/ar_interface/local_setup.zsh
[2.581s] -- Up-to-date: /home/muhie/Desktop/coursework/ros2_ws/src/install/ar_interface/share/ar_interface/local_setup.dsv
[2.581s] -- Installing: /home/muhie/Desktop/coursework/ros2_ws/src/install/ar_interface/share/ar_interface/package.dsv
[2.581s] -- Up-to-date: /home/muhie/Desktop/coursework/ros2_ws/src/install/ar_interface/share/ament_index/resource_index/packages/ar_interface
[2.581s] -- Up-to-date: /home/muhie/Desktop/coursework/ros2_ws/src/install/ar_interface/share/ar_interface/cmake/export_ar_interface__rosidl_generator_cExport.cmake
[2.581s] -- Up-to-date: /home/muhie/Desktop/coursework/ros2_ws/src/install/ar_interface/share/ar_interface/cmake/export_ar_interface__rosidl_generator_cExport-noconfig.cmake
[2.581s] -- Up-to-date: /home/muhie/Desktop/coursework/ros2_ws/src/install/ar_interface/share/ar_interface/cmake/export_ar_interface__rosidl_typesupport_fastrtps_cExport.cmake
[2.581s] -- Up-to-date: /home/muhie/Desktop/coursework/ros2_ws/src/install/ar_interface/share/ar_interface/cmake/export_ar_interface__rosidl_typesupport_fastrtps_cExport-noconfig.cmake
[2.581s] -- Up-to-date: /home/muhie/Desktop/coursework/ros2_ws/src/install/ar_interface/share/ar_interface/cmake/ar_interface__rosidl_typesupport_introspection_cExport.cmake
[2.581s] -- Up-to-date: /home/muhie/Desktop/coursework/ros2_ws/src/install/ar_interface/share/ar_interface/cmake/ar_interface__rosidl_typesupport_introspection_cExport-noconfig.cmake
[2.582s] -- Up-to-date: /home/muhie/Desktop/coursework/ros2_ws/src/install/ar_interface/share/ar_interface/cmake/ar_interface__rosidl_typesupport_cExport.cmake
[2.582s] -- Up-to-date: /home/muhie/Desktop/coursework/ros2_ws/src/install/ar_interface/share/ar_interface/cmake/ar_interface__rosidl_typesupport_cExport-noconfig.cmake
[2.582s] -- Up-to-date: /home/muhie/Desktop/coursework/ros2_ws/src/install/ar_interface/share/ar_interface/cmake/export_ar_interface__rosidl_generator_cppExport.cmake
[2.582s] -- Up-to-date: /home/muhie/Desktop/coursework/ros2_ws/src/install/ar_interface/share/ar_interface/cmake/export_ar_interface__rosidl_typesupport_fastrtps_cppExport.cmake
[2.582s] -- Up-to-date: /home/muhie/Desktop/coursework/ros2_ws/src/install/ar_interface/share/ar_interface/cmake/export_ar_interface__rosidl_typesupport_fastrtps_cppExport-noconfig.cmake
[2.582s] -- Up-to-date: /home/muhie/Desktop/coursework/ros2_ws/src/install/ar_interface/share/ar_interface/cmake/ar_interface__rosidl_typesupport_introspection_cppExport.cmake
[2.582s] -- Up-to-date: /home/muhie/Desktop/coursework/ros2_ws/src/install/ar_interface/share/ar_interface/cmake/ar_interface__rosidl_typesupport_introspection_cppExport-noconfig.cmake
[2.582s] -- Up-to-date: /home/muhie/Desktop/coursework/ros2_ws/src/install/ar_interface/share/ar_interface/cmake/ar_interface__rosidl_typesupport_cppExport.cmake
[2.582s] -- Up-to-date: /home/muhie/Desktop/coursework/ros2_ws/src/install/ar_interface/share/ar_interface/cmake/ar_interface__rosidl_typesupport_cppExport-noconfig.cmake
[2.582s] -- Up-to-date: /home/muhie/Desktop/coursework/ros2_ws/src/install/ar_interface/share/ar_interface/cmake/export_ar_interface__rosidl_generator_pyExport.cmake
[2.583s] -- Up-to-date: /home/muhie/Desktop/coursework/ros2_ws/src/install/ar_interface/share/ar_interface/cmake/export_ar_interface__rosidl_generator_pyExport-noconfig.cmake
[2.583s] -- Up-to-date: /home/muhie/Desktop/coursework/ros2_ws/src/install/ar_interface/share/ar_interface/cmake/rosidl_cmake-extras.cmake
[2.583s] -- Up-to-date: /home/muhie/Desktop/coursework/ros2_ws/src/install/ar_interface/share/ar_interface/cmake/ament_cmake_export_include_directories-extras.cmake
[2.583s] -- Up-to-date: /home/muhie/Desktop/coursework/ros2_ws/src/install/ar_interface/share/ar_interface/cmake/ament_cmake_export_libraries-extras.cmake
[2.583s] -- Up-to-date: /home/muhie/Desktop/coursework/ros2_ws/src/install/ar_interface/share/ar_interface/cmake/ament_cmake_export_targets-extras.cmake
[2.583s] -- Up-to-date: /home/muhie/Desktop/coursework/ros2_ws/src/install/ar_interface/share/ar_interface/cmake/rosidl_cmake_export_typesupport_targets-extras.cmake
[2.583s] -- Up-to-date: /home/muhie/Desktop/coursework/ros2_ws/src/install/ar_interface/share/ar_interface/cmake/ament_cmake_export_dependencies-extras.cmake
[2.583s] -- Up-to-date: /home/muhie/Desktop/coursework/ros2_ws/src/install/ar_interface/share/ar_interface/cmake/rosidl_cmake_export_typesupport_libraries-extras.cmake
[2.583s] -- Up-to-date: /home/muhie/Desktop/coursework/ros2_ws/src/install/ar_interface/share/ar_interface/cmake/ar_interfaceConfig.cmake
[2.583s] -- Up-to-date: /home/muhie/Desktop/coursework/ros2_ws/src/install/ar_interface/share/ar_interface/cmake/ar_interfaceConfig-version.cmake
[2.583s] -- Up-to-date: /home/muhie/Desktop/coursework/ros2_ws/src/install/ar_interface/share/ar_interface/package.xml
[3.704s] Invoked command in '/home/muhie/Desktop/coursework/ros2_ws/src/build/ar_interface' returned '0': CMAKE_PREFIX_PATH=/opt/ros/humble /usr/bin/cmake --install /home/muhie/Desktop/coursework/ros2_ws/src/build/ar_interface
