[3.270s] Invoking command in '/home/muhie/Desktop/coursework/ros2_ws/src/examples/rclpy/executors': PYTHONPATH=/home/muhie/Desktop/coursework/ros2_ws/src/build/examples_rclpy_executors/prefix_override:/usr/lib/python3/dist-packages/colcon_core/task/python/colcon_distutils_commands:/home/muhie/Desktop/coursework/ros2_ws/src/install/examples_rclpy_executors/lib/python3.10/site-packages:${PYTHONPATH} /usr/bin/python3 -W ignore:setup.py install is deprecated -W ignore:easy_install command is deprecated setup.py egg_info --egg-base ../../../build/examples_rclpy_executors build --build-base /home/muhie/Desktop/coursework/ros2_ws/src/build/examples_rclpy_executors/build install --record /home/muhie/Desktop/coursework/ros2_ws/src/build/examples_rclpy_executors/install.log --single-version-externally-managed install_data
[4.001s] running egg_info
[4.002s] writing ../../../build/examples_rclpy_executors/examples_rclpy_executors.egg-info/PKG-INFO
[4.003s] writing dependency_links to ../../../build/examples_rclpy_executors/examples_rclpy_executors.egg-info/dependency_links.txt
[4.003s] writing entry points to ../../../build/examples_rclpy_executors/examples_rclpy_executors.egg-info/entry_points.txt
[4.004s] writing requirements to ../../../build/examples_rclpy_executors/examples_rclpy_executors.egg-info/requires.txt
[4.005s] writing top-level names to ../../../build/examples_rclpy_executors/examples_rclpy_executors.egg-info/top_level.txt
[4.009s] reading manifest file '../../../build/examples_rclpy_executors/examples_rclpy_executors.egg-info/SOURCES.txt'
[4.015s] writing manifest file '../../../build/examples_rclpy_executors/examples_rclpy_executors.egg-info/SOURCES.txt'
[4.015s] running build
[4.017s] running build_py
[4.018s] running install
[4.021s] running install_lib
[4.027s] running install_data
[4.028s] running install_egg_info
[4.032s] removing '/home/muhie/Desktop/coursework/ros2_ws/src/install/examples_rclpy_executors/lib/python3.10/site-packages/examples_rclpy_executors-0.15.5-py3.10.egg-info' (and everything under it)
[4.036s] Copying ../../../build/examples_rclpy_executors/examples_rclpy_executors.egg-info to /home/muhie/Desktop/coursework/ros2_ws/src/install/examples_rclpy_executors/lib/python3.10/site-packages/examples_rclpy_executors-0.15.5-py3.10.egg-info
[4.061s] running install_scripts
[4.141s] Installing callback_group script to /home/muhie/Desktop/coursework/ros2_ws/src/install/examples_rclpy_executors/lib/examples_rclpy_executors
[4.141s] Installing composed script to /home/muhie/Desktop/coursework/ros2_ws/src/install/examples_rclpy_executors/lib/examples_rclpy_executors
[4.142s] Installing custom_callback_group script to /home/muhie/Desktop/coursework/ros2_ws/src/install/examples_rclpy_executors/lib/examples_rclpy_executors
[4.142s] Installing custom_executor script to /home/muhie/Desktop/coursework/ros2_ws/src/install/examples_rclpy_executors/lib/examples_rclpy_executors
[4.142s] Installing listener script to /home/muhie/Desktop/coursework/ros2_ws/src/install/examples_rclpy_executors/lib/examples_rclpy_executors
[4.142s] Installing talker script to /home/muhie/Desktop/coursework/ros2_ws/src/install/examples_rclpy_executors/lib/examples_rclpy_executors
[4.142s] writing list of installed files to '/home/muhie/Desktop/coursework/ros2_ws/src/build/examples_rclpy_executors/install.log'
[4.275s] Invoked command in '/home/muhie/Desktop/coursework/ros2_ws/src/examples/rclpy/executors' returned '0': PYTHONPATH=/home/muhie/Desktop/coursework/ros2_ws/src/build/examples_rclpy_executors/prefix_override:/usr/lib/python3/dist-packages/colcon_core/task/python/colcon_distutils_commands:/home/muhie/Desktop/coursework/ros2_ws/src/install/examples_rclpy_executors/lib/python3.10/site-packages:${PYTHONPATH} /usr/bin/python3 -W ignore:setup.py install is deprecated -W ignore:easy_install command is deprecated setup.py egg_info --egg-base ../../../build/examples_rclpy_executors build --build-base /home/muhie/Desktop/coursework/ros2_ws/src/build/examples_rclpy_executors/build install --record /home/muhie/Desktop/coursework/ros2_ws/src/build/examples_rclpy_executors/install.log --single-version-externally-managed install_data
