[0.246s] Invoking command in '/home/muhie/Desktop/coursework/ros2_ws/src/build/examples_rclcpp_minimal_publisher': CMAKE_PREFIX_PATH=${CMAKE_PREFIX_PATH}:/home/muhie/Desktop/coursework/ros2_ws/src/install/launch_testing_examples:/home/muhie/Desktop/coursework/ros2_ws/src/install/examples_rclpy_pointcloud_publisher:/home/muhie/Desktop/coursework/ros2_ws/src/install/examples_rclpy_minimal_subscriber:/home/muhie/Desktop/coursework/ros2_ws/src/install/examples_rclpy_minimal_service:/home/muhie/Desktop/coursework/ros2_ws/src/install/examples_rclpy_minimal_publisher:/home/muhie/Desktop/coursework/ros2_ws/src/install/examples_rclpy_minimal_client:/home/muhie/Desktop/coursework/ros2_ws/src/install/examples_rclpy_minimal_action_server:/home/muhie/Desktop/coursework/ros2_ws/src/install/examples_rclpy_minimal_action_client:/home/muhie/Desktop/coursework/ros2_ws/src/install/examples_rclpy_guard_conditions:/home/muhie/Desktop/coursework/ros2_ws/src/install/examples_rclpy_executors:/home/muhie/Desktop/coursework/ros2_ws/src/install/ar_test:/home/muhie/Desktop/coursework/ros2_ws/src/install/ar_interface:/opt/ros/humble /usr/bin/cmake --build /home/muhie/Desktop/coursework/ros2_ws/src/build/examples_rclcpp_minimal_publisher -- -j12 -l12
[0.477s] [ 16%] Built target publisher_member_function
[0.495s] [ 33%] Built target publisher_lambda
[0.501s] [ 50%] Built target publisher_member_function_with_unique_network_flow_endpoints
[0.503s] [ 66%] Built target publisher_wait_for_all_acked
[0.519s] [ 83%] Built target publisher_member_function_with_type_adapter
[0.555s] [100%] Built target publisher_not_composable
[0.719s] Invoked command in '/home/muhie/Desktop/coursework/ros2_ws/src/build/examples_rclcpp_minimal_publisher' returned '0': CMAKE_PREFIX_PATH=${CMAKE_PREFIX_PATH}:/home/muhie/Desktop/coursework/ros2_ws/src/install/launch_testing_examples:/home/muhie/Desktop/coursework/ros2_ws/src/install/examples_rclpy_pointcloud_publisher:/home/muhie/Desktop/coursework/ros2_ws/src/install/examples_rclpy_minimal_subscriber:/home/muhie/Desktop/coursework/ros2_ws/src/install/examples_rclpy_minimal_service:/home/muhie/Desktop/coursework/ros2_ws/src/install/examples_rclpy_minimal_publisher:/home/muhie/Desktop/coursework/ros2_ws/src/install/examples_rclpy_minimal_client:/home/muhie/Desktop/coursework/ros2_ws/src/install/examples_rclpy_minimal_action_server:/home/muhie/Desktop/coursework/ros2_ws/src/install/examples_rclpy_minimal_action_client:/home/muhie/Desktop/coursework/ros2_ws/src/install/examples_rclpy_guard_conditions:/home/muhie/Desktop/coursework/ros2_ws/src/install/examples_rclpy_executors:/home/muhie/Desktop/coursework/ros2_ws/src/install/ar_test:/home/muhie/Desktop/coursework/ros2_ws/src/install/ar_interface:/opt/ros/humble /usr/bin/cmake --build /home/muhie/Desktop/coursework/ros2_ws/src/build/examples_rclcpp_minimal_publisher -- -j12 -l12
[0.721s] Invoking command in '/home/muhie/Desktop/coursework/ros2_ws/src/build/examples_rclcpp_minimal_publisher': CMAKE_PREFIX_PATH=${CMAKE_PREFIX_PATH}:/home/muhie/Desktop/coursework/ros2_ws/src/install/launch_testing_examples:/home/muhie/Desktop/coursework/ros2_ws/src/install/examples_rclpy_pointcloud_publisher:/home/muhie/Desktop/coursework/ros2_ws/src/install/examples_rclpy_minimal_subscriber:/home/muhie/Desktop/coursework/ros2_ws/src/install/examples_rclpy_minimal_service:/home/muhie/Desktop/coursework/ros2_ws/src/install/examples_rclpy_minimal_publisher:/home/muhie/Desktop/coursework/ros2_ws/src/install/examples_rclpy_minimal_client:/home/muhie/Desktop/coursework/ros2_ws/src/install/examples_rclpy_minimal_action_server:/home/muhie/Desktop/coursework/ros2_ws/src/install/examples_rclpy_minimal_action_client:/home/muhie/Desktop/coursework/ros2_ws/src/install/examples_rclpy_guard_conditions:/home/muhie/Desktop/coursework/ros2_ws/src/install/examples_rclpy_executors:/home/muhie/Desktop/coursework/ros2_ws/src/install/ar_test:/home/muhie/Desktop/coursework/ros2_ws/src/install/ar_interface:/opt/ros/humble /usr/bin/cmake --install /home/muhie/Desktop/coursework/ros2_ws/src/build/examples_rclcpp_minimal_publisher
[0.799s] -- Install configuration: ""
[0.800s] -- Up-to-date: /home/muhie/Desktop/coursework/ros2_ws/src/install/examples_rclcpp_minimal_publisher/lib/examples_rclcpp_minimal_publisher/publisher_lambda
[0.800s] -- Up-to-date: /home/muhie/Desktop/coursework/ros2_ws/src/install/examples_rclcpp_minimal_publisher/lib/examples_rclcpp_minimal_publisher/publisher_member_function
[0.800s] -- Up-to-date: /home/muhie/Desktop/coursework/ros2_ws/src/install/examples_rclcpp_minimal_publisher/lib/examples_rclcpp_minimal_publisher/publisher_member_function_with_type_adapter
[0.801s] -- Up-to-date: /home/muhie/Desktop/coursework/ros2_ws/src/install/examples_rclcpp_minimal_publisher/lib/examples_rclcpp_minimal_publisher/publisher_member_function_with_unique_network_flow_endpoints
[0.801s] -- Up-to-date: /home/muhie/Desktop/coursework/ros2_ws/src/install/examples_rclcpp_minimal_publisher/lib/examples_rclcpp_minimal_publisher/publisher_wait_for_all_acked
[0.801s] -- Up-to-date: /home/muhie/Desktop/coursework/ros2_ws/src/install/examples_rclcpp_minimal_publisher/lib/examples_rclcpp_minimal_publisher/publisher_not_composable
[0.802s] -- Up-to-date: /home/muhie/Desktop/coursework/ros2_ws/src/install/examples_rclcpp_minimal_publisher/share/ament_index/resource_index/package_run_dependencies/examples_rclcpp_minimal_publisher
[0.802s] -- Up-to-date: /home/muhie/Desktop/coursework/ros2_ws/src/install/examples_rclcpp_minimal_publisher/share/ament_index/resource_index/parent_prefix_path/examples_rclcpp_minimal_publisher
[0.803s] -- Up-to-date: /home/muhie/Desktop/coursework/ros2_ws/src/install/examples_rclcpp_minimal_publisher/share/examples_rclcpp_minimal_publisher/environment/ament_prefix_path.sh
[0.803s] -- Up-to-date: /home/muhie/Desktop/coursework/ros2_ws/src/install/examples_rclcpp_minimal_publisher/share/examples_rclcpp_minimal_publisher/environment/ament_prefix_path.dsv
[0.804s] -- Up-to-date: /home/muhie/Desktop/coursework/ros2_ws/src/install/examples_rclcpp_minimal_publisher/share/examples_rclcpp_minimal_publisher/environment/path.sh
[0.804s] -- Up-to-date: /home/muhie/Desktop/coursework/ros2_ws/src/install/examples_rclcpp_minimal_publisher/share/examples_rclcpp_minimal_publisher/environment/path.dsv
[0.804s] -- Up-to-date: /home/muhie/Desktop/coursework/ros2_ws/src/install/examples_rclcpp_minimal_publisher/share/examples_rclcpp_minimal_publisher/local_setup.bash
[0.804s] -- Up-to-date: /home/muhie/Desktop/coursework/ros2_ws/src/install/examples_rclcpp_minimal_publisher/share/examples_rclcpp_minimal_publisher/local_setup.sh
[0.805s] -- Up-to-date: /home/muhie/Desktop/coursework/ros2_ws/src/install/examples_rclcpp_minimal_publisher/share/examples_rclcpp_minimal_publisher/local_setup.zsh
[0.805s] -- Up-to-date: /home/muhie/Desktop/coursework/ros2_ws/src/install/examples_rclcpp_minimal_publisher/share/examples_rclcpp_minimal_publisher/local_setup.dsv
[0.805s] -- Installing: /home/muhie/Desktop/coursework/ros2_ws/src/install/examples_rclcpp_minimal_publisher/share/examples_rclcpp_minimal_publisher/package.dsv
[0.805s] -- Up-to-date: /home/muhie/Desktop/coursework/ros2_ws/src/install/examples_rclcpp_minimal_publisher/share/ament_index/resource_index/packages/examples_rclcpp_minimal_publisher
[0.806s] -- Up-to-date: /home/muhie/Desktop/coursework/ros2_ws/src/install/examples_rclcpp_minimal_publisher/share/examples_rclcpp_minimal_publisher/cmake/examples_rclcpp_minimal_publisherConfig.cmake
[0.806s] -- Up-to-date: /home/muhie/Desktop/coursework/ros2_ws/src/install/examples_rclcpp_minimal_publisher/share/examples_rclcpp_minimal_publisher/cmake/examples_rclcpp_minimal_publisherConfig-version.cmake
[0.806s] -- Up-to-date: /home/muhie/Desktop/coursework/ros2_ws/src/install/examples_rclcpp_minimal_publisher/share/examples_rclcpp_minimal_publisher/package.xml
[1.259s] Invoked command in '/home/muhie/Desktop/coursework/ros2_ws/src/build/examples_rclcpp_minimal_publisher' returned '0': CMAKE_PREFIX_PATH=${CMAKE_PREFIX_PATH}:/home/muhie/Desktop/coursework/ros2_ws/src/install/launch_testing_examples:/home/muhie/Desktop/coursework/ros2_ws/src/install/examples_rclpy_pointcloud_publisher:/home/muhie/Desktop/coursework/ros2_ws/src/install/examples_rclpy_minimal_subscriber:/home/muhie/Desktop/coursework/ros2_ws/src/install/examples_rclpy_minimal_service:/home/muhie/Desktop/coursework/ros2_ws/src/install/examples_rclpy_minimal_publisher:/home/muhie/Desktop/coursework/ros2_ws/src/install/examples_rclpy_minimal_client:/home/muhie/Desktop/coursework/ros2_ws/src/install/examples_rclpy_minimal_action_server:/home/muhie/Desktop/coursework/ros2_ws/src/install/examples_rclpy_minimal_action_client:/home/muhie/Desktop/coursework/ros2_ws/src/install/examples_rclpy_guard_conditions:/home/muhie/Desktop/coursework/ros2_ws/src/install/examples_rclpy_executors:/home/muhie/Desktop/coursework/ros2_ws/src/install/ar_test:/home/muhie/Desktop/coursework/ros2_ws/src/install/ar_interface:/opt/ros/humble /usr/bin/cmake --install /home/muhie/Desktop/coursework/ros2_ws/src/build/examples_rclcpp_minimal_publisher
