[1.329s] Invoking command in '/home/muhie/Desktop/coursework/ros2_ws/src/build/examples_rclcpp_minimal_action_client': CMAKE_PREFIX_PATH=/opt/ros/humble /usr/bin/cmake /home/muhie/Desktop/coursework/ros2_ws/src/examples/rclcpp/actions/minimal_action_client -DCMAKE_INSTALL_PREFIX=/home/muhie/Desktop/coursework/ros2_ws/src/install/examples_rclcpp_minimal_action_client
[1.628s] -- The C compiler identification is GNU 11.4.0
[1.883s] -- The CXX compiler identification is GNU 11.4.0
[1.914s] -- Detecting C compiler ABI info
[2.162s] -- Detecting C compiler ABI info - done
[2.194s] -- Check for working C compiler: /usr/bin/cc - skipped
[2.197s] -- Detecting C compile features
[2.200s] -- Detecting C compile features - done
[2.221s] -- Detecting CXX compiler ABI info
[2.564s] -- Detecting CXX compiler ABI info - done
[2.604s] -- Check for working CXX compiler: /usr/bin/c++ - skipped
[2.607s] -- Detecting CXX compile features
[2.607s] -- Detecting CXX compile features - done
[2.614s] -- Found ament_cmake: 1.3.12 (/opt/ros/humble/share/ament_cmake/cmake)
[3.151s] -- Found Python3: /usr/bin/python3 (found version "3.10.12") found components: Interpreter 
[3.546s] -- Found example_interfaces: 0.9.3 (/opt/ros/humble/share/example_interfaces/cmake)
[3.713s] -- Found rosidl_generator_c: 3.1.8 (/opt/ros/humble/share/rosidl_generator_c/cmake)
[3.742s] -- Found rosidl_adapter: 3.1.8 (/opt/ros/humble/share/rosidl_adapter/cmake)
[3.779s] -- Found rosidl_generator_cpp: 3.1.8 (/opt/ros/humble/share/rosidl_generator_cpp/cmake)
[3.832s] -- Using all available rosidl_typesupport_c: rosidl_typesupport_fastrtps_c;rosidl_typesupport_introspection_c
[3.893s] -- Using all available rosidl_typesupport_cpp: rosidl_typesupport_fastrtps_cpp;rosidl_typesupport_introspection_cpp
[4.106s] -- Found rclcpp: 16.0.17 (/opt/ros/humble/share/rclcpp/cmake)
[4.232s] -- Found rmw_implementation_cmake: 6.1.2 (/opt/ros/humble/share/rmw_implementation_cmake/cmake)
[4.233s] -- Found rmw_fastrtps_cpp: 6.2.9 (/opt/ros/humble/share/rmw_fastrtps_cpp/cmake)
[4.519s] -- Found OpenSSL: /usr/lib/x86_64-linux-gnu/libcrypto.so (found version "3.0.2")  
[4.608s] -- Found FastRTPS: /opt/ros/humble/include  
[4.750s] -- Using RMW implementation 'rmw_fastrtps_cpp' as default
[4.780s] -- Looking for pthread.h
[5.019s] -- Looking for pthread.h - found
[5.020s] -- Performing Test CMAKE_HAVE_LIBC_PTHREAD
[5.272s] -- Performing Test CMAKE_HAVE_LIBC_PTHREAD - Success
[5.273s] -- Found Threads: TRUE  
[5.434s] -- Found rclcpp_action: 16.0.17 (/opt/ros/humble/share/rclcpp_action/cmake)
[5.485s] -- Found ament_lint_auto: 0.12.14 (/opt/ros/humble/share/ament_lint_auto/cmake)
[5.824s] -- Added test 'copyright' to check source files copyright and LICENSE
[5.825s] -- Added test 'cppcheck' to perform static code analysis on C / C++ code
[5.825s] -- Configured cppcheck include dirs: 
[5.825s] -- Configured cppcheck exclude dirs and/or files: 
[5.825s] -- Added test 'cpplint' to check C / C++ code against the Google style
[5.826s] -- Configured cpplint exclude dirs and/or files: 
[5.826s] -- Added test 'lint_cmake' to check CMake code style
[5.826s] -- Added test 'uncrustify' to check C / C++ code style
[5.826s] -- Configured uncrustify additional arguments: 
[5.827s] -- Added test 'xmllint' to check XML markup files
[5.913s] -- Configuring done
[6.015s] -- Generating done
[6.016s] -- Build files have been written to: /home/muhie/Desktop/coursework/ros2_ws/src/build/examples_rclcpp_minimal_action_client
[6.161s] Invoked command in '/home/muhie/Desktop/coursework/ros2_ws/src/build/examples_rclcpp_minimal_action_client' returned '0': CMAKE_PREFIX_PATH=/opt/ros/humble /usr/bin/cmake /home/muhie/Desktop/coursework/ros2_ws/src/examples/rclcpp/actions/minimal_action_client -DCMAKE_INSTALL_PREFIX=/home/muhie/Desktop/coursework/ros2_ws/src/install/examples_rclcpp_minimal_action_client
[6.164s] Invoking command in '/home/muhie/Desktop/coursework/ros2_ws/src/build/examples_rclcpp_minimal_action_client': CMAKE_PREFIX_PATH=/opt/ros/humble /usr/bin/cmake --build /home/muhie/Desktop/coursework/ros2_ws/src/build/examples_rclcpp_minimal_action_client -- -j12 -l12
[6.568s] [ 12%] [32mBuilding CXX object CMakeFiles/action_client_member_functions.dir/member_functions.cpp.o[0m
[6.613s] [ 25%] [32mBuilding CXX object CMakeFiles/action_client_not_composable.dir/not_composable.cpp.o[0m
[6.636s] [ 37%] [32mBuilding CXX object CMakeFiles/action_client_not_composable_with_cancel.dir/not_composable_with_cancel.cpp.o[0m
[6.638s] [ 50%] [32mBuilding CXX object CMakeFiles/action_client_not_composable_with_feedback.dir/not_composable_with_feedback.cpp.o[0m
