[1.325s] Invoking command in '/home/muhie/Desktop/coursework/ros2_ws/src/build/examples_rclcpp_minimal_action_server': CMAKE_PREFIX_PATH=/opt/ros/humble /usr/bin/cmake /home/muhie/Desktop/coursework/ros2_ws/src/examples/rclcpp/actions/minimal_action_server -DCMAKE_INSTALL_PREFIX=/home/muhie/Desktop/coursework/ros2_ws/src/install/examples_rclcpp_minimal_action_server
[1.599s] -- The C compiler identification is GNU 11.4.0
[1.887s] -- The CXX compiler identification is GNU 11.4.0
[1.913s] -- Detecting C compiler ABI info
[2.158s] -- Detecting C compiler ABI info - done
[2.192s] -- Check for working C compiler: /usr/bin/cc - skipped
[2.194s] -- Detecting C compile features
[2.196s] -- Detecting C compile features - done
[2.211s] -- Detecting CXX compiler ABI info
[2.512s] -- Detecting CXX compiler ABI info - done
[2.541s] -- Check for working CXX compiler: /usr/bin/c++ - skipped
[2.541s] -- Detecting CXX compile features
[2.543s] -- Detecting CXX compile features - done
[2.572s] -- Found ament_cmake: 1.3.12 (/opt/ros/humble/share/ament_cmake/cmake)
[3.210s] -- Found Python3: /usr/bin/python3 (found version "3.10.12") found components: Interpreter 
[3.542s] -- Found example_interfaces: 0.9.3 (/opt/ros/humble/share/example_interfaces/cmake)
[3.710s] -- Found rosidl_generator_c: 3.1.8 (/opt/ros/humble/share/rosidl_generator_c/cmake)
[3.744s] -- Found rosidl_adapter: 3.1.8 (/opt/ros/humble/share/rosidl_adapter/cmake)
[3.782s] -- Found rosidl_generator_cpp: 3.1.8 (/opt/ros/humble/share/rosidl_generator_cpp/cmake)
[3.826s] -- Using all available rosidl_typesupport_c: rosidl_typesupport_fastrtps_c;rosidl_typesupport_introspection_c
[3.886s] -- Using all available rosidl_typesupport_cpp: rosidl_typesupport_fastrtps_cpp;rosidl_typesupport_introspection_cpp
[4.095s] -- Found rclcpp: 16.0.17 (/opt/ros/humble/share/rclcpp/cmake)
[4.225s] -- Found rmw_implementation_cmake: 6.1.2 (/opt/ros/humble/share/rmw_implementation_cmake/cmake)
[4.234s] -- Found rmw_fastrtps_cpp: 6.2.9 (/opt/ros/humble/share/rmw_fastrtps_cpp/cmake)
[4.542s] -- Found OpenSSL: /usr/lib/x86_64-linux-gnu/libcrypto.so (found version "3.0.2")  
[4.633s] -- Found FastRTPS: /opt/ros/humble/include  
[4.779s] -- Using RMW implementation 'rmw_fastrtps_cpp' as default
[4.807s] -- Looking for pthread.h
[5.068s] -- Looking for pthread.h - found
[5.069s] -- Performing Test CMAKE_HAVE_LIBC_PTHREAD
[5.329s] -- Performing Test CMAKE_HAVE_LIBC_PTHREAD - Success
[5.332s] -- Found Threads: TRUE  
[5.487s] -- Found rclcpp_action: 16.0.17 (/opt/ros/humble/share/rclcpp_action/cmake)
[5.515s] -- Found ament_lint_auto: 0.12.14 (/opt/ros/humble/share/ament_lint_auto/cmake)
[5.816s] -- Added test 'copyright' to check source files copyright and LICENSE
[5.854s] -- Added test 'cppcheck' to perform static code analysis on C / C++ code
[5.864s] -- Configured cppcheck include dirs: 
[5.865s] -- Configured cppcheck exclude dirs and/or files: 
[5.869s] -- Added test 'cpplint' to check C / C++ code against the Google style
[5.869s] -- Configured cpplint exclude dirs and/or files: 
[5.870s] -- Added test 'lint_cmake' to check CMake code style
[5.870s] -- Added test 'uncrustify' to check C / C++ code style
[5.874s] -- Configured uncrustify additional arguments: 
[5.875s] -- Added test 'xmllint' to check XML markup files
[5.875s] -- Configuring done
[5.969s] -- Generating done
[6.008s] -- Build files have been written to: /home/muhie/Desktop/coursework/ros2_ws/src/build/examples_rclcpp_minimal_action_server
[6.218s] Invoked command in '/home/muhie/Desktop/coursework/ros2_ws/src/build/examples_rclcpp_minimal_action_server' returned '0': CMAKE_PREFIX_PATH=/opt/ros/humble /usr/bin/cmake /home/muhie/Desktop/coursework/ros2_ws/src/examples/rclcpp/actions/minimal_action_server -DCMAKE_INSTALL_PREFIX=/home/muhie/Desktop/coursework/ros2_ws/src/install/examples_rclcpp_minimal_action_server
[6.223s] Invoking command in '/home/muhie/Desktop/coursework/ros2_ws/src/build/examples_rclcpp_minimal_action_server': CMAKE_PREFIX_PATH=/opt/ros/humble /usr/bin/cmake --build /home/muhie/Desktop/coursework/ros2_ws/src/build/examples_rclcpp_minimal_action_server -- -j12 -l12
