[0.970s] Invoking command in '/home/muhie/Desktop/Coursework/EMS628-COURSEWORK/ros2_ws/src/build/ar_interface': PYTHONPATH=/home/muhie/Desktop/Coursework/EMS628-COURSEWORK/ros2_ws/src/build/ar_interface/prefix_override:/usr/lib/python3/dist-packages/colcon_core/task/python/colcon_distutils_commands:/home/muhie/Desktop/Coursework/EMS628-COURSEWORK/ros2_ws/src/install/ar_interface/lib/python3.10/site-packages:${PYTHONPATH} /usr/bin/python3 -W ignore:setup.py install is deprecated -W ignore:easy_install command is deprecated setup.py develop --uninstall --editable --build-directory /home/muhie/Desktop/Coursework/EMS628-COURSEWORK/ros2_ws/src/build/ar_interface/build
[1.282s] running develop
[1.488s] Removing /home/muhie/Desktop/Coursework/EMS628-COURSEWORK/ros2_ws/src/install/ar_interface/lib/python3.10/site-packages/ar-interface.egg-link (link to .)
[1.524s] Invoked command in '/home/muhie/Desktop/Coursework/EMS628-COURSEWORK/ros2_ws/src/build/ar_interface' returned '0': PYTHONPATH=/home/muhie/Desktop/Coursework/EMS628-COURSEWORK/ros2_ws/src/build/ar_interface/prefix_override:/usr/lib/python3/dist-packages/colcon_core/task/python/colcon_distutils_commands:/home/muhie/Desktop/Coursework/EMS628-COURSEWORK/ros2_ws/src/install/ar_interface/lib/python3.10/site-packages:${PYTHONPATH} /usr/bin/python3 -W ignore:setup.py install is deprecated -W ignore:easy_install command is deprecated setup.py develop --uninstall --editable --build-directory /home/muhie/Desktop/Coursework/EMS628-COURSEWORK/ros2_ws/src/build/ar_interface/build
[1.528s] Invoking command in '/home/muhie/Desktop/Coursework/EMS628-COURSEWORK/ros2_ws/src/ar_interface': PYTHONPATH=/home/muhie/Desktop/Coursework/EMS628-COURSEWORK/ros2_ws/src/build/ar_interface/prefix_override:/usr/lib/python3/dist-packages/colcon_core/task/python/colcon_distutils_commands:/home/muhie/Desktop/Coursework/EMS628-COURSEWORK/ros2_ws/src/install/ar_interface/lib/python3.10/site-packages:${PYTHONPATH} /usr/bin/python3 -W ignore:setup.py install is deprecated -W ignore:easy_install command is deprecated setup.py egg_info --egg-base ../build/ar_interface build --build-base /home/muhie/Desktop/Coursework/EMS628-COURSEWORK/ros2_ws/src/build/ar_interface/build install --record /home/muhie/Desktop/Coursework/EMS628-COURSEWORK/ros2_ws/src/build/ar_interface/install.log --single-version-externally-managed install_data --force
[1.794s] running egg_info
[1.795s] writing ../build/ar_interface/ar_interface.egg-info/PKG-INFO
[1.795s] writing dependency_links to ../build/ar_interface/ar_interface.egg-info/dependency_links.txt
[1.795s] writing entry points to ../build/ar_interface/ar_interface.egg-info/entry_points.txt
[1.796s] writing requirements to ../build/ar_interface/ar_interface.egg-info/requires.txt
[1.796s] writing top-level names to ../build/ar_interface/ar_interface.egg-info/top_level.txt
[1.797s] reading manifest file '../build/ar_interface/ar_interface.egg-info/SOURCES.txt'
[1.798s] writing manifest file '../build/ar_interface/ar_interface.egg-info/SOURCES.txt'
[1.798s] running build
[1.798s] running build_py
[1.799s] creating /home/muhie/Desktop/Coursework/EMS628-COURSEWORK/ros2_ws/src/build/ar_interface/build
[1.799s] creating /home/muhie/Desktop/Coursework/EMS628-COURSEWORK/ros2_ws/src/build/ar_interface/build/lib
[1.799s] creating /home/muhie/Desktop/Coursework/EMS628-COURSEWORK/ros2_ws/src/build/ar_interface/build/lib/ar_interface
[1.799s] copying ar_interface/__init__.py -> /home/muhie/Desktop/Coursework/EMS628-COURSEWORK/ros2_ws/src/build/ar_interface/build/lib/ar_interface
[1.799s] running install
[1.799s] running install_lib
[1.800s] creating /home/muhie/Desktop/Coursework/EMS628-COURSEWORK/ros2_ws/src/install/ar_interface/lib/python3.10/site-packages/ar_interface
[1.800s] copying /home/muhie/Desktop/Coursework/EMS628-COURSEWORK/ros2_ws/src/build/ar_interface/build/lib/ar_interface/__init__.py -> /home/muhie/Desktop/Coursework/EMS628-COURSEWORK/ros2_ws/src/install/ar_interface/lib/python3.10/site-packages/ar_interface
[1.800s] byte-compiling /home/muhie/Desktop/Coursework/EMS628-COURSEWORK/ros2_ws/src/install/ar_interface/lib/python3.10/site-packages/ar_interface/__init__.py to __init__.cpython-310.pyc
[1.800s] running install_data
[1.800s] copying resource/ar_interface -> /home/muhie/Desktop/Coursework/EMS628-COURSEWORK/ros2_ws/src/install/ar_interface/share/ament_index/resource_index/packages
[1.801s] copying package.xml -> /home/muhie/Desktop/Coursework/EMS628-COURSEWORK/ros2_ws/src/install/ar_interface/share/ar_interface
[1.801s] running install_egg_info
[1.802s] Copying ../build/ar_interface/ar_interface.egg-info to /home/muhie/Desktop/Coursework/EMS628-COURSEWORK/ros2_ws/src/install/ar_interface/lib/python3.10/site-packages/ar_interface-0.0.0-py3.10.egg-info
[1.803s] running install_scripts
[1.824s] writing list of installed files to '/home/muhie/Desktop/Coursework/EMS628-COURSEWORK/ros2_ws/src/build/ar_interface/install.log'
[1.859s] Invoked command in '/home/muhie/Desktop/Coursework/EMS628-COURSEWORK/ros2_ws/src/ar_interface' returned '0': PYTHONPATH=/home/muhie/Desktop/Coursework/EMS628-COURSEWORK/ros2_ws/src/build/ar_interface/prefix_override:/usr/lib/python3/dist-packages/colcon_core/task/python/colcon_distutils_commands:/home/muhie/Desktop/Coursework/EMS628-COURSEWORK/ros2_ws/src/install/ar_interface/lib/python3.10/site-packages:${PYTHONPATH} /usr/bin/python3 -W ignore:setup.py install is deprecated -W ignore:easy_install command is deprecated setup.py egg_info --egg-base ../build/ar_interface build --build-base /home/muhie/Desktop/Coursework/EMS628-COURSEWORK/ros2_ws/src/build/ar_interface/build install --record /home/muhie/Desktop/Coursework/EMS628-COURSEWORK/ros2_ws/src/build/ar_interface/install.log --single-version-externally-managed install_data --force
