[1.336s] Invoking command in '/home/muhie/Desktop/coursework/ros2_ws/src/build/examples_rclcpp_async_client': CMAKE_PREFIX_PATH=/opt/ros/humble /usr/bin/cmake /home/muhie/Desktop/coursework/ros2_ws/src/examples/rclcpp/services/async_client -DCMAKE_INSTALL_PREFIX=/home/muhie/Desktop/coursework/ros2_ws/src/install/examples_rclcpp_async_client
[1.645s] -- The C compiler identification is GNU 11.4.0
[1.897s] -- The CXX compiler identification is GNU 11.4.0
[1.930s] -- Detecting C compiler ABI info
[2.221s] -- Detecting C compiler ABI info - done
[2.254s] -- Check for working C compiler: /usr/bin/cc - skipped
[2.255s] -- Detecting C compile features
[2.257s] -- Detecting C compile features - done
[2.269s] -- Detecting CXX compiler ABI info
[2.565s] -- Detecting CXX compiler ABI info - done
[2.602s] -- Check for working CXX compiler: /usr/bin/c++ - skipped
[2.604s] -- Detecting CXX compile features
[2.604s] -- Detecting CXX compile features - done
[2.615s] -- Found ament_cmake: 1.3.12 (/opt/ros/humble/share/ament_cmake/cmake)
[3.189s] -- Found Python3: /usr/bin/python3 (found version "3.10.12") found components: Interpreter 
[3.564s] -- Found example_interfaces: 0.9.3 (/opt/ros/humble/share/example_interfaces/cmake)
[3.731s] -- Found rosidl_generator_c: 3.1.8 (/opt/ros/humble/share/rosidl_generator_c/cmake)
[3.759s] -- Found rosidl_adapter: 3.1.8 (/opt/ros/humble/share/rosidl_adapter/cmake)
[3.804s] -- Found rosidl_generator_cpp: 3.1.8 (/opt/ros/humble/share/rosidl_generator_cpp/cmake)
[3.845s] -- Using all available rosidl_typesupport_c: rosidl_typesupport_fastrtps_c;rosidl_typesupport_introspection_c
[3.909s] -- Using all available rosidl_typesupport_cpp: rosidl_typesupport_fastrtps_cpp;rosidl_typesupport_introspection_cpp
[4.123s] -- Found rclcpp: 16.0.17 (/opt/ros/humble/share/rclcpp/cmake)
[4.237s] -- Found rmw_implementation_cmake: 6.1.2 (/opt/ros/humble/share/rmw_implementation_cmake/cmake)
[4.249s] -- Found rmw_fastrtps_cpp: 6.2.9 (/opt/ros/humble/share/rmw_fastrtps_cpp/cmake)
[4.519s] -- Found OpenSSL: /usr/lib/x86_64-linux-gnu/libcrypto.so (found version "3.0.2")  
[4.611s] -- Found FastRTPS: /opt/ros/humble/include  
[4.768s] -- Using RMW implementation 'rmw_fastrtps_cpp' as default
[4.796s] -- Looking for pthread.h
[5.058s] -- Looking for pthread.h - found
[5.059s] -- Performing Test CMAKE_HAVE_LIBC_PTHREAD
[5.321s] -- Performing Test CMAKE_HAVE_LIBC_PTHREAD - Success
[5.323s] -- Found Threads: TRUE  
[5.504s] -- Found ament_lint_auto: 0.12.14 (/opt/ros/humble/share/ament_lint_auto/cmake)
[5.841s] -- Added test 'copyright' to check source files copyright and LICENSE
[5.844s] -- Added test 'cppcheck' to perform static code analysis on C / C++ code
[5.847s] -- Configured cppcheck include dirs: 
[5.847s] -- Configured cppcheck exclude dirs and/or files: 
[5.847s] -- Added test 'cpplint' to check C / C++ code against the Google style
[5.848s] -- Configured cpplint exclude dirs and/or files: 
[5.852s] -- Added test 'lint_cmake' to check CMake code style
[5.856s] -- Added test 'uncrustify' to check C / C++ code style
[5.862s] -- Configured uncrustify additional arguments: 
[5.868s] -- Added test 'xmllint' to check XML markup files
[5.872s] -- Configuring done
[5.948s] -- Generating done
[5.978s] -- Build files have been written to: /home/muhie/Desktop/coursework/ros2_ws/src/build/examples_rclcpp_async_client
[6.166s] Invoked command in '/home/muhie/Desktop/coursework/ros2_ws/src/build/examples_rclcpp_async_client' returned '0': CMAKE_PREFIX_PATH=/opt/ros/humble /usr/bin/cmake /home/muhie/Desktop/coursework/ros2_ws/src/examples/rclcpp/services/async_client -DCMAKE_INSTALL_PREFIX=/home/muhie/Desktop/coursework/ros2_ws/src/install/examples_rclcpp_async_client
[6.167s] Invoking command in '/home/muhie/Desktop/coursework/ros2_ws/src/build/examples_rclcpp_async_client': CMAKE_PREFIX_PATH=/opt/ros/humble /usr/bin/cmake --build /home/muhie/Desktop/coursework/ros2_ws/src/build/examples_rclcpp_async_client -- -j12 -l12
[6.451s] [ 50%] [32mBuilding CXX object CMakeFiles/client_main.dir/main.cpp.o[0m
