[1.332s] Invoking command in '/home/muhie/Desktop/coursework/ros2_ws/src/build/examples_rclcpp_cbg_executor': CMAKE_PREFIX_PATH=/opt/ros/humble /usr/bin/cmake /home/muhie/Desktop/coursework/ros2_ws/src/examples/rclcpp/executors/cbg_executor -DCMAKE_INSTALL_PREFIX=/home/muhie/Desktop/coursework/ros2_ws/src/install/examples_rclcpp_cbg_executor
[1.657s] -- The C compiler identification is GNU 11.4.0
[1.926s] -- The CXX compiler identification is GNU 11.4.0
[1.956s] -- Detecting C compiler ABI info
[2.228s] -- Detecting C compiler ABI info - done
[2.271s] -- Check for working C compiler: /usr/bin/cc - skipped
[2.272s] -- Detecting C compile features
[2.273s] -- Detecting C compile features - done
[2.287s] -- Detecting CXX compiler ABI info
[2.607s] -- Detecting CXX compiler ABI info - done
[2.638s] -- Check for working CXX compiler: /usr/bin/c++ - skipped
[2.638s] -- Detecting CXX compile features
[2.638s] -- Detecting CXX compile features - done
[2.645s] -- Found ament_cmake: 1.3.12 (/opt/ros/humble/share/ament_cmake/cmake)
[3.225s] -- Found Python3: /usr/bin/python3 (found version "3.10.12") found components: Interpreter 
[3.547s] -- Found rclcpp: 16.0.17 (/opt/ros/humble/share/rclcpp/cmake)
[3.722s] -- Found rosidl_generator_c: 3.1.8 (/opt/ros/humble/share/rosidl_generator_c/cmake)
[3.759s] -- Found rosidl_adapter: 3.1.8 (/opt/ros/humble/share/rosidl_adapter/cmake)
[3.805s] -- Found rosidl_generator_cpp: 3.1.8 (/opt/ros/humble/share/rosidl_generator_cpp/cmake)
[3.844s] -- Using all available rosidl_typesupport_c: rosidl_typesupport_fastrtps_c;rosidl_typesupport_introspection_c
[3.899s] -- Using all available rosidl_typesupport_cpp: rosidl_typesupport_fastrtps_cpp;rosidl_typesupport_introspection_cpp
[4.072s] -- Found rmw_implementation_cmake: 6.1.2 (/opt/ros/humble/share/rmw_implementation_cmake/cmake)
[4.085s] -- Found rmw_fastrtps_cpp: 6.2.9 (/opt/ros/humble/share/rmw_fastrtps_cpp/cmake)
[4.394s] -- Found OpenSSL: /usr/lib/x86_64-linux-gnu/libcrypto.so (found version "3.0.2")  
[4.489s] -- Found FastRTPS: /opt/ros/humble/include  
[4.627s] -- Using RMW implementation 'rmw_fastrtps_cpp' as default
[4.657s] -- Looking for pthread.h
[4.890s] -- Looking for pthread.h - found
[4.891s] -- Performing Test CMAKE_HAVE_LIBC_PTHREAD
[5.168s] -- Performing Test CMAKE_HAVE_LIBC_PTHREAD - Success
[5.171s] -- Found Threads: TRUE  
[5.366s] -- Found ament_lint_auto: 0.12.14 (/opt/ros/humble/share/ament_lint_auto/cmake)
[5.636s] -- Added test 'copyright' to check source files copyright and LICENSE
[5.638s] -- Added test 'cppcheck' to perform static code analysis on C / C++ code
[5.639s] -- Configured cppcheck include dirs: /home/muhie/Desktop/coursework/ros2_ws/src/examples/rclcpp/executors/cbg_executor/include
[5.639s] -- Configured cppcheck exclude dirs and/or files: 
[5.644s] -- Added test 'cpplint' to check C / C++ code against the Google style
[5.644s] -- Configured cpplint exclude dirs and/or files: 
[5.647s] -- Added test 'lint_cmake' to check CMake code style
[5.653s] -- Added test 'uncrustify' to check C / C++ code style
[5.653s] -- Configured uncrustify additional arguments: 
[5.657s] -- Added test 'xmllint' to check XML markup files
[5.669s] -- Configuring done
[5.724s] -- Generating done
[5.766s] -- Build files have been written to: /home/muhie/Desktop/coursework/ros2_ws/src/build/examples_rclcpp_cbg_executor
[5.800s] Invoked command in '/home/muhie/Desktop/coursework/ros2_ws/src/build/examples_rclcpp_cbg_executor' returned '0': CMAKE_PREFIX_PATH=/opt/ros/humble /usr/bin/cmake /home/muhie/Desktop/coursework/ros2_ws/src/examples/rclcpp/executors/cbg_executor -DCMAKE_INSTALL_PREFIX=/home/muhie/Desktop/coursework/ros2_ws/src/install/examples_rclcpp_cbg_executor
[5.810s] Invoking command in '/home/muhie/Desktop/coursework/ros2_ws/src/build/examples_rclcpp_cbg_executor': CMAKE_PREFIX_PATH=/opt/ros/humble /usr/bin/cmake --build /home/muhie/Desktop/coursework/ros2_ws/src/build/examples_rclcpp_cbg_executor -- -j12 -l12
[6.038s] [ 10%] [32mBuilding CXX object CMakeFiles/pong.dir/src/pong.cpp.o[0m
[6.039s] [ 20%] [32mBuilding CXX object CMakeFiles/ping.dir/src/ping.cpp.o[0m
[6.039s] [ 30%] [32mBuilding CXX object CMakeFiles/ping_pong.dir/src/ping_pong.cpp.o[0m
[6.040s] [ 40%] [32mBuilding CXX object CMakeFiles/pong.dir/src/examples_rclcpp_cbg_executor/pong_node.cpp.o[0m
[6.042s] [ 50%] [32mBuilding CXX object CMakeFiles/ping_pong.dir/src/examples_rclcpp_cbg_executor/pong_node.cpp.o[0m
[6.042s] [ 60%] [32mBuilding CXX object CMakeFiles/ping.dir/src/examples_rclcpp_cbg_executor/ping_node.cpp.o[0m
[6.043s] [ 70%] [32mBuilding CXX object CMakeFiles/ping_pong.dir/src/examples_rclcpp_cbg_executor/ping_node.cpp.o[0m
