[0.263s] Invoking command in '/home/muhie/Desktop/coursework/ros2_ws/src/build/examples_rclcpp_minimal_publisher': CMAKE_PREFIX_PATH=${CMAKE_PREFIX_PATH}:/home/muhie/Desktop/coursework/ros2_ws/src/install/launch_testing_examples:/home/muhie/Desktop/coursework/ros2_ws/src/install/examples_rclpy_pointcloud_publisher:/home/muhie/Desktop/coursework/ros2_ws/src/install/examples_rclpy_minimal_subscriber:/home/muhie/Desktop/coursework/ros2_ws/src/install/examples_rclpy_minimal_service:/home/muhie/Desktop/coursework/ros2_ws/src/install/examples_rclpy_minimal_publisher:/home/muhie/Desktop/coursework/ros2_ws/src/install/examples_rclpy_minimal_client:/home/muhie/Desktop/coursework/ros2_ws/src/install/examples_rclpy_minimal_action_server:/home/muhie/Desktop/coursework/ros2_ws/src/install/examples_rclpy_minimal_action_client:/home/muhie/Desktop/coursework/ros2_ws/src/install/examples_rclpy_guard_conditions:/home/muhie/Desktop/coursework/ros2_ws/src/install/examples_rclpy_executors:/home/muhie/Desktop/coursework/ros2_ws/src/install/ar_test:/home/muhie/Desktop/coursework/ros2_ws/src/install/ar_interface:/opt/ros/humble /usr/bin/cmake --build /home/muhie/Desktop/coursework/ros2_ws/src/build/examples_rclcpp_minimal_publisher -- -j12 -l12
[0.464s] [ 16%] Built target publisher_lambda
[0.493s] [ 33%] Built target publisher_wait_for_all_acked
[0.512s] [ 50%] Built target publisher_not_composable
[0.528s] [ 66%] Built target publisher_member_function_with_unique_network_flow_endpoints
[0.569s] [ 83%] Built target publisher_member_function_with_type_adapter
[0.570s] [100%] Built target publisher_member_function
[0.626s] Invoked command in '/home/muhie/Desktop/coursework/ros2_ws/src/build/examples_rclcpp_minimal_publisher' returned '0': CMAKE_PREFIX_PATH=${CMAKE_PREFIX_PATH}:/home/muhie/Desktop/coursework/ros2_ws/src/install/launch_testing_examples:/home/muhie/Desktop/coursework/ros2_ws/src/install/examples_rclpy_pointcloud_publisher:/home/muhie/Desktop/coursework/ros2_ws/src/install/examples_rclpy_minimal_subscriber:/home/muhie/Desktop/coursework/ros2_ws/src/install/examples_rclpy_minimal_service:/home/muhie/Desktop/coursework/ros2_ws/src/install/examples_rclpy_minimal_publisher:/home/muhie/Desktop/coursework/ros2_ws/src/install/examples_rclpy_minimal_client:/home/muhie/Desktop/coursework/ros2_ws/src/install/examples_rclpy_minimal_action_server:/home/muhie/Desktop/coursework/ros2_ws/src/install/examples_rclpy_minimal_action_client:/home/muhie/Desktop/coursework/ros2_ws/src/install/examples_rclpy_guard_conditions:/home/muhie/Desktop/coursework/ros2_ws/src/install/examples_rclpy_executors:/home/muhie/Desktop/coursework/ros2_ws/src/install/ar_test:/home/muhie/Desktop/coursework/ros2_ws/src/install/ar_interface:/opt/ros/humble /usr/bin/cmake --build /home/muhie/Desktop/coursework/ros2_ws/src/build/examples_rclcpp_minimal_publisher -- -j12 -l12
[0.641s] Invoking command in '/home/muhie/Desktop/coursework/ros2_ws/src/build/examples_rclcpp_minimal_publisher': CMAKE_PREFIX_PATH=${CMAKE_PREFIX_PATH}:/home/muhie/Desktop/coursework/ros2_ws/src/install/launch_testing_examples:/home/muhie/Desktop/coursework/ros2_ws/src/install/examples_rclpy_pointcloud_publisher:/home/muhie/Desktop/coursework/ros2_ws/src/install/examples_rclpy_minimal_subscriber:/home/muhie/Desktop/coursework/ros2_ws/src/install/examples_rclpy_minimal_service:/home/muhie/Desktop/coursework/ros2_ws/src/install/examples_rclpy_minimal_publisher:/home/muhie/Desktop/coursework/ros2_ws/src/install/examples_rclpy_minimal_client:/home/muhie/Desktop/coursework/ros2_ws/src/install/examples_rclpy_minimal_action_server:/home/muhie/Desktop/coursework/ros2_ws/src/install/examples_rclpy_minimal_action_client:/home/muhie/Desktop/coursework/ros2_ws/src/install/examples_rclpy_guard_conditions:/home/muhie/Desktop/coursework/ros2_ws/src/install/examples_rclpy_executors:/home/muhie/Desktop/coursework/ros2_ws/src/install/ar_test:/home/muhie/Desktop/coursework/ros2_ws/src/install/ar_interface:/opt/ros/humble /usr/bin/cmake --install /home/muhie/Desktop/coursework/ros2_ws/src/build/examples_rclcpp_minimal_publisher
[0.683s] -- Install configuration: ""
[0.683s] -- Up-to-date: /home/muhie/Desktop/coursework/ros2_ws/src/install/examples_rclcpp_minimal_publisher/lib/examples_rclcpp_minimal_publisher/publisher_lambda
[0.683s] -- Up-to-date: /home/muhie/Desktop/coursework/ros2_ws/src/install/examples_rclcpp_minimal_publisher/lib/examples_rclcpp_minimal_publisher/publisher_member_function
[0.684s] -- Up-to-date: /home/muhie/Desktop/coursework/ros2_ws/src/install/examples_rclcpp_minimal_publisher/lib/examples_rclcpp_minimal_publisher/publisher_member_function_with_type_adapter
[0.684s] -- Up-to-date: /home/muhie/Desktop/coursework/ros2_ws/src/install/examples_rclcpp_minimal_publisher/lib/examples_rclcpp_minimal_publisher/publisher_member_function_with_unique_network_flow_endpoints
[0.684s] -- Up-to-date: /home/muhie/Desktop/coursework/ros2_ws/src/install/examples_rclcpp_minimal_publisher/lib/examples_rclcpp_minimal_publisher/publisher_wait_for_all_acked
[0.685s] -- Up-to-date: /home/muhie/Desktop/coursework/ros2_ws/src/install/examples_rclcpp_minimal_publisher/lib/examples_rclcpp_minimal_publisher/publisher_not_composable
[0.685s] -- Up-to-date: /home/muhie/Desktop/coursework/ros2_ws/src/install/examples_rclcpp_minimal_publisher/share/ament_index/resource_index/package_run_dependencies/examples_rclcpp_minimal_publisher
[0.685s] -- Up-to-date: /home/muhie/Desktop/coursework/ros2_ws/src/install/examples_rclcpp_minimal_publisher/share/ament_index/resource_index/parent_prefix_path/examples_rclcpp_minimal_publisher
[0.685s] -- Up-to-date: /home/muhie/Desktop/coursework/ros2_ws/src/install/examples_rclcpp_minimal_publisher/share/examples_rclcpp_minimal_publisher/environment/ament_prefix_path.sh
[0.686s] -- Up-to-date: /home/muhie/Desktop/coursework/ros2_ws/src/install/examples_rclcpp_minimal_publisher/share/examples_rclcpp_minimal_publisher/environment/ament_prefix_path.dsv
[0.686s] -- Up-to-date: /home/muhie/Desktop/coursework/ros2_ws/src/install/examples_rclcpp_minimal_publisher/share/examples_rclcpp_minimal_publisher/environment/path.sh
[0.686s] -- Up-to-date: /home/muhie/Desktop/coursework/ros2_ws/src/install/examples_rclcpp_minimal_publisher/share/examples_rclcpp_minimal_publisher/environment/path.dsv
[0.686s] -- Up-to-date: /home/muhie/Desktop/coursework/ros2_ws/src/install/examples_rclcpp_minimal_publisher/share/examples_rclcpp_minimal_publisher/local_setup.bash
[0.686s] -- Up-to-date: /home/muhie/Desktop/coursework/ros2_ws/src/install/examples_rclcpp_minimal_publisher/share/examples_rclcpp_minimal_publisher/local_setup.sh
[0.686s] -- Up-to-date: /home/muhie/Desktop/coursework/ros2_ws/src/install/examples_rclcpp_minimal_publisher/share/examples_rclcpp_minimal_publisher/local_setup.zsh
[0.687s] -- Up-to-date: /home/muhie/Desktop/coursework/ros2_ws/src/install/examples_rclcpp_minimal_publisher/share/examples_rclcpp_minimal_publisher/local_setup.dsv
[0.687s] -- Installing: /home/muhie/Desktop/coursework/ros2_ws/src/install/examples_rclcpp_minimal_publisher/share/examples_rclcpp_minimal_publisher/package.dsv
[0.687s] -- Up-to-date: /home/muhie/Desktop/coursework/ros2_ws/src/install/examples_rclcpp_minimal_publisher/share/ament_index/resource_index/packages/examples_rclcpp_minimal_publisher
[0.687s] -- Up-to-date: /home/muhie/Desktop/coursework/ros2_ws/src/install/examples_rclcpp_minimal_publisher/share/examples_rclcpp_minimal_publisher/cmake/examples_rclcpp_minimal_publisherConfig.cmake
[0.687s] -- Up-to-date: /home/muhie/Desktop/coursework/ros2_ws/src/install/examples_rclcpp_minimal_publisher/share/examples_rclcpp_minimal_publisher/cmake/examples_rclcpp_minimal_publisherConfig-version.cmake
[0.687s] -- Up-to-date: /home/muhie/Desktop/coursework/ros2_ws/src/install/examples_rclcpp_minimal_publisher/share/examples_rclcpp_minimal_publisher/package.xml
[0.782s] Invoked command in '/home/muhie/Desktop/coursework/ros2_ws/src/build/examples_rclcpp_minimal_publisher' returned '0': CMAKE_PREFIX_PATH=${CMAKE_PREFIX_PATH}:/home/muhie/Desktop/coursework/ros2_ws/src/install/launch_testing_examples:/home/muhie/Desktop/coursework/ros2_ws/src/install/examples_rclpy_pointcloud_publisher:/home/muhie/Desktop/coursework/ros2_ws/src/install/examples_rclpy_minimal_subscriber:/home/muhie/Desktop/coursework/ros2_ws/src/install/examples_rclpy_minimal_service:/home/muhie/Desktop/coursework/ros2_ws/src/install/examples_rclpy_minimal_publisher:/home/muhie/Desktop/coursework/ros2_ws/src/install/examples_rclpy_minimal_client:/home/muhie/Desktop/coursework/ros2_ws/src/install/examples_rclpy_minimal_action_server:/home/muhie/Desktop/coursework/ros2_ws/src/install/examples_rclpy_minimal_action_client:/home/muhie/Desktop/coursework/ros2_ws/src/install/examples_rclpy_guard_conditions:/home/muhie/Desktop/coursework/ros2_ws/src/install/examples_rclpy_executors:/home/muhie/Desktop/coursework/ros2_ws/src/install/ar_test:/home/muhie/Desktop/coursework/ros2_ws/src/install/ar_interface:/opt/ros/humble /usr/bin/cmake --install /home/muhie/Desktop/coursework/ros2_ws/src/build/examples_rclcpp_minimal_publisher
