[0.323s] DEBUG:colcon:Command line arguments: ['/usr/bin/colcon', 'build']
[0.323s] DEBUG:colcon:Parsed command line arguments: Namespace(log_base=None, log_level=None, verb_name='build', build_base='build', install_base='install', merge_install=False, symlink_install=False, test_result_base=None, continue_on_error=False, executor='parallel', parallel_workers=12, event_handlers=None, ignore_user_meta=False, metas=['./colcon.meta'], base_paths=['.'], packages_ignore=None, packages_ignore_regex=None, paths=None, packages_up_to=None, packages_up_to_regex=None, packages_above=None, packages_above_and_dependencies=None, packages_above_depth=None, packages_select_by_dep=None, packages_skip_by_dep=None, packages_skip_up_to=None, packages_select_build_failed=False, packages_skip_build_finished=False, packages_select_test_failures=False, packages_skip_test_passed=False, packages_select=None, packages_skip=None, packages_select_regex=None, packages_skip_regex=None, packages_start=None, packages_end=None, allow_overriding=[], cmake_args=None, cmake_target=None, cmake_target_skip_unavailable=False, cmake_clean_cache=False, cmake_clean_first=False, cmake_force_configure=False, ament_cmake_args=None, catkin_cmake_args=None, catkin_skip_building_tests=False, mixin_files=None, mixin=None, verb_parser=<colcon_mixin.mixin.mixin_argument.MixinArgumentDecorator object at 0x703118a406d0>, verb_extension=<colcon_core.verb.build.BuildVerb object at 0x703118ba1630>, main=<bound method BuildVerb.main of <colcon_core.verb.build.BuildVerb object at 0x703118ba1630>>, mixin_verb=('build',))
[0.591s] Level 1:colcon.colcon_core.package_discovery:discover_packages(colcon_meta) check parameters
[0.591s] Level 1:colcon.colcon_core.package_discovery:discover_packages(recursive) check parameters
[0.591s] Level 1:colcon.colcon_core.package_discovery:discover_packages(ignore) check parameters
[0.591s] Level 1:colcon.colcon_core.package_discovery:discover_packages(path) check parameters
[0.591s] Level 1:colcon.colcon_core.package_discovery:discover_packages(colcon_meta) discover
[0.591s] Level 1:colcon.colcon_core.package_discovery:discover_packages(recursive) discover
[0.591s] INFO:colcon.colcon_core.package_discovery:Crawling recursively for packages in '/home/muhie/Desktop/coursework/ros2_ws/src'
[0.591s] Level 1:colcon.colcon_core.package_identification:_identify(.) by extensions ['ignore', 'ignore_ament_install']
[0.591s] Level 1:colcon.colcon_core.package_identification:_identify(.) by extension 'ignore'
[0.591s] Level 1:colcon.colcon_core.package_identification:_identify(.) by extension 'ignore_ament_install'
[0.591s] Level 1:colcon.colcon_core.package_identification:_identify(.) by extensions ['colcon_pkg']
[0.591s] Level 1:colcon.colcon_core.package_identification:_identify(.) by extension 'colcon_pkg'
[0.591s] Level 1:colcon.colcon_core.package_identification:_identify(.) by extensions ['colcon_meta']
[0.591s] Level 1:colcon.colcon_core.package_identification:_identify(.) by extension 'colcon_meta'
[0.591s] Level 1:colcon.colcon_core.package_identification:_identify(.) by extensions ['ros']
[0.592s] Level 1:colcon.colcon_core.package_identification:_identify(.) by extension 'ros'
[0.604s] Level 1:colcon.colcon_core.package_identification:_identify(.) by extensions ['cmake', 'python']
[0.604s] Level 1:colcon.colcon_core.package_identification:_identify(.) by extension 'cmake'
[0.604s] Level 1:colcon.colcon_core.package_identification:_identify(.) by extension 'python'
[0.604s] Level 1:colcon.colcon_core.package_identification:_identify(.) by extensions ['python_setup_py']
[0.604s] Level 1:colcon.colcon_core.package_identification:_identify(.) by extension 'python_setup_py'
[0.604s] Level 1:colcon.colcon_core.package_identification:_identify(ar_interface) by extensions ['ignore', 'ignore_ament_install']
[0.604s] Level 1:colcon.colcon_core.package_identification:_identify(ar_interface) by extension 'ignore'
[0.604s] Level 1:colcon.colcon_core.package_identification:_identify(ar_interface) by extension 'ignore_ament_install'
[0.604s] Level 1:colcon.colcon_core.package_identification:_identify(ar_interface) by extensions ['colcon_pkg']
[0.604s] Level 1:colcon.colcon_core.package_identification:_identify(ar_interface) by extension 'colcon_pkg'
[0.604s] Level 1:colcon.colcon_core.package_identification:_identify(ar_interface) by extensions ['colcon_meta']
[0.604s] Level 1:colcon.colcon_core.package_identification:_identify(ar_interface) by extension 'colcon_meta'
[0.604s] Level 1:colcon.colcon_core.package_identification:_identify(ar_interface) by extensions ['ros']
[0.605s] Level 1:colcon.colcon_core.package_identification:_identify(ar_interface) by extension 'ros'
[0.607s] DEBUG:colcon.colcon_core.package_identification:Package 'ar_interface' with type 'ros.ament_cmake' and name 'ar_interface'
[0.607s] Level 1:colcon.colcon_core.package_identification:_identify(ar_test) by extensions ['ignore', 'ignore_ament_install']
[0.607s] Level 1:colcon.colcon_core.package_identification:_identify(ar_test) by extension 'ignore'
[0.607s] Level 1:colcon.colcon_core.package_identification:_identify(ar_test) by extension 'ignore_ament_install'
[0.607s] Level 1:colcon.colcon_core.package_identification:_identify(ar_test) by extensions ['colcon_pkg']
[0.607s] Level 1:colcon.colcon_core.package_identification:_identify(ar_test) by extension 'colcon_pkg'
[0.607s] Level 1:colcon.colcon_core.package_identification:_identify(ar_test) by extensions ['colcon_meta']
[0.607s] Level 1:colcon.colcon_core.package_identification:_identify(ar_test) by extension 'colcon_meta'
[0.607s] Level 1:colcon.colcon_core.package_identification:_identify(ar_test) by extensions ['ros']
[0.607s] Level 1:colcon.colcon_core.package_identification:_identify(ar_test) by extension 'ros'
[0.608s] DEBUG:colcon.colcon_core.package_identification:Package 'ar_test' with type 'ros.ament_python' and name 'ar_test'
[0.608s] Level 1:colcon.colcon_core.package_identification:_identify(build) by extensions ['ignore', 'ignore_ament_install']
[0.608s] Level 1:colcon.colcon_core.package_identification:_identify(build) by extension 'ignore'
[0.608s] Level 1:colcon.colcon_core.package_identification:_identify(build) ignored
[0.609s] Level 1:colcon.colcon_core.package_identification:_identify(install) by extensions ['ignore', 'ignore_ament_install']
[0.609s] Level 1:colcon.colcon_core.package_identification:_identify(install) by extension 'ignore'
[0.609s] Level 1:colcon.colcon_core.package_identification:_identify(install) ignored
[0.609s] Level 1:colcon.colcon_core.package_identification:_identify(log) by extensions ['ignore', 'ignore_ament_install']
[0.609s] Level 1:colcon.colcon_core.package_identification:_identify(log) by extension 'ignore'
[0.609s] Level 1:colcon.colcon_core.package_identification:_identify(log) ignored
[0.609s] Level 1:colcon.colcon_core.package_discovery:discover_packages(recursive) using defaults
[0.609s] Level 1:colcon.colcon_core.package_discovery:discover_packages(ignore) discover
[0.609s] Level 1:colcon.colcon_core.package_discovery:discover_packages(ignore) using defaults
[0.609s] Level 1:colcon.colcon_core.package_discovery:discover_packages(path) discover
[0.609s] Level 1:colcon.colcon_core.package_discovery:discover_packages(path) using defaults
[0.666s] Level 1:colcon.colcon_core.package_discovery:discover_packages(prefix_path) check parameters
[0.666s] Level 1:colcon.colcon_core.package_discovery:discover_packages(prefix_path) discover
[0.682s] DEBUG:colcon.colcon_installed_package_information.package_discovery:Found 24 installed packages in /home/muhie/Desktop/coursework/ros2_ws/src/install
[0.685s] DEBUG:colcon.colcon_installed_package_information.package_discovery:Found 272 installed packages in /opt/ros/humble
[0.687s] Level 1:colcon.colcon_core.package_discovery:discover_packages(prefix_path) using defaults
[0.765s] Level 5:colcon.colcon_core.verb:set package 'ar_interface' build argument 'cmake_args' from command line to 'None'
[0.765s] Level 5:colcon.colcon_core.verb:set package 'ar_interface' build argument 'cmake_target' from command line to 'None'
[0.765s] Level 5:colcon.colcon_core.verb:set package 'ar_interface' build argument 'cmake_target_skip_unavailable' from command line to 'False'
[0.765s] Level 5:colcon.colcon_core.verb:set package 'ar_interface' build argument 'cmake_clean_cache' from command line to 'False'
[0.765s] Level 5:colcon.colcon_core.verb:set package 'ar_interface' build argument 'cmake_clean_first' from command line to 'False'
[0.765s] Level 5:colcon.colcon_core.verb:set package 'ar_interface' build argument 'cmake_force_configure' from command line to 'False'
[0.765s] Level 5:colcon.colcon_core.verb:set package 'ar_interface' build argument 'ament_cmake_args' from command line to 'None'
[0.765s] Level 5:colcon.colcon_core.verb:set package 'ar_interface' build argument 'catkin_cmake_args' from command line to 'None'
[0.765s] Level 5:colcon.colcon_core.verb:set package 'ar_interface' build argument 'catkin_skip_building_tests' from command line to 'False'
[0.765s] DEBUG:colcon.colcon_core.verb:Building package 'ar_interface' with the following arguments: {'ament_cmake_args': None, 'build_base': '/home/muhie/Desktop/coursework/ros2_ws/src/build/ar_interface', 'catkin_cmake_args': None, 'catkin_skip_building_tests': False, 'cmake_args': None, 'cmake_clean_cache': False, 'cmake_clean_first': False, 'cmake_force_configure': False, 'cmake_target': None, 'cmake_target_skip_unavailable': False, 'install_base': '/home/muhie/Desktop/coursework/ros2_ws/src/install/ar_interface', 'merge_install': False, 'path': '/home/muhie/Desktop/coursework/ros2_ws/src/ar_interface', 'symlink_install': False, 'test_result_base': None}
[0.766s] Level 5:colcon.colcon_core.verb:set package 'ar_test' build argument 'cmake_args' from command line to 'None'
[0.766s] Level 5:colcon.colcon_core.verb:set package 'ar_test' build argument 'cmake_target' from command line to 'None'
[0.766s] Level 5:colcon.colcon_core.verb:set package 'ar_test' build argument 'cmake_target_skip_unavailable' from command line to 'False'
[0.766s] Level 5:colcon.colcon_core.verb:set package 'ar_test' build argument 'cmake_clean_cache' from command line to 'False'
[0.766s] Level 5:colcon.colcon_core.verb:set package 'ar_test' build argument 'cmake_clean_first' from command line to 'False'
[0.766s] Level 5:colcon.colcon_core.verb:set package 'ar_test' build argument 'cmake_force_configure' from command line to 'False'
[0.766s] Level 5:colcon.colcon_core.verb:set package 'ar_test' build argument 'ament_cmake_args' from command line to 'None'
[0.766s] Level 5:colcon.colcon_core.verb:set package 'ar_test' build argument 'catkin_cmake_args' from command line to 'None'
[0.766s] Level 5:colcon.colcon_core.verb:set package 'ar_test' build argument 'catkin_skip_building_tests' from command line to 'False'
[0.766s] DEBUG:colcon.colcon_core.verb:Building package 'ar_test' with the following arguments: {'ament_cmake_args': None, 'build_base': '/home/muhie/Desktop/coursework/ros2_ws/src/build/ar_test', 'catkin_cmake_args': None, 'catkin_skip_building_tests': False, 'cmake_args': None, 'cmake_clean_cache': False, 'cmake_clean_first': False, 'cmake_force_configure': False, 'cmake_target': None, 'cmake_target_skip_unavailable': False, 'install_base': '/home/muhie/Desktop/coursework/ros2_ws/src/install/ar_test', 'merge_install': False, 'path': '/home/muhie/Desktop/coursework/ros2_ws/src/ar_test', 'symlink_install': False, 'test_result_base': None}
[0.766s] INFO:colcon.colcon_core.executor:Executing jobs using 'parallel' executor
[0.767s] DEBUG:colcon.colcon_parallel_executor.executor.parallel:run_until_complete
[0.767s] INFO:colcon.colcon_ros.task.ament_cmake.build:Building ROS package in '/home/muhie/Desktop/coursework/ros2_ws/src/ar_interface' with build type 'ament_cmake'
[0.767s] INFO:colcon.colcon_cmake.task.cmake.build:Building CMake package in '/home/muhie/Desktop/coursework/ros2_ws/src/ar_interface'
[0.772s] INFO:colcon.colcon_core.plugin_system:Skipping extension 'colcon_core.shell.bat': Not used on non-Windows systems
[0.772s] INFO:colcon.colcon_core.shell:Skip shell extension 'powershell' for command environment: Not usable outside of PowerShell
[0.772s] DEBUG:colcon.colcon_core.shell:Skip shell extension 'dsv' for command environment
[0.784s] DEBUG:colcon.colcon_core.event_handler.log_command:Invoking command in '/home/muhie/Desktop/coursework/ros2_ws/src/build/ar_interface': CMAKE_PREFIX_PATH=${CMAKE_PREFIX_PATH}:/home/muhie/Desktop/coursework/ros2_ws/src/install/launch_testing_examples:/home/muhie/Desktop/coursework/ros2_ws/src/install/examples_rclpy_pointcloud_publisher:/home/muhie/Desktop/coursework/ros2_ws/src/install/examples_rclpy_minimal_subscriber:/home/muhie/Desktop/coursework/ros2_ws/src/install/examples_rclpy_minimal_service:/home/muhie/Desktop/coursework/ros2_ws/src/install/examples_rclpy_minimal_publisher:/home/muhie/Desktop/coursework/ros2_ws/src/install/examples_rclpy_minimal_client:/home/muhie/Desktop/coursework/ros2_ws/src/install/examples_rclpy_minimal_action_server:/home/muhie/Desktop/coursework/ros2_ws/src/install/examples_rclpy_minimal_action_client:/home/muhie/Desktop/coursework/ros2_ws/src/install/examples_rclpy_guard_conditions:/home/muhie/Desktop/coursework/ros2_ws/src/install/examples_rclpy_executors:/home/muhie/Desktop/coursework/ros2_ws/src/install/ar_test:/opt/ros/humble /usr/bin/cmake --build /home/muhie/Desktop/coursework/ros2_ws/src/build/ar_interface -- -j12 -l12
[1.240s] DEBUG:colcon.colcon_core.event_handler.log_command:Invoked command in '/home/muhie/Desktop/coursework/ros2_ws/src/build/ar_interface' returned '0': CMAKE_PREFIX_PATH=${CMAKE_PREFIX_PATH}:/home/muhie/Desktop/coursework/ros2_ws/src/install/launch_testing_examples:/home/muhie/Desktop/coursework/ros2_ws/src/install/examples_rclpy_pointcloud_publisher:/home/muhie/Desktop/coursework/ros2_ws/src/install/examples_rclpy_minimal_subscriber:/home/muhie/Desktop/coursework/ros2_ws/src/install/examples_rclpy_minimal_service:/home/muhie/Desktop/coursework/ros2_ws/src/install/examples_rclpy_minimal_publisher:/home/muhie/Desktop/coursework/ros2_ws/src/install/examples_rclpy_minimal_client:/home/muhie/Desktop/coursework/ros2_ws/src/install/examples_rclpy_minimal_action_server:/home/muhie/Desktop/coursework/ros2_ws/src/install/examples_rclpy_minimal_action_client:/home/muhie/Desktop/coursework/ros2_ws/src/install/examples_rclpy_guard_conditions:/home/muhie/Desktop/coursework/ros2_ws/src/install/examples_rclpy_executors:/home/muhie/Desktop/coursework/ros2_ws/src/install/ar_test:/opt/ros/humble /usr/bin/cmake --build /home/muhie/Desktop/coursework/ros2_ws/src/build/ar_interface -- -j12 -l12
[1.253s] DEBUG:colcon.colcon_core.event_handler.log_command:Invoking command in '/home/muhie/Desktop/coursework/ros2_ws/src/build/ar_interface': CMAKE_PREFIX_PATH=${CMAKE_PREFIX_PATH}:/home/muhie/Desktop/coursework/ros2_ws/src/install/launch_testing_examples:/home/muhie/Desktop/coursework/ros2_ws/src/install/examples_rclpy_pointcloud_publisher:/home/muhie/Desktop/coursework/ros2_ws/src/install/examples_rclpy_minimal_subscriber:/home/muhie/Desktop/coursework/ros2_ws/src/install/examples_rclpy_minimal_service:/home/muhie/Desktop/coursework/ros2_ws/src/install/examples_rclpy_minimal_publisher:/home/muhie/Desktop/coursework/ros2_ws/src/install/examples_rclpy_minimal_client:/home/muhie/Desktop/coursework/ros2_ws/src/install/examples_rclpy_minimal_action_server:/home/muhie/Desktop/coursework/ros2_ws/src/install/examples_rclpy_minimal_action_client:/home/muhie/Desktop/coursework/ros2_ws/src/install/examples_rclpy_guard_conditions:/home/muhie/Desktop/coursework/ros2_ws/src/install/examples_rclpy_executors:/home/muhie/Desktop/coursework/ros2_ws/src/install/ar_test:/opt/ros/humble /usr/bin/cmake --install /home/muhie/Desktop/coursework/ros2_ws/src/build/ar_interface
[1.316s] Level 1:colcon.colcon_core.environment:create_environment_scripts_only(ar_interface)
[1.316s] DEBUG:colcon.colcon_core.event_handler.log_command:Invoked command in '/home/muhie/Desktop/coursework/ros2_ws/src/build/ar_interface' returned '0': CMAKE_PREFIX_PATH=${CMAKE_PREFIX_PATH}:/home/muhie/Desktop/coursework/ros2_ws/src/install/launch_testing_examples:/home/muhie/Desktop/coursework/ros2_ws/src/install/examples_rclpy_pointcloud_publisher:/home/muhie/Desktop/coursework/ros2_ws/src/install/examples_rclpy_minimal_subscriber:/home/muhie/Desktop/coursework/ros2_ws/src/install/examples_rclpy_minimal_service:/home/muhie/Desktop/coursework/ros2_ws/src/install/examples_rclpy_minimal_publisher:/home/muhie/Desktop/coursework/ros2_ws/src/install/examples_rclpy_minimal_client:/home/muhie/Desktop/coursework/ros2_ws/src/install/examples_rclpy_minimal_action_server:/home/muhie/Desktop/coursework/ros2_ws/src/install/examples_rclpy_minimal_action_client:/home/muhie/Desktop/coursework/ros2_ws/src/install/examples_rclpy_guard_conditions:/home/muhie/Desktop/coursework/ros2_ws/src/install/examples_rclpy_executors:/home/muhie/Desktop/coursework/ros2_ws/src/install/ar_test:/opt/ros/humble /usr/bin/cmake --install /home/muhie/Desktop/coursework/ros2_ws/src/build/ar_interface
[1.322s] Level 1:colcon.colcon_core.environment:checking '/home/muhie/Desktop/coursework/ros2_ws/src/install/ar_interface' for CMake module files
[1.322s] Level 1:colcon.colcon_core.environment:checking '/home/muhie/Desktop/coursework/ros2_ws/src/install/ar_interface' for CMake config files
[1.324s] Level 1:colcon.colcon_core.shell:create_environment_hook('ar_interface', 'cmake_prefix_path')
[1.324s] INFO:colcon.colcon_core.shell:Creating environment hook '/home/muhie/Desktop/coursework/ros2_ws/src/install/ar_interface/share/ar_interface/hook/cmake_prefix_path.ps1'
[1.325s] INFO:colcon.colcon_core.shell:Creating environment descriptor '/home/muhie/Desktop/coursework/ros2_ws/src/install/ar_interface/share/ar_interface/hook/cmake_prefix_path.dsv'
[1.325s] INFO:colcon.colcon_core.shell:Creating environment hook '/home/muhie/Desktop/coursework/ros2_ws/src/install/ar_interface/share/ar_interface/hook/cmake_prefix_path.sh'
[1.327s] Level 1:colcon.colcon_core.environment:checking '/home/muhie/Desktop/coursework/ros2_ws/src/install/ar_interface/lib'
[1.327s] Level 1:colcon.colcon_core.shell:create_environment_hook('ar_interface', 'ld_library_path_lib')
[1.327s] INFO:colcon.colcon_core.shell:Creating environment hook '/home/muhie/Desktop/coursework/ros2_ws/src/install/ar_interface/share/ar_interface/hook/ld_library_path_lib.ps1'
[1.327s] INFO:colcon.colcon_core.shell:Creating environment descriptor '/home/muhie/Desktop/coursework/ros2_ws/src/install/ar_interface/share/ar_interface/hook/ld_library_path_lib.dsv'
[1.328s] INFO:colcon.colcon_core.shell:Creating environment hook '/home/muhie/Desktop/coursework/ros2_ws/src/install/ar_interface/share/ar_interface/hook/ld_library_path_lib.sh'
[1.328s] Level 1:colcon.colcon_core.environment:checking '/home/muhie/Desktop/coursework/ros2_ws/src/install/ar_interface/bin'
[1.328s] Level 1:colcon.colcon_core.environment:checking '/home/muhie/Desktop/coursework/ros2_ws/src/install/ar_interface/lib/pkgconfig/ar_interface.pc'
[1.328s] Level 1:colcon.colcon_core.environment:checking '/home/muhie/Desktop/coursework/ros2_ws/src/install/ar_interface/lib/python3.10/site-packages'
[1.328s] Level 1:colcon.colcon_core.shell:create_environment_hook('ar_interface', 'pythonpath')
[1.328s] INFO:colcon.colcon_core.shell:Creating environment hook '/home/muhie/Desktop/coursework/ros2_ws/src/install/ar_interface/share/ar_interface/hook/pythonpath.ps1'
[1.329s] INFO:colcon.colcon_core.shell:Creating environment descriptor '/home/muhie/Desktop/coursework/ros2_ws/src/install/ar_interface/share/ar_interface/hook/pythonpath.dsv'
[1.329s] INFO:colcon.colcon_core.shell:Creating environment hook '/home/muhie/Desktop/coursework/ros2_ws/src/install/ar_interface/share/ar_interface/hook/pythonpath.sh'
[1.330s] Level 1:colcon.colcon_core.environment:checking '/home/muhie/Desktop/coursework/ros2_ws/src/install/ar_interface/bin'
[1.330s] INFO:colcon.colcon_core.shell:Creating package script '/home/muhie/Desktop/coursework/ros2_ws/src/install/ar_interface/share/ar_interface/package.ps1'
[1.331s] INFO:colcon.colcon_core.shell:Creating package descriptor '/home/muhie/Desktop/coursework/ros2_ws/src/install/ar_interface/share/ar_interface/package.dsv'
[1.331s] INFO:colcon.colcon_core.shell:Creating package script '/home/muhie/Desktop/coursework/ros2_ws/src/install/ar_interface/share/ar_interface/package.sh'
[1.332s] INFO:colcon.colcon_core.shell:Creating package script '/home/muhie/Desktop/coursework/ros2_ws/src/install/ar_interface/share/ar_interface/package.bash'
[1.333s] INFO:colcon.colcon_core.shell:Creating package script '/home/muhie/Desktop/coursework/ros2_ws/src/install/ar_interface/share/ar_interface/package.zsh'
[1.334s] Level 1:colcon.colcon_core.environment:create_file_with_runtime_dependencies(/home/muhie/Desktop/coursework/ros2_ws/src/install/ar_interface/share/colcon-core/packages/ar_interface)
[1.334s] Level 1:colcon.colcon_core.environment:create_environment_scripts_only(ar_interface)
[1.334s] Level 1:colcon.colcon_core.environment:checking '/home/muhie/Desktop/coursework/ros2_ws/src/install/ar_interface' for CMake module files
[1.335s] Level 1:colcon.colcon_core.environment:checking '/home/muhie/Desktop/coursework/ros2_ws/src/install/ar_interface' for CMake config files
[1.336s] Level 1:colcon.colcon_core.shell:create_environment_hook('ar_interface', 'cmake_prefix_path')
[1.336s] INFO:colcon.colcon_core.shell:Creating environment hook '/home/muhie/Desktop/coursework/ros2_ws/src/install/ar_interface/share/ar_interface/hook/cmake_prefix_path.ps1'
[1.336s] INFO:colcon.colcon_core.shell:Creating environment descriptor '/home/muhie/Desktop/coursework/ros2_ws/src/install/ar_interface/share/ar_interface/hook/cmake_prefix_path.dsv'
[1.336s] INFO:colcon.colcon_core.shell:Creating environment hook '/home/muhie/Desktop/coursework/ros2_ws/src/install/ar_interface/share/ar_interface/hook/cmake_prefix_path.sh'
[1.337s] Level 1:colcon.colcon_core.environment:checking '/home/muhie/Desktop/coursework/ros2_ws/src/install/ar_interface/lib'
[1.337s] Level 1:colcon.colcon_core.shell:create_environment_hook('ar_interface', 'ld_library_path_lib')
[1.337s] INFO:colcon.colcon_core.shell:Creating environment hook '/home/muhie/Desktop/coursework/ros2_ws/src/install/ar_interface/share/ar_interface/hook/ld_library_path_lib.ps1'
[1.337s] INFO:colcon.colcon_core.shell:Creating environment descriptor '/home/muhie/Desktop/coursework/ros2_ws/src/install/ar_interface/share/ar_interface/hook/ld_library_path_lib.dsv'
[1.338s] INFO:colcon.colcon_core.shell:Creating environment hook '/home/muhie/Desktop/coursework/ros2_ws/src/install/ar_interface/share/ar_interface/hook/ld_library_path_lib.sh'
[1.338s] Level 1:colcon.colcon_core.environment:checking '/home/muhie/Desktop/coursework/ros2_ws/src/install/ar_interface/bin'
[1.338s] Level 1:colcon.colcon_core.environment:checking '/home/muhie/Desktop/coursework/ros2_ws/src/install/ar_interface/lib/pkgconfig/ar_interface.pc'
[1.338s] Level 1:colcon.colcon_core.environment:checking '/home/muhie/Desktop/coursework/ros2_ws/src/install/ar_interface/lib/python3.10/site-packages'
[1.338s] Level 1:colcon.colcon_core.shell:create_environment_hook('ar_interface', 'pythonpath')
[1.338s] INFO:colcon.colcon_core.shell:Creating environment hook '/home/muhie/Desktop/coursework/ros2_ws/src/install/ar_interface/share/ar_interface/hook/pythonpath.ps1'
[1.339s] INFO:colcon.colcon_core.shell:Creating environment descriptor '/home/muhie/Desktop/coursework/ros2_ws/src/install/ar_interface/share/ar_interface/hook/pythonpath.dsv'
[1.339s] INFO:colcon.colcon_core.shell:Creating environment hook '/home/muhie/Desktop/coursework/ros2_ws/src/install/ar_interface/share/ar_interface/hook/pythonpath.sh'
[1.339s] Level 1:colcon.colcon_core.environment:checking '/home/muhie/Desktop/coursework/ros2_ws/src/install/ar_interface/bin'
[1.340s] INFO:colcon.colcon_core.shell:Creating package script '/home/muhie/Desktop/coursework/ros2_ws/src/install/ar_interface/share/ar_interface/package.ps1'
[1.340s] INFO:colcon.colcon_core.shell:Creating package descriptor '/home/muhie/Desktop/coursework/ros2_ws/src/install/ar_interface/share/ar_interface/package.dsv'
[1.341s] INFO:colcon.colcon_core.shell:Creating package script '/home/muhie/Desktop/coursework/ros2_ws/src/install/ar_interface/share/ar_interface/package.sh'
[1.341s] INFO:colcon.colcon_core.shell:Creating package script '/home/muhie/Desktop/coursework/ros2_ws/src/install/ar_interface/share/ar_interface/package.bash'
[1.341s] INFO:colcon.colcon_core.shell:Creating package script '/home/muhie/Desktop/coursework/ros2_ws/src/install/ar_interface/share/ar_interface/package.zsh'
[1.342s] Level 1:colcon.colcon_core.environment:create_file_with_runtime_dependencies(/home/muhie/Desktop/coursework/ros2_ws/src/install/ar_interface/share/colcon-core/packages/ar_interface)
[1.342s] INFO:colcon.colcon_ros.task.ament_python.build:Building ROS package in '/home/muhie/Desktop/coursework/ros2_ws/src/ar_test' with build type 'ament_python'
[1.342s] Level 1:colcon.colcon_core.shell:create_environment_hook('ar_test', 'ament_prefix_path')
[1.342s] INFO:colcon.colcon_core.shell:Creating environment hook '/home/muhie/Desktop/coursework/ros2_ws/src/install/ar_test/share/ar_test/hook/ament_prefix_path.ps1'
[1.343s] INFO:colcon.colcon_core.shell:Creating environment descriptor '/home/muhie/Desktop/coursework/ros2_ws/src/install/ar_test/share/ar_test/hook/ament_prefix_path.dsv'
[1.343s] INFO:colcon.colcon_core.shell:Creating environment hook '/home/muhie/Desktop/coursework/ros2_ws/src/install/ar_test/share/ar_test/hook/ament_prefix_path.sh'
[1.344s] INFO:colcon.colcon_core.shell:Skip shell extension 'powershell' for command environment: Not usable outside of PowerShell
[1.344s] DEBUG:colcon.colcon_core.shell:Skip shell extension 'dsv' for command environment
[1.598s] INFO:colcon.colcon_core.task.python.build:Building Python package in '/home/muhie/Desktop/coursework/ros2_ws/src/ar_test'
[1.598s] INFO:colcon.colcon_core.shell:Skip shell extension 'powershell' for command environment: Not usable outside of PowerShell
[1.599s] DEBUG:colcon.colcon_core.shell:Skip shell extension 'dsv' for command environment
[1.959s] DEBUG:colcon.colcon_core.event_handler.log_command:Invoking command in '/home/muhie/Desktop/coursework/ros2_ws/src/ar_test': CMAKE_PREFIX_PATH=/home/muhie/Desktop/coursework/ros2_ws/src/install/ar_interface:/home/muhie/Desktop/coursework/ros2_ws/src/install/examples_rclcpp_wait_set:/home/muhie/Desktop/coursework/ros2_ws/src/install/examples_rclcpp_multithreaded_executor:/home/muhie/Desktop/coursework/ros2_ws/src/install/examples_rclcpp_minimal_timer:/home/muhie/Desktop/coursework/ros2_ws/src/install/examples_rclcpp_minimal_subscriber:/home/muhie/Desktop/coursework/ros2_ws/src/install/examples_rclcpp_minimal_service:/home/muhie/Desktop/coursework/ros2_ws/src/install/examples_rclcpp_minimal_publisher:/home/muhie/Desktop/coursework/ros2_ws/src/install/examples_rclcpp_minimal_composition:/home/muhie/Desktop/coursework/ros2_ws/src/install/examples_rclcpp_minimal_client:/home/muhie/Desktop/coursework/ros2_ws/src/install/examples_rclcpp_minimal_action_server:/home/muhie/Desktop/coursework/ros2_ws/src/install/examples_rclcpp_minimal_action_client:/home/muhie/Desktop/coursework/ros2_ws/src/install/examples_rclcpp_cbg_executor:/home/muhie/Desktop/coursework/ros2_ws/src/install/examples_rclcpp_async_client LD_LIBRARY_PATH=/home/muhie/Desktop/coursework/ros2_ws/src/install/ar_interface/lib:/home/muhie/Desktop/coursework/ros2_ws/src/install/examples_rclcpp_wait_set/lib:/home/muhie/Desktop/coursework/ros2_ws/src/install/examples_rclcpp_minimal_subscriber/lib:/home/muhie/Desktop/coursework/ros2_ws/src/install/examples_rclcpp_minimal_composition/lib:/opt/ros/humble/opt/rviz_ogre_vendor/lib:/opt/ros/humble/lib/x86_64-linux-gnu:/opt/ros/humble/lib PYTHONPATH=/home/muhie/Desktop/coursework/ros2_ws/src/build/ar_test/prefix_override:/usr/lib/python3/dist-packages/colcon_core/task/python/colcon_distutils_commands:/home/muhie/Desktop/coursework/ros2_ws/src/install/ar_test/lib/python3.10/site-packages:/home/muhie/Desktop/coursework/ros2_ws/src/install/ar_interface/lib/python3.10/site-packages:/home/muhie/Desktop/coursework/ros2_ws/src/install/launch_testing_examples/lib/python3.10/site-packages:/home/muhie/Desktop/coursework/ros2_ws/src/install/examples_rclpy_pointcloud_publisher/lib/python3.10/site-packages:/home/muhie/Desktop/coursework/ros2_ws/src/install/examples_rclpy_minimal_subscriber/lib/python3.10/site-packages:/home/muhie/Desktop/coursework/ros2_ws/src/install/examples_rclpy_minimal_service/lib/python3.10/site-packages:/home/muhie/Desktop/coursework/ros2_ws/src/install/examples_rclpy_minimal_publisher/lib/python3.10/site-packages:/home/muhie/Desktop/coursework/ros2_ws/src/install/examples_rclpy_minimal_client/lib/python3.10/site-packages:/home/muhie/Desktop/coursework/ros2_ws/src/install/examples_rclpy_minimal_action_server/lib/python3.10/site-packages:/home/muhie/Desktop/coursework/ros2_ws/src/install/examples_rclpy_minimal_action_client/lib/python3.10/site-packages:/home/muhie/Desktop/coursework/ros2_ws/src/install/examples_rclpy_guard_conditions/lib/python3.10/site-packages:/home/muhie/Desktop/coursework/ros2_ws/src/install/examples_rclpy_executors/lib/python3.10/site-packages:/home/muhie/Desktop/coursework/ros2_ws/src/install/ar_test/lib/python3.10/site-packages:/home/muhie/Desktop/coursework/ros2_ws/src/install/ar_interface/local/lib/python3.10/dist-packages:/opt/ros/humble/lib/python3.10/site-packages:/opt/ros/humble/local/lib/python3.10/dist-packages /usr/bin/python3 -W ignore:setup.py install is deprecated -W ignore:easy_install command is deprecated setup.py egg_info --egg-base ../build/ar_test build --build-base /home/muhie/Desktop/coursework/ros2_ws/src/build/ar_test/build install --record /home/muhie/Desktop/coursework/ros2_ws/src/build/ar_test/install.log --single-version-externally-managed install_data
[2.242s] Level 1:colcon.colcon_core.environment:checking '/home/muhie/Desktop/coursework/ros2_ws/src/install/ar_test' for CMake module files
[2.242s] DEBUG:colcon.colcon_core.event_handler.log_command:Invoked command in '/home/muhie/Desktop/coursework/ros2_ws/src/ar_test' returned '0': CMAKE_PREFIX_PATH=/home/muhie/Desktop/coursework/ros2_ws/src/install/ar_interface:/home/muhie/Desktop/coursework/ros2_ws/src/install/examples_rclcpp_wait_set:/home/muhie/Desktop/coursework/ros2_ws/src/install/examples_rclcpp_multithreaded_executor:/home/muhie/Desktop/coursework/ros2_ws/src/install/examples_rclcpp_minimal_timer:/home/muhie/Desktop/coursework/ros2_ws/src/install/examples_rclcpp_minimal_subscriber:/home/muhie/Desktop/coursework/ros2_ws/src/install/examples_rclcpp_minimal_service:/home/muhie/Desktop/coursework/ros2_ws/src/install/examples_rclcpp_minimal_publisher:/home/muhie/Desktop/coursework/ros2_ws/src/install/examples_rclcpp_minimal_composition:/home/muhie/Desktop/coursework/ros2_ws/src/install/examples_rclcpp_minimal_client:/home/muhie/Desktop/coursework/ros2_ws/src/install/examples_rclcpp_minimal_action_server:/home/muhie/Desktop/coursework/ros2_ws/src/install/examples_rclcpp_minimal_action_client:/home/muhie/Desktop/coursework/ros2_ws/src/install/examples_rclcpp_cbg_executor:/home/muhie/Desktop/coursework/ros2_ws/src/install/examples_rclcpp_async_client LD_LIBRARY_PATH=/home/muhie/Desktop/coursework/ros2_ws/src/install/ar_interface/lib:/home/muhie/Desktop/coursework/ros2_ws/src/install/examples_rclcpp_wait_set/lib:/home/muhie/Desktop/coursework/ros2_ws/src/install/examples_rclcpp_minimal_subscriber/lib:/home/muhie/Desktop/coursework/ros2_ws/src/install/examples_rclcpp_minimal_composition/lib:/opt/ros/humble/opt/rviz_ogre_vendor/lib:/opt/ros/humble/lib/x86_64-linux-gnu:/opt/ros/humble/lib PYTHONPATH=/home/muhie/Desktop/coursework/ros2_ws/src/build/ar_test/prefix_override:/usr/lib/python3/dist-packages/colcon_core/task/python/colcon_distutils_commands:/home/muhie/Desktop/coursework/ros2_ws/src/install/ar_test/lib/python3.10/site-packages:/home/muhie/Desktop/coursework/ros2_ws/src/install/ar_interface/lib/python3.10/site-packages:/home/muhie/Desktop/coursework/ros2_ws/src/install/launch_testing_examples/lib/python3.10/site-packages:/home/muhie/Desktop/coursework/ros2_ws/src/install/examples_rclpy_pointcloud_publisher/lib/python3.10/site-packages:/home/muhie/Desktop/coursework/ros2_ws/src/install/examples_rclpy_minimal_subscriber/lib/python3.10/site-packages:/home/muhie/Desktop/coursework/ros2_ws/src/install/examples_rclpy_minimal_service/lib/python3.10/site-packages:/home/muhie/Desktop/coursework/ros2_ws/src/install/examples_rclpy_minimal_publisher/lib/python3.10/site-packages:/home/muhie/Desktop/coursework/ros2_ws/src/install/examples_rclpy_minimal_client/lib/python3.10/site-packages:/home/muhie/Desktop/coursework/ros2_ws/src/install/examples_rclpy_minimal_action_server/lib/python3.10/site-packages:/home/muhie/Desktop/coursework/ros2_ws/src/install/examples_rclpy_minimal_action_client/lib/python3.10/site-packages:/home/muhie/Desktop/coursework/ros2_ws/src/install/examples_rclpy_guard_conditions/lib/python3.10/site-packages:/home/muhie/Desktop/coursework/ros2_ws/src/install/examples_rclpy_executors/lib/python3.10/site-packages:/home/muhie/Desktop/coursework/ros2_ws/src/install/ar_test/lib/python3.10/site-packages:/home/muhie/Desktop/coursework/ros2_ws/src/install/ar_interface/local/lib/python3.10/dist-packages:/opt/ros/humble/lib/python3.10/site-packages:/opt/ros/humble/local/lib/python3.10/dist-packages /usr/bin/python3 -W ignore:setup.py install is deprecated -W ignore:easy_install command is deprecated setup.py egg_info --egg-base ../build/ar_test build --build-base /home/muhie/Desktop/coursework/ros2_ws/src/build/ar_test/build install --record /home/muhie/Desktop/coursework/ros2_ws/src/build/ar_test/install.log --single-version-externally-managed install_data
[2.243s] Level 1:colcon.colcon_core.environment:checking '/home/muhie/Desktop/coursework/ros2_ws/src/install/ar_test' for CMake config files
[2.244s] Level 1:colcon.colcon_core.environment:checking '/home/muhie/Desktop/coursework/ros2_ws/src/install/ar_test/lib'
[2.244s] Level 1:colcon.colcon_core.environment:checking '/home/muhie/Desktop/coursework/ros2_ws/src/install/ar_test/bin'
[2.244s] Level 1:colcon.colcon_core.environment:checking '/home/muhie/Desktop/coursework/ros2_ws/src/install/ar_test/lib/pkgconfig/ar_test.pc'
[2.244s] Level 1:colcon.colcon_core.environment:checking '/home/muhie/Desktop/coursework/ros2_ws/src/install/ar_test/lib/python3.10/site-packages'
[2.244s] Level 1:colcon.colcon_core.shell:create_environment_hook('ar_test', 'pythonpath')
[2.244s] INFO:colcon.colcon_core.shell:Creating environment hook '/home/muhie/Desktop/coursework/ros2_ws/src/install/ar_test/share/ar_test/hook/pythonpath.ps1'
[2.245s] INFO:colcon.colcon_core.shell:Creating environment descriptor '/home/muhie/Desktop/coursework/ros2_ws/src/install/ar_test/share/ar_test/hook/pythonpath.dsv'
[2.245s] INFO:colcon.colcon_core.shell:Creating environment hook '/home/muhie/Desktop/coursework/ros2_ws/src/install/ar_test/share/ar_test/hook/pythonpath.sh'
[2.246s] Level 1:colcon.colcon_core.environment:checking '/home/muhie/Desktop/coursework/ros2_ws/src/install/ar_test/bin'
[2.246s] Level 1:colcon.colcon_core.environment:create_environment_scripts_only(ar_test)
[2.246s] INFO:colcon.colcon_core.shell:Creating package script '/home/muhie/Desktop/coursework/ros2_ws/src/install/ar_test/share/ar_test/package.ps1'
[2.247s] INFO:colcon.colcon_core.shell:Creating package descriptor '/home/muhie/Desktop/coursework/ros2_ws/src/install/ar_test/share/ar_test/package.dsv'
[2.247s] INFO:colcon.colcon_core.shell:Creating package script '/home/muhie/Desktop/coursework/ros2_ws/src/install/ar_test/share/ar_test/package.sh'
[2.247s] INFO:colcon.colcon_core.shell:Creating package script '/home/muhie/Desktop/coursework/ros2_ws/src/install/ar_test/share/ar_test/package.bash'
[2.248s] INFO:colcon.colcon_core.shell:Creating package script '/home/muhie/Desktop/coursework/ros2_ws/src/install/ar_test/share/ar_test/package.zsh'
[2.248s] Level 1:colcon.colcon_core.environment:create_file_with_runtime_dependencies(/home/muhie/Desktop/coursework/ros2_ws/src/install/ar_test/share/colcon-core/packages/ar_test)
[2.248s] DEBUG:colcon.colcon_parallel_executor.executor.parallel:closing loop
[2.248s] DEBUG:colcon.colcon_parallel_executor.executor.parallel:loop closed
[2.248s] DEBUG:colcon.colcon_parallel_executor.executor.parallel:run_until_complete finished with '0'
[2.249s] DEBUG:colcon.colcon_core.event_reactor:joining thread
[2.259s] INFO:colcon.colcon_core.plugin_system:Skipping extension 'colcon_notification.desktop_notification.terminal_notifier': Not used on non-Darwin systems
[2.259s] INFO:colcon.colcon_core.plugin_system:Skipping extension 'colcon_notification.desktop_notification.win32': Not used on non-Windows systems
[2.259s] INFO:colcon.colcon_notification.desktop_notification:Sending desktop notification using 'notify2'
[2.272s] DEBUG:colcon.colcon_core.event_reactor:joined thread
[2.273s] INFO:colcon.colcon_core.shell:Creating prefix script '/home/muhie/Desktop/coursework/ros2_ws/src/install/local_setup.ps1'
[2.274s] INFO:colcon.colcon_core.shell:Creating prefix util module '/home/muhie/Desktop/coursework/ros2_ws/src/install/_local_setup_util_ps1.py'
[2.275s] INFO:colcon.colcon_core.shell:Creating prefix chain script '/home/muhie/Desktop/coursework/ros2_ws/src/install/setup.ps1'
[2.277s] INFO:colcon.colcon_core.shell:Creating prefix script '/home/muhie/Desktop/coursework/ros2_ws/src/install/local_setup.sh'
[2.278s] INFO:colcon.colcon_core.shell:Creating prefix util module '/home/muhie/Desktop/coursework/ros2_ws/src/install/_local_setup_util_sh.py'
[2.278s] INFO:colcon.colcon_core.shell:Creating prefix chain script '/home/muhie/Desktop/coursework/ros2_ws/src/install/setup.sh'
[2.280s] INFO:colcon.colcon_core.shell:Creating prefix script '/home/muhie/Desktop/coursework/ros2_ws/src/install/local_setup.bash'
[2.281s] INFO:colcon.colcon_core.shell:Creating prefix chain script '/home/muhie/Desktop/coursework/ros2_ws/src/install/setup.bash'
[2.282s] INFO:colcon.colcon_core.shell:Creating prefix script '/home/muhie/Desktop/coursework/ros2_ws/src/install/local_setup.zsh'
[2.283s] INFO:colcon.colcon_core.shell:Creating prefix chain script '/home/muhie/Desktop/coursework/ros2_ws/src/install/setup.zsh'
