-- The C compiler identification is GNU 11.4.0
-- The CXX compiler identification is GNU 11.4.0
-- Detecting C compiler ABI info
-- Detecting C compiler ABI info - done
-- Check for working C compiler: /usr/bin/cc - skipped
-- Detecting C compile features
-- Detecting C compile features - done
-- Detecting CXX compiler ABI info
-- Detecting CXX compiler ABI info - done
-- Check for working CXX compiler: /usr/bin/c++ - skipped
-- Detecting CXX compile features
-- Detecting CXX compile features - done
-- Found ament_cmake: 1.3.12 (/opt/ros/humble/share/ament_cmake/cmake)
-- Found Python3: /usr/bin/python3 (found version "3.10.12") found components: Interpreter 
-- Found ament_lint_auto: 0.12.14 (/opt/ros/humble/share/ament_lint_auto/cmake)
-- Found rosidl_default_generators: 1.2.0 (/opt/ros/humble/share/rosidl_default_generators/cmake)
-- Using all available rosidl_typesupport_c: rosidl_typesupport_fastrtps_c;rosidl_typesupport_introspection_c
-- Found rosidl_adapter: 3.1.8 (/opt/ros/humble/share/rosidl_adapter/cmake)
-- Using all available rosidl_typesupport_cpp: rosidl_typesupport_fastrtps_cpp;rosidl_typesupport_introspection_cpp
-- Found ament_cmake_ros: 0.10.0 (/opt/ros/humble/share/ament_cmake_ros/cmake)
-- Using all available rosidl_typesupport_c: rosidl_typesupport_fastrtps_c;rosidl_typesupport_introspection_c
-- Using all available rosidl_typesupport_cpp: rosidl_typesupport_fastrtps_cpp;rosidl_typesupport_introspection_cpp
-- Found PythonInterp: /usr/bin/python3 (found suitable version "3.10.12", minimum required is "3.6") 
-- Found python_cmake_module: 0.10.0 (/opt/ros/humble/share/python_cmake_module/cmake)
-- Found PythonLibs: /usr/lib/x86_64-linux-gnu/libpython3.10.so (found suitable version "3.10.12", minimum required is "3.5") 
-- Using PYTHON_EXECUTABLE: /usr/bin/python3
-- Using PYTHON_INCLUDE_DIRS: /usr/include/python3.10
-- Using PYTHON_LIBRARIES: /usr/lib/x86_64-linux-gnu/libpython3.10.so
-- Found PythonExtra: .so  
-- Added test 'lint_cmake' to check CMake code style
-- Added test 'xmllint' to check XML markup files
-- Configuring done
-- Generating done
-- Build files have been written to: /home/muhie/Documents/cw/EMS628-COURSEWORK/ros2_ws/build/ar_interface
[  2%] [34m[1mGenerating C code for ROS interfaces[0m
[  4%] [34m[1mGenerating C++ code for ROS interfaces[0m
[  4%] Built target ament_cmake_python_copy_ar_interface
running egg_info
creating ar_interface.egg-info
writing ar_interface.egg-info/PKG-INFO
writing dependency_links to ar_interface.egg-info/dependency_links.txt
writing top-level names to ar_interface.egg-info/top_level.txt
writing manifest file 'ar_interface.egg-info/SOURCES.txt'
reading manifest file 'ar_interface.egg-info/SOURCES.txt'
writing manifest file 'ar_interface.egg-info/SOURCES.txt'
[  4%] Built target ament_cmake_python_build_ar_interface_egg
[  8%] [32mBuilding C object CMakeFiles/ar_interface__rosidl_generator_c.dir/rosidl_generator_c/ar_interface/msg/detail/cubic_traj_params__functions.c.o[0m
[  8%] [32mBuilding C object CMakeFiles/ar_interface__rosidl_generator_c.dir/rosidl_generator_c/ar_interface/msg/detail/cubic_traj_coeffs__functions.c.o[0m
[  8%] Built target ar_interface__cpp
[ 10%] [32mBuilding C object CMakeFiles/ar_interface__rosidl_generator_c.dir/rosidl_generator_c/ar_interface/srv/detail/compute_cubic_traj__functions.c.o[0m
[ 12%] [34m[1mGenerating C++ type support dispatch for ROS interfaces[0m
[ 14%] [34m[1mGenerating C++ type support for eProsima Fast-RTPS[0m
[ 17%] [34m[1mGenerating C++ introspection for ROS interfaces[0m
[ 19%] [32m[1mLinking C shared library libar_interface__rosidl_generator_c.so[0m
[ 19%] Built target ar_interface__rosidl_generator_c
[ 23%] [34m[1mGenerating C type support dispatch for ROS interfaces[0m
[ 23%] [34m[1mGenerating C introspection for ROS interfaces[0m
[ 25%] [34m[1mGenerating C type support for eProsima Fast-RTPS[0m
[ 29%] [32mBuilding CXX object CMakeFiles/ar_interface__rosidl_typesupport_introspection_cpp.dir/rosidl_typesupport_introspection_cpp/ar_interface/msg/detail/cubic_traj_params__type_support.cpp.o[0m
[ 29%] [32mBuilding CXX object CMakeFiles/ar_interface__rosidl_typesupport_introspection_cpp.dir/rosidl_typesupport_introspection_cpp/ar_interface/msg/detail/cubic_traj_coeffs__type_support.cpp.o[0m
[ 31%] [32mBuilding CXX object CMakeFiles/ar_interface__rosidl_typesupport_introspection_cpp.dir/rosidl_typesupport_introspection_cpp/ar_interface/srv/detail/compute_cubic_traj__type_support.cpp.o[0m
[ 34%] [32mBuilding CXX object CMakeFiles/ar_interface__rosidl_typesupport_cpp.dir/rosidl_typesupport_cpp/ar_interface/msg/cubic_traj_params__type_support.cpp.o[0m
[ 36%] [32mBuilding CXX object CMakeFiles/ar_interface__rosidl_typesupport_cpp.dir/rosidl_typesupport_cpp/ar_interface/msg/cubic_traj_coeffs__type_support.cpp.o[0m
[ 38%] [32mBuilding CXX object CMakeFiles/ar_interface__rosidl_typesupport_cpp.dir/rosidl_typesupport_cpp/ar_interface/srv/compute_cubic_traj__type_support.cpp.o[0m
[ 42%] [32mBuilding CXX object CMakeFiles/ar_interface__rosidl_typesupport_fastrtps_cpp.dir/rosidl_typesupport_fastrtps_cpp/ar_interface/msg/detail/dds_fastrtps/cubic_traj_params__type_support.cpp.o[0m
[ 42%] [32mBuilding CXX object CMakeFiles/ar_interface__rosidl_typesupport_fastrtps_cpp.dir/rosidl_typesupport_fastrtps_cpp/ar_interface/msg/detail/dds_fastrtps/cubic_traj_coeffs__type_support.cpp.o[0m
[ 44%] [32mBuilding CXX object CMakeFiles/ar_interface__rosidl_typesupport_fastrtps_cpp.dir/rosidl_typesupport_fastrtps_cpp/ar_interface/srv/detail/dds_fastrtps/compute_cubic_traj__type_support.cpp.o[0m
[ 46%] [32mBuilding CXX object CMakeFiles/ar_interface__rosidl_typesupport_c.dir/rosidl_typesupport_c/ar_interface/msg/cubic_traj_coeffs__type_support.cpp.o[0m
[ 48%] [32mBuilding CXX object CMakeFiles/ar_interface__rosidl_typesupport_c.dir/rosidl_typesupport_c/ar_interface/msg/cubic_traj_params__type_support.cpp.o[0m
[ 51%] [32mBuilding CXX object CMakeFiles/ar_interface__rosidl_typesupport_c.dir/rosidl_typesupport_c/ar_interface/srv/compute_cubic_traj__type_support.cpp.o[0m
[ 53%] [32mBuilding C object CMakeFiles/ar_interface__rosidl_typesupport_introspection_c.dir/rosidl_typesupport_introspection_c/ar_interface/msg/detail/cubic_traj_coeffs__type_support.c.o[0m
[ 55%] [32mBuilding CXX object CMakeFiles/ar_interface__rosidl_typesupport_fastrtps_c.dir/rosidl_typesupport_fastrtps_c/ar_interface/msg/detail/cubic_traj_coeffs__type_support_c.cpp.o[0m
[ 57%] [32m[1mLinking CXX shared library libar_interface__rosidl_typesupport_c.so[0m
[ 59%] [32mBuilding C object CMakeFiles/ar_interface__rosidl_typesupport_introspection_c.dir/rosidl_typesupport_introspection_c/ar_interface/msg/detail/cubic_traj_params__type_support.c.o[0m
[ 61%] [32mBuilding CXX object CMakeFiles/ar_interface__rosidl_typesupport_fastrtps_c.dir/rosidl_typesupport_fastrtps_c/ar_interface/msg/detail/cubic_traj_params__type_support_c.cpp.o[0m
[ 61%] Built target ar_interface__rosidl_typesupport_c
[ 63%] [32mBuilding CXX object CMakeFiles/ar_interface__rosidl_typesupport_fastrtps_c.dir/rosidl_typesupport_fastrtps_c/ar_interface/srv/detail/compute_cubic_traj__type_support_c.cpp.o[0m
[ 65%] [32m[1mLinking CXX shared library libar_interface__rosidl_typesupport_cpp.so[0m
[ 68%] [32mBuilding C object CMakeFiles/ar_interface__rosidl_typesupport_introspection_c.dir/rosidl_typesupport_introspection_c/ar_interface/srv/detail/compute_cubic_traj__type_support.c.o[0m
[ 70%] [32m[1mLinking C shared library libar_interface__rosidl_typesupport_introspection_c.so[0m
[ 70%] Built target ar_interface__rosidl_typesupport_cpp
[ 70%] Built target ar_interface__rosidl_typesupport_introspection_c
[ 72%] [32m[1mLinking CXX shared library libar_interface__rosidl_typesupport_introspection_cpp.so[0m
[ 74%] [32m[1mLinking CXX shared library libar_interface__rosidl_typesupport_fastrtps_cpp.so[0m
[ 74%] Built target ar_interface__rosidl_typesupport_introspection_cpp
[ 74%] Built target ar_interface__rosidl_typesupport_fastrtps_cpp
[ 76%] [32m[1mLinking CXX shared library libar_interface__rosidl_typesupport_fastrtps_c.so[0m
[ 76%] Built target ar_interface__rosidl_typesupport_fastrtps_c
[ 76%] Built target ar_interface
[ 78%] [34m[1mGenerating Python code for ROS interfaces[0m
[ 78%] Built target ar_interface__py
[ 85%] [32mBuilding C object CMakeFiles/ar_interface__rosidl_generator_py.dir/rosidl_generator_py/ar_interface/msg/_cubic_traj_coeffs_s.c.o[0m
[ 85%] [32mBuilding C object CMakeFiles/ar_interface__rosidl_generator_py.dir/rosidl_generator_py/ar_interface/srv/_compute_cubic_traj_s.c.o[0m
[ 85%] [32mBuilding C object CMakeFiles/ar_interface__rosidl_generator_py.dir/rosidl_generator_py/ar_interface/msg/_cubic_traj_params_s.c.o[0m
[ 87%] [32m[1mLinking C shared library rosidl_generator_py/ar_interface/libar_interface__rosidl_generator_py.so[0m
[ 87%] Built target ar_interface__rosidl_generator_py
[ 93%] [32mBuilding C object CMakeFiles/ar_interface__rosidl_typesupport_introspection_c__pyext.dir/rosidl_generator_py/ar_interface/_ar_interface_s.ep.rosidl_typesupport_introspection_c.c.o[0m
[ 93%] [32mBuilding C object CMakeFiles/ar_interface__rosidl_typesupport_c__pyext.dir/rosidl_generator_py/ar_interface/_ar_interface_s.ep.rosidl_typesupport_c.c.o[0m
[ 93%] [32mBuilding C object CMakeFiles/ar_interface__rosidl_typesupport_fastrtps_c__pyext.dir/rosidl_generator_py/ar_interface/_ar_interface_s.ep.rosidl_typesupport_fastrtps_c.c.o[0m
[ 97%] [32m[1mLinking C shared library rosidl_generator_py/ar_interface/ar_interface_s__rosidl_typesupport_c.cpython-310-x86_64-linux-gnu.so[0m
[ 97%] [32m[1mLinking C shared library rosidl_generator_py/ar_interface/ar_interface_s__rosidl_typesupport_introspection_c.cpython-310-x86_64-linux-gnu.so[0m
[100%] [32m[1mLinking C shared library rosidl_generator_py/ar_interface/ar_interface_s__rosidl_typesupport_fastrtps_c.cpython-310-x86_64-linux-gnu.so[0m
[100%] Built target ar_interface__rosidl_typesupport_introspection_c__pyext
[100%] Built target ar_interface__rosidl_typesupport_c__pyext
[100%] Built target ar_interface__rosidl_typesupport_fastrtps_c__pyext
-- Install configuration: ""
-- Installing: /home/muhie/Documents/cw/EMS628-COURSEWORK/ros2_ws/install/ar_interface/share/ament_index/resource_index/rosidl_interfaces/ar_interface
-- Installing: /home/muhie/Documents/cw/EMS628-COURSEWORK/ros2_ws/install/ar_interface/include/ar_interface/ar_interface
-- Installing: /home/muhie/Documents/cw/EMS628-COURSEWORK/ros2_ws/install/ar_interface/include/ar_interface/ar_interface/msg
-- Installing: /home/muhie/Documents/cw/EMS628-COURSEWORK/ros2_ws/install/ar_interface/include/ar_interface/ar_interface/msg/cubic_traj_params.h
-- Installing: /home/muhie/Documents/cw/EMS628-COURSEWORK/ros2_ws/install/ar_interface/include/ar_interface/ar_interface/msg/rosidl_generator_c__visibility_control.h
-- Installing: /home/muhie/Documents/cw/EMS628-COURSEWORK/ros2_ws/install/ar_interface/include/ar_interface/ar_interface/msg/cubic_traj_coeffs.h
-- Installing: /home/muhie/Documents/cw/EMS628-COURSEWORK/ros2_ws/install/ar_interface/include/ar_interface/ar_interface/msg/detail
-- Installing: /home/muhie/Documents/cw/EMS628-COURSEWORK/ros2_ws/install/ar_interface/include/ar_interface/ar_interface/msg/detail/cubic_traj_coeffs__functions.h
-- Installing: /home/muhie/Documents/cw/EMS628-COURSEWORK/ros2_ws/install/ar_interface/include/ar_interface/ar_interface/msg/detail/cubic_traj_params__type_support.h
-- Installing: /home/muhie/Documents/cw/EMS628-COURSEWORK/ros2_ws/install/ar_interface/include/ar_interface/ar_interface/msg/detail/cubic_traj_params__functions.h
-- Installing: /home/muhie/Documents/cw/EMS628-COURSEWORK/ros2_ws/install/ar_interface/include/ar_interface/ar_interface/msg/detail/cubic_traj_coeffs__functions.c
-- Installing: /home/muhie/Documents/cw/EMS628-COURSEWORK/ros2_ws/install/ar_interface/include/ar_interface/ar_interface/msg/detail/cubic_traj_coeffs__type_support.h
-- Installing: /home/muhie/Documents/cw/EMS628-COURSEWORK/ros2_ws/install/ar_interface/include/ar_interface/ar_interface/msg/detail/cubic_traj_coeffs__struct.h
-- Installing: /home/muhie/Documents/cw/EMS628-COURSEWORK/ros2_ws/install/ar_interface/include/ar_interface/ar_interface/msg/detail/cubic_traj_params__struct.h
-- Installing: /home/muhie/Documents/cw/EMS628-COURSEWORK/ros2_ws/install/ar_interface/include/ar_interface/ar_interface/msg/detail/cubic_traj_params__functions.c
-- Installing: /home/muhie/Documents/cw/EMS628-COURSEWORK/ros2_ws/install/ar_interface/include/ar_interface/ar_interface/srv
-- Installing: /home/muhie/Documents/cw/EMS628-COURSEWORK/ros2_ws/install/ar_interface/include/ar_interface/ar_interface/srv/compute_cubic_traj.h
-- Installing: /home/muhie/Documents/cw/EMS628-COURSEWORK/ros2_ws/install/ar_interface/include/ar_interface/ar_interface/srv/detail
-- Installing: /home/muhie/Documents/cw/EMS628-COURSEWORK/ros2_ws/install/ar_interface/include/ar_interface/ar_interface/srv/detail/compute_cubic_traj__type_support.h
-- Installing: /home/muhie/Documents/cw/EMS628-COURSEWORK/ros2_ws/install/ar_interface/include/ar_interface/ar_interface/srv/detail/compute_cubic_traj__functions.h
-- Installing: /home/muhie/Documents/cw/EMS628-COURSEWORK/ros2_ws/install/ar_interface/include/ar_interface/ar_interface/srv/detail/compute_cubic_traj__struct.h
-- Installing: /home/muhie/Documents/cw/EMS628-COURSEWORK/ros2_ws/install/ar_interface/include/ar_interface/ar_interface/srv/detail/compute_cubic_traj__functions.c
-- Installing: /home/muhie/Documents/cw/EMS628-COURSEWORK/ros2_ws/install/ar_interface/share/ar_interface/environment/library_path.sh
-- Installing: /home/muhie/Documents/cw/EMS628-COURSEWORK/ros2_ws/install/ar_interface/share/ar_interface/environment/library_path.dsv
-- Installing: /home/muhie/Documents/cw/EMS628-COURSEWORK/ros2_ws/install/ar_interface/lib/libar_interface__rosidl_generator_c.so
-- Set runtime path of "/home/muhie/Documents/cw/EMS628-COURSEWORK/ros2_ws/install/ar_interface/lib/libar_interface__rosidl_generator_c.so" to ""
-- Up-to-date: /home/muhie/Documents/cw/EMS628-COURSEWORK/ros2_ws/install/ar_interface/include/ar_interface/ar_interface
-- Up-to-date: /home/muhie/Documents/cw/EMS628-COURSEWORK/ros2_ws/install/ar_interface/include/ar_interface/ar_interface/msg
-- Installing: /home/muhie/Documents/cw/EMS628-COURSEWORK/ros2_ws/install/ar_interface/include/ar_interface/ar_interface/msg/rosidl_typesupport_fastrtps_c__visibility_control.h
-- Up-to-date: /home/muhie/Documents/cw/EMS628-COURSEWORK/ros2_ws/install/ar_interface/include/ar_interface/ar_interface/msg/detail
-- Installing: /home/muhie/Documents/cw/EMS628-COURSEWORK/ros2_ws/install/ar_interface/include/ar_interface/ar_interface/msg/detail/cubic_traj_coeffs__rosidl_typesupport_fastrtps_c.h
-- Installing: /home/muhie/Documents/cw/EMS628-COURSEWORK/ros2_ws/install/ar_interface/include/ar_interface/ar_interface/msg/detail/cubic_traj_params__rosidl_typesupport_fastrtps_c.h
-- Up-to-date: /home/muhie/Documents/cw/EMS628-COURSEWORK/ros2_ws/install/ar_interface/include/ar_interface/ar_interface/srv
-- Up-to-date: /home/muhie/Documents/cw/EMS628-COURSEWORK/ros2_ws/install/ar_interface/include/ar_interface/ar_interface/srv/detail
-- Installing: /home/muhie/Documents/cw/EMS628-COURSEWORK/ros2_ws/install/ar_interface/include/ar_interface/ar_interface/srv/detail/compute_cubic_traj__rosidl_typesupport_fastrtps_c.h
-- Installing: /home/muhie/Documents/cw/EMS628-COURSEWORK/ros2_ws/install/ar_interface/lib/libar_interface__rosidl_typesupport_fastrtps_c.so
-- Set runtime path of "/home/muhie/Documents/cw/EMS628-COURSEWORK/ros2_ws/install/ar_interface/lib/libar_interface__rosidl_typesupport_fastrtps_c.so" to ""
-- Up-to-date: /home/muhie/Documents/cw/EMS628-COURSEWORK/ros2_ws/install/ar_interface/include/ar_interface/ar_interface
-- Up-to-date: /home/muhie/Documents/cw/EMS628-COURSEWORK/ros2_ws/install/ar_interface/include/ar_interface/ar_interface/msg
-- Installing: /home/muhie/Documents/cw/EMS628-COURSEWORK/ros2_ws/install/ar_interface/include/ar_interface/ar_interface/msg/rosidl_typesupport_introspection_c__visibility_control.h
-- Up-to-date: /home/muhie/Documents/cw/EMS628-COURSEWORK/ros2_ws/install/ar_interface/include/ar_interface/ar_interface/msg/detail
-- Installing: /home/muhie/Documents/cw/EMS628-COURSEWORK/ros2_ws/install/ar_interface/include/ar_interface/ar_interface/msg/detail/cubic_traj_params__rosidl_typesupport_introspection_c.h
-- Installing: /home/muhie/Documents/cw/EMS628-COURSEWORK/ros2_ws/install/ar_interface/include/ar_interface/ar_interface/msg/detail/cubic_traj_coeffs__type_support.c
-- Installing: /home/muhie/Documents/cw/EMS628-COURSEWORK/ros2_ws/install/ar_interface/include/ar_interface/ar_interface/msg/detail/cubic_traj_params__type_support.c
-- Installing: /home/muhie/Documents/cw/EMS628-COURSEWORK/ros2_ws/install/ar_interface/include/ar_interface/ar_interface/msg/detail/cubic_traj_coeffs__rosidl_typesupport_introspection_c.h
-- Up-to-date: /home/muhie/Documents/cw/EMS628-COURSEWORK/ros2_ws/install/ar_interface/include/ar_interface/ar_interface/srv
-- Up-to-date: /home/muhie/Documents/cw/EMS628-COURSEWORK/ros2_ws/install/ar_interface/include/ar_interface/ar_interface/srv/detail
-- Installing: /home/muhie/Documents/cw/EMS628-COURSEWORK/ros2_ws/install/ar_interface/include/ar_interface/ar_interface/srv/detail/compute_cubic_traj__type_support.c
-- Installing: /home/muhie/Documents/cw/EMS628-COURSEWORK/ros2_ws/install/ar_interface/include/ar_interface/ar_interface/srv/detail/compute_cubic_traj__rosidl_typesupport_introspection_c.h
-- Installing: /home/muhie/Documents/cw/EMS628-COURSEWORK/ros2_ws/install/ar_interface/lib/libar_interface__rosidl_typesupport_introspection_c.so
-- Set runtime path of "/home/muhie/Documents/cw/EMS628-COURSEWORK/ros2_ws/install/ar_interface/lib/libar_interface__rosidl_typesupport_introspection_c.so" to ""
-- Installing: /home/muhie/Documents/cw/EMS628-COURSEWORK/ros2_ws/install/ar_interface/lib/libar_interface__rosidl_typesupport_c.so
-- Set runtime path of "/home/muhie/Documents/cw/EMS628-COURSEWORK/ros2_ws/install/ar_interface/lib/libar_interface__rosidl_typesupport_c.so" to ""
-- Up-to-date: /home/muhie/Documents/cw/EMS628-COURSEWORK/ros2_ws/install/ar_interface/include/ar_interface/ar_interface
-- Up-to-date: /home/muhie/Documents/cw/EMS628-COURSEWORK/ros2_ws/install/ar_interface/include/ar_interface/ar_interface/msg
-- Installing: /home/muhie/Documents/cw/EMS628-COURSEWORK/ros2_ws/install/ar_interface/include/ar_interface/ar_interface/msg/cubic_traj_coeffs.hpp
-- Installing: /home/muhie/Documents/cw/EMS628-COURSEWORK/ros2_ws/install/ar_interface/include/ar_interface/ar_interface/msg/rosidl_generator_cpp__visibility_control.hpp
-- Installing: /home/muhie/Documents/cw/EMS628-COURSEWORK/ros2_ws/install/ar_interface/include/ar_interface/ar_interface/msg/cubic_traj_params.hpp
-- Up-to-date: /home/muhie/Documents/cw/EMS628-COURSEWORK/ros2_ws/install/ar_interface/include/ar_interface/ar_interface/msg/detail
-- Installing: /home/muhie/Documents/cw/EMS628-COURSEWORK/ros2_ws/install/ar_interface/include/ar_interface/ar_interface/msg/detail/cubic_traj_params__struct.hpp
-- Installing: /home/muhie/Documents/cw/EMS628-COURSEWORK/ros2_ws/install/ar_interface/include/ar_interface/ar_interface/msg/detail/cubic_traj_params__type_support.hpp
-- Installing: /home/muhie/Documents/cw/EMS628-COURSEWORK/ros2_ws/install/ar_interface/include/ar_interface/ar_interface/msg/detail/cubic_traj_coeffs__struct.hpp
-- Installing: /home/muhie/Documents/cw/EMS628-COURSEWORK/ros2_ws/install/ar_interface/include/ar_interface/ar_interface/msg/detail/cubic_traj_coeffs__builder.hpp
-- Installing: /home/muhie/Documents/cw/EMS628-COURSEWORK/ros2_ws/install/ar_interface/include/ar_interface/ar_interface/msg/detail/cubic_traj_coeffs__traits.hpp
-- Installing: /home/muhie/Documents/cw/EMS628-COURSEWORK/ros2_ws/install/ar_interface/include/ar_interface/ar_interface/msg/detail/cubic_traj_coeffs__type_support.hpp
-- Installing: /home/muhie/Documents/cw/EMS628-COURSEWORK/ros2_ws/install/ar_interface/include/ar_interface/ar_interface/msg/detail/cubic_traj_params__traits.hpp
-- Installing: /home/muhie/Documents/cw/EMS628-COURSEWORK/ros2_ws/install/ar_interface/include/ar_interface/ar_interface/msg/detail/cubic_traj_params__builder.hpp
-- Up-to-date: /home/muhie/Documents/cw/EMS628-COURSEWORK/ros2_ws/install/ar_interface/include/ar_interface/ar_interface/srv
-- Installing: /home/muhie/Documents/cw/EMS628-COURSEWORK/ros2_ws/install/ar_interface/include/ar_interface/ar_interface/srv/compute_cubic_traj.hpp
-- Up-to-date: /home/muhie/Documents/cw/EMS628-COURSEWORK/ros2_ws/install/ar_interface/include/ar_interface/ar_interface/srv/detail
-- Installing: /home/muhie/Documents/cw/EMS628-COURSEWORK/ros2_ws/install/ar_interface/include/ar_interface/ar_interface/srv/detail/compute_cubic_traj__traits.hpp
-- Installing: /home/muhie/Documents/cw/EMS628-COURSEWORK/ros2_ws/install/ar_interface/include/ar_interface/ar_interface/srv/detail/compute_cubic_traj__struct.hpp
-- Installing: /home/muhie/Documents/cw/EMS628-COURSEWORK/ros2_ws/install/ar_interface/include/ar_interface/ar_interface/srv/detail/compute_cubic_traj__type_support.hpp
-- Installing: /home/muhie/Documents/cw/EMS628-COURSEWORK/ros2_ws/install/ar_interface/include/ar_interface/ar_interface/srv/detail/compute_cubic_traj__builder.hpp
-- Up-to-date: /home/muhie/Documents/cw/EMS628-COURSEWORK/ros2_ws/install/ar_interface/include/ar_interface/ar_interface
-- Up-to-date: /home/muhie/Documents/cw/EMS628-COURSEWORK/ros2_ws/install/ar_interface/include/ar_interface/ar_interface/msg
-- Installing: /home/muhie/Documents/cw/EMS628-COURSEWORK/ros2_ws/install/ar_interface/include/ar_interface/ar_interface/msg/rosidl_typesupport_fastrtps_cpp__visibility_control.h
-- Up-to-date: /home/muhie/Documents/cw/EMS628-COURSEWORK/ros2_ws/install/ar_interface/include/ar_interface/ar_interface/msg/detail
-- Installing: /home/muhie/Documents/cw/EMS628-COURSEWORK/ros2_ws/install/ar_interface/include/ar_interface/ar_interface/msg/detail/cubic_traj_params__rosidl_typesupport_fastrtps_cpp.hpp
-- Installing: /home/muhie/Documents/cw/EMS628-COURSEWORK/ros2_ws/install/ar_interface/include/ar_interface/ar_interface/msg/detail/cubic_traj_coeffs__rosidl_typesupport_fastrtps_cpp.hpp
-- Installing: /home/muhie/Documents/cw/EMS628-COURSEWORK/ros2_ws/install/ar_interface/include/ar_interface/ar_interface/msg/detail/dds_fastrtps
-- Up-to-date: /home/muhie/Documents/cw/EMS628-COURSEWORK/ros2_ws/install/ar_interface/include/ar_interface/ar_interface/srv
-- Up-to-date: /home/muhie/Documents/cw/EMS628-COURSEWORK/ros2_ws/install/ar_interface/include/ar_interface/ar_interface/srv/detail
-- Installing: /home/muhie/Documents/cw/EMS628-COURSEWORK/ros2_ws/install/ar_interface/include/ar_interface/ar_interface/srv/detail/compute_cubic_traj__rosidl_typesupport_fastrtps_cpp.hpp
-- Installing: /home/muhie/Documents/cw/EMS628-COURSEWORK/ros2_ws/install/ar_interface/include/ar_interface/ar_interface/srv/detail/dds_fastrtps
-- Installing: /home/muhie/Documents/cw/EMS628-COURSEWORK/ros2_ws/install/ar_interface/lib/libar_interface__rosidl_typesupport_fastrtps_cpp.so
-- Set runtime path of "/home/muhie/Documents/cw/EMS628-COURSEWORK/ros2_ws/install/ar_interface/lib/libar_interface__rosidl_typesupport_fastrtps_cpp.so" to ""
-- Up-to-date: /home/muhie/Documents/cw/EMS628-COURSEWORK/ros2_ws/install/ar_interface/include/ar_interface/ar_interface
-- Up-to-date: /home/muhie/Documents/cw/EMS628-COURSEWORK/ros2_ws/install/ar_interface/include/ar_interface/ar_interface/msg
-- Up-to-date: /home/muhie/Documents/cw/EMS628-COURSEWORK/ros2_ws/install/ar_interface/include/ar_interface/ar_interface/msg/detail
-- Installing: /home/muhie/Documents/cw/EMS628-COURSEWORK/ros2_ws/install/ar_interface/include/ar_interface/ar_interface/msg/detail/cubic_traj_coeffs__rosidl_typesupport_introspection_cpp.hpp
-- Installing: /home/muhie/Documents/cw/EMS628-COURSEWORK/ros2_ws/install/ar_interface/include/ar_interface/ar_interface/msg/detail/cubic_traj_coeffs__type_support.cpp
-- Installing: /home/muhie/Documents/cw/EMS628-COURSEWORK/ros2_ws/install/ar_interface/include/ar_interface/ar_interface/msg/detail/cubic_traj_params__type_support.cpp
-- Installing: /home/muhie/Documents/cw/EMS628-COURSEWORK/ros2_ws/install/ar_interface/include/ar_interface/ar_interface/msg/detail/cubic_traj_params__rosidl_typesupport_introspection_cpp.hpp
-- Up-to-date: /home/muhie/Documents/cw/EMS628-COURSEWORK/ros2_ws/install/ar_interface/include/ar_interface/ar_interface/srv
-- Up-to-date: /home/muhie/Documents/cw/EMS628-COURSEWORK/ros2_ws/install/ar_interface/include/ar_interface/ar_interface/srv/detail
-- Installing: /home/muhie/Documents/cw/EMS628-COURSEWORK/ros2_ws/install/ar_interface/include/ar_interface/ar_interface/srv/detail/compute_cubic_traj__rosidl_typesupport_introspection_cpp.hpp
-- Installing: /home/muhie/Documents/cw/EMS628-COURSEWORK/ros2_ws/install/ar_interface/include/ar_interface/ar_interface/srv/detail/compute_cubic_traj__type_support.cpp
-- Installing: /home/muhie/Documents/cw/EMS628-COURSEWORK/ros2_ws/install/ar_interface/lib/libar_interface__rosidl_typesupport_introspection_cpp.so
-- Set runtime path of "/home/muhie/Documents/cw/EMS628-COURSEWORK/ros2_ws/install/ar_interface/lib/libar_interface__rosidl_typesupport_introspection_cpp.so" to ""
-- Installing: /home/muhie/Documents/cw/EMS628-COURSEWORK/ros2_ws/install/ar_interface/lib/libar_interface__rosidl_typesupport_cpp.so
-- Set runtime path of "/home/muhie/Documents/cw/EMS628-COURSEWORK/ros2_ws/install/ar_interface/lib/libar_interface__rosidl_typesupport_cpp.so" to ""
-- Installing: /home/muhie/Documents/cw/EMS628-COURSEWORK/ros2_ws/install/ar_interface/share/ar_interface/environment/pythonpath.sh
-- Installing: /home/muhie/Documents/cw/EMS628-COURSEWORK/ros2_ws/install/ar_interface/share/ar_interface/environment/pythonpath.dsv
-- Installing: /home/muhie/Documents/cw/EMS628-COURSEWORK/ros2_ws/install/ar_interface/local/lib/python3.10/dist-packages/ar_interface-0.0.0-py3.10.egg-info
-- Installing: /home/muhie/Documents/cw/EMS628-COURSEWORK/ros2_ws/install/ar_interface/local/lib/python3.10/dist-packages/ar_interface-0.0.0-py3.10.egg-info/PKG-INFO
-- Installing: /home/muhie/Documents/cw/EMS628-COURSEWORK/ros2_ws/install/ar_interface/local/lib/python3.10/dist-packages/ar_interface-0.0.0-py3.10.egg-info/SOURCES.txt
-- Installing: /home/muhie/Documents/cw/EMS628-COURSEWORK/ros2_ws/install/ar_interface/local/lib/python3.10/dist-packages/ar_interface-0.0.0-py3.10.egg-info/top_level.txt
-- Installing: /home/muhie/Documents/cw/EMS628-COURSEWORK/ros2_ws/install/ar_interface/local/lib/python3.10/dist-packages/ar_interface-0.0.0-py3.10.egg-info/dependency_links.txt
-- Installing: /home/muhie/Documents/cw/EMS628-COURSEWORK/ros2_ws/install/ar_interface/local/lib/python3.10/dist-packages/ar_interface
-- Installing: /home/muhie/Documents/cw/EMS628-COURSEWORK/ros2_ws/install/ar_interface/local/lib/python3.10/dist-packages/ar_interface/_ar_interface_s.ep.rosidl_typesupport_fastrtps_c.c
-- Installing: /home/muhie/Documents/cw/EMS628-COURSEWORK/ros2_ws/install/ar_interface/local/lib/python3.10/dist-packages/ar_interface/_ar_interface_s.ep.rosidl_typesupport_introspection_c.c
-- Installing: /home/muhie/Documents/cw/EMS628-COURSEWORK/ros2_ws/install/ar_interface/local/lib/python3.10/dist-packages/ar_interface/msg
-- Installing: /home/muhie/Documents/cw/EMS628-COURSEWORK/ros2_ws/install/ar_interface/local/lib/python3.10/dist-packages/ar_interface/msg/_cubic_traj_coeffs_s.c
-- Installing: /home/muhie/Documents/cw/EMS628-COURSEWORK/ros2_ws/install/ar_interface/local/lib/python3.10/dist-packages/ar_interface/msg/_cubic_traj_params_s.c
-- Installing: /home/muhie/Documents/cw/EMS628-COURSEWORK/ros2_ws/install/ar_interface/local/lib/python3.10/dist-packages/ar_interface/msg/_cubic_traj_params.py
-- Installing: /home/muhie/Documents/cw/EMS628-COURSEWORK/ros2_ws/install/ar_interface/local/lib/python3.10/dist-packages/ar_interface/msg/__init__.py
-- Installing: /home/muhie/Documents/cw/EMS628-COURSEWORK/ros2_ws/install/ar_interface/local/lib/python3.10/dist-packages/ar_interface/msg/_cubic_traj_coeffs.py
-- Installing: /home/muhie/Documents/cw/EMS628-COURSEWORK/ros2_ws/install/ar_interface/local/lib/python3.10/dist-packages/ar_interface/srv
-- Installing: /home/muhie/Documents/cw/EMS628-COURSEWORK/ros2_ws/install/ar_interface/local/lib/python3.10/dist-packages/ar_interface/srv/__init__.py
-- Installing: /home/muhie/Documents/cw/EMS628-COURSEWORK/ros2_ws/install/ar_interface/local/lib/python3.10/dist-packages/ar_interface/srv/_compute_cubic_traj_s.c
-- Installing: /home/muhie/Documents/cw/EMS628-COURSEWORK/ros2_ws/install/ar_interface/local/lib/python3.10/dist-packages/ar_interface/srv/_compute_cubic_traj.py
-- Installing: /home/muhie/Documents/cw/EMS628-COURSEWORK/ros2_ws/install/ar_interface/local/lib/python3.10/dist-packages/ar_interface/ar_interface_s__rosidl_typesupport_c.cpython-310-x86_64-linux-gnu.so
-- Installing: /home/muhie/Documents/cw/EMS628-COURSEWORK/ros2_ws/install/ar_interface/local/lib/python3.10/dist-packages/ar_interface/ar_interface_s__rosidl_typesupport_introspection_c.cpython-310-x86_64-linux-gnu.so
-- Installing: /home/muhie/Documents/cw/EMS628-COURSEWORK/ros2_ws/install/ar_interface/local/lib/python3.10/dist-packages/ar_interface/__init__.py
-- Installing: /home/muhie/Documents/cw/EMS628-COURSEWORK/ros2_ws/install/ar_interface/local/lib/python3.10/dist-packages/ar_interface/_ar_interface_s.ep.rosidl_typesupport_c.c
-- Installing: /home/muhie/Documents/cw/EMS628-COURSEWORK/ros2_ws/install/ar_interface/local/lib/python3.10/dist-packages/ar_interface/ar_interface_s__rosidl_typesupport_fastrtps_c.cpython-310-x86_64-linux-gnu.so
-- Installing: /home/muhie/Documents/cw/EMS628-COURSEWORK/ros2_ws/install/ar_interface/local/lib/python3.10/dist-packages/ar_interface/libar_interface__rosidl_generator_py.so
Listing '/home/muhie/Documents/cw/EMS628-COURSEWORK/ros2_ws/install/ar_interface/local/lib/python3.10/dist-packages/ar_interface'...
Compiling '/home/muhie/Documents/cw/EMS628-COURSEWORK/ros2_ws/install/ar_interface/local/lib/python3.10/dist-packages/ar_interface/__init__.py'...
Listing '/home/muhie/Documents/cw/EMS628-COURSEWORK/ros2_ws/install/ar_interface/local/lib/python3.10/dist-packages/ar_interface/msg'...
Compiling '/home/muhie/Documents/cw/EMS628-COURSEWORK/ros2_ws/install/ar_interface/local/lib/python3.10/dist-packages/ar_interface/msg/__init__.py'...
Compiling '/home/muhie/Documents/cw/EMS628-COURSEWORK/ros2_ws/install/ar_interface/local/lib/python3.10/dist-packages/ar_interface/msg/_cubic_traj_coeffs.py'...
Compiling '/home/muhie/Documents/cw/EMS628-COURSEWORK/ros2_ws/install/ar_interface/local/lib/python3.10/dist-packages/ar_interface/msg/_cubic_traj_params.py'...
Listing '/home/muhie/Documents/cw/EMS628-COURSEWORK/ros2_ws/install/ar_interface/local/lib/python3.10/dist-packages/ar_interface/srv'...
Compiling '/home/muhie/Documents/cw/EMS628-COURSEWORK/ros2_ws/install/ar_interface/local/lib/python3.10/dist-packages/ar_interface/srv/__init__.py'...
Compiling '/home/muhie/Documents/cw/EMS628-COURSEWORK/ros2_ws/install/ar_interface/local/lib/python3.10/dist-packages/ar_interface/srv/_compute_cubic_traj.py'...
-- Installing: /home/muhie/Documents/cw/EMS628-COURSEWORK/ros2_ws/install/ar_interface/local/lib/python3.10/dist-packages/ar_interface/ar_interface_s__rosidl_typesupport_fastrtps_c.cpython-310-x86_64-linux-gnu.so
-- Set runtime path of "/home/muhie/Documents/cw/EMS628-COURSEWORK/ros2_ws/install/ar_interface/local/lib/python3.10/dist-packages/ar_interface/ar_interface_s__rosidl_typesupport_fastrtps_c.cpython-310-x86_64-linux-gnu.so" to ""
-- Installing: /home/muhie/Documents/cw/EMS628-COURSEWORK/ros2_ws/install/ar_interface/local/lib/python3.10/dist-packages/ar_interface/ar_interface_s__rosidl_typesupport_introspection_c.cpython-310-x86_64-linux-gnu.so
-- Set runtime path of "/home/muhie/Documents/cw/EMS628-COURSEWORK/ros2_ws/install/ar_interface/local/lib/python3.10/dist-packages/ar_interface/ar_interface_s__rosidl_typesupport_introspection_c.cpython-310-x86_64-linux-gnu.so" to ""
-- Installing: /home/muhie/Documents/cw/EMS628-COURSEWORK/ros2_ws/install/ar_interface/local/lib/python3.10/dist-packages/ar_interface/ar_interface_s__rosidl_typesupport_c.cpython-310-x86_64-linux-gnu.so
-- Set runtime path of "/home/muhie/Documents/cw/EMS628-COURSEWORK/ros2_ws/install/ar_interface/local/lib/python3.10/dist-packages/ar_interface/ar_interface_s__rosidl_typesupport_c.cpython-310-x86_64-linux-gnu.so" to ""
-- Installing: /home/muhie/Documents/cw/EMS628-COURSEWORK/ros2_ws/install/ar_interface/lib/libar_interface__rosidl_generator_py.so
-- Set runtime path of "/home/muhie/Documents/cw/EMS628-COURSEWORK/ros2_ws/install/ar_interface/lib/libar_interface__rosidl_generator_py.so" to ""
-- Installing: /home/muhie/Documents/cw/EMS628-COURSEWORK/ros2_ws/install/ar_interface/share/ar_interface/msg/CubicTrajCoeffs.idl
-- Installing: /home/muhie/Documents/cw/EMS628-COURSEWORK/ros2_ws/install/ar_interface/share/ar_interface/msg/CubicTrajParams.idl
-- Installing: /home/muhie/Documents/cw/EMS628-COURSEWORK/ros2_ws/install/ar_interface/share/ar_interface/srv/ComputeCubicTraj.idl
-- Installing: /home/muhie/Documents/cw/EMS628-COURSEWORK/ros2_ws/install/ar_interface/share/ar_interface/msg/CubicTrajCoeffs.msg
-- Installing: /home/muhie/Documents/cw/EMS628-COURSEWORK/ros2_ws/install/ar_interface/share/ar_interface/msg/CubicTrajParams.msg
-- Installing: /home/muhie/Documents/cw/EMS628-COURSEWORK/ros2_ws/install/ar_interface/share/ar_interface/srv/ComputeCubicTraj.srv
-- Installing: /home/muhie/Documents/cw/EMS628-COURSEWORK/ros2_ws/install/ar_interface/share/ar_interface/srv/ComputeCubicTraj_Request.msg
-- Installing: /home/muhie/Documents/cw/EMS628-COURSEWORK/ros2_ws/install/ar_interface/share/ar_interface/srv/ComputeCubicTraj_Response.msg
-- Installing: /home/muhie/Documents/cw/EMS628-COURSEWORK/ros2_ws/install/ar_interface/share/ament_index/resource_index/package_run_dependencies/ar_interface
-- Installing: /home/muhie/Documents/cw/EMS628-COURSEWORK/ros2_ws/install/ar_interface/share/ament_index/resource_index/parent_prefix_path/ar_interface
-- Installing: /home/muhie/Documents/cw/EMS628-COURSEWORK/ros2_ws/install/ar_interface/share/ar_interface/environment/ament_prefix_path.sh
-- Installing: /home/muhie/Documents/cw/EMS628-COURSEWORK/ros2_ws/install/ar_interface/share/ar_interface/environment/ament_prefix_path.dsv
-- Installing: /home/muhie/Documents/cw/EMS628-COURSEWORK/ros2_ws/install/ar_interface/share/ar_interface/environment/path.sh
-- Installing: /home/muhie/Documents/cw/EMS628-COURSEWORK/ros2_ws/install/ar_interface/share/ar_interface/environment/path.dsv
-- Installing: /home/muhie/Documents/cw/EMS628-COURSEWORK/ros2_ws/install/ar_interface/share/ar_interface/local_setup.bash
-- Installing: /home/muhie/Documents/cw/EMS628-COURSEWORK/ros2_ws/install/ar_interface/share/ar_interface/local_setup.sh
-- Installing: /home/muhie/Documents/cw/EMS628-COURSEWORK/ros2_ws/install/ar_interface/share/ar_interface/local_setup.zsh
-- Installing: /home/muhie/Documents/cw/EMS628-COURSEWORK/ros2_ws/install/ar_interface/share/ar_interface/local_setup.dsv
-- Installing: /home/muhie/Documents/cw/EMS628-COURSEWORK/ros2_ws/install/ar_interface/share/ar_interface/package.dsv
-- Installing: /home/muhie/Documents/cw/EMS628-COURSEWORK/ros2_ws/install/ar_interface/share/ament_index/resource_index/packages/ar_interface
-- Installing: /home/muhie/Documents/cw/EMS628-COURSEWORK/ros2_ws/install/ar_interface/share/ar_interface/cmake/export_ar_interface__rosidl_generator_cExport.cmake
-- Installing: /home/muhie/Documents/cw/EMS628-COURSEWORK/ros2_ws/install/ar_interface/share/ar_interface/cmake/export_ar_interface__rosidl_generator_cExport-noconfig.cmake
-- Installing: /home/muhie/Documents/cw/EMS628-COURSEWORK/ros2_ws/install/ar_interface/share/ar_interface/cmake/export_ar_interface__rosidl_typesupport_fastrtps_cExport.cmake
-- Installing: /home/muhie/Documents/cw/EMS628-COURSEWORK/ros2_ws/install/ar_interface/share/ar_interface/cmake/export_ar_interface__rosidl_typesupport_fastrtps_cExport-noconfig.cmake
-- Installing: /home/muhie/Documents/cw/EMS628-COURSEWORK/ros2_ws/install/ar_interface/share/ar_interface/cmake/ar_interface__rosidl_typesupport_introspection_cExport.cmake
-- Installing: /home/muhie/Documents/cw/EMS628-COURSEWORK/ros2_ws/install/ar_interface/share/ar_interface/cmake/ar_interface__rosidl_typesupport_introspection_cExport-noconfig.cmake
-- Installing: /home/muhie/Documents/cw/EMS628-COURSEWORK/ros2_ws/install/ar_interface/share/ar_interface/cmake/ar_interface__rosidl_typesupport_cExport.cmake
-- Installing: /home/muhie/Documents/cw/EMS628-COURSEWORK/ros2_ws/install/ar_interface/share/ar_interface/cmake/ar_interface__rosidl_typesupport_cExport-noconfig.cmake
-- Installing: /home/muhie/Documents/cw/EMS628-COURSEWORK/ros2_ws/install/ar_interface/share/ar_interface/cmake/export_ar_interface__rosidl_generator_cppExport.cmake
-- Installing: /home/muhie/Documents/cw/EMS628-COURSEWORK/ros2_ws/install/ar_interface/share/ar_interface/cmake/export_ar_interface__rosidl_typesupport_fastrtps_cppExport.cmake
-- Installing: /home/muhie/Documents/cw/EMS628-COURSEWORK/ros2_ws/install/ar_interface/share/ar_interface/cmake/export_ar_interface__rosidl_typesupport_fastrtps_cppExport-noconfig.cmake
-- Installing: /home/muhie/Documents/cw/EMS628-COURSEWORK/ros2_ws/install/ar_interface/share/ar_interface/cmake/ar_interface__rosidl_typesupport_introspection_cppExport.cmake
-- Installing: /home/muhie/Documents/cw/EMS628-COURSEWORK/ros2_ws/install/ar_interface/share/ar_interface/cmake/ar_interface__rosidl_typesupport_introspection_cppExport-noconfig.cmake
-- Installing: /home/muhie/Documents/cw/EMS628-COURSEWORK/ros2_ws/install/ar_interface/share/ar_interface/cmake/ar_interface__rosidl_typesupport_cppExport.cmake
-- Installing: /home/muhie/Documents/cw/EMS628-COURSEWORK/ros2_ws/install/ar_interface/share/ar_interface/cmake/ar_interface__rosidl_typesupport_cppExport-noconfig.cmake
-- Installing: /home/muhie/Documents/cw/EMS628-COURSEWORK/ros2_ws/install/ar_interface/share/ar_interface/cmake/export_ar_interface__rosidl_generator_pyExport.cmake
-- Installing: /home/muhie/Documents/cw/EMS628-COURSEWORK/ros2_ws/install/ar_interface/share/ar_interface/cmake/export_ar_interface__rosidl_generator_pyExport-noconfig.cmake
-- Installing: /home/muhie/Documents/cw/EMS628-COURSEWORK/ros2_ws/install/ar_interface/share/ar_interface/cmake/rosidl_cmake-extras.cmake
-- Installing: /home/muhie/Documents/cw/EMS628-COURSEWORK/ros2_ws/install/ar_interface/share/ar_interface/cmake/ament_cmake_export_include_directories-extras.cmake
-- Installing: /home/muhie/Documents/cw/EMS628-COURSEWORK/ros2_ws/install/ar_interface/share/ar_interface/cmake/ament_cmake_export_libraries-extras.cmake
-- Installing: /home/muhie/Documents/cw/EMS628-COURSEWORK/ros2_ws/install/ar_interface/share/ar_interface/cmake/ament_cmake_export_targets-extras.cmake
-- Installing: /home/muhie/Documents/cw/EMS628-COURSEWORK/ros2_ws/install/ar_interface/share/ar_interface/cmake/rosidl_cmake_export_typesupport_targets-extras.cmake
-- Installing: /home/muhie/Documents/cw/EMS628-COURSEWORK/ros2_ws/install/ar_interface/share/ar_interface/cmake/ament_cmake_export_dependencies-extras.cmake
-- Installing: /home/muhie/Documents/cw/EMS628-COURSEWORK/ros2_ws/install/ar_interface/share/ar_interface/cmake/rosidl_cmake_export_typesupport_libraries-extras.cmake
-- Installing: /home/muhie/Documents/cw/EMS628-COURSEWORK/ros2_ws/install/ar_interface/share/ar_interface/cmake/ar_interfaceConfig.cmake
-- Installing: /home/muhie/Documents/cw/EMS628-COURSEWORK/ros2_ws/install/ar_interface/share/ar_interface/cmake/ar_interfaceConfig-version.cmake
-- Installing: /home/muhie/Documents/cw/EMS628-COURSEWORK/ros2_ws/install/ar_interface/share/ar_interface/package.xml
